[0.010s] Invoking command in '/ros2_ws/src/build/gz_ros2_control': CMAKE_PREFIX_PATH=/opt/ros/humble /usr/bin/cmake /ros2_ws/src/gz_ros2_control/gz_ros2_control -DCMAKE_INSTALL_PREFIX=/ros2_ws/src/install/gz_ros2_control
[0.121s] -- The C compiler identification is GNU 11.4.0
[0.180s] -- The CXX compiler identification is GNU 11.4.0
[0.188s] -- Detecting C compiler ABI info
[0.260s] -- Detecting C compiler ABI info - done
[0.264s] -- Check for working C compiler: /usr/bin/cc - skipped
[0.265s] -- Detecting C compile features
[0.265s] -- Detecting C compile features - done
[0.268s] -- Detecting CXX compiler ABI info
[0.336s] -- Detecting CXX compiler ABI info - done
[0.340s] -- Check for working CXX compiler: /usr/bin/c++ - skipped
[0.341s] -- Detecting CXX compile features
[0.341s] -- Detecting CXX compile features - done
[0.346s] -- Found ament_cmake: 1.3.11 (/opt/ros/humble/share/ament_cmake/cmake)
[0.463s] -- Found Python3: /usr/bin/python3 (found version "3.10.12") found components: Interpreter 
[0.554s] -- Found ament_index_cpp: 1.4.0 (/opt/ros/humble/share/ament_index_cpp/cmake)
[0.556s] -- Found controller_manager: 2.49.0 (/opt/ros/humble/share/controller_manager/cmake)
[0.605s] -- Found rosidl_generator_c: 3.1.6 (/opt/ros/humble/share/rosidl_generator_c/cmake)
[0.611s] -- Found rosidl_adapter: 3.1.6 (/opt/ros/humble/share/rosidl_adapter/cmake)
[0.625s] -- Found rosidl_generator_cpp: 3.1.6 (/opt/ros/humble/share/rosidl_generator_cpp/cmake)
[0.637s] -- Using all available rosidl_typesupport_c: rosidl_typesupport_fastrtps_c;rosidl_typesupport_introspection_c
[0.653s] -- Using all available rosidl_typesupport_cpp: rosidl_typesupport_fastrtps_cpp;rosidl_typesupport_introspection_cpp
[0.847s] -- Found rmw_implementation_cmake: 6.1.2 (/opt/ros/humble/share/rmw_implementation_cmake/cmake)
[0.852s] -- Found rmw_fastrtps_cpp: 6.2.7 (/opt/ros/humble/share/rmw_fastrtps_cpp/cmake)
[0.874s] -- Found TinyXML2 via Config file: TinyXML2_DIR-NOTFOUND
[0.932s] -- Found OpenSSL: /usr/lib/x86_64-linux-gnu/libcrypto.so (found version "3.0.2")  
[0.935s] -- Found TinyXML2 via Config file: TinyXML2_DIR-NOTFOUND
[0.948s] -- Found FastRTPS: /opt/ros/humble/include  
[0.950s] -- Found TinyXML2 via Config file: TinyXML2_DIR-NOTFOUND
[0.959s] -- Found TinyXML2 via Config file: TinyXML2_DIR-NOTFOUND
[0.967s] -- Using RMW implementation 'rmw_fastrtps_cpp' as default
[0.976s] -- Looking for pthread.h
[1.044s] -- Looking for pthread.h - found
[1.044s] -- Performing Test CMAKE_HAVE_LIBC_PTHREAD
[1.116s] -- Performing Test CMAKE_HAVE_LIBC_PTHREAD - Success
[1.117s] -- Found Threads: TRUE  
[1.191s] -- Found yaml_cpp_vendor: 8.0.2 (/opt/ros/humble/share/yaml_cpp_vendor/cmake)
[1.200s] -- Looking for gz-sim7 -- found version 7.9.0
[1.210s] -- Searching for dependencies of gz-sim7
[1.213s] -- Looking for sdformat13 -- found version 13.9.0
[1.215s] -- Searching for dependencies of sdformat13
[1.220s] -- Checking for module 'tinyxml2'
[1.232s] --   Found tinyxml2, version 9.0.0
[1.273s] -- Looking for gz-math7 -- found version 7.5.1
[1.273s] -- Searching for dependencies of gz-math7
[1.276s] -- Looking for gz-utils2 -- found version 2.2.1
[1.276s] -- Searching for dependencies of gz-utils2
[1.277s] -- Looking for gz-utils2 -- found version 2.2.1
[1.278s] -- Searching for dependencies of gz-utils2
[1.278s] -- Searching for <gz-utils2> component [cli]
[1.280s] -- Looking for gz-utils2-cli -- found version 2.2.1
[1.280s] -- Searching for dependencies of gz-utils2-cli
[1.283s] -- Looking for gz-plugin2 -- found version 2.0.4
[1.283s] -- Searching for dependencies of gz-plugin2
[1.284s] -- Looking for gz-utils2 -- found version 2.2.1
[1.284s] -- Searching for <gz-plugin2> component [loader]
[1.286s] -- Looking for gz-plugin2-loader -- found version 2.0.4
[1.286s] -- Searching for dependencies of gz-plugin2-loader
[1.287s] -- Searching for <gz-plugin2> component [register]
[1.289s] -- Looking for gz-plugin2-register -- found version 2.0.4
[1.289s] -- Searching for dependencies of gz-plugin2-register
[1.292s] -- Looking for gz-transport12 -- found version 12.2.2
[1.292s] -- Searching for dependencies of gz-transport12
[1.328s] -- Found Protobuf: /usr/lib/x86_64-linux-gnu/libprotobuf.so (found version "3.12.4") 
[1.346s] -- Config-file not installed for ZeroMQ -- checking for pkg-config
[1.351s] -- Checking for module 'libzmq >= 4'
[1.370s] --   Found libzmq , version 4.3.4
[1.407s] -- Found ZeroMQ: TRUE (Required is at least version "4") 
[1.413s] -- Checking for module 'uuid'
[1.427s] --   Found uuid, version 2.37.2
[1.461s] -- Found UUID: TRUE  
[1.461s] -- Looking for gz-utils2 -- found version 2.2.1
[1.466s] -- Looking for gz-msgs9 -- found version 9.5.1
[1.466s] -- Searching for dependencies of gz-msgs9
[1.486s] -- Looking for gz-math7 -- found version 7.5.1
[1.492s] -- Searching for <gz-transport12> component [log]
[1.495s] -- Looking for gz-transport12-log -- found version 12.2.2
[1.495s] -- Searching for dependencies of gz-transport12-log
[1.495s] -- Searching for <gz-transport12> component [parameters]
[1.497s] -- Looking for gz-transport12-parameters -- found version 12.2.2
[1.498s] -- Searching for dependencies of gz-transport12-parameters
[1.498s] -- Looking for gz-msgs9 -- found version 9.5.1
[1.501s] -- Looking for gz-common5 -- found version 5.7.1
[1.501s] -- Searching for dependencies of gz-common5
[1.502s] -- Looking for gz-utils2 -- found version 2.2.1
[1.502s] -- Looking for dlfcn.h - found
[1.503s] -- Looking for libdl - found
[1.504s] -- Found DL: TRUE  
[1.509s] -- Searching for <gz-common5> component [profiler]
[1.514s] -- Looking for gz-common5-profiler -- found version 5.7.1
[1.515s] -- Searching for dependencies of gz-common5-profiler
[1.515s] -- Searching for <gz-common5> component [events]
[1.518s] -- Looking for gz-common5-events -- found version 5.7.1
[1.519s] -- Searching for dependencies of gz-common5-events
[1.519s] -- Looking for gz-math7 -- found version 7.5.1
[1.520s] -- Searching for <gz-common5> component [av]
[1.522s] -- Looking for gz-common5-av -- found version 5.7.1
[1.522s] -- Searching for dependencies of gz-common5-av
[1.529s] -- Checking for module 'libswscale'
[1.545s] --   Found libswscale, version 5.9.100
[1.577s] -- Found SWSCALE: TRUE  
[1.582s] -- Checking for module 'libavdevice >= 56.4.100'
[1.597s] --   Found libavdevice , version 58.13.100
[1.638s] -- Found AVDEVICE: TRUE (Required is at least version "56.4.100") 
[1.643s] -- Checking for module 'libavformat'
[1.654s] --   Found libavformat, version 58.76.100
[1.697s] -- Found AVFORMAT: TRUE  
[1.701s] -- Checking for module 'libavcodec'
[1.718s] --   Found libavcodec, version 58.134.100
[1.757s] -- Found AVCODEC: TRUE  
[1.763s] -- Checking for module 'libavutil'
[1.774s] --   Found libavutil, version 56.70.100
[1.808s] -- Found AVUTIL: TRUE  
[1.809s] -- Searching for <gz-common5> component [io]
[1.811s] -- Looking for gz-common5-io -- found version 5.7.1
[1.812s] -- Searching for dependencies of gz-common5-io
[1.816s] -- Looking for gz-fuel_tools8 -- found version 8.2.0
[1.816s] -- Searching for dependencies of gz-fuel_tools8
[1.898s] -- Found CURL: /usr/lib/x86_64-linux-gnu/libcurl.so (found version "7.81.0")  
[1.906s] -- Checking for module 'jsoncpp'
[1.920s] --   Found jsoncpp, version 1.9.5
[1.959s] -- Found JSONCPP: TRUE  
[1.964s] -- Checking for module 'libzip'
[1.977s] --   Found libzip, version 1.7.3
[2.008s] -- Found ZIP: TRUE  
[2.008s] -- Looking for gz-utils2 -- found version 2.2.1
[2.008s] -- Looking for gz-common5 -- found version 5.7.1
[2.008s] -- Searching for dependencies of gz-common5
[2.009s] -- Looking for gz-utils2 -- found version 2.2.1
[2.009s] -- Looking for dlfcn.h - found
[2.009s] -- Looking for libdl - found
[2.018s] -- Searching for <gz-common5> component [testing]
[2.019s] -- Looking for gz-common5-testing -- found version 5.7.1
[2.020s] -- Searching for dependencies of gz-common5-testing
[2.021s] -- Looking for gz-math7 -- found version 7.5.1
[2.021s] -- Looking for gz-msgs9 -- found version 9.5.1
[2.024s] -- Looking for gz-gui7 -- found version 7.2.2
[2.025s] -- Searching for dependencies of gz-gui7
[2.050s] -- Looking for gz-utils2 -- found version 2.2.1
[2.050s] -- Looking for gz-math7 -- found version 7.5.1
[2.050s] -- Looking for gz-common5 -- found version 5.7.1
[2.051s] -- Looking for gz-plugin2 -- found version 2.0.4
[2.051s] -- Looking for gz-transport12 -- found version 12.2.2
[2.054s] -- Looking for gz-rendering7 -- found version 7.5.0
[2.054s] -- Searching for dependencies of gz-rendering7
[2.054s] -- Looking for gz-math7 -- found version 7.5.1
[2.054s] -- Searching for dependencies of gz-math7
[2.055s] -- Looking for gz-utils2 -- found version 2.2.1
[2.055s] -- Searching for <gz-math7> component [eigen3]
[2.057s] -- Looking for gz-math7-eigen3 -- found version 7.5.1
[2.057s] -- Searching for dependencies of gz-math7-eigen3
[2.069s] -- Looking for gz-common5 -- found version 5.7.1
[2.070s] -- Searching for dependencies of gz-common5
[2.070s] -- Looking for gz-utils2 -- found version 2.2.1
[2.070s] -- Looking for dlfcn.h - found
[2.070s] -- Looking for libdl - found
[2.077s] -- Searching for <gz-common5> component [graphics]
[2.079s] -- Looking for gz-common5-graphics -- found version 5.7.1
[2.080s] -- Searching for dependencies of gz-common5-graphics
[2.080s] -- Looking for gz-math7 -- found version 7.5.1
[2.086s] -- Found GzAssimp: TRUE (found version "5.2.0") 
[2.086s] -- Searching for <gz-common5> component [events]
[2.087s] -- Searching for <gz-common5> component [geospatial]
[2.089s] -- Looking for gz-common5-geospatial -- found version 5.7.1
[2.089s] -- Searching for dependencies of gz-common5-geospatial
[2.089s] -- Looking for gz-math7 -- found version 7.5.1
[2.089s] -- Looking for gz-common5 -- found version 5.7.1
[2.090s] -- Looking for gz-plugin2 -- found version 2.0.4
[2.091s] -- Searching for dependencies of gz-plugin2
[2.091s] -- Looking for gz-utils2 -- found version 2.2.1
[2.091s] -- Searching for <gz-plugin2> component [all]
[2.093s] -- Looking for all libraries of gz-plugin2 -- found version 2.0.4
[2.093s] -- Looking for gz-plugin2 -- found version 2.0.4
[2.094s] -- Looking for gz-utils2 -- found version 2.2.1
[2.098s] -- Found OpenGL: /usr/lib/x86_64-linux-gnu/libOpenGL.so  found components: OpenGL 
[2.099s] -- Looking for gz-msgs9 -- found version 9.5.1
[2.134s] -- Looking for gz-physics6 -- found version 6.7.0
[2.135s] -- Searching for dependencies of gz-physics6
[2.135s] -- Looking for gz-common5 -- found version 5.7.1
[2.135s] -- Looking for gz-math7 -- found version 7.5.1
[2.135s] -- Looking for gz-plugin2 -- found version 2.0.4
[2.136s] -- Looking for gz-utils2 -- found version 2.2.1
[2.137s] -- Searching for <gz-physics6> component [heightmap]
[2.139s] -- Looking for gz-physics6-heightmap -- found version 6.7.0
[2.139s] -- Searching for dependencies of gz-physics6-heightmap
[2.140s] -- Looking for gz-common5 -- found version 5.7.1
[2.140s] -- Searching for <gz-physics6> component [mesh]
[2.142s] -- Looking for gz-physics6-mesh -- found version 6.7.0
[2.142s] -- Searching for dependencies of gz-physics6-mesh
[2.143s] -- Looking for gz-common5 -- found version 5.7.1
[2.143s] -- Searching for <gz-physics6> component [sdf]
[2.145s] -- Looking for gz-physics6-sdf -- found version 6.7.0
[2.145s] -- Searching for dependencies of gz-physics6-sdf
[2.146s] -- Looking for sdformat13 -- found version 13.9.0
[2.150s] -- Looking for gz-sensors7 -- found version 7.3.1
[2.150s] -- Searching for dependencies of gz-sensors7
[2.173s] -- Looking for gz-math7 -- found version 7.5.1
[2.173s] -- Looking for gz-common5 -- found version 5.7.1
[2.174s] -- Looking for gz-transport12 -- found version 12.2.2
[2.174s] -- Looking for gz-rendering7 -- found version 7.5.0
[2.174s] -- Looking for gz-msgs9 -- found version 9.5.1
[2.174s] -- Looking for sdformat13 -- found version 13.9.0
[2.175s] -- Searching for <gz-sensors7> component [air_pressure]
[2.177s] -- Looking for gz-sensors7-air_pressure -- found version 7.3.1
[2.177s] -- Searching for dependencies of gz-sensors7-air_pressure
[2.178s] -- Searching for <gz-sensors7> component [air_speed]
[2.180s] -- Looking for gz-sensors7-air_speed -- found version 7.3.1
[2.180s] -- Searching for dependencies of gz-sensors7-air_speed
[2.181s] -- Searching for <gz-sensors7> component [altimeter]
[2.183s] -- Looking for gz-sensors7-altimeter -- found version 7.3.1
[2.183s] -- Searching for dependencies of gz-sensors7-altimeter
[2.183s] -- Searching for <gz-sensors7> component [imu]
[2.185s] -- Looking for gz-sensors7-imu -- found version 7.3.1
[2.186s] -- Searching for dependencies of gz-sensors7-imu
[2.186s] -- Searching for <gz-sensors7> component [force_torque]
[2.188s] -- Looking for gz-sensors7-force_torque -- found version 7.3.1
[2.189s] -- Searching for dependencies of gz-sensors7-force_torque
[2.189s] -- Searching for <gz-sensors7> component [logical_camera]
[2.191s] -- Looking for gz-sensors7-logical_camera -- found version 7.3.1
[2.192s] -- Searching for dependencies of gz-sensors7-logical_camera
[2.192s] -- Searching for <gz-sensors7> component [magnetometer]
[2.194s] -- Looking for gz-sensors7-magnetometer -- found version 7.3.1
[2.194s] -- Searching for dependencies of gz-sensors7-magnetometer
[2.195s] -- Searching for <gz-sensors7> component [navsat]
[2.197s] -- Looking for gz-sensors7-navsat -- found version 7.3.1
[2.197s] -- Searching for dependencies of gz-sensors7-navsat
[2.198s] -- Searching for <gz-sensors7> component [rendering]
[2.200s] -- Looking for gz-sensors7-rendering -- found version 7.3.1
[2.200s] -- Searching for dependencies of gz-sensors7-rendering
[2.201s] -- Searching for <gz-sensors7> component [lidar]
[2.203s] -- Looking for gz-sensors7-lidar -- found version 7.3.1
[2.204s] -- Searching for dependencies of gz-sensors7-lidar
[2.204s] -- Looking for gz-sensors7 -- found version 7.3.1
[2.205s] -- Searching for <gz-sensors7> component [gpu_lidar]
[2.208s] -- Looking for gz-sensors7-gpu_lidar -- found version 7.3.1
[2.208s] -- Searching for dependencies of gz-sensors7-gpu_lidar
[2.208s] -- Looking for gz-sensors7 -- found version 7.3.1
[2.209s] -- Searching for <gz-sensors7> component [camera]
[2.211s] -- Looking for gz-sensors7-camera -- found version 7.3.1
[2.212s] -- Searching for dependencies of gz-sensors7-camera
[2.212s] -- Looking for gz-sensors7 -- found version 7.3.1
[2.213s] -- Searching for <gz-sensors7> component [boundingbox_camera]
[2.216s] -- Looking for gz-sensors7-boundingbox_camera -- found version 7.3.1
[2.216s] -- Searching for dependencies of gz-sensors7-boundingbox_camera
[2.217s] -- Searching for <gz-sensors7> component [segmentation_camera]
[2.219s] -- Looking for gz-sensors7-segmentation_camera -- found version 7.3.1
[2.220s] -- Searching for dependencies of gz-sensors7-segmentation_camera
[2.220s] -- Searching for <gz-sensors7> component [depth_camera]
[2.222s] -- Looking for gz-sensors7-depth_camera -- found version 7.3.1
[2.222s] -- Searching for dependencies of gz-sensors7-depth_camera
[2.223s] -- Looking for gz-sensors7 -- found version 7.3.1
[2.223s] -- Searching for <gz-sensors7> component [rgbd_camera]
[2.226s] -- Looking for gz-sensors7-rgbd_camera -- found version 7.3.1
[2.226s] -- Searching for dependencies of gz-sensors7-rgbd_camera
[2.227s] -- Looking for gz-sensors7 -- found version 7.3.1
[2.227s] -- Searching for <gz-sensors7> component [thermal_camera]
[2.230s] -- Looking for gz-sensors7-thermal_camera -- found version 7.3.1
[2.231s] -- Searching for dependencies of gz-sensors7-thermal_camera
[2.231s] -- Looking for gz-sensors7 -- found version 7.3.1
[2.232s] -- Searching for <gz-sensors7> component [wide_angle_camera]
[2.236s] -- Looking for gz-sensors7-wide_angle_camera -- found version 7.3.1
[2.237s] -- Searching for dependencies of gz-sensors7-wide_angle_camera
[2.238s] -- Looking for gz-rendering7 -- found version 7.5.0
[2.238s] -- Looking for gz-math7 -- found version 7.5.1
[2.239s] -- Looking for gz-utils2 -- found version 2.2.1
[2.259s] -- Compiling against Gazebo Garden
[2.259s] -- Looking for gz-plugin2 -- found version 2.0.4
[2.277s] -- Found ament_lint_auto: 0.12.12 (/opt/ros/humble/share/ament_lint_auto/cmake)
[2.346s] -- Added test 'copyright' to check source files copyright and LICENSE
[2.347s] -- Added test 'cppcheck' to perform static code analysis on C / C++ code
[2.347s] -- Configured cppcheck include dirs: /ros2_ws/src/gz_ros2_control/gz_ros2_control/include
[2.347s] -- Configured cppcheck exclude dirs and/or files: 
[2.348s] -- Added test 'cpplint' to check C / C++ code against the Google style
[2.348s] -- Configured cpplint exclude dirs and/or files: 
[2.349s] -- Added test 'lint_cmake' to check CMake code style
[2.352s] -- Added test 'uncrustify' to check C / C++ code style
[2.352s] -- Configured uncrustify additional arguments: 
[2.352s] -- Added test 'xmllint' to check XML markup files
[2.355s] -- Configuring done
[2.439s] -- Generating done
[2.447s] -- Build files have been written to: /ros2_ws/src/build/gz_ros2_control
[2.463s] Invoked command in '/ros2_ws/src/build/gz_ros2_control' returned '0': CMAKE_PREFIX_PATH=/opt/ros/humble /usr/bin/cmake /ros2_ws/src/gz_ros2_control/gz_ros2_control -DCMAKE_INSTALL_PREFIX=/ros2_ws/src/install/gz_ros2_control
[2.465s] Invoking command in '/ros2_ws/src/build/gz_ros2_control': CMAKE_PREFIX_PATH=/opt/ros/humble /usr/bin/cmake --build /ros2_ws/src/build/gz_ros2_control -- -j16 -l16
[2.523s] [ 25%] [32mBuilding CXX object CMakeFiles/gz_hardware_plugins.dir/src/gz_system.cpp.o[0m
[2.524s] [ 50%] [32mBuilding CXX object CMakeFiles/gz_ros2_control-system.dir/src/gz_ros2_control_plugin.cpp.o[0m
[11.224s] [ 75%] [32m[1mLinking CXX shared library libgz_hardware_plugins.so[0m
[11.676s] [ 75%] Built target gz_hardware_plugins
[12.473s] [100%] [32m[1mLinking CXX shared library libgz_ros2_control-system.so[0m
[12.993s] [100%] Built target gz_ros2_control-system
[13.010s] Invoked command in '/ros2_ws/src/build/gz_ros2_control' returned '0': CMAKE_PREFIX_PATH=/opt/ros/humble /usr/bin/cmake --build /ros2_ws/src/build/gz_ros2_control -- -j16 -l16
[13.018s] Invoking command in '/ros2_ws/src/build/gz_ros2_control': CMAKE_PREFIX_PATH=/opt/ros/humble /usr/bin/cmake --install /ros2_ws/src/build/gz_ros2_control
[13.023s] -- Install configuration: ""
[13.023s] -- Installing: /ros2_ws/src/install/gz_ros2_control/lib/libgz_hardware_plugins.so
[13.026s] -- Set runtime path of "/ros2_ws/src/install/gz_ros2_control/lib/libgz_hardware_plugins.so" to ""
[13.026s] -- Installing: /ros2_ws/src/install/gz_ros2_control/include/include
[13.026s] -- Installing: /ros2_ws/src/install/gz_ros2_control/include/include/gz_ros2_control
[13.026s] -- Installing: /ros2_ws/src/install/gz_ros2_control/include/include/gz_ros2_control/gz_system.hpp
[13.026s] -- Installing: /ros2_ws/src/install/gz_ros2_control/include/include/gz_ros2_control/gz_ros2_control_plugin.hpp
[13.026s] -- Installing: /ros2_ws/src/install/gz_ros2_control/include/include/gz_ros2_control/gz_system_interface.hpp
[13.026s] -- Installing: /ros2_ws/src/install/gz_ros2_control/share/gz_ros2_control/environment/library_path.sh
[13.026s] -- Installing: /ros2_ws/src/install/gz_ros2_control/share/gz_ros2_control/environment/library_path.dsv
[13.026s] -- Installing: /ros2_ws/src/install/gz_ros2_control/lib/libgz_ros2_control-system.so
[13.030s] -- Set runtime path of "/ros2_ws/src/install/gz_ros2_control/lib/libgz_ros2_control-system.so" to ""
[13.030s] -- Installing: /ros2_ws/src/install/gz_ros2_control/share/gz_ros2_control/gz_hardware_plugins.xml
[13.030s] -- Installing: /ros2_ws/src/install/gz_ros2_control/share/ament_index/resource_index/package_run_dependencies/gz_ros2_control
[13.030s] -- Installing: /ros2_ws/src/install/gz_ros2_control/share/ament_index/resource_index/parent_prefix_path/gz_ros2_control
[13.030s] -- Installing: /ros2_ws/src/install/gz_ros2_control/share/gz_ros2_control/environment/ament_prefix_path.sh
[13.030s] -- Installing: /ros2_ws/src/install/gz_ros2_control/share/gz_ros2_control/environment/ament_prefix_path.dsv
[13.030s] -- Installing: /ros2_ws/src/install/gz_ros2_control/share/gz_ros2_control/environment/path.sh
[13.030s] -- Installing: /ros2_ws/src/install/gz_ros2_control/share/gz_ros2_control/environment/path.dsv
[13.030s] -- Installing: /ros2_ws/src/install/gz_ros2_control/share/gz_ros2_control/local_setup.bash
[13.030s] -- Installing: /ros2_ws/src/install/gz_ros2_control/share/gz_ros2_control/local_setup.sh
[13.030s] -- Installing: /ros2_ws/src/install/gz_ros2_control/share/gz_ros2_control/local_setup.zsh
[13.031s] -- Installing: /ros2_ws/src/install/gz_ros2_control/share/gz_ros2_control/local_setup.dsv
[13.031s] -- Installing: /ros2_ws/src/install/gz_ros2_control/share/gz_ros2_control/package.dsv
[13.031s] -- Installing: /ros2_ws/src/install/gz_ros2_control/share/ament_index/resource_index/packages/gz_ros2_control
[13.031s] -- Installing: /ros2_ws/src/install/gz_ros2_control/share/ament_index/resource_index/gz_ros2_control__pluginlib__plugin/gz_ros2_control
[13.031s] -- Installing: /ros2_ws/src/install/gz_ros2_control/share/gz_ros2_control/cmake/ament_cmake_export_include_directories-extras.cmake
[13.031s] -- Installing: /ros2_ws/src/install/gz_ros2_control/share/gz_ros2_control/cmake/ament_cmake_export_libraries-extras.cmake
[13.031s] -- Installing: /ros2_ws/src/install/gz_ros2_control/share/gz_ros2_control/cmake/gz_ros2_controlConfig.cmake
[13.031s] -- Installing: /ros2_ws/src/install/gz_ros2_control/share/gz_ros2_control/cmake/gz_ros2_controlConfig-version.cmake
[13.031s] -- Installing: /ros2_ws/src/install/gz_ros2_control/share/gz_ros2_control/package.xml
[13.033s] Invoked command in '/ros2_ws/src/build/gz_ros2_control' returned '0': CMAKE_PREFIX_PATH=/opt/ros/humble /usr/bin/cmake --install /ros2_ws/src/build/gz_ros2_control
