[0.089s] DEBUG:colcon:Command line arguments: ['/usr/bin/colcon', 'build']
[0.089s] DEBUG:colcon:Parsed command line arguments: Namespace(log_base=None, log_level=None, verb_name='build', build_base='build', install_base='install', merge_install=False, symlink_install=False, test_result_base=None, continue_on_error=False, executor='parallel', parallel_workers=16, event_handlers=None, ignore_user_meta=False, metas=['./colcon.meta'], base_paths=['.'], packages_ignore=None, packages_ignore_regex=None, paths=None, packages_up_to=None, packages_up_to_regex=None, packages_above=None, packages_above_and_dependencies=None, packages_above_depth=None, packages_select_by_dep=None, packages_skip_by_dep=None, packages_skip_up_to=None, packages_select_build_failed=False, packages_skip_build_finished=False, packages_select_test_failures=False, packages_skip_test_passed=False, packages_select=None, packages_skip=None, packages_select_regex=None, packages_skip_regex=None, packages_start=None, packages_end=None, cmake_args=None, cmake_target=None, cmake_target_skip_unavailable=False, cmake_clean_cache=False, cmake_clean_first=False, cmake_force_configure=False, ament_cmake_args=None, catkin_cmake_args=None, catkin_skip_building_tests=False, mixin_files=None, mixin=None, verb_parser=<colcon_mixin.mixin.mixin_argument.MixinArgumentDecorator object at 0x7ef8514e3eb0>, verb_extension=<colcon_core.verb.build.BuildVerb object at 0x7ef8516a44f0>, main=<bound method BuildVerb.main of <colcon_core.verb.build.BuildVerb object at 0x7ef8516a44f0>>, mixin_verb=('build',))
[0.167s] Level 1:colcon.colcon_core.package_discovery:discover_packages(colcon_meta) check parameters
[0.167s] Level 1:colcon.colcon_core.package_discovery:discover_packages(recursive) check parameters
[0.167s] Level 1:colcon.colcon_core.package_discovery:discover_packages(ignore) check parameters
[0.167s] Level 1:colcon.colcon_core.package_discovery:discover_packages(path) check parameters
[0.167s] Level 1:colcon.colcon_core.package_discovery:discover_packages(colcon_meta) discover
[0.167s] Level 1:colcon.colcon_core.package_discovery:discover_packages(recursive) discover
[0.167s] INFO:colcon.colcon_core.package_discovery:Crawling recursively for packages in '/ros2_ws/src'
[0.167s] Level 1:colcon.colcon_core.package_identification:_identify(.) by extensions ['ignore', 'ignore_ament_install']
[0.167s] Level 1:colcon.colcon_core.package_identification:_identify(.) by extension 'ignore'
[0.167s] Level 1:colcon.colcon_core.package_identification:_identify(.) by extension 'ignore_ament_install'
[0.167s] Level 1:colcon.colcon_core.package_identification:_identify(.) by extensions ['colcon_pkg']
[0.167s] Level 1:colcon.colcon_core.package_identification:_identify(.) by extension 'colcon_pkg'
[0.167s] Level 1:colcon.colcon_core.package_identification:_identify(.) by extensions ['colcon_meta']
[0.167s] Level 1:colcon.colcon_core.package_identification:_identify(.) by extension 'colcon_meta'
[0.167s] Level 1:colcon.colcon_core.package_identification:_identify(.) by extensions ['ros']
[0.167s] Level 1:colcon.colcon_core.package_identification:_identify(.) by extension 'ros'
[0.174s] Level 1:colcon.colcon_core.package_identification:_identify(.) by extensions ['cmake', 'python']
[0.174s] Level 1:colcon.colcon_core.package_identification:_identify(.) by extension 'cmake'
[0.174s] Level 1:colcon.colcon_core.package_identification:_identify(.) by extension 'python'
[0.174s] Level 1:colcon.colcon_core.package_identification:_identify(.) by extensions ['python_setup_py']
[0.174s] Level 1:colcon.colcon_core.package_identification:_identify(.) by extension 'python_setup_py'
[0.174s] Level 1:colcon.colcon_core.package_identification:_identify(biped) by extensions ['ignore', 'ignore_ament_install']
[0.174s] Level 1:colcon.colcon_core.package_identification:_identify(biped) by extension 'ignore'
[0.174s] Level 1:colcon.colcon_core.package_identification:_identify(biped) by extension 'ignore_ament_install'
[0.174s] Level 1:colcon.colcon_core.package_identification:_identify(biped) by extensions ['colcon_pkg']
[0.174s] Level 1:colcon.colcon_core.package_identification:_identify(biped) by extension 'colcon_pkg'
[0.174s] Level 1:colcon.colcon_core.package_identification:_identify(biped) by extensions ['colcon_meta']
[0.174s] Level 1:colcon.colcon_core.package_identification:_identify(biped) by extension 'colcon_meta'
[0.175s] Level 1:colcon.colcon_core.package_identification:_identify(biped) by extensions ['ros']
[0.175s] Level 1:colcon.colcon_core.package_identification:_identify(biped) by extension 'ros'
[0.176s] DEBUG:colcon.colcon_core.package_identification:Package 'biped' with type 'ros.ament_cmake' and name 'biped'
[0.176s] Level 1:colcon.colcon_core.package_identification:_identify(build) by extensions ['ignore', 'ignore_ament_install']
[0.176s] Level 1:colcon.colcon_core.package_identification:_identify(build) by extension 'ignore'
[0.176s] Level 1:colcon.colcon_core.package_identification:_identify(build) ignored
[0.176s] Level 1:colcon.colcon_core.package_identification:_identify(gz_ros2_control) by extensions ['ignore', 'ignore_ament_install']
[0.177s] Level 1:colcon.colcon_core.package_identification:_identify(gz_ros2_control) by extension 'ignore'
[0.177s] Level 1:colcon.colcon_core.package_identification:_identify(gz_ros2_control) by extension 'ignore_ament_install'
[0.177s] Level 1:colcon.colcon_core.package_identification:_identify(gz_ros2_control) by extensions ['colcon_pkg']
[0.177s] Level 1:colcon.colcon_core.package_identification:_identify(gz_ros2_control) by extension 'colcon_pkg'
[0.177s] Level 1:colcon.colcon_core.package_identification:_identify(gz_ros2_control) by extensions ['colcon_meta']
[0.177s] Level 1:colcon.colcon_core.package_identification:_identify(gz_ros2_control) by extension 'colcon_meta'
[0.177s] Level 1:colcon.colcon_core.package_identification:_identify(gz_ros2_control) by extensions ['ros']
[0.177s] Level 1:colcon.colcon_core.package_identification:_identify(gz_ros2_control) by extension 'ros'
[0.177s] Level 1:colcon.colcon_core.package_identification:_identify(gz_ros2_control) by extensions ['cmake', 'python']
[0.177s] Level 1:colcon.colcon_core.package_identification:_identify(gz_ros2_control) by extension 'cmake'
[0.177s] Level 1:colcon.colcon_core.package_identification:_identify(gz_ros2_control) by extension 'python'
[0.177s] Level 1:colcon.colcon_core.package_identification:_identify(gz_ros2_control) by extensions ['python_setup_py']
[0.177s] Level 1:colcon.colcon_core.package_identification:_identify(gz_ros2_control) by extension 'python_setup_py'
[0.177s] Level 1:colcon.colcon_core.package_identification:_identify(gz_ros2_control/Dockerfile) by extensions ['ignore', 'ignore_ament_install']
[0.177s] Level 1:colcon.colcon_core.package_identification:_identify(gz_ros2_control/Dockerfile) by extension 'ignore'
[0.177s] Level 1:colcon.colcon_core.package_identification:_identify(gz_ros2_control/Dockerfile) by extension 'ignore_ament_install'
[0.177s] Level 1:colcon.colcon_core.package_identification:_identify(gz_ros2_control/Dockerfile) by extensions ['colcon_pkg']
[0.177s] Level 1:colcon.colcon_core.package_identification:_identify(gz_ros2_control/Dockerfile) by extension 'colcon_pkg'
[0.177s] Level 1:colcon.colcon_core.package_identification:_identify(gz_ros2_control/Dockerfile) by extensions ['colcon_meta']
[0.177s] Level 1:colcon.colcon_core.package_identification:_identify(gz_ros2_control/Dockerfile) by extension 'colcon_meta'
[0.177s] Level 1:colcon.colcon_core.package_identification:_identify(gz_ros2_control/Dockerfile) by extensions ['ros']
[0.177s] Level 1:colcon.colcon_core.package_identification:_identify(gz_ros2_control/Dockerfile) by extension 'ros'
[0.177s] Level 1:colcon.colcon_core.package_identification:_identify(gz_ros2_control/Dockerfile) by extensions ['cmake', 'python']
[0.177s] Level 1:colcon.colcon_core.package_identification:_identify(gz_ros2_control/Dockerfile) by extension 'cmake'
[0.177s] Level 1:colcon.colcon_core.package_identification:_identify(gz_ros2_control/Dockerfile) by extension 'python'
[0.177s] Level 1:colcon.colcon_core.package_identification:_identify(gz_ros2_control/Dockerfile) by extensions ['python_setup_py']
[0.177s] Level 1:colcon.colcon_core.package_identification:_identify(gz_ros2_control/Dockerfile) by extension 'python_setup_py'
[0.177s] Level 1:colcon.colcon_core.package_identification:_identify(gz_ros2_control/doc) by extensions ['ignore', 'ignore_ament_install']
[0.177s] Level 1:colcon.colcon_core.package_identification:_identify(gz_ros2_control/doc) by extension 'ignore'
[0.177s] Level 1:colcon.colcon_core.package_identification:_identify(gz_ros2_control/doc) by extension 'ignore_ament_install'
[0.177s] Level 1:colcon.colcon_core.package_identification:_identify(gz_ros2_control/doc) by extensions ['colcon_pkg']
[0.177s] Level 1:colcon.colcon_core.package_identification:_identify(gz_ros2_control/doc) by extension 'colcon_pkg'
[0.177s] Level 1:colcon.colcon_core.package_identification:_identify(gz_ros2_control/doc) by extensions ['colcon_meta']
[0.177s] Level 1:colcon.colcon_core.package_identification:_identify(gz_ros2_control/doc) by extension 'colcon_meta'
[0.177s] Level 1:colcon.colcon_core.package_identification:_identify(gz_ros2_control/doc) by extensions ['ros']
[0.177s] Level 1:colcon.colcon_core.package_identification:_identify(gz_ros2_control/doc) by extension 'ros'
[0.177s] Level 1:colcon.colcon_core.package_identification:_identify(gz_ros2_control/doc) by extensions ['cmake', 'python']
[0.177s] Level 1:colcon.colcon_core.package_identification:_identify(gz_ros2_control/doc) by extension 'cmake'
[0.177s] Level 1:colcon.colcon_core.package_identification:_identify(gz_ros2_control/doc) by extension 'python'
[0.177s] Level 1:colcon.colcon_core.package_identification:_identify(gz_ros2_control/doc) by extensions ['python_setup_py']
[0.177s] Level 1:colcon.colcon_core.package_identification:_identify(gz_ros2_control/doc) by extension 'python_setup_py'
[0.177s] Level 1:colcon.colcon_core.package_identification:_identify(gz_ros2_control/doc/img) by extensions ['ignore', 'ignore_ament_install']
[0.177s] Level 1:colcon.colcon_core.package_identification:_identify(gz_ros2_control/doc/img) by extension 'ignore'
[0.177s] Level 1:colcon.colcon_core.package_identification:_identify(gz_ros2_control/doc/img) by extension 'ignore_ament_install'
[0.177s] Level 1:colcon.colcon_core.package_identification:_identify(gz_ros2_control/doc/img) by extensions ['colcon_pkg']
[0.177s] Level 1:colcon.colcon_core.package_identification:_identify(gz_ros2_control/doc/img) by extension 'colcon_pkg'
[0.177s] Level 1:colcon.colcon_core.package_identification:_identify(gz_ros2_control/doc/img) by extensions ['colcon_meta']
[0.177s] Level 1:colcon.colcon_core.package_identification:_identify(gz_ros2_control/doc/img) by extension 'colcon_meta'
[0.177s] Level 1:colcon.colcon_core.package_identification:_identify(gz_ros2_control/doc/img) by extensions ['ros']
[0.177s] Level 1:colcon.colcon_core.package_identification:_identify(gz_ros2_control/doc/img) by extension 'ros'
[0.178s] Level 1:colcon.colcon_core.package_identification:_identify(gz_ros2_control/doc/img) by extensions ['cmake', 'python']
[0.178s] Level 1:colcon.colcon_core.package_identification:_identify(gz_ros2_control/doc/img) by extension 'cmake'
[0.178s] Level 1:colcon.colcon_core.package_identification:_identify(gz_ros2_control/doc/img) by extension 'python'
[0.178s] Level 1:colcon.colcon_core.package_identification:_identify(gz_ros2_control/doc/img) by extensions ['python_setup_py']
[0.178s] Level 1:colcon.colcon_core.package_identification:_identify(gz_ros2_control/doc/img) by extension 'python_setup_py'
[0.178s] Level 1:colcon.colcon_core.package_identification:_identify(gz_ros2_control/gz_ros2_control) by extensions ['ignore', 'ignore_ament_install']
[0.178s] Level 1:colcon.colcon_core.package_identification:_identify(gz_ros2_control/gz_ros2_control) by extension 'ignore'
[0.178s] Level 1:colcon.colcon_core.package_identification:_identify(gz_ros2_control/gz_ros2_control) by extension 'ignore_ament_install'
[0.178s] Level 1:colcon.colcon_core.package_identification:_identify(gz_ros2_control/gz_ros2_control) by extensions ['colcon_pkg']
[0.178s] Level 1:colcon.colcon_core.package_identification:_identify(gz_ros2_control/gz_ros2_control) by extension 'colcon_pkg'
[0.178s] Level 1:colcon.colcon_core.package_identification:_identify(gz_ros2_control/gz_ros2_control) by extensions ['colcon_meta']
[0.178s] Level 1:colcon.colcon_core.package_identification:_identify(gz_ros2_control/gz_ros2_control) by extension 'colcon_meta'
[0.178s] Level 1:colcon.colcon_core.package_identification:_identify(gz_ros2_control/gz_ros2_control) by extensions ['ros']
[0.178s] Level 1:colcon.colcon_core.package_identification:_identify(gz_ros2_control/gz_ros2_control) by extension 'ros'
[0.182s] DEBUG:colcon.colcon_core.package_identification:Package 'gz_ros2_control/gz_ros2_control' with type 'ros.ament_cmake' and name 'gz_ros2_control'
[0.182s] Level 1:colcon.colcon_core.package_identification:_identify(gz_ros2_control/gz_ros2_control_demos) by extensions ['ignore', 'ignore_ament_install']
[0.182s] Level 1:colcon.colcon_core.package_identification:_identify(gz_ros2_control/gz_ros2_control_demos) by extension 'ignore'
[0.182s] Level 1:colcon.colcon_core.package_identification:_identify(gz_ros2_control/gz_ros2_control_demos) by extension 'ignore_ament_install'
[0.182s] Level 1:colcon.colcon_core.package_identification:_identify(gz_ros2_control/gz_ros2_control_demos) by extensions ['colcon_pkg']
[0.182s] Level 1:colcon.colcon_core.package_identification:_identify(gz_ros2_control/gz_ros2_control_demos) by extension 'colcon_pkg'
[0.182s] Level 1:colcon.colcon_core.package_identification:_identify(gz_ros2_control/gz_ros2_control_demos) by extensions ['colcon_meta']
[0.182s] Level 1:colcon.colcon_core.package_identification:_identify(gz_ros2_control/gz_ros2_control_demos) by extension 'colcon_meta'
[0.182s] Level 1:colcon.colcon_core.package_identification:_identify(gz_ros2_control/gz_ros2_control_demos) by extensions ['ros']
[0.182s] Level 1:colcon.colcon_core.package_identification:_identify(gz_ros2_control/gz_ros2_control_demos) by extension 'ros'
[0.183s] DEBUG:colcon.colcon_core.package_identification:Package 'gz_ros2_control/gz_ros2_control_demos' with type 'ros.ament_cmake' and name 'gz_ros2_control_demos'
[0.183s] Level 1:colcon.colcon_core.package_identification:_identify(gz_ros2_control/gz_ros2_control_tests) by extensions ['ignore', 'ignore_ament_install']
[0.183s] Level 1:colcon.colcon_core.package_identification:_identify(gz_ros2_control/gz_ros2_control_tests) by extension 'ignore'
[0.183s] Level 1:colcon.colcon_core.package_identification:_identify(gz_ros2_control/gz_ros2_control_tests) by extension 'ignore_ament_install'
[0.183s] Level 1:colcon.colcon_core.package_identification:_identify(gz_ros2_control/gz_ros2_control_tests) by extensions ['colcon_pkg']
[0.183s] Level 1:colcon.colcon_core.package_identification:_identify(gz_ros2_control/gz_ros2_control_tests) by extension 'colcon_pkg'
[0.183s] Level 1:colcon.colcon_core.package_identification:_identify(gz_ros2_control/gz_ros2_control_tests) by extensions ['colcon_meta']
[0.183s] Level 1:colcon.colcon_core.package_identification:_identify(gz_ros2_control/gz_ros2_control_tests) by extension 'colcon_meta'
[0.183s] Level 1:colcon.colcon_core.package_identification:_identify(gz_ros2_control/gz_ros2_control_tests) by extensions ['ros']
[0.183s] Level 1:colcon.colcon_core.package_identification:_identify(gz_ros2_control/gz_ros2_control_tests) by extension 'ros'
[0.184s] DEBUG:colcon.colcon_core.package_identification:Package 'gz_ros2_control/gz_ros2_control_tests' with type 'ros.ament_cmake' and name 'gz_ros2_control_tests'
[0.184s] Level 1:colcon.colcon_core.package_identification:_identify(install) by extensions ['ignore', 'ignore_ament_install']
[0.184s] Level 1:colcon.colcon_core.package_identification:_identify(install) by extension 'ignore'
[0.184s] Level 1:colcon.colcon_core.package_identification:_identify(install) ignored
[0.184s] Level 1:colcon.colcon_core.package_identification:_identify(log) by extensions ['ignore', 'ignore_ament_install']
[0.184s] Level 1:colcon.colcon_core.package_identification:_identify(log) by extension 'ignore'
[0.184s] Level 1:colcon.colcon_core.package_identification:_identify(log) ignored
[0.184s] Level 1:colcon.colcon_core.package_discovery:discover_packages(recursive) using defaults
[0.185s] Level 1:colcon.colcon_core.package_discovery:discover_packages(ignore) discover
[0.185s] Level 1:colcon.colcon_core.package_discovery:discover_packages(ignore) using defaults
[0.185s] Level 1:colcon.colcon_core.package_discovery:discover_packages(path) discover
[0.185s] Level 1:colcon.colcon_core.package_discovery:discover_packages(path) using defaults
[0.208s] Level 5:colcon.colcon_core.verb:set package 'gz_ros2_control' build argument 'cmake_args' from command line to 'None'
[0.208s] Level 5:colcon.colcon_core.verb:set package 'gz_ros2_control' build argument 'cmake_target' from command line to 'None'
[0.208s] Level 5:colcon.colcon_core.verb:set package 'gz_ros2_control' build argument 'cmake_target_skip_unavailable' from command line to 'False'
[0.208s] Level 5:colcon.colcon_core.verb:set package 'gz_ros2_control' build argument 'cmake_clean_cache' from command line to 'False'
[0.208s] Level 5:colcon.colcon_core.verb:set package 'gz_ros2_control' build argument 'cmake_clean_first' from command line to 'False'
[0.208s] Level 5:colcon.colcon_core.verb:set package 'gz_ros2_control' build argument 'cmake_force_configure' from command line to 'False'
[0.208s] Level 5:colcon.colcon_core.verb:set package 'gz_ros2_control' build argument 'ament_cmake_args' from command line to 'None'
[0.208s] Level 5:colcon.colcon_core.verb:set package 'gz_ros2_control' build argument 'catkin_cmake_args' from command line to 'None'
[0.208s] Level 5:colcon.colcon_core.verb:set package 'gz_ros2_control' build argument 'catkin_skip_building_tests' from command line to 'False'
[0.208s] DEBUG:colcon.colcon_core.verb:Building package 'gz_ros2_control' with the following arguments: {'ament_cmake_args': None, 'build_base': '/ros2_ws/src/build/gz_ros2_control', 'catkin_cmake_args': None, 'catkin_skip_building_tests': False, 'cmake_args': None, 'cmake_clean_cache': False, 'cmake_clean_first': False, 'cmake_force_configure': False, 'cmake_target': None, 'cmake_target_skip_unavailable': False, 'install_base': '/ros2_ws/src/install/gz_ros2_control', 'merge_install': False, 'path': '/ros2_ws/src/gz_ros2_control/gz_ros2_control', 'symlink_install': False, 'test_result_base': None}
[0.208s] Level 5:colcon.colcon_core.verb:set package 'biped' build argument 'cmake_args' from command line to 'None'
[0.208s] Level 5:colcon.colcon_core.verb:set package 'biped' build argument 'cmake_target' from command line to 'None'
[0.208s] Level 5:colcon.colcon_core.verb:set package 'biped' build argument 'cmake_target_skip_unavailable' from command line to 'False'
[0.208s] Level 5:colcon.colcon_core.verb:set package 'biped' build argument 'cmake_clean_cache' from command line to 'False'
[0.208s] Level 5:colcon.colcon_core.verb:set package 'biped' build argument 'cmake_clean_first' from command line to 'False'
[0.208s] Level 5:colcon.colcon_core.verb:set package 'biped' build argument 'cmake_force_configure' from command line to 'False'
[0.208s] Level 5:colcon.colcon_core.verb:set package 'biped' build argument 'ament_cmake_args' from command line to 'None'
[0.208s] Level 5:colcon.colcon_core.verb:set package 'biped' build argument 'catkin_cmake_args' from command line to 'None'
[0.208s] Level 5:colcon.colcon_core.verb:set package 'biped' build argument 'catkin_skip_building_tests' from command line to 'False'
[0.208s] DEBUG:colcon.colcon_core.verb:Building package 'biped' with the following arguments: {'ament_cmake_args': None, 'build_base': '/ros2_ws/src/build/biped', 'catkin_cmake_args': None, 'catkin_skip_building_tests': False, 'cmake_args': None, 'cmake_clean_cache': False, 'cmake_clean_first': False, 'cmake_force_configure': False, 'cmake_target': None, 'cmake_target_skip_unavailable': False, 'install_base': '/ros2_ws/src/install/biped', 'merge_install': False, 'path': '/ros2_ws/src/biped', 'symlink_install': False, 'test_result_base': None}
[0.208s] Level 5:colcon.colcon_core.verb:set package 'gz_ros2_control_demos' build argument 'cmake_args' from command line to 'None'
[0.208s] Level 5:colcon.colcon_core.verb:set package 'gz_ros2_control_demos' build argument 'cmake_target' from command line to 'None'
[0.208s] Level 5:colcon.colcon_core.verb:set package 'gz_ros2_control_demos' build argument 'cmake_target_skip_unavailable' from command line to 'False'
[0.208s] Level 5:colcon.colcon_core.verb:set package 'gz_ros2_control_demos' build argument 'cmake_clean_cache' from command line to 'False'
[0.208s] Level 5:colcon.colcon_core.verb:set package 'gz_ros2_control_demos' build argument 'cmake_clean_first' from command line to 'False'
[0.208s] Level 5:colcon.colcon_core.verb:set package 'gz_ros2_control_demos' build argument 'cmake_force_configure' from command line to 'False'
[0.208s] Level 5:colcon.colcon_core.verb:set package 'gz_ros2_control_demos' build argument 'ament_cmake_args' from command line to 'None'
[0.208s] Level 5:colcon.colcon_core.verb:set package 'gz_ros2_control_demos' build argument 'catkin_cmake_args' from command line to 'None'
[0.208s] Level 5:colcon.colcon_core.verb:set package 'gz_ros2_control_demos' build argument 'catkin_skip_building_tests' from command line to 'False'
[0.208s] DEBUG:colcon.colcon_core.verb:Building package 'gz_ros2_control_demos' with the following arguments: {'ament_cmake_args': None, 'build_base': '/ros2_ws/src/build/gz_ros2_control_demos', 'catkin_cmake_args': None, 'catkin_skip_building_tests': False, 'cmake_args': None, 'cmake_clean_cache': False, 'cmake_clean_first': False, 'cmake_force_configure': False, 'cmake_target': None, 'cmake_target_skip_unavailable': False, 'install_base': '/ros2_ws/src/install/gz_ros2_control_demos', 'merge_install': False, 'path': '/ros2_ws/src/gz_ros2_control/gz_ros2_control_demos', 'symlink_install': False, 'test_result_base': None}
[0.208s] Level 5:colcon.colcon_core.verb:set package 'gz_ros2_control_tests' build argument 'cmake_args' from command line to 'None'
[0.208s] Level 5:colcon.colcon_core.verb:set package 'gz_ros2_control_tests' build argument 'cmake_target' from command line to 'None'
[0.208s] Level 5:colcon.colcon_core.verb:set package 'gz_ros2_control_tests' build argument 'cmake_target_skip_unavailable' from command line to 'False'
[0.208s] Level 5:colcon.colcon_core.verb:set package 'gz_ros2_control_tests' build argument 'cmake_clean_cache' from command line to 'False'
[0.208s] Level 5:colcon.colcon_core.verb:set package 'gz_ros2_control_tests' build argument 'cmake_clean_first' from command line to 'False'
[0.208s] Level 5:colcon.colcon_core.verb:set package 'gz_ros2_control_tests' build argument 'cmake_force_configure' from command line to 'False'
[0.208s] Level 5:colcon.colcon_core.verb:set package 'gz_ros2_control_tests' build argument 'ament_cmake_args' from command line to 'None'
[0.208s] Level 5:colcon.colcon_core.verb:set package 'gz_ros2_control_tests' build argument 'catkin_cmake_args' from command line to 'None'
[0.208s] Level 5:colcon.colcon_core.verb:set package 'gz_ros2_control_tests' build argument 'catkin_skip_building_tests' from command line to 'False'
[0.208s] DEBUG:colcon.colcon_core.verb:Building package 'gz_ros2_control_tests' with the following arguments: {'ament_cmake_args': None, 'build_base': '/ros2_ws/src/build/gz_ros2_control_tests', 'catkin_cmake_args': None, 'catkin_skip_building_tests': False, 'cmake_args': None, 'cmake_clean_cache': False, 'cmake_clean_first': False, 'cmake_force_configure': False, 'cmake_target': None, 'cmake_target_skip_unavailable': False, 'install_base': '/ros2_ws/src/install/gz_ros2_control_tests', 'merge_install': False, 'path': '/ros2_ws/src/gz_ros2_control/gz_ros2_control_tests', 'symlink_install': False, 'test_result_base': None}
[0.208s] INFO:colcon.colcon_core.executor:Executing jobs using 'parallel' executor
[0.209s] DEBUG:colcon.colcon_parallel_executor.executor.parallel:run_until_complete
[0.209s] INFO:colcon.colcon_ros.task.ament_cmake.build:Building ROS package in '/ros2_ws/src/gz_ros2_control/gz_ros2_control' with build type 'ament_cmake'
[0.209s] INFO:colcon.colcon_cmake.task.cmake.build:Building CMake package in '/ros2_ws/src/gz_ros2_control/gz_ros2_control'
[0.211s] INFO:colcon.colcon_core.plugin_system:Skipping extension 'colcon_core.shell.bat': Not used on non-Windows systems
[0.211s] INFO:colcon.colcon_core.shell:Skip shell extension 'powershell' for command environment: Not usable outside of PowerShell
[0.211s] DEBUG:colcon.colcon_core.shell:Skip shell extension 'dsv' for command environment
[0.220s] DEBUG:colcon.colcon_core.event_handler.log_command:Invoking command in '/ros2_ws/src/build/gz_ros2_control': CMAKE_PREFIX_PATH=/opt/ros/humble /usr/bin/cmake /ros2_ws/src/gz_ros2_control/gz_ros2_control -DCMAKE_INSTALL_PREFIX=/ros2_ws/src/install/gz_ros2_control
[2.673s] DEBUG:colcon.colcon_core.event_handler.log_command:Invoked command in '/ros2_ws/src/build/gz_ros2_control' returned '0': CMAKE_PREFIX_PATH=/opt/ros/humble /usr/bin/cmake /ros2_ws/src/gz_ros2_control/gz_ros2_control -DCMAKE_INSTALL_PREFIX=/ros2_ws/src/install/gz_ros2_control
[2.675s] DEBUG:colcon.colcon_core.event_handler.log_command:Invoking command in '/ros2_ws/src/build/gz_ros2_control': CMAKE_PREFIX_PATH=/opt/ros/humble /usr/bin/cmake --build /ros2_ws/src/build/gz_ros2_control -- -j16 -l16
[13.220s] DEBUG:colcon.colcon_core.event_handler.log_command:Invoked command in '/ros2_ws/src/build/gz_ros2_control' returned '0': CMAKE_PREFIX_PATH=/opt/ros/humble /usr/bin/cmake --build /ros2_ws/src/build/gz_ros2_control -- -j16 -l16
[13.228s] DEBUG:colcon.colcon_core.event_handler.log_command:Invoking command in '/ros2_ws/src/build/gz_ros2_control': CMAKE_PREFIX_PATH=/opt/ros/humble /usr/bin/cmake --install /ros2_ws/src/build/gz_ros2_control
[13.243s] Level 1:colcon.colcon_core.environment:create_environment_scripts_only(gz_ros2_control)
[13.243s] DEBUG:colcon.colcon_core.event_handler.log_command:Invoked command in '/ros2_ws/src/build/gz_ros2_control' returned '0': CMAKE_PREFIX_PATH=/opt/ros/humble /usr/bin/cmake --install /ros2_ws/src/build/gz_ros2_control
[13.246s] Level 1:colcon.colcon_core.environment:checking '/ros2_ws/src/install/gz_ros2_control' for CMake module files
[13.247s] Level 1:colcon.colcon_core.environment:checking '/ros2_ws/src/install/gz_ros2_control' for CMake config files
[13.247s] Level 1:colcon.colcon_core.shell:create_environment_hook('gz_ros2_control', 'cmake_prefix_path')
[13.247s] INFO:colcon.colcon_core.shell:Creating environment hook '/ros2_ws/src/install/gz_ros2_control/share/gz_ros2_control/hook/cmake_prefix_path.ps1'
[13.247s] INFO:colcon.colcon_core.shell:Creating environment descriptor '/ros2_ws/src/install/gz_ros2_control/share/gz_ros2_control/hook/cmake_prefix_path.dsv'
[13.248s] INFO:colcon.colcon_core.shell:Creating environment hook '/ros2_ws/src/install/gz_ros2_control/share/gz_ros2_control/hook/cmake_prefix_path.sh'
[13.248s] Level 1:colcon.colcon_core.environment:checking '/ros2_ws/src/install/gz_ros2_control/lib'
[13.248s] Level 1:colcon.colcon_core.shell:create_environment_hook('gz_ros2_control', 'ld_library_path_lib')
[13.248s] INFO:colcon.colcon_core.shell:Creating environment hook '/ros2_ws/src/install/gz_ros2_control/share/gz_ros2_control/hook/ld_library_path_lib.ps1'
[13.249s] INFO:colcon.colcon_core.shell:Creating environment descriptor '/ros2_ws/src/install/gz_ros2_control/share/gz_ros2_control/hook/ld_library_path_lib.dsv'
[13.249s] INFO:colcon.colcon_core.shell:Creating environment hook '/ros2_ws/src/install/gz_ros2_control/share/gz_ros2_control/hook/ld_library_path_lib.sh'
[13.249s] Level 1:colcon.colcon_core.environment:checking '/ros2_ws/src/install/gz_ros2_control/bin'
[13.249s] Level 1:colcon.colcon_core.environment:checking '/ros2_ws/src/install/gz_ros2_control/lib/pkgconfig/gz_ros2_control.pc'
[13.250s] Level 1:colcon.colcon_core.environment:checking '/ros2_ws/src/install/gz_ros2_control/lib/python3.10/site-packages'
[13.250s] Level 1:colcon.colcon_core.environment:checking '/ros2_ws/src/install/gz_ros2_control/bin'
[13.250s] INFO:colcon.colcon_core.shell:Creating package script '/ros2_ws/src/install/gz_ros2_control/share/gz_ros2_control/package.ps1'
[13.251s] INFO:colcon.colcon_core.shell:Creating package descriptor '/ros2_ws/src/install/gz_ros2_control/share/gz_ros2_control/package.dsv'
[13.251s] INFO:colcon.colcon_core.shell:Creating package script '/ros2_ws/src/install/gz_ros2_control/share/gz_ros2_control/package.sh'
[13.252s] INFO:colcon.colcon_core.shell:Creating package script '/ros2_ws/src/install/gz_ros2_control/share/gz_ros2_control/package.bash'
[13.252s] INFO:colcon.colcon_core.shell:Creating package script '/ros2_ws/src/install/gz_ros2_control/share/gz_ros2_control/package.zsh'
[13.253s] Level 1:colcon.colcon_core.environment:create_file_with_runtime_dependencies(/ros2_ws/src/install/gz_ros2_control/share/colcon-core/packages/gz_ros2_control)
[13.253s] Level 1:colcon.colcon_core.environment:create_environment_scripts_only(gz_ros2_control)
[13.253s] Level 1:colcon.colcon_core.environment:checking '/ros2_ws/src/install/gz_ros2_control' for CMake module files
[13.253s] Level 1:colcon.colcon_core.environment:checking '/ros2_ws/src/install/gz_ros2_control' for CMake config files
[13.253s] Level 1:colcon.colcon_core.shell:create_environment_hook('gz_ros2_control', 'cmake_prefix_path')
[13.254s] INFO:colcon.colcon_core.shell:Creating environment hook '/ros2_ws/src/install/gz_ros2_control/share/gz_ros2_control/hook/cmake_prefix_path.ps1'
[13.254s] INFO:colcon.colcon_core.shell:Creating environment descriptor '/ros2_ws/src/install/gz_ros2_control/share/gz_ros2_control/hook/cmake_prefix_path.dsv'
[13.254s] INFO:colcon.colcon_core.shell:Creating environment hook '/ros2_ws/src/install/gz_ros2_control/share/gz_ros2_control/hook/cmake_prefix_path.sh'
[13.254s] Level 1:colcon.colcon_core.environment:checking '/ros2_ws/src/install/gz_ros2_control/lib'
[13.254s] Level 1:colcon.colcon_core.shell:create_environment_hook('gz_ros2_control', 'ld_library_path_lib')
[13.254s] INFO:colcon.colcon_core.shell:Creating environment hook '/ros2_ws/src/install/gz_ros2_control/share/gz_ros2_control/hook/ld_library_path_lib.ps1'
[13.255s] INFO:colcon.colcon_core.shell:Creating environment descriptor '/ros2_ws/src/install/gz_ros2_control/share/gz_ros2_control/hook/ld_library_path_lib.dsv'
[13.255s] INFO:colcon.colcon_core.shell:Creating environment hook '/ros2_ws/src/install/gz_ros2_control/share/gz_ros2_control/hook/ld_library_path_lib.sh'
[13.255s] Level 1:colcon.colcon_core.environment:checking '/ros2_ws/src/install/gz_ros2_control/bin'
[13.255s] Level 1:colcon.colcon_core.environment:checking '/ros2_ws/src/install/gz_ros2_control/lib/pkgconfig/gz_ros2_control.pc'
[13.255s] Level 1:colcon.colcon_core.environment:checking '/ros2_ws/src/install/gz_ros2_control/lib/python3.10/site-packages'
[13.255s] Level 1:colcon.colcon_core.environment:checking '/ros2_ws/src/install/gz_ros2_control/bin'
[13.255s] INFO:colcon.colcon_core.shell:Creating package script '/ros2_ws/src/install/gz_ros2_control/share/gz_ros2_control/package.ps1'
[13.256s] INFO:colcon.colcon_core.shell:Creating package descriptor '/ros2_ws/src/install/gz_ros2_control/share/gz_ros2_control/package.dsv'
[13.257s] INFO:colcon.colcon_core.shell:Creating package script '/ros2_ws/src/install/gz_ros2_control/share/gz_ros2_control/package.sh'
[13.257s] INFO:colcon.colcon_core.shell:Creating package script '/ros2_ws/src/install/gz_ros2_control/share/gz_ros2_control/package.bash'
[13.257s] INFO:colcon.colcon_core.shell:Creating package script '/ros2_ws/src/install/gz_ros2_control/share/gz_ros2_control/package.zsh'
[13.257s] Level 1:colcon.colcon_core.environment:create_file_with_runtime_dependencies(/ros2_ws/src/install/gz_ros2_control/share/colcon-core/packages/gz_ros2_control)
[13.258s] INFO:colcon.colcon_ros.task.ament_cmake.build:Building ROS package in '/ros2_ws/src/biped' with build type 'ament_cmake'
[13.258s] INFO:colcon.colcon_cmake.task.cmake.build:Building CMake package in '/ros2_ws/src/biped'
[13.258s] INFO:colcon.colcon_core.shell:Skip shell extension 'powershell' for command environment: Not usable outside of PowerShell
[13.258s] DEBUG:colcon.colcon_core.shell:Skip shell extension 'dsv' for command environment
[13.262s] INFO:colcon.colcon_ros.task.ament_cmake.build:Building ROS package in '/ros2_ws/src/gz_ros2_control/gz_ros2_control_demos' with build type 'ament_cmake'
[13.262s] INFO:colcon.colcon_cmake.task.cmake.build:Building CMake package in '/ros2_ws/src/gz_ros2_control/gz_ros2_control_demos'
[13.262s] INFO:colcon.colcon_core.shell:Skip shell extension 'powershell' for command environment: Not usable outside of PowerShell
[13.262s] DEBUG:colcon.colcon_core.shell:Skip shell extension 'dsv' for command environment
[13.265s] INFO:colcon.colcon_ros.task.ament_cmake.build:Building ROS package in '/ros2_ws/src/gz_ros2_control/gz_ros2_control_tests' with build type 'ament_cmake'
[13.265s] INFO:colcon.colcon_cmake.task.cmake.build:Building CMake package in '/ros2_ws/src/gz_ros2_control/gz_ros2_control_tests'
[13.265s] INFO:colcon.colcon_core.shell:Skip shell extension 'powershell' for command environment: Not usable outside of PowerShell
[13.265s] DEBUG:colcon.colcon_core.shell:Skip shell extension 'dsv' for command environment
[13.270s] DEBUG:colcon.colcon_core.event_handler.log_command:Invoking command in '/ros2_ws/src/build/biped': AMENT_PREFIX_PATH=/ros2_ws/src/install/gz_ros2_control:${AMENT_PREFIX_PATH} CMAKE_PREFIX_PATH=/ros2_ws/src/install/gz_ros2_control:/opt/ros/humble LD_LIBRARY_PATH=/ros2_ws/src/install/gz_ros2_control/lib:${LD_LIBRARY_PATH} /usr/bin/cmake /ros2_ws/src/biped -DCMAKE_INSTALL_PREFIX=/ros2_ws/src/install/biped
[13.273s] DEBUG:colcon.colcon_core.event_handler.log_command:Invoking command in '/ros2_ws/src/build/gz_ros2_control_demos': AMENT_PREFIX_PATH=/ros2_ws/src/install/gz_ros2_control:${AMENT_PREFIX_PATH} CMAKE_PREFIX_PATH=/ros2_ws/src/install/gz_ros2_control:/opt/ros/humble LD_LIBRARY_PATH=/ros2_ws/src/install/gz_ros2_control/lib:${LD_LIBRARY_PATH} /usr/bin/cmake /ros2_ws/src/gz_ros2_control/gz_ros2_control_demos -DCMAKE_INSTALL_PREFIX=/ros2_ws/src/install/gz_ros2_control_demos
[13.277s] DEBUG:colcon.colcon_core.event_handler.log_command:Invoking command in '/ros2_ws/src/build/gz_ros2_control_tests': AMENT_PREFIX_PATH=/ros2_ws/src/install/gz_ros2_control:${AMENT_PREFIX_PATH} CMAKE_PREFIX_PATH=/ros2_ws/src/install/gz_ros2_control:/opt/ros/humble LD_LIBRARY_PATH=/ros2_ws/src/install/gz_ros2_control/lib:${LD_LIBRARY_PATH} /usr/bin/cmake /ros2_ws/src/gz_ros2_control/gz_ros2_control_tests -DCMAKE_INSTALL_PREFIX=/ros2_ws/src/install/gz_ros2_control_tests
[14.286s] DEBUG:colcon.colcon_core.event_handler.log_command:Invoked command in '/ros2_ws/src/build/biped' returned '0': AMENT_PREFIX_PATH=/ros2_ws/src/install/gz_ros2_control:${AMENT_PREFIX_PATH} CMAKE_PREFIX_PATH=/ros2_ws/src/install/gz_ros2_control:/opt/ros/humble LD_LIBRARY_PATH=/ros2_ws/src/install/gz_ros2_control/lib:${LD_LIBRARY_PATH} /usr/bin/cmake /ros2_ws/src/biped -DCMAKE_INSTALL_PREFIX=/ros2_ws/src/install/biped
[14.288s] DEBUG:colcon.colcon_core.event_handler.log_command:Invoking command in '/ros2_ws/src/build/biped': AMENT_PREFIX_PATH=/ros2_ws/src/install/gz_ros2_control:${AMENT_PREFIX_PATH} CMAKE_PREFIX_PATH=/ros2_ws/src/install/gz_ros2_control:/opt/ros/humble LD_LIBRARY_PATH=/ros2_ws/src/install/gz_ros2_control/lib:${LD_LIBRARY_PATH} /usr/bin/cmake --build /ros2_ws/src/build/biped -- -j16 -l16
[14.335s] DEBUG:colcon.colcon_core.event_handler.log_command:Invoked command in '/ros2_ws/src/build/biped' returned '0': AMENT_PREFIX_PATH=/ros2_ws/src/install/gz_ros2_control:${AMENT_PREFIX_PATH} CMAKE_PREFIX_PATH=/ros2_ws/src/install/gz_ros2_control:/opt/ros/humble LD_LIBRARY_PATH=/ros2_ws/src/install/gz_ros2_control/lib:${LD_LIBRARY_PATH} /usr/bin/cmake --build /ros2_ws/src/build/biped -- -j16 -l16
[14.336s] DEBUG:colcon.colcon_core.event_handler.log_command:Invoking command in '/ros2_ws/src/build/biped': AMENT_PREFIX_PATH=/ros2_ws/src/install/gz_ros2_control:${AMENT_PREFIX_PATH} CMAKE_PREFIX_PATH=/ros2_ws/src/install/gz_ros2_control:/opt/ros/humble LD_LIBRARY_PATH=/ros2_ws/src/install/gz_ros2_control/lib:${LD_LIBRARY_PATH} /usr/bin/cmake --install /ros2_ws/src/build/biped
[14.361s] Level 1:colcon.colcon_core.environment:create_environment_scripts_only(biped)
[14.362s] Level 1:colcon.colcon_core.environment:checking '/ros2_ws/src/install/biped' for CMake module files
[14.362s] DEBUG:colcon.colcon_core.event_handler.log_command:Invoked command in '/ros2_ws/src/build/biped' returned '0': AMENT_PREFIX_PATH=/ros2_ws/src/install/gz_ros2_control:${AMENT_PREFIX_PATH} CMAKE_PREFIX_PATH=/ros2_ws/src/install/gz_ros2_control:/opt/ros/humble LD_LIBRARY_PATH=/ros2_ws/src/install/gz_ros2_control/lib:${LD_LIBRARY_PATH} /usr/bin/cmake --install /ros2_ws/src/build/biped
[14.362s] Level 1:colcon.colcon_core.environment:checking '/ros2_ws/src/install/biped' for CMake config files
[14.363s] Level 1:colcon.colcon_core.shell:create_environment_hook('biped', 'cmake_prefix_path')
[14.363s] INFO:colcon.colcon_core.shell:Creating environment hook '/ros2_ws/src/install/biped/share/biped/hook/cmake_prefix_path.ps1'
[14.363s] INFO:colcon.colcon_core.shell:Creating environment descriptor '/ros2_ws/src/install/biped/share/biped/hook/cmake_prefix_path.dsv'
[14.364s] INFO:colcon.colcon_core.shell:Creating environment hook '/ros2_ws/src/install/biped/share/biped/hook/cmake_prefix_path.sh'
[14.364s] Level 1:colcon.colcon_core.environment:checking '/ros2_ws/src/install/biped/bin'
[14.364s] Level 1:colcon.colcon_core.environment:checking '/ros2_ws/src/install/biped/lib/pkgconfig/biped.pc'
[14.365s] Level 1:colcon.colcon_core.environment:checking '/ros2_ws/src/install/biped/lib/python3.10/site-packages'
[14.365s] Level 1:colcon.colcon_core.environment:checking '/ros2_ws/src/install/biped/bin'
[14.365s] INFO:colcon.colcon_core.shell:Creating package script '/ros2_ws/src/install/biped/share/biped/package.ps1'
[14.366s] INFO:colcon.colcon_core.shell:Creating package descriptor '/ros2_ws/src/install/biped/share/biped/package.dsv'
[14.366s] INFO:colcon.colcon_core.shell:Creating package script '/ros2_ws/src/install/biped/share/biped/package.sh'
[14.366s] INFO:colcon.colcon_core.shell:Creating package script '/ros2_ws/src/install/biped/share/biped/package.bash'
[14.366s] INFO:colcon.colcon_core.shell:Creating package script '/ros2_ws/src/install/biped/share/biped/package.zsh'
[14.366s] Level 1:colcon.colcon_core.environment:create_file_with_runtime_dependencies(/ros2_ws/src/install/biped/share/colcon-core/packages/biped)
[14.367s] Level 1:colcon.colcon_core.environment:create_environment_scripts_only(biped)
[14.367s] Level 1:colcon.colcon_core.environment:checking '/ros2_ws/src/install/biped' for CMake module files
[14.367s] Level 1:colcon.colcon_core.environment:checking '/ros2_ws/src/install/biped' for CMake config files
[14.368s] Level 1:colcon.colcon_core.shell:create_environment_hook('biped', 'cmake_prefix_path')
[14.368s] INFO:colcon.colcon_core.shell:Creating environment hook '/ros2_ws/src/install/biped/share/biped/hook/cmake_prefix_path.ps1'
[14.368s] INFO:colcon.colcon_core.shell:Creating environment descriptor '/ros2_ws/src/install/biped/share/biped/hook/cmake_prefix_path.dsv'
[14.368s] INFO:colcon.colcon_core.shell:Creating environment hook '/ros2_ws/src/install/biped/share/biped/hook/cmake_prefix_path.sh'
[14.368s] Level 1:colcon.colcon_core.environment:checking '/ros2_ws/src/install/biped/bin'
[14.369s] Level 1:colcon.colcon_core.environment:checking '/ros2_ws/src/install/biped/lib/pkgconfig/biped.pc'
[14.369s] Level 1:colcon.colcon_core.environment:checking '/ros2_ws/src/install/biped/lib/python3.10/site-packages'
[14.369s] Level 1:colcon.colcon_core.environment:checking '/ros2_ws/src/install/biped/bin'
[14.369s] INFO:colcon.colcon_core.shell:Creating package script '/ros2_ws/src/install/biped/share/biped/package.ps1'
[14.369s] INFO:colcon.colcon_core.shell:Creating package descriptor '/ros2_ws/src/install/biped/share/biped/package.dsv'
[14.370s] INFO:colcon.colcon_core.shell:Creating package script '/ros2_ws/src/install/biped/share/biped/package.sh'
[14.370s] INFO:colcon.colcon_core.shell:Creating package script '/ros2_ws/src/install/biped/share/biped/package.bash'
[14.370s] INFO:colcon.colcon_core.shell:Creating package script '/ros2_ws/src/install/biped/share/biped/package.zsh'
[14.370s] Level 1:colcon.colcon_core.environment:create_file_with_runtime_dependencies(/ros2_ws/src/install/biped/share/colcon-core/packages/biped)
[14.441s] DEBUG:colcon.colcon_core.event_handler.log_command:Invoked command in '/ros2_ws/src/build/gz_ros2_control_demos' returned '0': AMENT_PREFIX_PATH=/ros2_ws/src/install/gz_ros2_control:${AMENT_PREFIX_PATH} CMAKE_PREFIX_PATH=/ros2_ws/src/install/gz_ros2_control:/opt/ros/humble LD_LIBRARY_PATH=/ros2_ws/src/install/gz_ros2_control/lib:${LD_LIBRARY_PATH} /usr/bin/cmake /ros2_ws/src/gz_ros2_control/gz_ros2_control_demos -DCMAKE_INSTALL_PREFIX=/ros2_ws/src/install/gz_ros2_control_demos
[14.443s] DEBUG:colcon.colcon_core.event_handler.log_command:Invoking command in '/ros2_ws/src/build/gz_ros2_control_demos': AMENT_PREFIX_PATH=/ros2_ws/src/install/gz_ros2_control:${AMENT_PREFIX_PATH} CMAKE_PREFIX_PATH=/ros2_ws/src/install/gz_ros2_control:/opt/ros/humble LD_LIBRARY_PATH=/ros2_ws/src/install/gz_ros2_control/lib:${LD_LIBRARY_PATH} /usr/bin/cmake --build /ros2_ws/src/build/gz_ros2_control_demos -- -j16 -l16
[14.459s] DEBUG:colcon.colcon_core.event_handler.log_command:Invoked command in '/ros2_ws/src/build/gz_ros2_control_tests' returned '0': AMENT_PREFIX_PATH=/ros2_ws/src/install/gz_ros2_control:${AMENT_PREFIX_PATH} CMAKE_PREFIX_PATH=/ros2_ws/src/install/gz_ros2_control:/opt/ros/humble LD_LIBRARY_PATH=/ros2_ws/src/install/gz_ros2_control/lib:${LD_LIBRARY_PATH} /usr/bin/cmake /ros2_ws/src/gz_ros2_control/gz_ros2_control_tests -DCMAKE_INSTALL_PREFIX=/ros2_ws/src/install/gz_ros2_control_tests
[14.461s] DEBUG:colcon.colcon_core.event_handler.log_command:Invoking command in '/ros2_ws/src/build/gz_ros2_control_tests': AMENT_PREFIX_PATH=/ros2_ws/src/install/gz_ros2_control:${AMENT_PREFIX_PATH} CMAKE_PREFIX_PATH=/ros2_ws/src/install/gz_ros2_control:/opt/ros/humble LD_LIBRARY_PATH=/ros2_ws/src/install/gz_ros2_control/lib:${LD_LIBRARY_PATH} /usr/bin/cmake --build /ros2_ws/src/build/gz_ros2_control_tests -- -j16 -l16
[20.152s] DEBUG:colcon.colcon_core.event_handler.log_command:Invoked command in '/ros2_ws/src/build/gz_ros2_control_demos' returned '0': AMENT_PREFIX_PATH=/ros2_ws/src/install/gz_ros2_control:${AMENT_PREFIX_PATH} CMAKE_PREFIX_PATH=/ros2_ws/src/install/gz_ros2_control:/opt/ros/humble LD_LIBRARY_PATH=/ros2_ws/src/install/gz_ros2_control/lib:${LD_LIBRARY_PATH} /usr/bin/cmake --build /ros2_ws/src/build/gz_ros2_control_demos -- -j16 -l16
[20.153s] DEBUG:colcon.colcon_core.event_handler.log_command:Invoking command in '/ros2_ws/src/build/gz_ros2_control_demos': AMENT_PREFIX_PATH=/ros2_ws/src/install/gz_ros2_control:${AMENT_PREFIX_PATH} CMAKE_PREFIX_PATH=/ros2_ws/src/install/gz_ros2_control:/opt/ros/humble LD_LIBRARY_PATH=/ros2_ws/src/install/gz_ros2_control/lib:${LD_LIBRARY_PATH} /usr/bin/cmake --install /ros2_ws/src/build/gz_ros2_control_demos
[20.175s] Level 1:colcon.colcon_core.environment:create_environment_scripts_only(gz_ros2_control_demos)
[20.175s] Level 1:colcon.colcon_core.environment:checking '/ros2_ws/src/install/gz_ros2_control_demos' for CMake module files
[20.175s] DEBUG:colcon.colcon_core.event_handler.log_command:Invoked command in '/ros2_ws/src/build/gz_ros2_control_demos' returned '0': AMENT_PREFIX_PATH=/ros2_ws/src/install/gz_ros2_control:${AMENT_PREFIX_PATH} CMAKE_PREFIX_PATH=/ros2_ws/src/install/gz_ros2_control:/opt/ros/humble LD_LIBRARY_PATH=/ros2_ws/src/install/gz_ros2_control/lib:${LD_LIBRARY_PATH} /usr/bin/cmake --install /ros2_ws/src/build/gz_ros2_control_demos
[20.176s] Level 1:colcon.colcon_core.environment:checking '/ros2_ws/src/install/gz_ros2_control_demos' for CMake config files
[20.176s] Level 1:colcon.colcon_core.shell:create_environment_hook('gz_ros2_control_demos', 'cmake_prefix_path')
[20.176s] INFO:colcon.colcon_core.shell:Creating environment hook '/ros2_ws/src/install/gz_ros2_control_demos/share/gz_ros2_control_demos/hook/cmake_prefix_path.ps1'
[20.176s] INFO:colcon.colcon_core.shell:Creating environment descriptor '/ros2_ws/src/install/gz_ros2_control_demos/share/gz_ros2_control_demos/hook/cmake_prefix_path.dsv'
[20.177s] INFO:colcon.colcon_core.shell:Creating environment hook '/ros2_ws/src/install/gz_ros2_control_demos/share/gz_ros2_control_demos/hook/cmake_prefix_path.sh'
[20.177s] Level 1:colcon.colcon_core.environment:checking '/ros2_ws/src/install/gz_ros2_control_demos/lib'
[20.177s] Level 1:colcon.colcon_core.environment:checking '/ros2_ws/src/install/gz_ros2_control_demos/bin'
[20.177s] Level 1:colcon.colcon_core.environment:checking '/ros2_ws/src/install/gz_ros2_control_demos/lib/pkgconfig/gz_ros2_control_demos.pc'
[20.177s] Level 1:colcon.colcon_core.environment:checking '/ros2_ws/src/install/gz_ros2_control_demos/lib/python3.10/site-packages'
[20.177s] Level 1:colcon.colcon_core.environment:checking '/ros2_ws/src/install/gz_ros2_control_demos/bin'
[20.177s] INFO:colcon.colcon_core.shell:Creating package script '/ros2_ws/src/install/gz_ros2_control_demos/share/gz_ros2_control_demos/package.ps1'
[20.178s] INFO:colcon.colcon_core.shell:Creating package descriptor '/ros2_ws/src/install/gz_ros2_control_demos/share/gz_ros2_control_demos/package.dsv'
[20.178s] INFO:colcon.colcon_core.shell:Creating package script '/ros2_ws/src/install/gz_ros2_control_demos/share/gz_ros2_control_demos/package.sh'
[20.178s] INFO:colcon.colcon_core.shell:Creating package script '/ros2_ws/src/install/gz_ros2_control_demos/share/gz_ros2_control_demos/package.bash'
[20.178s] INFO:colcon.colcon_core.shell:Creating package script '/ros2_ws/src/install/gz_ros2_control_demos/share/gz_ros2_control_demos/package.zsh'
[20.179s] Level 1:colcon.colcon_core.environment:create_file_with_runtime_dependencies(/ros2_ws/src/install/gz_ros2_control_demos/share/colcon-core/packages/gz_ros2_control_demos)
[20.179s] Level 1:colcon.colcon_core.environment:create_environment_scripts_only(gz_ros2_control_demos)
[20.179s] Level 1:colcon.colcon_core.environment:checking '/ros2_ws/src/install/gz_ros2_control_demos' for CMake module files
[20.179s] Level 1:colcon.colcon_core.environment:checking '/ros2_ws/src/install/gz_ros2_control_demos' for CMake config files
[20.179s] Level 1:colcon.colcon_core.shell:create_environment_hook('gz_ros2_control_demos', 'cmake_prefix_path')
[20.180s] INFO:colcon.colcon_core.shell:Creating environment hook '/ros2_ws/src/install/gz_ros2_control_demos/share/gz_ros2_control_demos/hook/cmake_prefix_path.ps1'
[20.180s] INFO:colcon.colcon_core.shell:Creating environment descriptor '/ros2_ws/src/install/gz_ros2_control_demos/share/gz_ros2_control_demos/hook/cmake_prefix_path.dsv'
[20.180s] INFO:colcon.colcon_core.shell:Creating environment hook '/ros2_ws/src/install/gz_ros2_control_demos/share/gz_ros2_control_demos/hook/cmake_prefix_path.sh'
[20.181s] Level 1:colcon.colcon_core.environment:checking '/ros2_ws/src/install/gz_ros2_control_demos/lib'
[20.181s] Level 1:colcon.colcon_core.environment:checking '/ros2_ws/src/install/gz_ros2_control_demos/bin'
[20.181s] Level 1:colcon.colcon_core.environment:checking '/ros2_ws/src/install/gz_ros2_control_demos/lib/pkgconfig/gz_ros2_control_demos.pc'
[20.181s] Level 1:colcon.colcon_core.environment:checking '/ros2_ws/src/install/gz_ros2_control_demos/lib/python3.10/site-packages'
[20.181s] Level 1:colcon.colcon_core.environment:checking '/ros2_ws/src/install/gz_ros2_control_demos/bin'
[20.181s] INFO:colcon.colcon_core.shell:Creating package script '/ros2_ws/src/install/gz_ros2_control_demos/share/gz_ros2_control_demos/package.ps1'
[20.182s] INFO:colcon.colcon_core.shell:Creating package descriptor '/ros2_ws/src/install/gz_ros2_control_demos/share/gz_ros2_control_demos/package.dsv'
[20.183s] INFO:colcon.colcon_core.shell:Creating package script '/ros2_ws/src/install/gz_ros2_control_demos/share/gz_ros2_control_demos/package.sh'
[20.184s] INFO:colcon.colcon_core.shell:Creating package script '/ros2_ws/src/install/gz_ros2_control_demos/share/gz_ros2_control_demos/package.bash'
[20.185s] INFO:colcon.colcon_core.shell:Creating package script '/ros2_ws/src/install/gz_ros2_control_demos/share/gz_ros2_control_demos/package.zsh'
[20.185s] Level 1:colcon.colcon_core.environment:create_file_with_runtime_dependencies(/ros2_ws/src/install/gz_ros2_control_demos/share/colcon-core/packages/gz_ros2_control_demos)
[20.272s] DEBUG:colcon.colcon_core.event_handler.log_command:Invoked command in '/ros2_ws/src/build/gz_ros2_control_tests' returned '0': AMENT_PREFIX_PATH=/ros2_ws/src/install/gz_ros2_control:${AMENT_PREFIX_PATH} CMAKE_PREFIX_PATH=/ros2_ws/src/install/gz_ros2_control:/opt/ros/humble LD_LIBRARY_PATH=/ros2_ws/src/install/gz_ros2_control/lib:${LD_LIBRARY_PATH} /usr/bin/cmake --build /ros2_ws/src/build/gz_ros2_control_tests -- -j16 -l16
[20.274s] DEBUG:colcon.colcon_core.event_handler.log_command:Invoking command in '/ros2_ws/src/build/gz_ros2_control_tests': AMENT_PREFIX_PATH=/ros2_ws/src/install/gz_ros2_control:${AMENT_PREFIX_PATH} CMAKE_PREFIX_PATH=/ros2_ws/src/install/gz_ros2_control:/opt/ros/humble LD_LIBRARY_PATH=/ros2_ws/src/install/gz_ros2_control/lib:${LD_LIBRARY_PATH} /usr/bin/cmake --install /ros2_ws/src/build/gz_ros2_control_tests
[20.287s] Level 1:colcon.colcon_core.environment:create_environment_scripts_only(gz_ros2_control_tests)
[20.287s] Level 1:colcon.colcon_core.environment:checking '/ros2_ws/src/install/gz_ros2_control_tests' for CMake module files
[20.288s] DEBUG:colcon.colcon_core.event_handler.log_command:Invoked command in '/ros2_ws/src/build/gz_ros2_control_tests' returned '0': AMENT_PREFIX_PATH=/ros2_ws/src/install/gz_ros2_control:${AMENT_PREFIX_PATH} CMAKE_PREFIX_PATH=/ros2_ws/src/install/gz_ros2_control:/opt/ros/humble LD_LIBRARY_PATH=/ros2_ws/src/install/gz_ros2_control/lib:${LD_LIBRARY_PATH} /usr/bin/cmake --install /ros2_ws/src/build/gz_ros2_control_tests
[20.288s] Level 1:colcon.colcon_core.environment:checking '/ros2_ws/src/install/gz_ros2_control_tests' for CMake config files
[20.288s] Level 1:colcon.colcon_core.shell:create_environment_hook('gz_ros2_control_tests', 'cmake_prefix_path')
[20.288s] INFO:colcon.colcon_core.shell:Creating environment hook '/ros2_ws/src/install/gz_ros2_control_tests/share/gz_ros2_control_tests/hook/cmake_prefix_path.ps1'
[20.289s] INFO:colcon.colcon_core.shell:Creating environment descriptor '/ros2_ws/src/install/gz_ros2_control_tests/share/gz_ros2_control_tests/hook/cmake_prefix_path.dsv'
[20.290s] INFO:colcon.colcon_core.shell:Creating environment hook '/ros2_ws/src/install/gz_ros2_control_tests/share/gz_ros2_control_tests/hook/cmake_prefix_path.sh'
[20.290s] Level 1:colcon.colcon_core.environment:checking '/ros2_ws/src/install/gz_ros2_control_tests/lib'
[20.290s] Level 1:colcon.colcon_core.environment:checking '/ros2_ws/src/install/gz_ros2_control_tests/bin'
[20.290s] Level 1:colcon.colcon_core.environment:checking '/ros2_ws/src/install/gz_ros2_control_tests/lib/pkgconfig/gz_ros2_control_tests.pc'
[20.291s] Level 1:colcon.colcon_core.environment:checking '/ros2_ws/src/install/gz_ros2_control_tests/lib/python3.10/site-packages'
[20.291s] Level 1:colcon.colcon_core.environment:checking '/ros2_ws/src/install/gz_ros2_control_tests/bin'
[20.291s] INFO:colcon.colcon_core.shell:Creating package script '/ros2_ws/src/install/gz_ros2_control_tests/share/gz_ros2_control_tests/package.ps1'
[20.292s] INFO:colcon.colcon_core.shell:Creating package descriptor '/ros2_ws/src/install/gz_ros2_control_tests/share/gz_ros2_control_tests/package.dsv'
[20.292s] INFO:colcon.colcon_core.shell:Creating package script '/ros2_ws/src/install/gz_ros2_control_tests/share/gz_ros2_control_tests/package.sh'
[20.292s] INFO:colcon.colcon_core.shell:Creating package script '/ros2_ws/src/install/gz_ros2_control_tests/share/gz_ros2_control_tests/package.bash'
[20.293s] INFO:colcon.colcon_core.shell:Creating package script '/ros2_ws/src/install/gz_ros2_control_tests/share/gz_ros2_control_tests/package.zsh'
[20.293s] Level 1:colcon.colcon_core.environment:create_file_with_runtime_dependencies(/ros2_ws/src/install/gz_ros2_control_tests/share/colcon-core/packages/gz_ros2_control_tests)
[20.294s] Level 1:colcon.colcon_core.environment:create_environment_scripts_only(gz_ros2_control_tests)
[20.294s] Level 1:colcon.colcon_core.environment:checking '/ros2_ws/src/install/gz_ros2_control_tests' for CMake module files
[20.294s] Level 1:colcon.colcon_core.environment:checking '/ros2_ws/src/install/gz_ros2_control_tests' for CMake config files
[20.295s] Level 1:colcon.colcon_core.shell:create_environment_hook('gz_ros2_control_tests', 'cmake_prefix_path')
[20.295s] INFO:colcon.colcon_core.shell:Creating environment hook '/ros2_ws/src/install/gz_ros2_control_tests/share/gz_ros2_control_tests/hook/cmake_prefix_path.ps1'
[20.295s] INFO:colcon.colcon_core.shell:Creating environment descriptor '/ros2_ws/src/install/gz_ros2_control_tests/share/gz_ros2_control_tests/hook/cmake_prefix_path.dsv'
[20.296s] INFO:colcon.colcon_core.shell:Creating environment hook '/ros2_ws/src/install/gz_ros2_control_tests/share/gz_ros2_control_tests/hook/cmake_prefix_path.sh'
[20.296s] Level 1:colcon.colcon_core.environment:checking '/ros2_ws/src/install/gz_ros2_control_tests/lib'
[20.296s] Level 1:colcon.colcon_core.environment:checking '/ros2_ws/src/install/gz_ros2_control_tests/bin'
[20.296s] Level 1:colcon.colcon_core.environment:checking '/ros2_ws/src/install/gz_ros2_control_tests/lib/pkgconfig/gz_ros2_control_tests.pc'
[20.297s] Level 1:colcon.colcon_core.environment:checking '/ros2_ws/src/install/gz_ros2_control_tests/lib/python3.10/site-packages'
[20.297s] Level 1:colcon.colcon_core.environment:checking '/ros2_ws/src/install/gz_ros2_control_tests/bin'
[20.297s] INFO:colcon.colcon_core.shell:Creating package script '/ros2_ws/src/install/gz_ros2_control_tests/share/gz_ros2_control_tests/package.ps1'
[20.298s] INFO:colcon.colcon_core.shell:Creating package descriptor '/ros2_ws/src/install/gz_ros2_control_tests/share/gz_ros2_control_tests/package.dsv'
[20.298s] INFO:colcon.colcon_core.shell:Creating package script '/ros2_ws/src/install/gz_ros2_control_tests/share/gz_ros2_control_tests/package.sh'
[20.298s] INFO:colcon.colcon_core.shell:Creating package script '/ros2_ws/src/install/gz_ros2_control_tests/share/gz_ros2_control_tests/package.bash'
[20.299s] INFO:colcon.colcon_core.shell:Creating package script '/ros2_ws/src/install/gz_ros2_control_tests/share/gz_ros2_control_tests/package.zsh'
[20.299s] Level 1:colcon.colcon_core.environment:create_file_with_runtime_dependencies(/ros2_ws/src/install/gz_ros2_control_tests/share/colcon-core/packages/gz_ros2_control_tests)
[20.300s] DEBUG:colcon.colcon_parallel_executor.executor.parallel:closing loop
[20.300s] DEBUG:colcon.colcon_parallel_executor.executor.parallel:loop closed
[20.300s] DEBUG:colcon.colcon_parallel_executor.executor.parallel:run_until_complete finished with '0'
[20.300s] DEBUG:colcon.colcon_core.event_reactor:joining thread
[20.309s] INFO:colcon.colcon_core.plugin_system:Skipping extension 'colcon_notification.desktop_notification.notify_send': Could not find 'notify-send'
[20.309s] INFO:colcon.colcon_core.plugin_system:Skipping extension 'colcon_notification.desktop_notification.terminal_notifier': Not used on non-Darwin systems
[20.309s] INFO:colcon.colcon_core.plugin_system:Skipping extension 'colcon_notification.desktop_notification.win32': Not used on non-Windows systems
[20.309s] INFO:colcon.colcon_notification.desktop_notification:Sending desktop notification using 'notify2'
[20.314s] DEBUG:colcon.colcon_notification.desktop_notification.notify2:Failed to initialize notify2: org.freedesktop.DBus.Error.Spawn.ExecFailed: /usr/bin/dbus-launch terminated abnormally without any error message
[20.314s] DEBUG:colcon.colcon_core.event_reactor:joined thread
[20.315s] INFO:colcon.colcon_core.shell:Creating prefix script '/ros2_ws/src/install/local_setup.ps1'
[20.317s] INFO:colcon.colcon_core.shell:Creating prefix util module '/ros2_ws/src/install/_local_setup_util_ps1.py'
[20.320s] INFO:colcon.colcon_core.shell:Creating prefix chain script '/ros2_ws/src/install/setup.ps1'
[20.322s] INFO:colcon.colcon_core.shell:Creating prefix script '/ros2_ws/src/install/local_setup.sh'
[20.322s] INFO:colcon.colcon_core.shell:Creating prefix util module '/ros2_ws/src/install/_local_setup_util_sh.py'
[20.323s] INFO:colcon.colcon_core.shell:Creating prefix chain script '/ros2_ws/src/install/setup.sh'
[20.324s] INFO:colcon.colcon_core.shell:Creating prefix script '/ros2_ws/src/install/local_setup.bash'
[20.325s] INFO:colcon.colcon_core.shell:Creating prefix chain script '/ros2_ws/src/install/setup.bash'
[20.326s] INFO:colcon.colcon_core.shell:Creating prefix script '/ros2_ws/src/install/local_setup.zsh'
[20.326s] INFO:colcon.colcon_core.shell:Creating prefix chain script '/ros2_ws/src/install/setup.zsh'
