[0.082s] DEBUG:colcon:Command line arguments: ['/usr/bin/colcon', 'build', '--symlink-install']
[0.082s] DEBUG:colcon:Parsed command line arguments: Namespace(log_base=None, log_level=None, verb_name='build', build_base='build', install_base='install', merge_install=False, symlink_install=True, test_result_base=None, continue_on_error=False, executor='parallel', parallel_workers=16, event_handlers=None, ignore_user_meta=False, metas=['./colcon.meta'], base_paths=['.'], packages_ignore=None, packages_ignore_regex=None, paths=None, packages_up_to=None, packages_up_to_regex=None, packages_above=None, packages_above_and_dependencies=None, packages_above_depth=None, packages_select_by_dep=None, packages_skip_by_dep=None, packages_skip_up_to=None, packages_select_build_failed=False, packages_skip_build_finished=False, packages_select_test_failures=False, packages_skip_test_passed=False, packages_select=None, packages_skip=None, packages_select_regex=None, packages_skip_regex=None, packages_start=None, packages_end=None, cmake_args=None, cmake_target=None, cmake_target_skip_unavailable=False, cmake_clean_cache=False, cmake_clean_first=False, cmake_force_configure=False, ament_cmake_args=None, catkin_cmake_args=None, catkin_skip_building_tests=False, mixin_files=None, mixin=None, verb_parser=<colcon_mixin.mixin.mixin_argument.MixinArgumentDecorator object at 0x799a27cf0130>, verb_extension=<colcon_core.verb.build.BuildVerb object at 0x799a27e70730>, main=<bound method BuildVerb.main of <colcon_core.verb.build.BuildVerb object at 0x799a27e70730>>, mixin_verb=('build',))
[0.160s] Level 1:colcon.colcon_core.package_discovery:discover_packages(colcon_meta) check parameters
[0.160s] Level 1:colcon.colcon_core.package_discovery:discover_packages(recursive) check parameters
[0.160s] Level 1:colcon.colcon_core.package_discovery:discover_packages(ignore) check parameters
[0.160s] Level 1:colcon.colcon_core.package_discovery:discover_packages(path) check parameters
[0.160s] Level 1:colcon.colcon_core.package_discovery:discover_packages(colcon_meta) discover
[0.160s] Level 1:colcon.colcon_core.package_discovery:discover_packages(recursive) discover
[0.160s] INFO:colcon.colcon_core.package_discovery:Crawling recursively for packages in '/ros2_ws/src'
[0.160s] Level 1:colcon.colcon_core.package_identification:_identify(.) by extensions ['ignore', 'ignore_ament_install']
[0.160s] Level 1:colcon.colcon_core.package_identification:_identify(.) by extension 'ignore'
[0.160s] Level 1:colcon.colcon_core.package_identification:_identify(.) by extension 'ignore_ament_install'
[0.161s] Level 1:colcon.colcon_core.package_identification:_identify(.) by extensions ['colcon_pkg']
[0.161s] Level 1:colcon.colcon_core.package_identification:_identify(.) by extension 'colcon_pkg'
[0.161s] Level 1:colcon.colcon_core.package_identification:_identify(.) by extensions ['colcon_meta']
[0.161s] Level 1:colcon.colcon_core.package_identification:_identify(.) by extension 'colcon_meta'
[0.161s] Level 1:colcon.colcon_core.package_identification:_identify(.) by extensions ['ros']
[0.161s] Level 1:colcon.colcon_core.package_identification:_identify(.) by extension 'ros'
[0.168s] Level 1:colcon.colcon_core.package_identification:_identify(.) by extensions ['cmake', 'python']
[0.168s] Level 1:colcon.colcon_core.package_identification:_identify(.) by extension 'cmake'
[0.168s] Level 1:colcon.colcon_core.package_identification:_identify(.) by extension 'python'
[0.168s] Level 1:colcon.colcon_core.package_identification:_identify(.) by extensions ['python_setup_py']
[0.168s] Level 1:colcon.colcon_core.package_identification:_identify(.) by extension 'python_setup_py'
[0.168s] Level 1:colcon.colcon_core.package_identification:_identify(biped) by extensions ['ignore', 'ignore_ament_install']
[0.168s] Level 1:colcon.colcon_core.package_identification:_identify(biped) by extension 'ignore'
[0.168s] Level 1:colcon.colcon_core.package_identification:_identify(biped) by extension 'ignore_ament_install'
[0.168s] Level 1:colcon.colcon_core.package_identification:_identify(biped) by extensions ['colcon_pkg']
[0.168s] Level 1:colcon.colcon_core.package_identification:_identify(biped) by extension 'colcon_pkg'
[0.168s] Level 1:colcon.colcon_core.package_identification:_identify(biped) by extensions ['colcon_meta']
[0.168s] Level 1:colcon.colcon_core.package_identification:_identify(biped) by extension 'colcon_meta'
[0.168s] Level 1:colcon.colcon_core.package_identification:_identify(biped) by extensions ['ros']
[0.168s] Level 1:colcon.colcon_core.package_identification:_identify(biped) by extension 'ros'
[0.170s] DEBUG:colcon.colcon_core.package_identification:Package 'biped' with type 'ros.ament_cmake' and name 'biped'
[0.170s] Level 1:colcon.colcon_core.package_identification:_identify(build) by extensions ['ignore', 'ignore_ament_install']
[0.170s] Level 1:colcon.colcon_core.package_identification:_identify(build) by extension 'ignore'
[0.170s] Level 1:colcon.colcon_core.package_identification:_identify(build) ignored
[0.170s] Level 1:colcon.colcon_core.package_identification:_identify(dep_repos) by extensions ['ignore', 'ignore_ament_install']
[0.170s] Level 1:colcon.colcon_core.package_identification:_identify(dep_repos) by extension 'ignore'
[0.170s] Level 1:colcon.colcon_core.package_identification:_identify(dep_repos) by extension 'ignore_ament_install'
[0.170s] Level 1:colcon.colcon_core.package_identification:_identify(dep_repos) by extensions ['colcon_pkg']
[0.170s] Level 1:colcon.colcon_core.package_identification:_identify(dep_repos) by extension 'colcon_pkg'
[0.170s] Level 1:colcon.colcon_core.package_identification:_identify(dep_repos) by extensions ['colcon_meta']
[0.170s] Level 1:colcon.colcon_core.package_identification:_identify(dep_repos) by extension 'colcon_meta'
[0.170s] Level 1:colcon.colcon_core.package_identification:_identify(dep_repos) by extensions ['ros']
[0.170s] Level 1:colcon.colcon_core.package_identification:_identify(dep_repos) by extension 'ros'
[0.170s] Level 1:colcon.colcon_core.package_identification:_identify(dep_repos) by extensions ['cmake', 'python']
[0.170s] Level 1:colcon.colcon_core.package_identification:_identify(dep_repos) by extension 'cmake'
[0.170s] Level 1:colcon.colcon_core.package_identification:_identify(dep_repos) by extension 'python'
[0.170s] Level 1:colcon.colcon_core.package_identification:_identify(dep_repos) by extensions ['python_setup_py']
[0.170s] Level 1:colcon.colcon_core.package_identification:_identify(dep_repos) by extension 'python_setup_py'
[0.171s] Level 1:colcon.colcon_core.package_identification:_identify(gz_ros2_control) by extensions ['ignore', 'ignore_ament_install']
[0.171s] Level 1:colcon.colcon_core.package_identification:_identify(gz_ros2_control) by extension 'ignore'
[0.171s] Level 1:colcon.colcon_core.package_identification:_identify(gz_ros2_control) by extension 'ignore_ament_install'
[0.171s] Level 1:colcon.colcon_core.package_identification:_identify(gz_ros2_control) by extensions ['colcon_pkg']
[0.171s] Level 1:colcon.colcon_core.package_identification:_identify(gz_ros2_control) by extension 'colcon_pkg'
[0.171s] Level 1:colcon.colcon_core.package_identification:_identify(gz_ros2_control) by extensions ['colcon_meta']
[0.171s] Level 1:colcon.colcon_core.package_identification:_identify(gz_ros2_control) by extension 'colcon_meta'
[0.171s] Level 1:colcon.colcon_core.package_identification:_identify(gz_ros2_control) by extensions ['ros']
[0.171s] Level 1:colcon.colcon_core.package_identification:_identify(gz_ros2_control) by extension 'ros'
[0.171s] Level 1:colcon.colcon_core.package_identification:_identify(gz_ros2_control) by extensions ['cmake', 'python']
[0.171s] Level 1:colcon.colcon_core.package_identification:_identify(gz_ros2_control) by extension 'cmake'
[0.171s] Level 1:colcon.colcon_core.package_identification:_identify(gz_ros2_control) by extension 'python'
[0.171s] Level 1:colcon.colcon_core.package_identification:_identify(gz_ros2_control) by extensions ['python_setup_py']
[0.171s] Level 1:colcon.colcon_core.package_identification:_identify(gz_ros2_control) by extension 'python_setup_py'
[0.171s] Level 1:colcon.colcon_core.package_identification:_identify(gz_ros2_control/Dockerfile) by extensions ['ignore', 'ignore_ament_install']
[0.171s] Level 1:colcon.colcon_core.package_identification:_identify(gz_ros2_control/Dockerfile) by extension 'ignore'
[0.171s] Level 1:colcon.colcon_core.package_identification:_identify(gz_ros2_control/Dockerfile) by extension 'ignore_ament_install'
[0.171s] Level 1:colcon.colcon_core.package_identification:_identify(gz_ros2_control/Dockerfile) by extensions ['colcon_pkg']
[0.171s] Level 1:colcon.colcon_core.package_identification:_identify(gz_ros2_control/Dockerfile) by extension 'colcon_pkg'
[0.171s] Level 1:colcon.colcon_core.package_identification:_identify(gz_ros2_control/Dockerfile) by extensions ['colcon_meta']
[0.171s] Level 1:colcon.colcon_core.package_identification:_identify(gz_ros2_control/Dockerfile) by extension 'colcon_meta'
[0.171s] Level 1:colcon.colcon_core.package_identification:_identify(gz_ros2_control/Dockerfile) by extensions ['ros']
[0.171s] Level 1:colcon.colcon_core.package_identification:_identify(gz_ros2_control/Dockerfile) by extension 'ros'
[0.171s] Level 1:colcon.colcon_core.package_identification:_identify(gz_ros2_control/Dockerfile) by extensions ['cmake', 'python']
[0.171s] Level 1:colcon.colcon_core.package_identification:_identify(gz_ros2_control/Dockerfile) by extension 'cmake'
[0.171s] Level 1:colcon.colcon_core.package_identification:_identify(gz_ros2_control/Dockerfile) by extension 'python'
[0.171s] Level 1:colcon.colcon_core.package_identification:_identify(gz_ros2_control/Dockerfile) by extensions ['python_setup_py']
[0.171s] Level 1:colcon.colcon_core.package_identification:_identify(gz_ros2_control/Dockerfile) by extension 'python_setup_py'
[0.171s] Level 1:colcon.colcon_core.package_identification:_identify(gz_ros2_control/doc) by extensions ['ignore', 'ignore_ament_install']
[0.171s] Level 1:colcon.colcon_core.package_identification:_identify(gz_ros2_control/doc) by extension 'ignore'
[0.171s] Level 1:colcon.colcon_core.package_identification:_identify(gz_ros2_control/doc) by extension 'ignore_ament_install'
[0.171s] Level 1:colcon.colcon_core.package_identification:_identify(gz_ros2_control/doc) by extensions ['colcon_pkg']
[0.171s] Level 1:colcon.colcon_core.package_identification:_identify(gz_ros2_control/doc) by extension 'colcon_pkg'
[0.171s] Level 1:colcon.colcon_core.package_identification:_identify(gz_ros2_control/doc) by extensions ['colcon_meta']
[0.171s] Level 1:colcon.colcon_core.package_identification:_identify(gz_ros2_control/doc) by extension 'colcon_meta'
[0.171s] Level 1:colcon.colcon_core.package_identification:_identify(gz_ros2_control/doc) by extensions ['ros']
[0.171s] Level 1:colcon.colcon_core.package_identification:_identify(gz_ros2_control/doc) by extension 'ros'
[0.171s] Level 1:colcon.colcon_core.package_identification:_identify(gz_ros2_control/doc) by extensions ['cmake', 'python']
[0.171s] Level 1:colcon.colcon_core.package_identification:_identify(gz_ros2_control/doc) by extension 'cmake'
[0.171s] Level 1:colcon.colcon_core.package_identification:_identify(gz_ros2_control/doc) by extension 'python'
[0.171s] Level 1:colcon.colcon_core.package_identification:_identify(gz_ros2_control/doc) by extensions ['python_setup_py']
[0.171s] Level 1:colcon.colcon_core.package_identification:_identify(gz_ros2_control/doc) by extension 'python_setup_py'
[0.171s] Level 1:colcon.colcon_core.package_identification:_identify(gz_ros2_control/doc/img) by extensions ['ignore', 'ignore_ament_install']
[0.171s] Level 1:colcon.colcon_core.package_identification:_identify(gz_ros2_control/doc/img) by extension 'ignore'
[0.171s] Level 1:colcon.colcon_core.package_identification:_identify(gz_ros2_control/doc/img) by extension 'ignore_ament_install'
[0.171s] Level 1:colcon.colcon_core.package_identification:_identify(gz_ros2_control/doc/img) by extensions ['colcon_pkg']
[0.171s] Level 1:colcon.colcon_core.package_identification:_identify(gz_ros2_control/doc/img) by extension 'colcon_pkg'
[0.171s] Level 1:colcon.colcon_core.package_identification:_identify(gz_ros2_control/doc/img) by extensions ['colcon_meta']
[0.171s] Level 1:colcon.colcon_core.package_identification:_identify(gz_ros2_control/doc/img) by extension 'colcon_meta'
[0.171s] Level 1:colcon.colcon_core.package_identification:_identify(gz_ros2_control/doc/img) by extensions ['ros']
[0.171s] Level 1:colcon.colcon_core.package_identification:_identify(gz_ros2_control/doc/img) by extension 'ros'
[0.172s] Level 1:colcon.colcon_core.package_identification:_identify(gz_ros2_control/doc/img) by extensions ['cmake', 'python']
[0.172s] Level 1:colcon.colcon_core.package_identification:_identify(gz_ros2_control/doc/img) by extension 'cmake'
[0.172s] Level 1:colcon.colcon_core.package_identification:_identify(gz_ros2_control/doc/img) by extension 'python'
[0.172s] Level 1:colcon.colcon_core.package_identification:_identify(gz_ros2_control/doc/img) by extensions ['python_setup_py']
[0.172s] Level 1:colcon.colcon_core.package_identification:_identify(gz_ros2_control/doc/img) by extension 'python_setup_py'
[0.172s] Level 1:colcon.colcon_core.package_identification:_identify(gz_ros2_control/gz_ros2_control) by extensions ['ignore', 'ignore_ament_install']
[0.172s] Level 1:colcon.colcon_core.package_identification:_identify(gz_ros2_control/gz_ros2_control) by extension 'ignore'
[0.172s] Level 1:colcon.colcon_core.package_identification:_identify(gz_ros2_control/gz_ros2_control) by extension 'ignore_ament_install'
[0.172s] Level 1:colcon.colcon_core.package_identification:_identify(gz_ros2_control/gz_ros2_control) by extensions ['colcon_pkg']
[0.172s] Level 1:colcon.colcon_core.package_identification:_identify(gz_ros2_control/gz_ros2_control) by extension 'colcon_pkg'
[0.172s] Level 1:colcon.colcon_core.package_identification:_identify(gz_ros2_control/gz_ros2_control) by extensions ['colcon_meta']
[0.172s] Level 1:colcon.colcon_core.package_identification:_identify(gz_ros2_control/gz_ros2_control) by extension 'colcon_meta'
[0.172s] Level 1:colcon.colcon_core.package_identification:_identify(gz_ros2_control/gz_ros2_control) by extensions ['ros']
[0.172s] Level 1:colcon.colcon_core.package_identification:_identify(gz_ros2_control/gz_ros2_control) by extension 'ros'
[0.176s] DEBUG:colcon.colcon_core.package_identification:Package 'gz_ros2_control/gz_ros2_control' with type 'ros.ament_cmake' and name 'gz_ros2_control'
[0.176s] Level 1:colcon.colcon_core.package_identification:_identify(gz_ros2_control/gz_ros2_control_demos) by extensions ['ignore', 'ignore_ament_install']
[0.176s] Level 1:colcon.colcon_core.package_identification:_identify(gz_ros2_control/gz_ros2_control_demos) by extension 'ignore'
[0.176s] Level 1:colcon.colcon_core.package_identification:_identify(gz_ros2_control/gz_ros2_control_demos) by extension 'ignore_ament_install'
[0.176s] Level 1:colcon.colcon_core.package_identification:_identify(gz_ros2_control/gz_ros2_control_demos) by extensions ['colcon_pkg']
[0.176s] Level 1:colcon.colcon_core.package_identification:_identify(gz_ros2_control/gz_ros2_control_demos) by extension 'colcon_pkg'
[0.176s] Level 1:colcon.colcon_core.package_identification:_identify(gz_ros2_control/gz_ros2_control_demos) by extensions ['colcon_meta']
[0.176s] Level 1:colcon.colcon_core.package_identification:_identify(gz_ros2_control/gz_ros2_control_demos) by extension 'colcon_meta'
[0.176s] Level 1:colcon.colcon_core.package_identification:_identify(gz_ros2_control/gz_ros2_control_demos) by extensions ['ros']
[0.176s] Level 1:colcon.colcon_core.package_identification:_identify(gz_ros2_control/gz_ros2_control_demos) by extension 'ros'
[0.177s] DEBUG:colcon.colcon_core.package_identification:Package 'gz_ros2_control/gz_ros2_control_demos' with type 'ros.ament_cmake' and name 'gz_ros2_control_demos'
[0.177s] Level 1:colcon.colcon_core.package_identification:_identify(gz_ros2_control/gz_ros2_control_tests) by extensions ['ignore', 'ignore_ament_install']
[0.177s] Level 1:colcon.colcon_core.package_identification:_identify(gz_ros2_control/gz_ros2_control_tests) by extension 'ignore'
[0.177s] Level 1:colcon.colcon_core.package_identification:_identify(gz_ros2_control/gz_ros2_control_tests) by extension 'ignore_ament_install'
[0.177s] Level 1:colcon.colcon_core.package_identification:_identify(gz_ros2_control/gz_ros2_control_tests) by extensions ['colcon_pkg']
[0.177s] Level 1:colcon.colcon_core.package_identification:_identify(gz_ros2_control/gz_ros2_control_tests) by extension 'colcon_pkg'
[0.177s] Level 1:colcon.colcon_core.package_identification:_identify(gz_ros2_control/gz_ros2_control_tests) by extensions ['colcon_meta']
[0.177s] Level 1:colcon.colcon_core.package_identification:_identify(gz_ros2_control/gz_ros2_control_tests) by extension 'colcon_meta'
[0.177s] Level 1:colcon.colcon_core.package_identification:_identify(gz_ros2_control/gz_ros2_control_tests) by extensions ['ros']
[0.177s] Level 1:colcon.colcon_core.package_identification:_identify(gz_ros2_control/gz_ros2_control_tests) by extension 'ros'
[0.179s] DEBUG:colcon.colcon_core.package_identification:Package 'gz_ros2_control/gz_ros2_control_tests' with type 'ros.ament_cmake' and name 'gz_ros2_control_tests'
[0.179s] Level 1:colcon.colcon_core.package_identification:_identify(install) by extensions ['ignore', 'ignore_ament_install']
[0.179s] Level 1:colcon.colcon_core.package_identification:_identify(install) by extension 'ignore'
[0.179s] Level 1:colcon.colcon_core.package_identification:_identify(install) ignored
[0.179s] Level 1:colcon.colcon_core.package_identification:_identify(log) by extensions ['ignore', 'ignore_ament_install']
[0.179s] Level 1:colcon.colcon_core.package_identification:_identify(log) by extension 'ignore'
[0.179s] Level 1:colcon.colcon_core.package_identification:_identify(log) ignored
[0.179s] Level 1:colcon.colcon_core.package_discovery:discover_packages(recursive) using defaults
[0.179s] Level 1:colcon.colcon_core.package_discovery:discover_packages(ignore) discover
[0.179s] Level 1:colcon.colcon_core.package_discovery:discover_packages(ignore) using defaults
[0.179s] Level 1:colcon.colcon_core.package_discovery:discover_packages(path) discover
[0.179s] Level 1:colcon.colcon_core.package_discovery:discover_packages(path) using defaults
[0.197s] Level 5:colcon.colcon_core.verb:set package 'gz_ros2_control' build argument 'cmake_args' from command line to 'None'
[0.197s] Level 5:colcon.colcon_core.verb:set package 'gz_ros2_control' build argument 'cmake_target' from command line to 'None'
[0.197s] Level 5:colcon.colcon_core.verb:set package 'gz_ros2_control' build argument 'cmake_target_skip_unavailable' from command line to 'False'
[0.197s] Level 5:colcon.colcon_core.verb:set package 'gz_ros2_control' build argument 'cmake_clean_cache' from command line to 'False'
[0.197s] Level 5:colcon.colcon_core.verb:set package 'gz_ros2_control' build argument 'cmake_clean_first' from command line to 'False'
[0.197s] Level 5:colcon.colcon_core.verb:set package 'gz_ros2_control' build argument 'cmake_force_configure' from command line to 'False'
[0.197s] Level 5:colcon.colcon_core.verb:set package 'gz_ros2_control' build argument 'ament_cmake_args' from command line to 'None'
[0.197s] Level 5:colcon.colcon_core.verb:set package 'gz_ros2_control' build argument 'catkin_cmake_args' from command line to 'None'
[0.197s] Level 5:colcon.colcon_core.verb:set package 'gz_ros2_control' build argument 'catkin_skip_building_tests' from command line to 'False'
[0.197s] DEBUG:colcon.colcon_core.verb:Building package 'gz_ros2_control' with the following arguments: {'ament_cmake_args': None, 'build_base': '/ros2_ws/src/build/gz_ros2_control', 'catkin_cmake_args': None, 'catkin_skip_building_tests': False, 'cmake_args': None, 'cmake_clean_cache': False, 'cmake_clean_first': False, 'cmake_force_configure': False, 'cmake_target': None, 'cmake_target_skip_unavailable': False, 'install_base': '/ros2_ws/src/install/gz_ros2_control', 'merge_install': False, 'path': '/ros2_ws/src/gz_ros2_control/gz_ros2_control', 'symlink_install': True, 'test_result_base': None}
[0.197s] Level 5:colcon.colcon_core.verb:set package 'biped' build argument 'cmake_args' from command line to 'None'
[0.197s] Level 5:colcon.colcon_core.verb:set package 'biped' build argument 'cmake_target' from command line to 'None'
[0.197s] Level 5:colcon.colcon_core.verb:set package 'biped' build argument 'cmake_target_skip_unavailable' from command line to 'False'
[0.197s] Level 5:colcon.colcon_core.verb:set package 'biped' build argument 'cmake_clean_cache' from command line to 'False'
[0.197s] Level 5:colcon.colcon_core.verb:set package 'biped' build argument 'cmake_clean_first' from command line to 'False'
[0.197s] Level 5:colcon.colcon_core.verb:set package 'biped' build argument 'cmake_force_configure' from command line to 'False'
[0.197s] Level 5:colcon.colcon_core.verb:set package 'biped' build argument 'ament_cmake_args' from command line to 'None'
[0.197s] Level 5:colcon.colcon_core.verb:set package 'biped' build argument 'catkin_cmake_args' from command line to 'None'
[0.197s] Level 5:colcon.colcon_core.verb:set package 'biped' build argument 'catkin_skip_building_tests' from command line to 'False'
[0.197s] DEBUG:colcon.colcon_core.verb:Building package 'biped' with the following arguments: {'ament_cmake_args': None, 'build_base': '/ros2_ws/src/build/biped', 'catkin_cmake_args': None, 'catkin_skip_building_tests': False, 'cmake_args': None, 'cmake_clean_cache': False, 'cmake_clean_first': False, 'cmake_force_configure': False, 'cmake_target': None, 'cmake_target_skip_unavailable': False, 'install_base': '/ros2_ws/src/install/biped', 'merge_install': False, 'path': '/ros2_ws/src/biped', 'symlink_install': True, 'test_result_base': None}
[0.198s] Level 5:colcon.colcon_core.verb:set package 'gz_ros2_control_demos' build argument 'cmake_args' from command line to 'None'
[0.198s] Level 5:colcon.colcon_core.verb:set package 'gz_ros2_control_demos' build argument 'cmake_target' from command line to 'None'
[0.198s] Level 5:colcon.colcon_core.verb:set package 'gz_ros2_control_demos' build argument 'cmake_target_skip_unavailable' from command line to 'False'
[0.198s] Level 5:colcon.colcon_core.verb:set package 'gz_ros2_control_demos' build argument 'cmake_clean_cache' from command line to 'False'
[0.198s] Level 5:colcon.colcon_core.verb:set package 'gz_ros2_control_demos' build argument 'cmake_clean_first' from command line to 'False'
[0.198s] Level 5:colcon.colcon_core.verb:set package 'gz_ros2_control_demos' build argument 'cmake_force_configure' from command line to 'False'
[0.198s] Level 5:colcon.colcon_core.verb:set package 'gz_ros2_control_demos' build argument 'ament_cmake_args' from command line to 'None'
[0.198s] Level 5:colcon.colcon_core.verb:set package 'gz_ros2_control_demos' build argument 'catkin_cmake_args' from command line to 'None'
[0.198s] Level 5:colcon.colcon_core.verb:set package 'gz_ros2_control_demos' build argument 'catkin_skip_building_tests' from command line to 'False'
[0.198s] DEBUG:colcon.colcon_core.verb:Building package 'gz_ros2_control_demos' with the following arguments: {'ament_cmake_args': None, 'build_base': '/ros2_ws/src/build/gz_ros2_control_demos', 'catkin_cmake_args': None, 'catkin_skip_building_tests': False, 'cmake_args': None, 'cmake_clean_cache': False, 'cmake_clean_first': False, 'cmake_force_configure': False, 'cmake_target': None, 'cmake_target_skip_unavailable': False, 'install_base': '/ros2_ws/src/install/gz_ros2_control_demos', 'merge_install': False, 'path': '/ros2_ws/src/gz_ros2_control/gz_ros2_control_demos', 'symlink_install': True, 'test_result_base': None}
[0.198s] Level 5:colcon.colcon_core.verb:set package 'gz_ros2_control_tests' build argument 'cmake_args' from command line to 'None'
[0.198s] Level 5:colcon.colcon_core.verb:set package 'gz_ros2_control_tests' build argument 'cmake_target' from command line to 'None'
[0.198s] Level 5:colcon.colcon_core.verb:set package 'gz_ros2_control_tests' build argument 'cmake_target_skip_unavailable' from command line to 'False'
[0.198s] Level 5:colcon.colcon_core.verb:set package 'gz_ros2_control_tests' build argument 'cmake_clean_cache' from command line to 'False'
[0.198s] Level 5:colcon.colcon_core.verb:set package 'gz_ros2_control_tests' build argument 'cmake_clean_first' from command line to 'False'
[0.198s] Level 5:colcon.colcon_core.verb:set package 'gz_ros2_control_tests' build argument 'cmake_force_configure' from command line to 'False'
[0.198s] Level 5:colcon.colcon_core.verb:set package 'gz_ros2_control_tests' build argument 'ament_cmake_args' from command line to 'None'
[0.198s] Level 5:colcon.colcon_core.verb:set package 'gz_ros2_control_tests' build argument 'catkin_cmake_args' from command line to 'None'
[0.198s] Level 5:colcon.colcon_core.verb:set package 'gz_ros2_control_tests' build argument 'catkin_skip_building_tests' from command line to 'False'
[0.198s] DEBUG:colcon.colcon_core.verb:Building package 'gz_ros2_control_tests' with the following arguments: {'ament_cmake_args': None, 'build_base': '/ros2_ws/src/build/gz_ros2_control_tests', 'catkin_cmake_args': None, 'catkin_skip_building_tests': False, 'cmake_args': None, 'cmake_clean_cache': False, 'cmake_clean_first': False, 'cmake_force_configure': False, 'cmake_target': None, 'cmake_target_skip_unavailable': False, 'install_base': '/ros2_ws/src/install/gz_ros2_control_tests', 'merge_install': False, 'path': '/ros2_ws/src/gz_ros2_control/gz_ros2_control_tests', 'symlink_install': True, 'test_result_base': None}
[0.198s] INFO:colcon.colcon_core.executor:Executing jobs using 'parallel' executor
[0.199s] DEBUG:colcon.colcon_parallel_executor.executor.parallel:run_until_complete
[0.199s] INFO:colcon.colcon_ros.task.ament_cmake.build:Building ROS package in '/ros2_ws/src/gz_ros2_control/gz_ros2_control' with build type 'ament_cmake'
[0.199s] INFO:colcon.colcon_cmake.task.cmake.build:Building CMake package in '/ros2_ws/src/gz_ros2_control/gz_ros2_control'
[0.201s] INFO:colcon.colcon_core.plugin_system:Skipping extension 'colcon_core.shell.bat': Not used on non-Windows systems
[0.201s] INFO:colcon.colcon_core.shell:Skip shell extension 'powershell' for command environment: Not usable outside of PowerShell
[0.201s] DEBUG:colcon.colcon_core.shell:Skip shell extension 'dsv' for command environment
[0.212s] DEBUG:colcon.colcon_core.event_handler.log_command:Invoking command in '/ros2_ws/src/build/gz_ros2_control': CMAKE_PREFIX_PATH=${CMAKE_PREFIX_PATH}:/opt/ros/humble /usr/bin/cmake --build /ros2_ws/src/build/gz_ros2_control -- -j16 -l16
[0.336s] DEBUG:colcon.colcon_core.event_handler.log_command:Invoked command in '/ros2_ws/src/build/gz_ros2_control' returned '0': CMAKE_PREFIX_PATH=${CMAKE_PREFIX_PATH}:/opt/ros/humble /usr/bin/cmake --build /ros2_ws/src/build/gz_ros2_control -- -j16 -l16
[0.345s] DEBUG:colcon.colcon_core.event_handler.log_command:Invoking command in '/ros2_ws/src/build/gz_ros2_control': CMAKE_PREFIX_PATH=${CMAKE_PREFIX_PATH}:/opt/ros/humble /usr/bin/cmake --install /ros2_ws/src/build/gz_ros2_control
[0.363s] Level 1:colcon.colcon_core.environment:create_environment_scripts_only(gz_ros2_control)
[0.363s] DEBUG:colcon.colcon_core.event_handler.log_command:Invoked command in '/ros2_ws/src/build/gz_ros2_control' returned '0': CMAKE_PREFIX_PATH=${CMAKE_PREFIX_PATH}:/opt/ros/humble /usr/bin/cmake --install /ros2_ws/src/build/gz_ros2_control
[0.366s] Level 1:colcon.colcon_core.environment:checking '/ros2_ws/src/install/gz_ros2_control' for CMake module files
[0.366s] Level 1:colcon.colcon_core.environment:checking '/ros2_ws/src/install/gz_ros2_control' for CMake config files
[0.366s] Level 1:colcon.colcon_core.shell:create_environment_hook('gz_ros2_control', 'cmake_prefix_path')
[0.366s] INFO:colcon.colcon_core.shell:Creating environment hook '/ros2_ws/src/install/gz_ros2_control/share/gz_ros2_control/hook/cmake_prefix_path.ps1'
[0.367s] INFO:colcon.colcon_core.shell:Creating environment descriptor '/ros2_ws/src/install/gz_ros2_control/share/gz_ros2_control/hook/cmake_prefix_path.dsv'
[0.367s] INFO:colcon.colcon_core.shell:Creating environment hook '/ros2_ws/src/install/gz_ros2_control/share/gz_ros2_control/hook/cmake_prefix_path.sh'
[0.368s] Level 1:colcon.colcon_core.environment:checking '/ros2_ws/src/install/gz_ros2_control/lib'
[0.368s] Level 1:colcon.colcon_core.shell:create_environment_hook('gz_ros2_control', 'ld_library_path_lib')
[0.368s] INFO:colcon.colcon_core.shell:Creating environment hook '/ros2_ws/src/install/gz_ros2_control/share/gz_ros2_control/hook/ld_library_path_lib.ps1'
[0.369s] INFO:colcon.colcon_core.shell:Creating environment descriptor '/ros2_ws/src/install/gz_ros2_control/share/gz_ros2_control/hook/ld_library_path_lib.dsv'
[0.369s] INFO:colcon.colcon_core.shell:Creating environment hook '/ros2_ws/src/install/gz_ros2_control/share/gz_ros2_control/hook/ld_library_path_lib.sh'
[0.369s] Level 1:colcon.colcon_core.environment:checking '/ros2_ws/src/install/gz_ros2_control/bin'
[0.369s] Level 1:colcon.colcon_core.environment:checking '/ros2_ws/src/install/gz_ros2_control/lib/pkgconfig/gz_ros2_control.pc'
[0.370s] Level 1:colcon.colcon_core.environment:checking '/ros2_ws/src/install/gz_ros2_control/lib/python3.10/site-packages'
[0.370s] Level 1:colcon.colcon_core.environment:checking '/ros2_ws/src/install/gz_ros2_control/bin'
[0.370s] INFO:colcon.colcon_core.shell:Creating package script '/ros2_ws/src/install/gz_ros2_control/share/gz_ros2_control/package.ps1'
[0.371s] INFO:colcon.colcon_core.shell:Creating package descriptor '/ros2_ws/src/install/gz_ros2_control/share/gz_ros2_control/package.dsv'
[0.372s] INFO:colcon.colcon_core.shell:Creating package script '/ros2_ws/src/install/gz_ros2_control/share/gz_ros2_control/package.sh'
[0.372s] INFO:colcon.colcon_core.shell:Creating package script '/ros2_ws/src/install/gz_ros2_control/share/gz_ros2_control/package.bash'
[0.373s] INFO:colcon.colcon_core.shell:Creating package script '/ros2_ws/src/install/gz_ros2_control/share/gz_ros2_control/package.zsh'
[0.373s] Level 1:colcon.colcon_core.environment:create_file_with_runtime_dependencies(/ros2_ws/src/install/gz_ros2_control/share/colcon-core/packages/gz_ros2_control)
[0.374s] Level 1:colcon.colcon_core.environment:create_environment_scripts_only(gz_ros2_control)
[0.374s] Level 1:colcon.colcon_core.environment:checking '/ros2_ws/src/install/gz_ros2_control' for CMake module files
[0.374s] Level 1:colcon.colcon_core.environment:checking '/ros2_ws/src/install/gz_ros2_control' for CMake config files
[0.374s] Level 1:colcon.colcon_core.shell:create_environment_hook('gz_ros2_control', 'cmake_prefix_path')
[0.374s] INFO:colcon.colcon_core.shell:Creating environment hook '/ros2_ws/src/install/gz_ros2_control/share/gz_ros2_control/hook/cmake_prefix_path.ps1'
[0.375s] INFO:colcon.colcon_core.shell:Creating environment descriptor '/ros2_ws/src/install/gz_ros2_control/share/gz_ros2_control/hook/cmake_prefix_path.dsv'
[0.375s] INFO:colcon.colcon_core.shell:Creating environment hook '/ros2_ws/src/install/gz_ros2_control/share/gz_ros2_control/hook/cmake_prefix_path.sh'
[0.375s] Level 1:colcon.colcon_core.environment:checking '/ros2_ws/src/install/gz_ros2_control/lib'
[0.375s] Level 1:colcon.colcon_core.shell:create_environment_hook('gz_ros2_control', 'ld_library_path_lib')
[0.375s] INFO:colcon.colcon_core.shell:Creating environment hook '/ros2_ws/src/install/gz_ros2_control/share/gz_ros2_control/hook/ld_library_path_lib.ps1'
[0.375s] INFO:colcon.colcon_core.shell:Creating environment descriptor '/ros2_ws/src/install/gz_ros2_control/share/gz_ros2_control/hook/ld_library_path_lib.dsv'
[0.376s] INFO:colcon.colcon_core.shell:Creating environment hook '/ros2_ws/src/install/gz_ros2_control/share/gz_ros2_control/hook/ld_library_path_lib.sh'
[0.376s] Level 1:colcon.colcon_core.environment:checking '/ros2_ws/src/install/gz_ros2_control/bin'
[0.376s] Level 1:colcon.colcon_core.environment:checking '/ros2_ws/src/install/gz_ros2_control/lib/pkgconfig/gz_ros2_control.pc'
[0.376s] Level 1:colcon.colcon_core.environment:checking '/ros2_ws/src/install/gz_ros2_control/lib/python3.10/site-packages'
[0.376s] Level 1:colcon.colcon_core.environment:checking '/ros2_ws/src/install/gz_ros2_control/bin'
[0.376s] INFO:colcon.colcon_core.shell:Creating package script '/ros2_ws/src/install/gz_ros2_control/share/gz_ros2_control/package.ps1'
[0.376s] INFO:colcon.colcon_core.shell:Creating package descriptor '/ros2_ws/src/install/gz_ros2_control/share/gz_ros2_control/package.dsv'
[0.377s] INFO:colcon.colcon_core.shell:Creating package script '/ros2_ws/src/install/gz_ros2_control/share/gz_ros2_control/package.sh'
[0.377s] INFO:colcon.colcon_core.shell:Creating package script '/ros2_ws/src/install/gz_ros2_control/share/gz_ros2_control/package.bash'
[0.377s] INFO:colcon.colcon_core.shell:Creating package script '/ros2_ws/src/install/gz_ros2_control/share/gz_ros2_control/package.zsh'
[0.377s] Level 1:colcon.colcon_core.environment:create_file_with_runtime_dependencies(/ros2_ws/src/install/gz_ros2_control/share/colcon-core/packages/gz_ros2_control)
[0.378s] INFO:colcon.colcon_ros.task.ament_cmake.build:Building ROS package in '/ros2_ws/src/biped' with build type 'ament_cmake'
[0.378s] INFO:colcon.colcon_cmake.task.cmake.build:Building CMake package in '/ros2_ws/src/biped'
[0.378s] INFO:colcon.colcon_core.shell:Skip shell extension 'powershell' for command environment: Not usable outside of PowerShell
[0.378s] DEBUG:colcon.colcon_core.shell:Skip shell extension 'dsv' for command environment
[0.381s] INFO:colcon.colcon_ros.task.ament_cmake.build:Building ROS package in '/ros2_ws/src/gz_ros2_control/gz_ros2_control_demos' with build type 'ament_cmake'
[0.381s] INFO:colcon.colcon_cmake.task.cmake.build:Building CMake package in '/ros2_ws/src/gz_ros2_control/gz_ros2_control_demos'
[0.381s] INFO:colcon.colcon_core.shell:Skip shell extension 'powershell' for command environment: Not usable outside of PowerShell
[0.381s] DEBUG:colcon.colcon_core.shell:Skip shell extension 'dsv' for command environment
[0.383s] INFO:colcon.colcon_ros.task.ament_cmake.build:Building ROS package in '/ros2_ws/src/gz_ros2_control/gz_ros2_control_tests' with build type 'ament_cmake'
[0.383s] INFO:colcon.colcon_cmake.task.cmake.build:Building CMake package in '/ros2_ws/src/gz_ros2_control/gz_ros2_control_tests'
[0.384s] INFO:colcon.colcon_core.shell:Skip shell extension 'powershell' for command environment: Not usable outside of PowerShell
[0.384s] DEBUG:colcon.colcon_core.shell:Skip shell extension 'dsv' for command environment
[0.389s] DEBUG:colcon.colcon_core.event_handler.log_command:Invoking command in '/ros2_ws/src/build/gz_ros2_control_demos': CMAKE_PREFIX_PATH=/ros2_ws/src/install/gz_ros2_control:/ros2_ws/src/install/gz_ros2_control_tests:/ros2_ws/src/install/gz_ros2_control_demos:/ros2_ws/src/install/biped:/opt/ros/humble /usr/bin/cmake --build /ros2_ws/src/build/gz_ros2_control_demos -- -j16 -l16
[0.391s] DEBUG:colcon.colcon_core.event_handler.log_command:Invoking command in '/ros2_ws/src/build/biped': CMAKE_PREFIX_PATH=/ros2_ws/src/install/gz_ros2_control:/ros2_ws/src/install/gz_ros2_control_tests:/ros2_ws/src/install/gz_ros2_control_demos:/ros2_ws/src/install/biped:/opt/ros/humble /usr/bin/cmake --build /ros2_ws/src/build/biped -- -j16 -l16
[0.397s] DEBUG:colcon.colcon_core.event_handler.log_command:Invoking command in '/ros2_ws/src/build/gz_ros2_control_tests': CMAKE_PREFIX_PATH=/ros2_ws/src/install/gz_ros2_control:/ros2_ws/src/install/gz_ros2_control_tests:/ros2_ws/src/install/gz_ros2_control_demos:/ros2_ws/src/install/biped:/opt/ros/humble /usr/bin/cmake --build /ros2_ws/src/build/gz_ros2_control_tests -- -j16 -l16
[0.432s] DEBUG:colcon.colcon_core.event_handler.log_command:Invoked command in '/ros2_ws/src/build/biped' returned '0': CMAKE_PREFIX_PATH=/ros2_ws/src/install/gz_ros2_control:/ros2_ws/src/install/gz_ros2_control_tests:/ros2_ws/src/install/gz_ros2_control_demos:/ros2_ws/src/install/biped:/opt/ros/humble /usr/bin/cmake --build /ros2_ws/src/build/biped -- -j16 -l16
[0.433s] DEBUG:colcon.colcon_core.event_handler.log_command:Invoking command in '/ros2_ws/src/build/biped': CMAKE_PREFIX_PATH=/ros2_ws/src/install/gz_ros2_control:/ros2_ws/src/install/gz_ros2_control_tests:/ros2_ws/src/install/gz_ros2_control_demos:/ros2_ws/src/install/biped:/opt/ros/humble /usr/bin/cmake --install /ros2_ws/src/build/biped
[0.457s] Level 1:colcon.colcon_core.environment:create_environment_scripts_only(biped)
[0.458s] Level 1:colcon.colcon_core.environment:checking '/ros2_ws/src/install/biped' for CMake module files
[0.458s] DEBUG:colcon.colcon_core.event_handler.log_command:Invoked command in '/ros2_ws/src/build/biped' returned '0': CMAKE_PREFIX_PATH=/ros2_ws/src/install/gz_ros2_control:/ros2_ws/src/install/gz_ros2_control_tests:/ros2_ws/src/install/gz_ros2_control_demos:/ros2_ws/src/install/biped:/opt/ros/humble /usr/bin/cmake --install /ros2_ws/src/build/biped
[0.458s] Level 1:colcon.colcon_core.environment:checking '/ros2_ws/src/install/biped' for CMake config files
[0.458s] Level 1:colcon.colcon_core.shell:create_environment_hook('biped', 'cmake_prefix_path')
[0.459s] INFO:colcon.colcon_core.shell:Creating environment hook '/ros2_ws/src/install/biped/share/biped/hook/cmake_prefix_path.ps1'
[0.459s] INFO:colcon.colcon_core.shell:Creating environment descriptor '/ros2_ws/src/install/biped/share/biped/hook/cmake_prefix_path.dsv'
[0.459s] INFO:colcon.colcon_core.shell:Creating environment hook '/ros2_ws/src/install/biped/share/biped/hook/cmake_prefix_path.sh'
[0.459s] Level 1:colcon.colcon_core.environment:checking '/ros2_ws/src/install/biped/bin'
[0.460s] Level 1:colcon.colcon_core.environment:checking '/ros2_ws/src/install/biped/lib/pkgconfig/biped.pc'
[0.460s] Level 1:colcon.colcon_core.environment:checking '/ros2_ws/src/install/biped/lib/python3.10/site-packages'
[0.460s] Level 1:colcon.colcon_core.environment:checking '/ros2_ws/src/install/biped/bin'
[0.460s] INFO:colcon.colcon_core.shell:Creating package script '/ros2_ws/src/install/biped/share/biped/package.ps1'
[0.460s] INFO:colcon.colcon_core.shell:Creating package descriptor '/ros2_ws/src/install/biped/share/biped/package.dsv'
[0.460s] INFO:colcon.colcon_core.shell:Creating package script '/ros2_ws/src/install/biped/share/biped/package.sh'
[0.461s] INFO:colcon.colcon_core.shell:Creating package script '/ros2_ws/src/install/biped/share/biped/package.bash'
[0.461s] INFO:colcon.colcon_core.shell:Creating package script '/ros2_ws/src/install/biped/share/biped/package.zsh'
[0.461s] Level 1:colcon.colcon_core.environment:create_file_with_runtime_dependencies(/ros2_ws/src/install/biped/share/colcon-core/packages/biped)
[0.461s] Level 1:colcon.colcon_core.environment:create_environment_scripts_only(biped)
[0.461s] Level 1:colcon.colcon_core.environment:checking '/ros2_ws/src/install/biped' for CMake module files
[0.462s] Level 1:colcon.colcon_core.environment:checking '/ros2_ws/src/install/biped' for CMake config files
[0.462s] Level 1:colcon.colcon_core.shell:create_environment_hook('biped', 'cmake_prefix_path')
[0.462s] INFO:colcon.colcon_core.shell:Creating environment hook '/ros2_ws/src/install/biped/share/biped/hook/cmake_prefix_path.ps1'
[0.462s] INFO:colcon.colcon_core.shell:Creating environment descriptor '/ros2_ws/src/install/biped/share/biped/hook/cmake_prefix_path.dsv'
[0.462s] INFO:colcon.colcon_core.shell:Creating environment hook '/ros2_ws/src/install/biped/share/biped/hook/cmake_prefix_path.sh'
[0.463s] Level 1:colcon.colcon_core.environment:checking '/ros2_ws/src/install/biped/bin'
[0.463s] Level 1:colcon.colcon_core.environment:checking '/ros2_ws/src/install/biped/lib/pkgconfig/biped.pc'
[0.463s] Level 1:colcon.colcon_core.environment:checking '/ros2_ws/src/install/biped/lib/python3.10/site-packages'
[0.463s] Level 1:colcon.colcon_core.environment:checking '/ros2_ws/src/install/biped/bin'
[0.463s] INFO:colcon.colcon_core.shell:Creating package script '/ros2_ws/src/install/biped/share/biped/package.ps1'
[0.463s] INFO:colcon.colcon_core.shell:Creating package descriptor '/ros2_ws/src/install/biped/share/biped/package.dsv'
[0.464s] INFO:colcon.colcon_core.shell:Creating package script '/ros2_ws/src/install/biped/share/biped/package.sh'
[0.464s] INFO:colcon.colcon_core.shell:Creating package script '/ros2_ws/src/install/biped/share/biped/package.bash'
[0.464s] INFO:colcon.colcon_core.shell:Creating package script '/ros2_ws/src/install/biped/share/biped/package.zsh'
[0.464s] Level 1:colcon.colcon_core.environment:create_file_with_runtime_dependencies(/ros2_ws/src/install/biped/share/colcon-core/packages/biped)
[0.466s] DEBUG:colcon.colcon_core.event_handler.log_command:Invoked command in '/ros2_ws/src/build/gz_ros2_control_tests' returned '0': CMAKE_PREFIX_PATH=/ros2_ws/src/install/gz_ros2_control:/ros2_ws/src/install/gz_ros2_control_tests:/ros2_ws/src/install/gz_ros2_control_demos:/ros2_ws/src/install/biped:/opt/ros/humble /usr/bin/cmake --build /ros2_ws/src/build/gz_ros2_control_tests -- -j16 -l16
[0.466s] DEBUG:colcon.colcon_core.event_handler.log_command:Invoking command in '/ros2_ws/src/build/gz_ros2_control_tests': CMAKE_PREFIX_PATH=/ros2_ws/src/install/gz_ros2_control:/ros2_ws/src/install/gz_ros2_control_tests:/ros2_ws/src/install/gz_ros2_control_demos:/ros2_ws/src/install/biped:/opt/ros/humble /usr/bin/cmake --install /ros2_ws/src/build/gz_ros2_control_tests
[0.466s] DEBUG:colcon.colcon_core.event_handler.log_command:Invoked command in '/ros2_ws/src/build/gz_ros2_control_demos' returned '0': CMAKE_PREFIX_PATH=/ros2_ws/src/install/gz_ros2_control:/ros2_ws/src/install/gz_ros2_control_tests:/ros2_ws/src/install/gz_ros2_control_demos:/ros2_ws/src/install/biped:/opt/ros/humble /usr/bin/cmake --build /ros2_ws/src/build/gz_ros2_control_demos -- -j16 -l16
[0.467s] DEBUG:colcon.colcon_core.event_handler.log_command:Invoking command in '/ros2_ws/src/build/gz_ros2_control_demos': CMAKE_PREFIX_PATH=/ros2_ws/src/install/gz_ros2_control:/ros2_ws/src/install/gz_ros2_control_tests:/ros2_ws/src/install/gz_ros2_control_demos:/ros2_ws/src/install/biped:/opt/ros/humble /usr/bin/cmake --install /ros2_ws/src/build/gz_ros2_control_demos
[0.485s] Level 1:colcon.colcon_core.environment:create_environment_scripts_only(gz_ros2_control_tests)
[0.485s] Level 1:colcon.colcon_core.environment:checking '/ros2_ws/src/install/gz_ros2_control_tests' for CMake module files
[0.485s] DEBUG:colcon.colcon_core.event_handler.log_command:Invoked command in '/ros2_ws/src/build/gz_ros2_control_tests' returned '0': CMAKE_PREFIX_PATH=/ros2_ws/src/install/gz_ros2_control:/ros2_ws/src/install/gz_ros2_control_tests:/ros2_ws/src/install/gz_ros2_control_demos:/ros2_ws/src/install/biped:/opt/ros/humble /usr/bin/cmake --install /ros2_ws/src/build/gz_ros2_control_tests
[0.486s] Level 1:colcon.colcon_core.environment:checking '/ros2_ws/src/install/gz_ros2_control_tests' for CMake config files
[0.486s] Level 1:colcon.colcon_core.shell:create_environment_hook('gz_ros2_control_tests', 'cmake_prefix_path')
[0.486s] INFO:colcon.colcon_core.shell:Creating environment hook '/ros2_ws/src/install/gz_ros2_control_tests/share/gz_ros2_control_tests/hook/cmake_prefix_path.ps1'
[0.487s] INFO:colcon.colcon_core.shell:Creating environment descriptor '/ros2_ws/src/install/gz_ros2_control_tests/share/gz_ros2_control_tests/hook/cmake_prefix_path.dsv'
[0.487s] INFO:colcon.colcon_core.shell:Creating environment hook '/ros2_ws/src/install/gz_ros2_control_tests/share/gz_ros2_control_tests/hook/cmake_prefix_path.sh'
[0.487s] Level 1:colcon.colcon_core.environment:checking '/ros2_ws/src/install/gz_ros2_control_tests/lib'
[0.487s] Level 1:colcon.colcon_core.environment:checking '/ros2_ws/src/install/gz_ros2_control_tests/bin'
[0.487s] Level 1:colcon.colcon_core.environment:checking '/ros2_ws/src/install/gz_ros2_control_tests/lib/pkgconfig/gz_ros2_control_tests.pc'
[0.487s] Level 1:colcon.colcon_core.environment:checking '/ros2_ws/src/install/gz_ros2_control_tests/lib/python3.10/site-packages'
[0.488s] Level 1:colcon.colcon_core.environment:checking '/ros2_ws/src/install/gz_ros2_control_tests/bin'
[0.488s] INFO:colcon.colcon_core.shell:Creating package script '/ros2_ws/src/install/gz_ros2_control_tests/share/gz_ros2_control_tests/package.ps1'
[0.488s] INFO:colcon.colcon_core.shell:Creating package descriptor '/ros2_ws/src/install/gz_ros2_control_tests/share/gz_ros2_control_tests/package.dsv'
[0.488s] INFO:colcon.colcon_core.shell:Creating package script '/ros2_ws/src/install/gz_ros2_control_tests/share/gz_ros2_control_tests/package.sh'
[0.489s] INFO:colcon.colcon_core.shell:Creating package script '/ros2_ws/src/install/gz_ros2_control_tests/share/gz_ros2_control_tests/package.bash'
[0.489s] INFO:colcon.colcon_core.shell:Creating package script '/ros2_ws/src/install/gz_ros2_control_tests/share/gz_ros2_control_tests/package.zsh'
[0.489s] Level 1:colcon.colcon_core.environment:create_file_with_runtime_dependencies(/ros2_ws/src/install/gz_ros2_control_tests/share/colcon-core/packages/gz_ros2_control_tests)
[0.490s] Level 1:colcon.colcon_core.environment:create_environment_scripts_only(gz_ros2_control_tests)
[0.490s] Level 1:colcon.colcon_core.environment:checking '/ros2_ws/src/install/gz_ros2_control_tests' for CMake module files
[0.490s] Level 1:colcon.colcon_core.environment:checking '/ros2_ws/src/install/gz_ros2_control_tests' for CMake config files
[0.490s] Level 1:colcon.colcon_core.shell:create_environment_hook('gz_ros2_control_tests', 'cmake_prefix_path')
[0.491s] INFO:colcon.colcon_core.shell:Creating environment hook '/ros2_ws/src/install/gz_ros2_control_tests/share/gz_ros2_control_tests/hook/cmake_prefix_path.ps1'
[0.491s] INFO:colcon.colcon_core.shell:Creating environment descriptor '/ros2_ws/src/install/gz_ros2_control_tests/share/gz_ros2_control_tests/hook/cmake_prefix_path.dsv'
[0.491s] INFO:colcon.colcon_core.shell:Creating environment hook '/ros2_ws/src/install/gz_ros2_control_tests/share/gz_ros2_control_tests/hook/cmake_prefix_path.sh'
[0.491s] Level 1:colcon.colcon_core.environment:checking '/ros2_ws/src/install/gz_ros2_control_tests/lib'
[0.492s] Level 1:colcon.colcon_core.environment:checking '/ros2_ws/src/install/gz_ros2_control_tests/bin'
[0.492s] Level 1:colcon.colcon_core.environment:checking '/ros2_ws/src/install/gz_ros2_control_tests/lib/pkgconfig/gz_ros2_control_tests.pc'
[0.492s] Level 1:colcon.colcon_core.environment:checking '/ros2_ws/src/install/gz_ros2_control_tests/lib/python3.10/site-packages'
[0.492s] Level 1:colcon.colcon_core.environment:checking '/ros2_ws/src/install/gz_ros2_control_tests/bin'
[0.492s] INFO:colcon.colcon_core.shell:Creating package script '/ros2_ws/src/install/gz_ros2_control_tests/share/gz_ros2_control_tests/package.ps1'
[0.492s] INFO:colcon.colcon_core.shell:Creating package descriptor '/ros2_ws/src/install/gz_ros2_control_tests/share/gz_ros2_control_tests/package.dsv'
[0.493s] INFO:colcon.colcon_core.shell:Creating package script '/ros2_ws/src/install/gz_ros2_control_tests/share/gz_ros2_control_tests/package.sh'
[0.493s] INFO:colcon.colcon_core.shell:Creating package script '/ros2_ws/src/install/gz_ros2_control_tests/share/gz_ros2_control_tests/package.bash'
[0.493s] INFO:colcon.colcon_core.shell:Creating package script '/ros2_ws/src/install/gz_ros2_control_tests/share/gz_ros2_control_tests/package.zsh'
[0.494s] Level 1:colcon.colcon_core.environment:create_file_with_runtime_dependencies(/ros2_ws/src/install/gz_ros2_control_tests/share/colcon-core/packages/gz_ros2_control_tests)
[0.494s] Level 1:colcon.colcon_core.environment:create_environment_scripts_only(gz_ros2_control_demos)
[0.494s] Level 1:colcon.colcon_core.environment:checking '/ros2_ws/src/install/gz_ros2_control_demos' for CMake module files
[0.495s] DEBUG:colcon.colcon_core.event_handler.log_command:Invoked command in '/ros2_ws/src/build/gz_ros2_control_demos' returned '0': CMAKE_PREFIX_PATH=/ros2_ws/src/install/gz_ros2_control:/ros2_ws/src/install/gz_ros2_control_tests:/ros2_ws/src/install/gz_ros2_control_demos:/ros2_ws/src/install/biped:/opt/ros/humble /usr/bin/cmake --install /ros2_ws/src/build/gz_ros2_control_demos
[0.495s] Level 1:colcon.colcon_core.environment:checking '/ros2_ws/src/install/gz_ros2_control_demos' for CMake config files
[0.495s] Level 1:colcon.colcon_core.shell:create_environment_hook('gz_ros2_control_demos', 'cmake_prefix_path')
[0.495s] INFO:colcon.colcon_core.shell:Creating environment hook '/ros2_ws/src/install/gz_ros2_control_demos/share/gz_ros2_control_demos/hook/cmake_prefix_path.ps1'
[0.496s] INFO:colcon.colcon_core.shell:Creating environment descriptor '/ros2_ws/src/install/gz_ros2_control_demos/share/gz_ros2_control_demos/hook/cmake_prefix_path.dsv'
[0.496s] INFO:colcon.colcon_core.shell:Creating environment hook '/ros2_ws/src/install/gz_ros2_control_demos/share/gz_ros2_control_demos/hook/cmake_prefix_path.sh'
[0.496s] Level 1:colcon.colcon_core.environment:checking '/ros2_ws/src/install/gz_ros2_control_demos/lib'
[0.496s] Level 1:colcon.colcon_core.environment:checking '/ros2_ws/src/install/gz_ros2_control_demos/bin'
[0.496s] Level 1:colcon.colcon_core.environment:checking '/ros2_ws/src/install/gz_ros2_control_demos/lib/pkgconfig/gz_ros2_control_demos.pc'
[0.496s] Level 1:colcon.colcon_core.environment:checking '/ros2_ws/src/install/gz_ros2_control_demos/lib/python3.10/site-packages'
[0.496s] Level 1:colcon.colcon_core.environment:checking '/ros2_ws/src/install/gz_ros2_control_demos/bin'
[0.497s] INFO:colcon.colcon_core.shell:Creating package script '/ros2_ws/src/install/gz_ros2_control_demos/share/gz_ros2_control_demos/package.ps1'
[0.497s] INFO:colcon.colcon_core.shell:Creating package descriptor '/ros2_ws/src/install/gz_ros2_control_demos/share/gz_ros2_control_demos/package.dsv'
[0.497s] INFO:colcon.colcon_core.shell:Creating package script '/ros2_ws/src/install/gz_ros2_control_demos/share/gz_ros2_control_demos/package.sh'
[0.497s] INFO:colcon.colcon_core.shell:Creating package script '/ros2_ws/src/install/gz_ros2_control_demos/share/gz_ros2_control_demos/package.bash'
[0.498s] INFO:colcon.colcon_core.shell:Creating package script '/ros2_ws/src/install/gz_ros2_control_demos/share/gz_ros2_control_demos/package.zsh'
[0.498s] Level 1:colcon.colcon_core.environment:create_file_with_runtime_dependencies(/ros2_ws/src/install/gz_ros2_control_demos/share/colcon-core/packages/gz_ros2_control_demos)
[0.499s] Level 1:colcon.colcon_core.environment:create_environment_scripts_only(gz_ros2_control_demos)
[0.499s] Level 1:colcon.colcon_core.environment:checking '/ros2_ws/src/install/gz_ros2_control_demos' for CMake module files
[0.499s] Level 1:colcon.colcon_core.environment:checking '/ros2_ws/src/install/gz_ros2_control_demos' for CMake config files
[0.500s] Level 1:colcon.colcon_core.shell:create_environment_hook('gz_ros2_control_demos', 'cmake_prefix_path')
[0.500s] INFO:colcon.colcon_core.shell:Creating environment hook '/ros2_ws/src/install/gz_ros2_control_demos/share/gz_ros2_control_demos/hook/cmake_prefix_path.ps1'
[0.500s] INFO:colcon.colcon_core.shell:Creating environment descriptor '/ros2_ws/src/install/gz_ros2_control_demos/share/gz_ros2_control_demos/hook/cmake_prefix_path.dsv'
[0.500s] INFO:colcon.colcon_core.shell:Creating environment hook '/ros2_ws/src/install/gz_ros2_control_demos/share/gz_ros2_control_demos/hook/cmake_prefix_path.sh'
[0.501s] Level 1:colcon.colcon_core.environment:checking '/ros2_ws/src/install/gz_ros2_control_demos/lib'
[0.501s] Level 1:colcon.colcon_core.environment:checking '/ros2_ws/src/install/gz_ros2_control_demos/bin'
[0.501s] Level 1:colcon.colcon_core.environment:checking '/ros2_ws/src/install/gz_ros2_control_demos/lib/pkgconfig/gz_ros2_control_demos.pc'
[0.501s] Level 1:colcon.colcon_core.environment:checking '/ros2_ws/src/install/gz_ros2_control_demos/lib/python3.10/site-packages'
[0.501s] Level 1:colcon.colcon_core.environment:checking '/ros2_ws/src/install/gz_ros2_control_demos/bin'
[0.501s] INFO:colcon.colcon_core.shell:Creating package script '/ros2_ws/src/install/gz_ros2_control_demos/share/gz_ros2_control_demos/package.ps1'
[0.501s] INFO:colcon.colcon_core.shell:Creating package descriptor '/ros2_ws/src/install/gz_ros2_control_demos/share/gz_ros2_control_demos/package.dsv'
[0.502s] INFO:colcon.colcon_core.shell:Creating package script '/ros2_ws/src/install/gz_ros2_control_demos/share/gz_ros2_control_demos/package.sh'
[0.502s] INFO:colcon.colcon_core.shell:Creating package script '/ros2_ws/src/install/gz_ros2_control_demos/share/gz_ros2_control_demos/package.bash'
[0.502s] INFO:colcon.colcon_core.shell:Creating package script '/ros2_ws/src/install/gz_ros2_control_demos/share/gz_ros2_control_demos/package.zsh'
[0.503s] Level 1:colcon.colcon_core.environment:create_file_with_runtime_dependencies(/ros2_ws/src/install/gz_ros2_control_demos/share/colcon-core/packages/gz_ros2_control_demos)
[0.503s] DEBUG:colcon.colcon_parallel_executor.executor.parallel:closing loop
[0.503s] DEBUG:colcon.colcon_parallel_executor.executor.parallel:loop closed
[0.503s] DEBUG:colcon.colcon_parallel_executor.executor.parallel:run_until_complete finished with '0'
[0.503s] DEBUG:colcon.colcon_core.event_reactor:joining thread
[0.509s] INFO:colcon.colcon_core.plugin_system:Skipping extension 'colcon_notification.desktop_notification.notify_send': Could not find 'notify-send'
[0.509s] INFO:colcon.colcon_core.plugin_system:Skipping extension 'colcon_notification.desktop_notification.terminal_notifier': Not used on non-Darwin systems
[0.509s] INFO:colcon.colcon_core.plugin_system:Skipping extension 'colcon_notification.desktop_notification.win32': Not used on non-Windows systems
[0.509s] INFO:colcon.colcon_notification.desktop_notification:Sending desktop notification using 'notify2'
[0.511s] DEBUG:colcon.colcon_notification.desktop_notification.notify2:Failed to initialize notify2: org.freedesktop.DBus.Error.Spawn.ExecFailed: /usr/bin/dbus-launch terminated abnormally without any error message
[0.512s] DEBUG:colcon.colcon_core.event_reactor:joined thread
[0.512s] INFO:colcon.colcon_core.shell:Creating prefix script '/ros2_ws/src/install/local_setup.ps1'
[0.513s] INFO:colcon.colcon_core.shell:Creating prefix util module '/ros2_ws/src/install/_local_setup_util_ps1.py'
[0.514s] INFO:colcon.colcon_core.shell:Creating prefix chain script '/ros2_ws/src/install/setup.ps1'
[0.515s] INFO:colcon.colcon_core.shell:Creating prefix script '/ros2_ws/src/install/local_setup.sh'
[0.516s] INFO:colcon.colcon_core.shell:Creating prefix util module '/ros2_ws/src/install/_local_setup_util_sh.py'
[0.516s] INFO:colcon.colcon_core.shell:Creating prefix chain script '/ros2_ws/src/install/setup.sh'
[0.517s] INFO:colcon.colcon_core.shell:Creating prefix script '/ros2_ws/src/install/local_setup.bash'
[0.517s] INFO:colcon.colcon_core.shell:Creating prefix chain script '/ros2_ws/src/install/setup.bash'
[0.518s] INFO:colcon.colcon_core.shell:Creating prefix script '/ros2_ws/src/install/local_setup.zsh'
[0.519s] INFO:colcon.colcon_core.shell:Creating prefix chain script '/ros2_ws/src/install/setup.zsh'
