-- Install configuration: ""
-- Execute custom install script
-- Up-to-date symlink: /ros2_ws/src/install/biped/share/biped/launch/launch.py
-- Up-to-date symlink: /ros2_ws/src/install/biped/share/biped/urdf/biped.urdf
-- Up-to-date symlink: /ros2_ws/src/install/biped/share/biped/urdf/biped.urdf.xacro
-- Up-to-date symlink: /ros2_ws/src/install/biped/share/biped/urdf/common.xacro
-- Up-to-date symlink: /ros2_ws/src/install/biped/share/biped/config/biped.yaml
-- Up-to-date symlink: /ros2_ws/src/install/biped/share/biped/config/biped_config.rviz
-- Up-to-date symlink: /ros2_ws/src/install/biped/share/biped/config/biped_controller.yaml
-- Up-to-date symlink: /ros2_ws/src/install/biped/share/biped/meshes/base_link.stl
-- Up-to-date symlink: /ros2_ws/src/install/biped/share/biped/meshes/left_femur.stl
-- Up-to-date symlink: /ros2_ws/src/install/biped/share/biped/meshes/left_hip.stl
-- Up-to-date symlink: /ros2_ws/src/install/biped/share/biped/meshes/left_hip1.stl
-- Up-to-date symlink: /ros2_ws/src/install/biped/share/biped/meshes/left_tibia.stl
-- Up-to-date symlink: /ros2_ws/src/install/biped/share/biped/meshes/right_femur.stl
-- Up-to-date symlink: /ros2_ws/src/install/biped/share/biped/meshes/right_hip.stl
-- Up-to-date symlink: /ros2_ws/src/install/biped/share/biped/meshes/right_hip1.stl
-- Up-to-date symlink: /ros2_ws/src/install/biped/share/biped/meshes/right_tibia.stl
-- Up-to-date symlink: /ros2_ws/src/install/biped/share/biped/src/controller_switcher.py
-- Up-to-date symlink: /ros2_ws/src/install/biped/share/biped/src/effort_pid.py
-- Up-to-date symlink: /ros2_ws/src/install/biped/share/biped/src/effort_slider_gui.py
-- Up-to-date symlink: /ros2_ws/src/install/biped/share/biped/src/leg_slider_gui.py
-- Up-to-date symlink: /ros2_ws/src/install/biped/share/ament_index/resource_index/package_run_dependencies/biped
-- Up-to-date symlink: /ros2_ws/src/install/biped/share/ament_index/resource_index/parent_prefix_path/biped
-- Up-to-date symlink: /ros2_ws/src/install/biped/share/biped/environment/ament_prefix_path.sh
-- Up-to-date symlink: /ros2_ws/src/install/biped/share/biped/environment/ament_prefix_path.dsv
-- Up-to-date symlink: /ros2_ws/src/install/biped/share/biped/environment/path.sh
-- Up-to-date symlink: /ros2_ws/src/install/biped/share/biped/environment/path.dsv
-- Up-to-date symlink: /ros2_ws/src/install/biped/share/biped/local_setup.bash
-- Up-to-date symlink: /ros2_ws/src/install/biped/share/biped/local_setup.sh
-- Up-to-date symlink: /ros2_ws/src/install/biped/share/biped/local_setup.zsh
-- Up-to-date symlink: /ros2_ws/src/install/biped/share/biped/local_setup.dsv
-- Symlinking: /ros2_ws/src/install/biped/share/biped/package.dsv
-- Up-to-date symlink: /ros2_ws/src/install/biped/share/ament_index/resource_index/packages/biped
-- Up-to-date symlink: /ros2_ws/src/install/biped/share/biped/cmake/bipedConfig.cmake
-- Up-to-date symlink: /ros2_ws/src/install/biped/share/biped/cmake/bipedConfig-version.cmake
-- Up-to-date symlink: /ros2_ws/src/install/biped/share/biped/package.xml
