[0.014s] Invoking command in '/ros2_ws/src/build/gz_ros2_control_demos': CMAKE_PREFIX_PATH=/ros2_ws/src/install/gz_ros2_control:/ros2_ws/src/install/gz_ros2_control_tests:/ros2_ws/src/install/gz_ros2_control_demos:/ros2_ws/src/install/biped:/opt/ros/humble /usr/bin/cmake /ros2_ws/src/gz_ros2_control/gz_ros2_control_demos -DAMENT_CMAKE_SYMLINK_INSTALL=1 -DCMAKE_INSTALL_PREFIX=/ros2_ws/src/install/gz_ros2_control_demos
[0.025s] -- Found ament_cmake: 1.3.11 (/opt/ros/humble/share/ament_cmake/cmake)
[0.148s] -- Override CMake install command with custom implementation using symlinks instead of copying resources
[0.154s] -- Found control_msgs: 4.8.0 (/opt/ros/humble/share/control_msgs/cmake)
[0.174s] -- Found rosidl_generator_c: 3.1.6 (/opt/ros/humble/share/rosidl_generator_c/cmake)
[0.176s] -- Found rosidl_adapter: 3.1.6 (/opt/ros/humble/share/rosidl_adapter/cmake)
[0.182s] -- Found rosidl_generator_cpp: 3.1.6 (/opt/ros/humble/share/rosidl_generator_cpp/cmake)
[0.189s] -- Using all available rosidl_typesupport_c: rosidl_typesupport_fastrtps_c;rosidl_typesupport_introspection_c
[0.197s] -- Using all available rosidl_typesupport_cpp: rosidl_typesupport_fastrtps_cpp;rosidl_typesupport_introspection_cpp
[0.285s] -- Found rclcpp: 16.0.12 (/opt/ros/humble/share/rclcpp/cmake)
[0.311s] -- Found rmw_implementation_cmake: 6.1.2 (/opt/ros/humble/share/rmw_implementation_cmake/cmake)
[0.312s] -- Found rmw_fastrtps_cpp: 6.2.7 (/opt/ros/humble/share/rmw_fastrtps_cpp/cmake)
[0.429s] -- Using RMW implementation 'rmw_fastrtps_cpp' as default
[0.455s] -- Found rclcpp_action: 16.0.12 (/opt/ros/humble/share/rclcpp_action/cmake)
[0.466s] -- Found ament_cmake_gtest: 1.3.11 (/opt/ros/humble/share/ament_cmake_gtest/cmake)
[0.467s] -- Found ament_lint_auto: 0.12.12 (/opt/ros/humble/share/ament_lint_auto/cmake)
[0.528s] -- Added test 'copyright' to check source files copyright and LICENSE
[0.529s] -- Added test 'cppcheck' to perform static code analysis on C / C++ code
[0.530s] -- Configured cppcheck include dirs: 
[0.530s] -- Configured cppcheck exclude dirs and/or files: 
[0.531s] -- Added test 'cpplint' to check C / C++ code against the Google style
[0.531s] -- Configured cpplint exclude dirs and/or files: 
[0.532s] -- Added test 'flake8' to check Python code syntax and style conventions
[0.532s] -- Added test 'lint_cmake' to check CMake code style
[0.533s] -- Added test 'pep257' to check Python code against some of the docstring style conventions in PEP 257
[0.534s] -- Added test 'uncrustify' to check C / C++ code style
[0.534s] -- Configured uncrustify additional arguments: 
[0.535s] -- Added test 'xmllint' to check XML markup files
[0.536s] -- Configuring done
[0.571s] -- Generating done
[0.581s] -- Build files have been written to: /ros2_ws/src/build/gz_ros2_control_demos
[0.590s] Invoked command in '/ros2_ws/src/build/gz_ros2_control_demos' returned '0': CMAKE_PREFIX_PATH=/ros2_ws/src/install/gz_ros2_control:/ros2_ws/src/install/gz_ros2_control_tests:/ros2_ws/src/install/gz_ros2_control_demos:/ros2_ws/src/install/biped:/opt/ros/humble /usr/bin/cmake /ros2_ws/src/gz_ros2_control/gz_ros2_control_demos -DAMENT_CMAKE_SYMLINK_INSTALL=1 -DCMAKE_INSTALL_PREFIX=/ros2_ws/src/install/gz_ros2_control_demos
[0.593s] Invoking command in '/ros2_ws/src/build/gz_ros2_control_demos': CMAKE_PREFIX_PATH=/ros2_ws/src/install/gz_ros2_control:/ros2_ws/src/install/gz_ros2_control_tests:/ros2_ws/src/install/gz_ros2_control_demos:/ros2_ws/src/install/biped:/opt/ros/humble /usr/bin/cmake --build /ros2_ws/src/build/gz_ros2_control_demos -- -j16 -l16
[0.634s] [35m[1mConsolidate compiler generated dependencies of target example_diff_drive[0m
[0.635s] [35m[1mConsolidate compiler generated dependencies of target example_ackermann_drive[0m
[0.635s] [35m[1mConsolidate compiler generated dependencies of target example_effort[0m
[0.635s] [35m[1mConsolidate compiler generated dependencies of target example_gripper[0m
[0.635s] [35m[1mConsolidate compiler generated dependencies of target example_tricycle_drive[0m
[0.635s] [35m[1mConsolidate compiler generated dependencies of target example_velocity[0m
[0.635s] [35m[1mConsolidate compiler generated dependencies of target example_position[0m
[0.651s] [ 28%] [32m[1mLinking CXX executable example_tricycle_drive[0m
[0.651s] [ 28%] [32m[1mLinking CXX executable example_position[0m
[0.651s] [ 28%] [32m[1mLinking CXX executable example_ackermann_drive[0m
[0.651s] [ 42%] [32m[1mLinking CXX executable example_effort[0m
[0.651s] [ 42%] [32m[1mLinking CXX executable example_gripper[0m
[0.651s] [ 42%] [32m[1mLinking CXX executable example_velocity[0m
[0.651s] [ 50%] [32m[1mLinking CXX executable example_diff_drive[0m
[1.020s] [ 57%] Built target example_ackermann_drive
[1.040s] [ 64%] Built target example_effort
[1.049s] [ 85%] Built target example_gripper
[1.049s] [ 85%] Built target example_velocity
[1.049s] [ 85%] Built target example_tricycle_drive
[1.052s] [ 92%] Built target example_diff_drive
[1.138s] [100%] Built target example_position
[1.150s] Invoked command in '/ros2_ws/src/build/gz_ros2_control_demos' returned '0': CMAKE_PREFIX_PATH=/ros2_ws/src/install/gz_ros2_control:/ros2_ws/src/install/gz_ros2_control_tests:/ros2_ws/src/install/gz_ros2_control_demos:/ros2_ws/src/install/biped:/opt/ros/humble /usr/bin/cmake --build /ros2_ws/src/build/gz_ros2_control_demos -- -j16 -l16
[1.151s] Invoking command in '/ros2_ws/src/build/gz_ros2_control_demos': CMAKE_PREFIX_PATH=/ros2_ws/src/install/gz_ros2_control:/ros2_ws/src/install/gz_ros2_control_tests:/ros2_ws/src/install/gz_ros2_control_demos:/ros2_ws/src/install/biped:/opt/ros/humble /usr/bin/cmake --install /ros2_ws/src/build/gz_ros2_control_demos
[1.157s] -- Install configuration: ""
[1.158s] -- Execute custom install script
[1.158s] -- Symlinking: /ros2_ws/src/install/gz_ros2_control_demos/share/gz_ros2_control_demos//launch/ackermann_drive_example.launch.py
[1.166s] -- Symlinking: /ros2_ws/src/install/gz_ros2_control_demos/share/gz_ros2_control_demos//launch/cart_example_effort.launch.py
[1.184s] -- Symlinking: /ros2_ws/src/install/gz_ros2_control_demos/share/gz_ros2_control_demos//launch/cart_example_position.launch.py
[1.193s] -- Symlinking: /ros2_ws/src/install/gz_ros2_control_demos/share/gz_ros2_control_demos//launch/cart_example_velocity.launch.py
[1.203s] -- Symlinking: /ros2_ws/src/install/gz_ros2_control_demos/share/gz_ros2_control_demos//launch/diff_drive_example.launch.py
[1.214s] -- Symlinking: /ros2_ws/src/install/gz_ros2_control_demos/share/gz_ros2_control_demos//launch/gripper_mimic_joint_example.launch.py
[1.223s] -- Symlinking: /ros2_ws/src/install/gz_ros2_control_demos/share/gz_ros2_control_demos//launch/pendulum_example_effort.launch.py
[1.232s] -- Symlinking: /ros2_ws/src/install/gz_ros2_control_demos/share/gz_ros2_control_demos//launch/pendulum_example_position.launch.py
[1.240s] -- Symlinking: /ros2_ws/src/install/gz_ros2_control_demos/share/gz_ros2_control_demos//launch/tricycle_drive_example.launch.py
[1.252s] -- Symlinking: /ros2_ws/src/install/gz_ros2_control_demos/share/gz_ros2_control_demos//config/ackermann_drive_controller.yaml
[1.267s] -- Symlinking: /ros2_ws/src/install/gz_ros2_control_demos/share/gz_ros2_control_demos//config/cart_controller_effort.yaml
[1.276s] -- Symlinking: /ros2_ws/src/install/gz_ros2_control_demos/share/gz_ros2_control_demos//config/cart_controller_position.yaml
[1.285s] -- Symlinking: /ros2_ws/src/install/gz_ros2_control_demos/share/gz_ros2_control_demos//config/cart_controller_velocity.yaml
[1.292s] -- Symlinking: /ros2_ws/src/install/gz_ros2_control_demos/share/gz_ros2_control_demos//config/diff_drive_controller_velocity.yaml
[1.302s] -- Symlinking: /ros2_ws/src/install/gz_ros2_control_demos/share/gz_ros2_control_demos//config/gripper_controller.yaml
[1.310s] -- Symlinking: /ros2_ws/src/install/gz_ros2_control_demos/share/gz_ros2_control_demos//config/tricycle_drive_controller.yaml
[1.318s] -- Symlinking: /ros2_ws/src/install/gz_ros2_control_demos/share/gz_ros2_control_demos//urdf/test_ackermann_drive.xacro.urdf
[1.330s] -- Symlinking: /ros2_ws/src/install/gz_ros2_control_demos/share/gz_ros2_control_demos//urdf/test_cart_effort.xacro.urdf
[1.341s] -- Symlinking: /ros2_ws/src/install/gz_ros2_control_demos/share/gz_ros2_control_demos//urdf/test_cart_position.xacro.urdf
[1.349s] -- Symlinking: /ros2_ws/src/install/gz_ros2_control_demos/share/gz_ros2_control_demos//urdf/test_cart_velocity.xacro.urdf
[1.358s] -- Symlinking: /ros2_ws/src/install/gz_ros2_control_demos/share/gz_ros2_control_demos//urdf/test_diff_drive.xacro.urdf
[1.366s] -- Symlinking: /ros2_ws/src/install/gz_ros2_control_demos/share/gz_ros2_control_demos//urdf/test_gripper_mimic_joint.xacro.urdf
[1.376s] -- Symlinking: /ros2_ws/src/install/gz_ros2_control_demos/share/gz_ros2_control_demos//urdf/test_pendulum_effort.xacro.urdf
[1.386s] -- Symlinking: /ros2_ws/src/install/gz_ros2_control_demos/share/gz_ros2_control_demos//urdf/test_pendulum_position.xacro.urdf
[1.396s] -- Symlinking: /ros2_ws/src/install/gz_ros2_control_demos/share/gz_ros2_control_demos//urdf/test_tricycle_drive.xacro.urdf
[1.410s] -- Symlinking: /ros2_ws/src/install/gz_ros2_control_demos/lib/gz_ros2_control_demos/example_position
[1.421s] -- Symlinking: /ros2_ws/src/install/gz_ros2_control_demos/lib/gz_ros2_control_demos/example_velocity
[1.429s] -- Symlinking: /ros2_ws/src/install/gz_ros2_control_demos/lib/gz_ros2_control_demos/example_effort
[1.437s] -- Symlinking: /ros2_ws/src/install/gz_ros2_control_demos/lib/gz_ros2_control_demos/example_diff_drive
[1.446s] -- Symlinking: /ros2_ws/src/install/gz_ros2_control_demos/lib/gz_ros2_control_demos/example_tricycle_drive
[1.458s] -- Symlinking: /ros2_ws/src/install/gz_ros2_control_demos/lib/gz_ros2_control_demos/example_ackermann_drive
[1.466s] -- Symlinking: /ros2_ws/src/install/gz_ros2_control_demos/lib/gz_ros2_control_demos/example_gripper
[1.474s] -- Symlinking: /ros2_ws/src/install/gz_ros2_control_demos/share/ament_index/resource_index/package_run_dependencies/gz_ros2_control_demos
[1.483s] -- Symlinking: /ros2_ws/src/install/gz_ros2_control_demos/share/ament_index/resource_index/parent_prefix_path/gz_ros2_control_demos
[1.492s] -- Symlinking: /ros2_ws/src/install/gz_ros2_control_demos/share/gz_ros2_control_demos/environment/ament_prefix_path.sh
[1.500s] -- Symlinking: /ros2_ws/src/install/gz_ros2_control_demos/share/gz_ros2_control_demos/environment/ament_prefix_path.dsv
[1.509s] -- Symlinking: /ros2_ws/src/install/gz_ros2_control_demos/share/gz_ros2_control_demos/environment/path.sh
[1.526s] -- Symlinking: /ros2_ws/src/install/gz_ros2_control_demos/share/gz_ros2_control_demos/environment/path.dsv
[1.536s] -- Symlinking: /ros2_ws/src/install/gz_ros2_control_demos/share/gz_ros2_control_demos/local_setup.bash
[1.544s] -- Symlinking: /ros2_ws/src/install/gz_ros2_control_demos/share/gz_ros2_control_demos/local_setup.sh
[1.554s] -- Symlinking: /ros2_ws/src/install/gz_ros2_control_demos/share/gz_ros2_control_demos/local_setup.zsh
[1.562s] -- Symlinking: /ros2_ws/src/install/gz_ros2_control_demos/share/gz_ros2_control_demos/local_setup.dsv
[1.570s] -- Symlinking: /ros2_ws/src/install/gz_ros2_control_demos/share/gz_ros2_control_demos/package.dsv
[1.582s] -- Symlinking: /ros2_ws/src/install/gz_ros2_control_demos/share/ament_index/resource_index/packages/gz_ros2_control_demos
[1.591s] -- Symlinking: /ros2_ws/src/install/gz_ros2_control_demos/share/gz_ros2_control_demos/cmake/gz_ros2_control_demosConfig.cmake
[1.598s] -- Symlinking: /ros2_ws/src/install/gz_ros2_control_demos/share/gz_ros2_control_demos/cmake/gz_ros2_control_demosConfig-version.cmake
[1.609s] -- Symlinking: /ros2_ws/src/install/gz_ros2_control_demos/share/gz_ros2_control_demos/package.xml
[1.619s] Invoked command in '/ros2_ws/src/build/gz_ros2_control_demos' returned '0': CMAKE_PREFIX_PATH=/ros2_ws/src/install/gz_ros2_control:/ros2_ws/src/install/gz_ros2_control_tests:/ros2_ws/src/install/gz_ros2_control_demos:/ros2_ws/src/install/biped:/opt/ros/humble /usr/bin/cmake --install /ros2_ws/src/build/gz_ros2_control_demos
