[0.015s] Invoking command in '/ros2_ws/src/build/biped': CMAKE_PREFIX_PATH=/ros2_ws/src/install/gz_ros2_control:/ros2_ws/src/install/gz_ros2_control_tests:/ros2_ws/src/install/gz_ros2_control_demos:/ros2_ws/src/install/biped:/opt/ros/humble /usr/bin/cmake /ros2_ws/src/biped -DAMENT_CMAKE_SYMLINK_INSTALL=1 -DCMAKE_INSTALL_PREFIX=/ros2_ws/src/install/biped
[0.026s] -- Found ament_cmake: 1.3.11 (/opt/ros/humble/share/ament_cmake/cmake)
[0.144s] -- Override CMake install command with custom implementation using symlinks instead of copying resources
[0.152s] -- Found rclcpp: 16.0.12 (/opt/ros/humble/share/rclcpp/cmake)
[0.177s] -- Found rosidl_generator_c: 3.1.6 (/opt/ros/humble/share/rosidl_generator_c/cmake)
[0.179s] -- Found rosidl_adapter: 3.1.6 (/opt/ros/humble/share/rosidl_adapter/cmake)
[0.185s] -- Found rosidl_generator_cpp: 3.1.6 (/opt/ros/humble/share/rosidl_generator_cpp/cmake)
[0.192s] -- Using all available rosidl_typesupport_c: rosidl_typesupport_fastrtps_c;rosidl_typesupport_introspection_c
[0.200s] -- Using all available rosidl_typesupport_cpp: rosidl_typesupport_fastrtps_cpp;rosidl_typesupport_introspection_cpp
[0.226s] -- Found rmw_implementation_cmake: 6.1.2 (/opt/ros/humble/share/rmw_implementation_cmake/cmake)
[0.227s] -- Found rmw_fastrtps_cpp: 6.2.7 (/opt/ros/humble/share/rmw_fastrtps_cpp/cmake)
[0.353s] -- Using RMW implementation 'rmw_fastrtps_cpp' as default
[0.397s] -- Found ros2_control: 2.49.0 (/opt/ros/humble/share/ros2_control/cmake)
[0.397s] -- Found ros2_controllers: 2.43.0 (/opt/ros/humble/share/ros2_controllers/cmake)
[0.398s] -- Found gz_ros2_control: 1.1.8 (/ros2_ws/src/install/gz_ros2_control/share/gz_ros2_control/cmake)
[0.452s] -- Configuring done
[0.461s] -- Generating done
[0.463s] -- Build files have been written to: /ros2_ws/src/build/biped
[0.473s] Invoked command in '/ros2_ws/src/build/biped' returned '0': CMAKE_PREFIX_PATH=/ros2_ws/src/install/gz_ros2_control:/ros2_ws/src/install/gz_ros2_control_tests:/ros2_ws/src/install/gz_ros2_control_demos:/ros2_ws/src/install/biped:/opt/ros/humble /usr/bin/cmake /ros2_ws/src/biped -DAMENT_CMAKE_SYMLINK_INSTALL=1 -DCMAKE_INSTALL_PREFIX=/ros2_ws/src/install/biped
[0.474s] Invoking command in '/ros2_ws/src/build/biped': CMAKE_PREFIX_PATH=/ros2_ws/src/install/gz_ros2_control:/ros2_ws/src/install/gz_ros2_control_tests:/ros2_ws/src/install/gz_ros2_control_demos:/ros2_ws/src/install/biped:/opt/ros/humble /usr/bin/cmake --build /ros2_ws/src/build/biped -- -j16 -l16
[0.514s] Invoked command in '/ros2_ws/src/build/biped' returned '0': CMAKE_PREFIX_PATH=/ros2_ws/src/install/gz_ros2_control:/ros2_ws/src/install/gz_ros2_control_tests:/ros2_ws/src/install/gz_ros2_control_demos:/ros2_ws/src/install/biped:/opt/ros/humble /usr/bin/cmake --build /ros2_ws/src/build/biped -- -j16 -l16
[0.515s] Invoking command in '/ros2_ws/src/build/biped': CMAKE_PREFIX_PATH=/ros2_ws/src/install/gz_ros2_control:/ros2_ws/src/install/gz_ros2_control_tests:/ros2_ws/src/install/gz_ros2_control_demos:/ros2_ws/src/install/biped:/opt/ros/humble /usr/bin/cmake --install /ros2_ws/src/build/biped
[0.523s] -- Install configuration: ""
[0.523s] -- Execute custom install script
[0.524s] -- Symlinking: /ros2_ws/src/install/biped/share/biped/launch/launch.py
[0.533s] -- Symlinking: /ros2_ws/src/install/biped/share/biped/urdf/biped.urdf
[0.541s] -- Symlinking: /ros2_ws/src/install/biped/share/biped/urdf/biped.urdf.xacro
[0.550s] -- Symlinking: /ros2_ws/src/install/biped/share/biped/urdf/common.xacro
[0.562s] -- Symlinking: /ros2_ws/src/install/biped/share/biped/config/biped.yaml
[0.569s] -- Symlinking: /ros2_ws/src/install/biped/share/biped/config/biped_config.rviz
[0.576s] -- Symlinking: /ros2_ws/src/install/biped/share/biped/config/biped_controller.yaml
[0.583s] -- Symlinking: /ros2_ws/src/install/biped/share/biped/meshes/base_link.stl
[0.594s] -- Symlinking: /ros2_ws/src/install/biped/share/biped/meshes/left_femur.stl
[0.602s] -- Symlinking: /ros2_ws/src/install/biped/share/biped/meshes/left_hip.stl
[0.611s] -- Symlinking: /ros2_ws/src/install/biped/share/biped/meshes/left_hip1.stl
[0.619s] -- Symlinking: /ros2_ws/src/install/biped/share/biped/meshes/left_tibia.stl
[0.629s] -- Symlinking: /ros2_ws/src/install/biped/share/biped/meshes/right_femur.stl
[0.638s] -- Symlinking: /ros2_ws/src/install/biped/share/biped/meshes/right_hip.stl
[0.647s] -- Symlinking: /ros2_ws/src/install/biped/share/biped/meshes/right_hip1.stl
[0.655s] -- Symlinking: /ros2_ws/src/install/biped/share/biped/meshes/right_tibia.stl
[0.667s] -- Symlinking: /ros2_ws/src/install/biped/share/ament_index/resource_index/package_run_dependencies/biped
[0.685s] -- Symlinking: /ros2_ws/src/install/biped/share/ament_index/resource_index/parent_prefix_path/biped
[0.701s] -- Symlinking: /ros2_ws/src/install/biped/share/biped/environment/ament_prefix_path.sh
[0.717s] -- Symlinking: /ros2_ws/src/install/biped/share/biped/environment/ament_prefix_path.dsv
[0.734s] -- Symlinking: /ros2_ws/src/install/biped/share/biped/environment/path.sh
[0.753s] -- Symlinking: /ros2_ws/src/install/biped/share/biped/environment/path.dsv
[0.787s] -- Symlinking: /ros2_ws/src/install/biped/share/biped/local_setup.bash
[0.811s] -- Symlinking: /ros2_ws/src/install/biped/share/biped/local_setup.sh
[0.833s] -- Symlinking: /ros2_ws/src/install/biped/share/biped/local_setup.zsh
[0.852s] -- Symlinking: /ros2_ws/src/install/biped/share/biped/local_setup.dsv
[0.869s] -- Symlinking: /ros2_ws/src/install/biped/share/biped/package.dsv
[0.889s] -- Symlinking: /ros2_ws/src/install/biped/share/ament_index/resource_index/packages/biped
[0.913s] -- Symlinking: /ros2_ws/src/install/biped/share/biped/cmake/bipedConfig.cmake
[0.931s] -- Symlinking: /ros2_ws/src/install/biped/share/biped/cmake/bipedConfig-version.cmake
[0.944s] -- Symlinking: /ros2_ws/src/install/biped/share/biped/package.xml
[0.974s] Invoked command in '/ros2_ws/src/build/biped' returned '0': CMAKE_PREFIX_PATH=/ros2_ws/src/install/gz_ros2_control:/ros2_ws/src/install/gz_ros2_control_tests:/ros2_ws/src/install/gz_ros2_control_demos:/ros2_ws/src/install/biped:/opt/ros/humble /usr/bin/cmake --install /ros2_ws/src/build/biped
