[0.010s] Invoking command in '/ros2_ws/src/build/gz_ros2_control_demos': AMENT_PREFIX_PATH=/ros2_ws/src/install/gz_ros2_control:${AMENT_PREFIX_PATH} CMAKE_PREFIX_PATH=/ros2_ws/src/install/gz_ros2_control:/opt/ros/humble LD_LIBRARY_PATH=/ros2_ws/src/install/gz_ros2_control/lib:${LD_LIBRARY_PATH} /usr/bin/cmake /ros2_ws/src/gz_ros2_control/gz_ros2_control_demos -DCMAKE_INSTALL_PREFIX=/ros2_ws/src/install/gz_ros2_control_demos
[0.065s] -- The C compiler identification is GNU 11.4.0
[0.113s] -- The CXX compiler identification is GNU 11.4.0
[0.120s] -- Detecting C compiler ABI info
[0.191s] -- Detecting C compiler ABI info - done
[0.197s] -- Check for working C compiler: /usr/bin/cc - skipped
[0.198s] -- Detecting C compile features
[0.198s] -- Detecting C compile features - done
[0.201s] -- Detecting CXX compiler ABI info
[0.273s] -- Detecting CXX compiler ABI info - done
[0.278s] -- Check for working CXX compiler: /usr/bin/c++ - skipped
[0.278s] -- Detecting CXX compile features
[0.278s] -- Detecting CXX compile features - done
[0.280s] -- Found ament_cmake: 1.3.11 (/opt/ros/humble/share/ament_cmake/cmake)
[0.391s] -- Found Python3: /usr/bin/python3 (found version "3.10.12") found components: Interpreter 
[0.491s] -- Found control_msgs: 4.8.0 (/opt/ros/humble/share/control_msgs/cmake)
[0.526s] -- Found rosidl_generator_c: 3.1.6 (/opt/ros/humble/share/rosidl_generator_c/cmake)
[0.530s] -- Found rosidl_adapter: 3.1.6 (/opt/ros/humble/share/rosidl_adapter/cmake)
[0.539s] -- Found rosidl_generator_cpp: 3.1.6 (/opt/ros/humble/share/rosidl_generator_cpp/cmake)
[0.549s] -- Using all available rosidl_typesupport_c: rosidl_typesupport_fastrtps_c;rosidl_typesupport_introspection_c
[0.560s] -- Using all available rosidl_typesupport_cpp: rosidl_typesupport_fastrtps_cpp;rosidl_typesupport_introspection_cpp
[0.648s] -- Found rclcpp: 16.0.12 (/opt/ros/humble/share/rclcpp/cmake)
[0.676s] -- Found rmw_implementation_cmake: 6.1.2 (/opt/ros/humble/share/rmw_implementation_cmake/cmake)
[0.678s] -- Found rmw_fastrtps_cpp: 6.2.7 (/opt/ros/humble/share/rmw_fastrtps_cpp/cmake)
[0.764s] -- Found OpenSSL: /usr/lib/x86_64-linux-gnu/libcrypto.so (found version "3.0.2")  
[0.789s] -- Found FastRTPS: /opt/ros/humble/include  
[0.837s] -- Using RMW implementation 'rmw_fastrtps_cpp' as default
[0.844s] -- Looking for pthread.h
[0.906s] -- Looking for pthread.h - found
[0.907s] -- Performing Test CMAKE_HAVE_LIBC_PTHREAD
[0.980s] -- Performing Test CMAKE_HAVE_LIBC_PTHREAD - Success
[0.981s] -- Found Threads: TRUE  
[1.020s] -- Found rclcpp_action: 16.0.12 (/opt/ros/humble/share/rclcpp_action/cmake)
[1.032s] -- Found ament_cmake_gtest: 1.3.11 (/opt/ros/humble/share/ament_cmake_gtest/cmake)
[1.034s] -- Found ament_lint_auto: 0.12.12 (/opt/ros/humble/share/ament_lint_auto/cmake)
[1.120s] -- Added test 'copyright' to check source files copyright and LICENSE
[1.121s] -- Added test 'cppcheck' to perform static code analysis on C / C++ code
[1.121s] -- Configured cppcheck include dirs: 
[1.121s] -- Configured cppcheck exclude dirs and/or files: 
[1.123s] -- Added test 'cpplint' to check C / C++ code against the Google style
[1.123s] -- Configured cpplint exclude dirs and/or files: 
[1.124s] -- Added test 'flake8' to check Python code syntax and style conventions
[1.124s] -- Added test 'lint_cmake' to check CMake code style
[1.125s] -- Added test 'pep257' to check Python code against some of the docstring style conventions in PEP 257
[1.126s] -- Added test 'uncrustify' to check C / C++ code style
[1.126s] -- Configured uncrustify additional arguments: 
[1.127s] -- Added test 'xmllint' to check XML markup files
[1.128s] -- Configuring done
[1.158s] -- Generating done
[1.168s] -- Build files have been written to: /ros2_ws/src/build/gz_ros2_control_demos
[1.179s] Invoked command in '/ros2_ws/src/build/gz_ros2_control_demos' returned '0': AMENT_PREFIX_PATH=/ros2_ws/src/install/gz_ros2_control:${AMENT_PREFIX_PATH} CMAKE_PREFIX_PATH=/ros2_ws/src/install/gz_ros2_control:/opt/ros/humble LD_LIBRARY_PATH=/ros2_ws/src/install/gz_ros2_control/lib:${LD_LIBRARY_PATH} /usr/bin/cmake /ros2_ws/src/gz_ros2_control/gz_ros2_control_demos -DCMAKE_INSTALL_PREFIX=/ros2_ws/src/install/gz_ros2_control_demos
[1.180s] Invoking command in '/ros2_ws/src/build/gz_ros2_control_demos': AMENT_PREFIX_PATH=/ros2_ws/src/install/gz_ros2_control:${AMENT_PREFIX_PATH} CMAKE_PREFIX_PATH=/ros2_ws/src/install/gz_ros2_control:/opt/ros/humble LD_LIBRARY_PATH=/ros2_ws/src/install/gz_ros2_control/lib:${LD_LIBRARY_PATH} /usr/bin/cmake --build /ros2_ws/src/build/gz_ros2_control_demos -- -j16 -l16
[1.235s] [ 50%] [32mBuilding CXX object CMakeFiles/example_gripper.dir/examples/example_gripper.cpp.o[0m
[1.235s] [ 50%] [32mBuilding CXX object CMakeFiles/example_ackermann_drive.dir/examples/example_ackermann_drive.cpp.o[0m
[1.235s] [ 50%] [32mBuilding CXX object CMakeFiles/example_tricycle_drive.dir/examples/example_tricycle_drive.cpp.o[0m
[1.235s] [ 50%] [32mBuilding CXX object CMakeFiles/example_diff_drive.dir/examples/example_diff_drive.cpp.o[0m
[1.235s] [ 50%] [32mBuilding CXX object CMakeFiles/example_effort.dir/examples/example_effort.cpp.o[0m
[1.235s] [ 50%] [32mBuilding CXX object CMakeFiles/example_velocity.dir/examples/example_velocity.cpp.o[0m
[1.235s] [ 50%] [32mBuilding CXX object CMakeFiles/example_position.dir/examples/example_position.cpp.o[0m
[5.904s] [ 64%] [32m[1mLinking CXX executable example_ackermann_drive[0m
[5.904s] [ 64%] [32m[1mLinking CXX executable example_diff_drive[0m
[5.939s] [ 71%] [32m[1mLinking CXX executable example_tricycle_drive[0m
[6.024s] [ 78%] [32m[1mLinking CXX executable example_effort[0m
[6.031s] [ 85%] [32m[1mLinking CXX executable example_velocity[0m
[6.103s] [ 92%] [32m[1mLinking CXX executable example_gripper[0m
[6.255s] [ 92%] Built target example_diff_drive
[6.255s] [ 92%] Built target example_ackermann_drive
[6.263s] [ 92%] Built target example_tricycle_drive
[6.350s] [ 92%] Built target example_effort
[6.351s] [ 92%] Built target example_velocity
[6.394s] [ 92%] Built target example_gripper
[6.656s] [100%] [32m[1mLinking CXX executable example_position[0m
[6.872s] [100%] Built target example_position
[6.889s] Invoked command in '/ros2_ws/src/build/gz_ros2_control_demos' returned '0': AMENT_PREFIX_PATH=/ros2_ws/src/install/gz_ros2_control:${AMENT_PREFIX_PATH} CMAKE_PREFIX_PATH=/ros2_ws/src/install/gz_ros2_control:/opt/ros/humble LD_LIBRARY_PATH=/ros2_ws/src/install/gz_ros2_control/lib:${LD_LIBRARY_PATH} /usr/bin/cmake --build /ros2_ws/src/build/gz_ros2_control_demos -- -j16 -l16
[6.891s] Invoking command in '/ros2_ws/src/build/gz_ros2_control_demos': AMENT_PREFIX_PATH=/ros2_ws/src/install/gz_ros2_control:${AMENT_PREFIX_PATH} CMAKE_PREFIX_PATH=/ros2_ws/src/install/gz_ros2_control:/opt/ros/humble LD_LIBRARY_PATH=/ros2_ws/src/install/gz_ros2_control/lib:${LD_LIBRARY_PATH} /usr/bin/cmake --install /ros2_ws/src/build/gz_ros2_control_demos
[6.898s] -- Install configuration: ""
[6.898s] -- Installing: /ros2_ws/src/install/gz_ros2_control_demos/share/gz_ros2_control_demos//launch
[6.899s] -- Installing: /ros2_ws/src/install/gz_ros2_control_demos/share/gz_ros2_control_demos//launch/diff_drive_example.launch.py
[6.899s] -- Installing: /ros2_ws/src/install/gz_ros2_control_demos/share/gz_ros2_control_demos//launch/pendulum_example_position.launch.py
[6.899s] -- Installing: /ros2_ws/src/install/gz_ros2_control_demos/share/gz_ros2_control_demos//launch/tricycle_drive_example.launch.py
[6.899s] -- Installing: /ros2_ws/src/install/gz_ros2_control_demos/share/gz_ros2_control_demos//launch/cart_example_velocity.launch.py
[6.899s] -- Installing: /ros2_ws/src/install/gz_ros2_control_demos/share/gz_ros2_control_demos//launch/cart_example_position.launch.py
[6.899s] -- Installing: /ros2_ws/src/install/gz_ros2_control_demos/share/gz_ros2_control_demos//launch/gripper_mimic_joint_example.launch.py
[6.899s] -- Installing: /ros2_ws/src/install/gz_ros2_control_demos/share/gz_ros2_control_demos//launch/cart_example_effort.launch.py
[6.899s] -- Installing: /ros2_ws/src/install/gz_ros2_control_demos/share/gz_ros2_control_demos//launch/ackermann_drive_example.launch.py
[6.899s] -- Installing: /ros2_ws/src/install/gz_ros2_control_demos/share/gz_ros2_control_demos//launch/pendulum_example_effort.launch.py
[6.899s] -- Installing: /ros2_ws/src/install/gz_ros2_control_demos/share/gz_ros2_control_demos//config
[6.899s] -- Installing: /ros2_ws/src/install/gz_ros2_control_demos/share/gz_ros2_control_demos//config/tricycle_drive_controller.yaml
[6.899s] -- Installing: /ros2_ws/src/install/gz_ros2_control_demos/share/gz_ros2_control_demos//config/cart_controller_velocity.yaml
[6.899s] -- Installing: /ros2_ws/src/install/gz_ros2_control_demos/share/gz_ros2_control_demos//config/gripper_controller.yaml
[6.899s] -- Installing: /ros2_ws/src/install/gz_ros2_control_demos/share/gz_ros2_control_demos//config/ackermann_drive_controller.yaml
[6.899s] -- Installing: /ros2_ws/src/install/gz_ros2_control_demos/share/gz_ros2_control_demos//config/cart_controller_position.yaml
[6.900s] -- Installing: /ros2_ws/src/install/gz_ros2_control_demos/share/gz_ros2_control_demos//config/diff_drive_controller_velocity.yaml
[6.900s] -- Installing: /ros2_ws/src/install/gz_ros2_control_demos/share/gz_ros2_control_demos//config/cart_controller_effort.yaml
[6.900s] -- Installing: /ros2_ws/src/install/gz_ros2_control_demos/share/gz_ros2_control_demos//urdf
[6.900s] -- Installing: /ros2_ws/src/install/gz_ros2_control_demos/share/gz_ros2_control_demos//urdf/test_ackermann_drive.xacro.urdf
[6.900s] -- Installing: /ros2_ws/src/install/gz_ros2_control_demos/share/gz_ros2_control_demos//urdf/test_pendulum_position.xacro.urdf
[6.900s] -- Installing: /ros2_ws/src/install/gz_ros2_control_demos/share/gz_ros2_control_demos//urdf/test_pendulum_effort.xacro.urdf
[6.900s] -- Installing: /ros2_ws/src/install/gz_ros2_control_demos/share/gz_ros2_control_demos//urdf/test_cart_effort.xacro.urdf
[6.900s] -- Installing: /ros2_ws/src/install/gz_ros2_control_demos/share/gz_ros2_control_demos//urdf/test_cart_position.xacro.urdf
[6.900s] -- Installing: /ros2_ws/src/install/gz_ros2_control_demos/share/gz_ros2_control_demos//urdf/test_tricycle_drive.xacro.urdf
[6.900s] -- Installing: /ros2_ws/src/install/gz_ros2_control_demos/share/gz_ros2_control_demos//urdf/test_cart_velocity.xacro.urdf
[6.900s] -- Installing: /ros2_ws/src/install/gz_ros2_control_demos/share/gz_ros2_control_demos//urdf/test_diff_drive.xacro.urdf
[6.901s] -- Installing: /ros2_ws/src/install/gz_ros2_control_demos/share/gz_ros2_control_demos//urdf/test_gripper_mimic_joint.xacro.urdf
[6.901s] -- Installing: /ros2_ws/src/install/gz_ros2_control_demos/lib/gz_ros2_control_demos/example_position
[6.902s] -- Set runtime path of "/ros2_ws/src/install/gz_ros2_control_demos/lib/gz_ros2_control_demos/example_position" to ""
[6.902s] -- Installing: /ros2_ws/src/install/gz_ros2_control_demos/lib/gz_ros2_control_demos/example_velocity
[6.903s] -- Set runtime path of "/ros2_ws/src/install/gz_ros2_control_demos/lib/gz_ros2_control_demos/example_velocity" to ""
[6.903s] -- Installing: /ros2_ws/src/install/gz_ros2_control_demos/lib/gz_ros2_control_demos/example_effort
[6.904s] -- Set runtime path of "/ros2_ws/src/install/gz_ros2_control_demos/lib/gz_ros2_control_demos/example_effort" to ""
[6.904s] -- Installing: /ros2_ws/src/install/gz_ros2_control_demos/lib/gz_ros2_control_demos/example_diff_drive
[6.905s] -- Set runtime path of "/ros2_ws/src/install/gz_ros2_control_demos/lib/gz_ros2_control_demos/example_diff_drive" to ""
[6.905s] -- Installing: /ros2_ws/src/install/gz_ros2_control_demos/lib/gz_ros2_control_demos/example_tricycle_drive
[6.906s] -- Set runtime path of "/ros2_ws/src/install/gz_ros2_control_demos/lib/gz_ros2_control_demos/example_tricycle_drive" to ""
[6.906s] -- Installing: /ros2_ws/src/install/gz_ros2_control_demos/lib/gz_ros2_control_demos/example_ackermann_drive
[6.907s] -- Set runtime path of "/ros2_ws/src/install/gz_ros2_control_demos/lib/gz_ros2_control_demos/example_ackermann_drive" to ""
[6.907s] -- Installing: /ros2_ws/src/install/gz_ros2_control_demos/lib/gz_ros2_control_demos/example_gripper
[6.908s] -- Set runtime path of "/ros2_ws/src/install/gz_ros2_control_demos/lib/gz_ros2_control_demos/example_gripper" to ""
[6.909s] -- Installing: /ros2_ws/src/install/gz_ros2_control_demos/share/ament_index/resource_index/package_run_dependencies/gz_ros2_control_demos
[6.909s] -- Installing: /ros2_ws/src/install/gz_ros2_control_demos/share/ament_index/resource_index/parent_prefix_path/gz_ros2_control_demos
[6.909s] -- Installing: /ros2_ws/src/install/gz_ros2_control_demos/share/gz_ros2_control_demos/environment/ament_prefix_path.sh
[6.909s] -- Installing: /ros2_ws/src/install/gz_ros2_control_demos/share/gz_ros2_control_demos/environment/ament_prefix_path.dsv
[6.909s] -- Installing: /ros2_ws/src/install/gz_ros2_control_demos/share/gz_ros2_control_demos/environment/path.sh
[6.909s] -- Installing: /ros2_ws/src/install/gz_ros2_control_demos/share/gz_ros2_control_demos/environment/path.dsv
[6.909s] -- Installing: /ros2_ws/src/install/gz_ros2_control_demos/share/gz_ros2_control_demos/local_setup.bash
[6.910s] -- Installing: /ros2_ws/src/install/gz_ros2_control_demos/share/gz_ros2_control_demos/local_setup.sh
[6.910s] -- Installing: /ros2_ws/src/install/gz_ros2_control_demos/share/gz_ros2_control_demos/local_setup.zsh
[6.910s] -- Installing: /ros2_ws/src/install/gz_ros2_control_demos/share/gz_ros2_control_demos/local_setup.dsv
[6.910s] -- Installing: /ros2_ws/src/install/gz_ros2_control_demos/share/gz_ros2_control_demos/package.dsv
[6.910s] -- Installing: /ros2_ws/src/install/gz_ros2_control_demos/share/ament_index/resource_index/packages/gz_ros2_control_demos
[6.910s] -- Installing: /ros2_ws/src/install/gz_ros2_control_demos/share/gz_ros2_control_demos/cmake/gz_ros2_control_demosConfig.cmake
[6.910s] -- Installing: /ros2_ws/src/install/gz_ros2_control_demos/share/gz_ros2_control_demos/cmake/gz_ros2_control_demosConfig-version.cmake
[6.910s] -- Installing: /ros2_ws/src/install/gz_ros2_control_demos/share/gz_ros2_control_demos/package.xml
[6.913s] Invoked command in '/ros2_ws/src/build/gz_ros2_control_demos' returned '0': AMENT_PREFIX_PATH=/ros2_ws/src/install/gz_ros2_control:${AMENT_PREFIX_PATH} CMAKE_PREFIX_PATH=/ros2_ws/src/install/gz_ros2_control:/opt/ros/humble LD_LIBRARY_PATH=/ros2_ws/src/install/gz_ros2_control/lib:${LD_LIBRARY_PATH} /usr/bin/cmake --install /ros2_ws/src/build/gz_ros2_control_demos
