[0.110s] DEBUG:colcon:Command line arguments: ['/usr/bin/colcon', 'build', '--symlink-install']
[0.110s] DEBUG:colcon:Parsed command line arguments: Namespace(log_base=None, log_level=None, verb_name='build', build_base='build', install_base='install', merge_install=False, symlink_install=True, test_result_base=None, continue_on_error=False, executor='parallel', parallel_workers=16, event_handlers=None, ignore_user_meta=False, metas=['./colcon.meta'], base_paths=['.'], packages_ignore=None, packages_ignore_regex=None, paths=None, packages_up_to=None, packages_up_to_regex=None, packages_above=None, packages_above_and_dependencies=None, packages_above_depth=None, packages_select_by_dep=None, packages_skip_by_dep=None, packages_skip_up_to=None, packages_select_build_failed=False, packages_skip_build_finished=False, packages_select_test_failures=False, packages_skip_test_passed=False, packages_select=None, packages_skip=None, packages_select_regex=None, packages_skip_regex=None, packages_start=None, packages_end=None, cmake_args=None, cmake_target=None, cmake_target_skip_unavailable=False, cmake_clean_cache=False, cmake_clean_first=False, cmake_force_configure=False, ament_cmake_args=None, catkin_cmake_args=None, catkin_skip_building_tests=False, mixin_files=None, mixin=None, verb_parser=<colcon_mixin.mixin.mixin_argument.MixinArgumentDecorator object at 0x755f5604fe80>, verb_extension=<colcon_core.verb.build.BuildVerb object at 0x755f562104c0>, main=<bound method BuildVerb.main of <colcon_core.verb.build.BuildVerb object at 0x755f562104c0>>, mixin_verb=('build',))
[0.185s] Level 1:colcon.colcon_core.package_discovery:discover_packages(colcon_meta) check parameters
[0.185s] Level 1:colcon.colcon_core.package_discovery:discover_packages(recursive) check parameters
[0.185s] Level 1:colcon.colcon_core.package_discovery:discover_packages(ignore) check parameters
[0.185s] Level 1:colcon.colcon_core.package_discovery:discover_packages(path) check parameters
[0.185s] Level 1:colcon.colcon_core.package_discovery:discover_packages(colcon_meta) discover
[0.185s] Level 1:colcon.colcon_core.package_discovery:discover_packages(recursive) discover
[0.185s] INFO:colcon.colcon_core.package_discovery:Crawling recursively for packages in '/ros2_ws/src'
[0.185s] Level 1:colcon.colcon_core.package_identification:_identify(.) by extensions ['ignore', 'ignore_ament_install']
[0.185s] Level 1:colcon.colcon_core.package_identification:_identify(.) by extension 'ignore'
[0.185s] Level 1:colcon.colcon_core.package_identification:_identify(.) by extension 'ignore_ament_install'
[0.185s] Level 1:colcon.colcon_core.package_identification:_identify(.) by extensions ['colcon_pkg']
[0.185s] Level 1:colcon.colcon_core.package_identification:_identify(.) by extension 'colcon_pkg'
[0.185s] Level 1:colcon.colcon_core.package_identification:_identify(.) by extensions ['colcon_meta']
[0.185s] Level 1:colcon.colcon_core.package_identification:_identify(.) by extension 'colcon_meta'
[0.185s] Level 1:colcon.colcon_core.package_identification:_identify(.) by extensions ['ros']
[0.185s] Level 1:colcon.colcon_core.package_identification:_identify(.) by extension 'ros'
[0.193s] Level 1:colcon.colcon_core.package_identification:_identify(.) by extensions ['cmake', 'python']
[0.193s] Level 1:colcon.colcon_core.package_identification:_identify(.) by extension 'cmake'
[0.193s] Level 1:colcon.colcon_core.package_identification:_identify(.) by extension 'python'
[0.193s] Level 1:colcon.colcon_core.package_identification:_identify(.) by extensions ['python_setup_py']
[0.193s] Level 1:colcon.colcon_core.package_identification:_identify(.) by extension 'python_setup_py'
[0.193s] Level 1:colcon.colcon_core.package_identification:_identify(biped) by extensions ['ignore', 'ignore_ament_install']
[0.193s] Level 1:colcon.colcon_core.package_identification:_identify(biped) by extension 'ignore'
[0.193s] Level 1:colcon.colcon_core.package_identification:_identify(biped) by extension 'ignore_ament_install'
[0.193s] Level 1:colcon.colcon_core.package_identification:_identify(biped) by extensions ['colcon_pkg']
[0.193s] Level 1:colcon.colcon_core.package_identification:_identify(biped) by extension 'colcon_pkg'
[0.193s] Level 1:colcon.colcon_core.package_identification:_identify(biped) by extensions ['colcon_meta']
[0.193s] Level 1:colcon.colcon_core.package_identification:_identify(biped) by extension 'colcon_meta'
[0.193s] Level 1:colcon.colcon_core.package_identification:_identify(biped) by extensions ['ros']
[0.193s] Level 1:colcon.colcon_core.package_identification:_identify(biped) by extension 'ros'
[0.195s] DEBUG:colcon.colcon_core.package_identification:Package 'biped' with type 'ros.ament_cmake' and name 'biped'
[0.195s] Level 1:colcon.colcon_core.package_identification:_identify(build) by extensions ['ignore', 'ignore_ament_install']
[0.195s] Level 1:colcon.colcon_core.package_identification:_identify(build) by extension 'ignore'
[0.195s] Level 1:colcon.colcon_core.package_identification:_identify(build) ignored
[0.195s] Level 1:colcon.colcon_core.package_identification:_identify(gz_ros2_control) by extensions ['ignore', 'ignore_ament_install']
[0.195s] Level 1:colcon.colcon_core.package_identification:_identify(gz_ros2_control) by extension 'ignore'
[0.195s] Level 1:colcon.colcon_core.package_identification:_identify(gz_ros2_control) by extension 'ignore_ament_install'
[0.195s] Level 1:colcon.colcon_core.package_identification:_identify(gz_ros2_control) by extensions ['colcon_pkg']
[0.195s] Level 1:colcon.colcon_core.package_identification:_identify(gz_ros2_control) by extension 'colcon_pkg'
[0.195s] Level 1:colcon.colcon_core.package_identification:_identify(gz_ros2_control) by extensions ['colcon_meta']
[0.195s] Level 1:colcon.colcon_core.package_identification:_identify(gz_ros2_control) by extension 'colcon_meta'
[0.195s] Level 1:colcon.colcon_core.package_identification:_identify(gz_ros2_control) by extensions ['ros']
[0.195s] Level 1:colcon.colcon_core.package_identification:_identify(gz_ros2_control) by extension 'ros'
[0.195s] Level 1:colcon.colcon_core.package_identification:_identify(gz_ros2_control) by extensions ['cmake', 'python']
[0.195s] Level 1:colcon.colcon_core.package_identification:_identify(gz_ros2_control) by extension 'cmake'
[0.195s] Level 1:colcon.colcon_core.package_identification:_identify(gz_ros2_control) by extension 'python'
[0.195s] Level 1:colcon.colcon_core.package_identification:_identify(gz_ros2_control) by extensions ['python_setup_py']
[0.195s] Level 1:colcon.colcon_core.package_identification:_identify(gz_ros2_control) by extension 'python_setup_py'
[0.195s] Level 1:colcon.colcon_core.package_identification:_identify(gz_ros2_control/Dockerfile) by extensions ['ignore', 'ignore_ament_install']
[0.195s] Level 1:colcon.colcon_core.package_identification:_identify(gz_ros2_control/Dockerfile) by extension 'ignore'
[0.195s] Level 1:colcon.colcon_core.package_identification:_identify(gz_ros2_control/Dockerfile) by extension 'ignore_ament_install'
[0.195s] Level 1:colcon.colcon_core.package_identification:_identify(gz_ros2_control/Dockerfile) by extensions ['colcon_pkg']
[0.195s] Level 1:colcon.colcon_core.package_identification:_identify(gz_ros2_control/Dockerfile) by extension 'colcon_pkg'
[0.195s] Level 1:colcon.colcon_core.package_identification:_identify(gz_ros2_control/Dockerfile) by extensions ['colcon_meta']
[0.195s] Level 1:colcon.colcon_core.package_identification:_identify(gz_ros2_control/Dockerfile) by extension 'colcon_meta'
[0.195s] Level 1:colcon.colcon_core.package_identification:_identify(gz_ros2_control/Dockerfile) by extensions ['ros']
[0.195s] Level 1:colcon.colcon_core.package_identification:_identify(gz_ros2_control/Dockerfile) by extension 'ros'
[0.195s] Level 1:colcon.colcon_core.package_identification:_identify(gz_ros2_control/Dockerfile) by extensions ['cmake', 'python']
[0.195s] Level 1:colcon.colcon_core.package_identification:_identify(gz_ros2_control/Dockerfile) by extension 'cmake'
[0.195s] Level 1:colcon.colcon_core.package_identification:_identify(gz_ros2_control/Dockerfile) by extension 'python'
[0.195s] Level 1:colcon.colcon_core.package_identification:_identify(gz_ros2_control/Dockerfile) by extensions ['python_setup_py']
[0.196s] Level 1:colcon.colcon_core.package_identification:_identify(gz_ros2_control/Dockerfile) by extension 'python_setup_py'
[0.196s] Level 1:colcon.colcon_core.package_identification:_identify(gz_ros2_control/doc) by extensions ['ignore', 'ignore_ament_install']
[0.196s] Level 1:colcon.colcon_core.package_identification:_identify(gz_ros2_control/doc) by extension 'ignore'
[0.196s] Level 1:colcon.colcon_core.package_identification:_identify(gz_ros2_control/doc) by extension 'ignore_ament_install'
[0.196s] Level 1:colcon.colcon_core.package_identification:_identify(gz_ros2_control/doc) by extensions ['colcon_pkg']
[0.196s] Level 1:colcon.colcon_core.package_identification:_identify(gz_ros2_control/doc) by extension 'colcon_pkg'
[0.196s] Level 1:colcon.colcon_core.package_identification:_identify(gz_ros2_control/doc) by extensions ['colcon_meta']
[0.196s] Level 1:colcon.colcon_core.package_identification:_identify(gz_ros2_control/doc) by extension 'colcon_meta'
[0.196s] Level 1:colcon.colcon_core.package_identification:_identify(gz_ros2_control/doc) by extensions ['ros']
[0.196s] Level 1:colcon.colcon_core.package_identification:_identify(gz_ros2_control/doc) by extension 'ros'
[0.196s] Level 1:colcon.colcon_core.package_identification:_identify(gz_ros2_control/doc) by extensions ['cmake', 'python']
[0.196s] Level 1:colcon.colcon_core.package_identification:_identify(gz_ros2_control/doc) by extension 'cmake'
[0.196s] Level 1:colcon.colcon_core.package_identification:_identify(gz_ros2_control/doc) by extension 'python'
[0.196s] Level 1:colcon.colcon_core.package_identification:_identify(gz_ros2_control/doc) by extensions ['python_setup_py']
[0.196s] Level 1:colcon.colcon_core.package_identification:_identify(gz_ros2_control/doc) by extension 'python_setup_py'
[0.196s] Level 1:colcon.colcon_core.package_identification:_identify(gz_ros2_control/doc/img) by extensions ['ignore', 'ignore_ament_install']
[0.196s] Level 1:colcon.colcon_core.package_identification:_identify(gz_ros2_control/doc/img) by extension 'ignore'
[0.196s] Level 1:colcon.colcon_core.package_identification:_identify(gz_ros2_control/doc/img) by extension 'ignore_ament_install'
[0.196s] Level 1:colcon.colcon_core.package_identification:_identify(gz_ros2_control/doc/img) by extensions ['colcon_pkg']
[0.196s] Level 1:colcon.colcon_core.package_identification:_identify(gz_ros2_control/doc/img) by extension 'colcon_pkg'
[0.196s] Level 1:colcon.colcon_core.package_identification:_identify(gz_ros2_control/doc/img) by extensions ['colcon_meta']
[0.196s] Level 1:colcon.colcon_core.package_identification:_identify(gz_ros2_control/doc/img) by extension 'colcon_meta'
[0.196s] Level 1:colcon.colcon_core.package_identification:_identify(gz_ros2_control/doc/img) by extensions ['ros']
[0.196s] Level 1:colcon.colcon_core.package_identification:_identify(gz_ros2_control/doc/img) by extension 'ros'
[0.196s] Level 1:colcon.colcon_core.package_identification:_identify(gz_ros2_control/doc/img) by extensions ['cmake', 'python']
[0.196s] Level 1:colcon.colcon_core.package_identification:_identify(gz_ros2_control/doc/img) by extension 'cmake'
[0.196s] Level 1:colcon.colcon_core.package_identification:_identify(gz_ros2_control/doc/img) by extension 'python'
[0.196s] Level 1:colcon.colcon_core.package_identification:_identify(gz_ros2_control/doc/img) by extensions ['python_setup_py']
[0.196s] Level 1:colcon.colcon_core.package_identification:_identify(gz_ros2_control/doc/img) by extension 'python_setup_py'
[0.196s] Level 1:colcon.colcon_core.package_identification:_identify(gz_ros2_control/gz_ros2_control) by extensions ['ignore', 'ignore_ament_install']
[0.196s] Level 1:colcon.colcon_core.package_identification:_identify(gz_ros2_control/gz_ros2_control) by extension 'ignore'
[0.196s] Level 1:colcon.colcon_core.package_identification:_identify(gz_ros2_control/gz_ros2_control) by extension 'ignore_ament_install'
[0.196s] Level 1:colcon.colcon_core.package_identification:_identify(gz_ros2_control/gz_ros2_control) by extensions ['colcon_pkg']
[0.196s] Level 1:colcon.colcon_core.package_identification:_identify(gz_ros2_control/gz_ros2_control) by extension 'colcon_pkg'
[0.196s] Level 1:colcon.colcon_core.package_identification:_identify(gz_ros2_control/gz_ros2_control) by extensions ['colcon_meta']
[0.196s] Level 1:colcon.colcon_core.package_identification:_identify(gz_ros2_control/gz_ros2_control) by extension 'colcon_meta'
[0.196s] Level 1:colcon.colcon_core.package_identification:_identify(gz_ros2_control/gz_ros2_control) by extensions ['ros']
[0.196s] Level 1:colcon.colcon_core.package_identification:_identify(gz_ros2_control/gz_ros2_control) by extension 'ros'
[0.200s] DEBUG:colcon.colcon_core.package_identification:Package 'gz_ros2_control/gz_ros2_control' with type 'ros.ament_cmake' and name 'gz_ros2_control'
[0.200s] Level 1:colcon.colcon_core.package_identification:_identify(gz_ros2_control/gz_ros2_control_demos) by extensions ['ignore', 'ignore_ament_install']
[0.200s] Level 1:colcon.colcon_core.package_identification:_identify(gz_ros2_control/gz_ros2_control_demos) by extension 'ignore'
[0.201s] Level 1:colcon.colcon_core.package_identification:_identify(gz_ros2_control/gz_ros2_control_demos) by extension 'ignore_ament_install'
[0.201s] Level 1:colcon.colcon_core.package_identification:_identify(gz_ros2_control/gz_ros2_control_demos) by extensions ['colcon_pkg']
[0.201s] Level 1:colcon.colcon_core.package_identification:_identify(gz_ros2_control/gz_ros2_control_demos) by extension 'colcon_pkg'
[0.201s] Level 1:colcon.colcon_core.package_identification:_identify(gz_ros2_control/gz_ros2_control_demos) by extensions ['colcon_meta']
[0.201s] Level 1:colcon.colcon_core.package_identification:_identify(gz_ros2_control/gz_ros2_control_demos) by extension 'colcon_meta'
[0.201s] Level 1:colcon.colcon_core.package_identification:_identify(gz_ros2_control/gz_ros2_control_demos) by extensions ['ros']
[0.201s] Level 1:colcon.colcon_core.package_identification:_identify(gz_ros2_control/gz_ros2_control_demos) by extension 'ros'
[0.202s] DEBUG:colcon.colcon_core.package_identification:Package 'gz_ros2_control/gz_ros2_control_demos' with type 'ros.ament_cmake' and name 'gz_ros2_control_demos'
[0.202s] Level 1:colcon.colcon_core.package_identification:_identify(gz_ros2_control/gz_ros2_control_tests) by extensions ['ignore', 'ignore_ament_install']
[0.202s] Level 1:colcon.colcon_core.package_identification:_identify(gz_ros2_control/gz_ros2_control_tests) by extension 'ignore'
[0.202s] Level 1:colcon.colcon_core.package_identification:_identify(gz_ros2_control/gz_ros2_control_tests) by extension 'ignore_ament_install'
[0.202s] Level 1:colcon.colcon_core.package_identification:_identify(gz_ros2_control/gz_ros2_control_tests) by extensions ['colcon_pkg']
[0.202s] Level 1:colcon.colcon_core.package_identification:_identify(gz_ros2_control/gz_ros2_control_tests) by extension 'colcon_pkg'
[0.202s] Level 1:colcon.colcon_core.package_identification:_identify(gz_ros2_control/gz_ros2_control_tests) by extensions ['colcon_meta']
[0.202s] Level 1:colcon.colcon_core.package_identification:_identify(gz_ros2_control/gz_ros2_control_tests) by extension 'colcon_meta'
[0.202s] Level 1:colcon.colcon_core.package_identification:_identify(gz_ros2_control/gz_ros2_control_tests) by extensions ['ros']
[0.202s] Level 1:colcon.colcon_core.package_identification:_identify(gz_ros2_control/gz_ros2_control_tests) by extension 'ros'
[0.203s] DEBUG:colcon.colcon_core.package_identification:Package 'gz_ros2_control/gz_ros2_control_tests' with type 'ros.ament_cmake' and name 'gz_ros2_control_tests'
[0.203s] Level 1:colcon.colcon_core.package_identification:_identify(install) by extensions ['ignore', 'ignore_ament_install']
[0.203s] Level 1:colcon.colcon_core.package_identification:_identify(install) by extension 'ignore'
[0.203s] Level 1:colcon.colcon_core.package_identification:_identify(install) ignored
[0.203s] Level 1:colcon.colcon_core.package_identification:_identify(log) by extensions ['ignore', 'ignore_ament_install']
[0.203s] Level 1:colcon.colcon_core.package_identification:_identify(log) by extension 'ignore'
[0.203s] Level 1:colcon.colcon_core.package_identification:_identify(log) ignored
[0.203s] Level 1:colcon.colcon_core.package_discovery:discover_packages(recursive) using defaults
[0.203s] Level 1:colcon.colcon_core.package_discovery:discover_packages(ignore) discover
[0.203s] Level 1:colcon.colcon_core.package_discovery:discover_packages(ignore) using defaults
[0.203s] Level 1:colcon.colcon_core.package_discovery:discover_packages(path) discover
[0.203s] Level 1:colcon.colcon_core.package_discovery:discover_packages(path) using defaults
[0.222s] Level 5:colcon.colcon_core.verb:set package 'gz_ros2_control' build argument 'cmake_args' from command line to 'None'
[0.222s] Level 5:colcon.colcon_core.verb:set package 'gz_ros2_control' build argument 'cmake_target' from command line to 'None'
[0.222s] Level 5:colcon.colcon_core.verb:set package 'gz_ros2_control' build argument 'cmake_target_skip_unavailable' from command line to 'False'
[0.222s] Level 5:colcon.colcon_core.verb:set package 'gz_ros2_control' build argument 'cmake_clean_cache' from command line to 'False'
[0.222s] Level 5:colcon.colcon_core.verb:set package 'gz_ros2_control' build argument 'cmake_clean_first' from command line to 'False'
[0.222s] Level 5:colcon.colcon_core.verb:set package 'gz_ros2_control' build argument 'cmake_force_configure' from command line to 'False'
[0.222s] Level 5:colcon.colcon_core.verb:set package 'gz_ros2_control' build argument 'ament_cmake_args' from command line to 'None'
[0.222s] Level 5:colcon.colcon_core.verb:set package 'gz_ros2_control' build argument 'catkin_cmake_args' from command line to 'None'
[0.222s] Level 5:colcon.colcon_core.verb:set package 'gz_ros2_control' build argument 'catkin_skip_building_tests' from command line to 'False'
[0.222s] DEBUG:colcon.colcon_core.verb:Building package 'gz_ros2_control' with the following arguments: {'ament_cmake_args': None, 'build_base': '/ros2_ws/src/build/gz_ros2_control', 'catkin_cmake_args': None, 'catkin_skip_building_tests': False, 'cmake_args': None, 'cmake_clean_cache': False, 'cmake_clean_first': False, 'cmake_force_configure': False, 'cmake_target': None, 'cmake_target_skip_unavailable': False, 'install_base': '/ros2_ws/src/install/gz_ros2_control', 'merge_install': False, 'path': '/ros2_ws/src/gz_ros2_control/gz_ros2_control', 'symlink_install': True, 'test_result_base': None}
[0.222s] Level 5:colcon.colcon_core.verb:set package 'biped' build argument 'cmake_args' from command line to 'None'
[0.222s] Level 5:colcon.colcon_core.verb:set package 'biped' build argument 'cmake_target' from command line to 'None'
[0.222s] Level 5:colcon.colcon_core.verb:set package 'biped' build argument 'cmake_target_skip_unavailable' from command line to 'False'
[0.222s] Level 5:colcon.colcon_core.verb:set package 'biped' build argument 'cmake_clean_cache' from command line to 'False'
[0.222s] Level 5:colcon.colcon_core.verb:set package 'biped' build argument 'cmake_clean_first' from command line to 'False'
[0.222s] Level 5:colcon.colcon_core.verb:set package 'biped' build argument 'cmake_force_configure' from command line to 'False'
[0.222s] Level 5:colcon.colcon_core.verb:set package 'biped' build argument 'ament_cmake_args' from command line to 'None'
[0.222s] Level 5:colcon.colcon_core.verb:set package 'biped' build argument 'catkin_cmake_args' from command line to 'None'
[0.222s] Level 5:colcon.colcon_core.verb:set package 'biped' build argument 'catkin_skip_building_tests' from command line to 'False'
[0.222s] DEBUG:colcon.colcon_core.verb:Building package 'biped' with the following arguments: {'ament_cmake_args': None, 'build_base': '/ros2_ws/src/build/biped', 'catkin_cmake_args': None, 'catkin_skip_building_tests': False, 'cmake_args': None, 'cmake_clean_cache': False, 'cmake_clean_first': False, 'cmake_force_configure': False, 'cmake_target': None, 'cmake_target_skip_unavailable': False, 'install_base': '/ros2_ws/src/install/biped', 'merge_install': False, 'path': '/ros2_ws/src/biped', 'symlink_install': True, 'test_result_base': None}
[0.223s] Level 5:colcon.colcon_core.verb:set package 'gz_ros2_control_demos' build argument 'cmake_args' from command line to 'None'
[0.223s] Level 5:colcon.colcon_core.verb:set package 'gz_ros2_control_demos' build argument 'cmake_target' from command line to 'None'
[0.223s] Level 5:colcon.colcon_core.verb:set package 'gz_ros2_control_demos' build argument 'cmake_target_skip_unavailable' from command line to 'False'
[0.223s] Level 5:colcon.colcon_core.verb:set package 'gz_ros2_control_demos' build argument 'cmake_clean_cache' from command line to 'False'
[0.223s] Level 5:colcon.colcon_core.verb:set package 'gz_ros2_control_demos' build argument 'cmake_clean_first' from command line to 'False'
[0.223s] Level 5:colcon.colcon_core.verb:set package 'gz_ros2_control_demos' build argument 'cmake_force_configure' from command line to 'False'
[0.223s] Level 5:colcon.colcon_core.verb:set package 'gz_ros2_control_demos' build argument 'ament_cmake_args' from command line to 'None'
[0.223s] Level 5:colcon.colcon_core.verb:set package 'gz_ros2_control_demos' build argument 'catkin_cmake_args' from command line to 'None'
[0.223s] Level 5:colcon.colcon_core.verb:set package 'gz_ros2_control_demos' build argument 'catkin_skip_building_tests' from command line to 'False'
[0.223s] DEBUG:colcon.colcon_core.verb:Building package 'gz_ros2_control_demos' with the following arguments: {'ament_cmake_args': None, 'build_base': '/ros2_ws/src/build/gz_ros2_control_demos', 'catkin_cmake_args': None, 'catkin_skip_building_tests': False, 'cmake_args': None, 'cmake_clean_cache': False, 'cmake_clean_first': False, 'cmake_force_configure': False, 'cmake_target': None, 'cmake_target_skip_unavailable': False, 'install_base': '/ros2_ws/src/install/gz_ros2_control_demos', 'merge_install': False, 'path': '/ros2_ws/src/gz_ros2_control/gz_ros2_control_demos', 'symlink_install': True, 'test_result_base': None}
[0.223s] Level 5:colcon.colcon_core.verb:set package 'gz_ros2_control_tests' build argument 'cmake_args' from command line to 'None'
[0.223s] Level 5:colcon.colcon_core.verb:set package 'gz_ros2_control_tests' build argument 'cmake_target' from command line to 'None'
[0.223s] Level 5:colcon.colcon_core.verb:set package 'gz_ros2_control_tests' build argument 'cmake_target_skip_unavailable' from command line to 'False'
[0.223s] Level 5:colcon.colcon_core.verb:set package 'gz_ros2_control_tests' build argument 'cmake_clean_cache' from command line to 'False'
[0.223s] Level 5:colcon.colcon_core.verb:set package 'gz_ros2_control_tests' build argument 'cmake_clean_first' from command line to 'False'
[0.223s] Level 5:colcon.colcon_core.verb:set package 'gz_ros2_control_tests' build argument 'cmake_force_configure' from command line to 'False'
[0.223s] Level 5:colcon.colcon_core.verb:set package 'gz_ros2_control_tests' build argument 'ament_cmake_args' from command line to 'None'
[0.223s] Level 5:colcon.colcon_core.verb:set package 'gz_ros2_control_tests' build argument 'catkin_cmake_args' from command line to 'None'
[0.223s] Level 5:colcon.colcon_core.verb:set package 'gz_ros2_control_tests' build argument 'catkin_skip_building_tests' from command line to 'False'
[0.223s] DEBUG:colcon.colcon_core.verb:Building package 'gz_ros2_control_tests' with the following arguments: {'ament_cmake_args': None, 'build_base': '/ros2_ws/src/build/gz_ros2_control_tests', 'catkin_cmake_args': None, 'catkin_skip_building_tests': False, 'cmake_args': None, 'cmake_clean_cache': False, 'cmake_clean_first': False, 'cmake_force_configure': False, 'cmake_target': None, 'cmake_target_skip_unavailable': False, 'install_base': '/ros2_ws/src/install/gz_ros2_control_tests', 'merge_install': False, 'path': '/ros2_ws/src/gz_ros2_control/gz_ros2_control_tests', 'symlink_install': True, 'test_result_base': None}
[0.223s] INFO:colcon.colcon_core.executor:Executing jobs using 'parallel' executor
[0.224s] DEBUG:colcon.colcon_parallel_executor.executor.parallel:run_until_complete
[0.224s] INFO:colcon.colcon_ros.task.ament_cmake.build:Building ROS package in '/ros2_ws/src/gz_ros2_control/gz_ros2_control' with build type 'ament_cmake'
[0.225s] INFO:colcon.colcon_cmake.task.cmake.build:Building CMake package in '/ros2_ws/src/gz_ros2_control/gz_ros2_control'
[0.240s] INFO:colcon.colcon_core.plugin_system:Skipping extension 'colcon_core.shell.bat': Not used on non-Windows systems
[0.240s] INFO:colcon.colcon_core.shell:Skip shell extension 'powershell' for command environment: Not usable outside of PowerShell
[0.240s] DEBUG:colcon.colcon_core.shell:Skip shell extension 'dsv' for command environment
[0.251s] DEBUG:colcon.colcon_core.event_handler.log_command:Invoking command in '/ros2_ws/src/build/gz_ros2_control': CMAKE_PREFIX_PATH=${CMAKE_PREFIX_PATH}:/opt/ros/humble /usr/bin/cmake /ros2_ws/src/gz_ros2_control/gz_ros2_control -DAMENT_CMAKE_SYMLINK_INSTALL=1 -DCMAKE_INSTALL_PREFIX=/ros2_ws/src/install/gz_ros2_control
[1.919s] DEBUG:colcon.colcon_core.event_handler.log_command:Invoked command in '/ros2_ws/src/build/gz_ros2_control' returned '0': CMAKE_PREFIX_PATH=${CMAKE_PREFIX_PATH}:/opt/ros/humble /usr/bin/cmake /ros2_ws/src/gz_ros2_control/gz_ros2_control -DAMENT_CMAKE_SYMLINK_INSTALL=1 -DCMAKE_INSTALL_PREFIX=/ros2_ws/src/install/gz_ros2_control
[1.920s] DEBUG:colcon.colcon_core.event_handler.log_command:Invoking command in '/ros2_ws/src/build/gz_ros2_control': CMAKE_PREFIX_PATH=${CMAKE_PREFIX_PATH}:/opt/ros/humble /usr/bin/cmake --build /ros2_ws/src/build/gz_ros2_control -- -j16 -l16
[2.684s] DEBUG:colcon.colcon_core.event_handler.log_command:Invoked command in '/ros2_ws/src/build/gz_ros2_control' returned '0': CMAKE_PREFIX_PATH=${CMAKE_PREFIX_PATH}:/opt/ros/humble /usr/bin/cmake --build /ros2_ws/src/build/gz_ros2_control -- -j16 -l16
[2.694s] DEBUG:colcon.colcon_core.event_handler.log_command:Invoking command in '/ros2_ws/src/build/gz_ros2_control': CMAKE_PREFIX_PATH=${CMAKE_PREFIX_PATH}:/opt/ros/humble /usr/bin/cmake --install /ros2_ws/src/build/gz_ros2_control
[2.929s] Level 1:colcon.colcon_core.environment:create_environment_scripts_only(gz_ros2_control)
[2.929s] DEBUG:colcon.colcon_core.event_handler.log_command:Invoked command in '/ros2_ws/src/build/gz_ros2_control' returned '0': CMAKE_PREFIX_PATH=${CMAKE_PREFIX_PATH}:/opt/ros/humble /usr/bin/cmake --install /ros2_ws/src/build/gz_ros2_control
[2.933s] Level 1:colcon.colcon_core.environment:checking '/ros2_ws/src/install/gz_ros2_control' for CMake module files
[2.933s] Level 1:colcon.colcon_core.environment:checking '/ros2_ws/src/install/gz_ros2_control' for CMake config files
[2.933s] Level 1:colcon.colcon_core.shell:create_environment_hook('gz_ros2_control', 'cmake_prefix_path')
[2.933s] INFO:colcon.colcon_core.shell:Creating environment hook '/ros2_ws/src/install/gz_ros2_control/share/gz_ros2_control/hook/cmake_prefix_path.ps1'
[2.934s] INFO:colcon.colcon_core.shell:Creating environment descriptor '/ros2_ws/src/install/gz_ros2_control/share/gz_ros2_control/hook/cmake_prefix_path.dsv'
[2.934s] INFO:colcon.colcon_core.shell:Creating environment hook '/ros2_ws/src/install/gz_ros2_control/share/gz_ros2_control/hook/cmake_prefix_path.sh'
[2.935s] Level 1:colcon.colcon_core.environment:checking '/ros2_ws/src/install/gz_ros2_control/lib'
[2.935s] Level 1:colcon.colcon_core.shell:create_environment_hook('gz_ros2_control', 'ld_library_path_lib')
[2.936s] INFO:colcon.colcon_core.shell:Creating environment hook '/ros2_ws/src/install/gz_ros2_control/share/gz_ros2_control/hook/ld_library_path_lib.ps1'
[2.936s] INFO:colcon.colcon_core.shell:Creating environment descriptor '/ros2_ws/src/install/gz_ros2_control/share/gz_ros2_control/hook/ld_library_path_lib.dsv'
[2.936s] INFO:colcon.colcon_core.shell:Creating environment hook '/ros2_ws/src/install/gz_ros2_control/share/gz_ros2_control/hook/ld_library_path_lib.sh'
[2.936s] Level 1:colcon.colcon_core.environment:checking '/ros2_ws/src/install/gz_ros2_control/bin'
[2.936s] Level 1:colcon.colcon_core.environment:checking '/ros2_ws/src/install/gz_ros2_control/lib/pkgconfig/gz_ros2_control.pc'
[2.939s] Level 1:colcon.colcon_core.environment:checking '/ros2_ws/src/install/gz_ros2_control/lib/python3.10/site-packages'
[2.939s] Level 1:colcon.colcon_core.environment:checking '/ros2_ws/src/install/gz_ros2_control/bin'
[2.939s] INFO:colcon.colcon_core.shell:Creating package script '/ros2_ws/src/install/gz_ros2_control/share/gz_ros2_control/package.ps1'
[2.940s] INFO:colcon.colcon_core.shell:Creating package descriptor '/ros2_ws/src/install/gz_ros2_control/share/gz_ros2_control/package.dsv'
[2.941s] INFO:colcon.colcon_core.shell:Creating package script '/ros2_ws/src/install/gz_ros2_control/share/gz_ros2_control/package.sh'
[2.941s] INFO:colcon.colcon_core.shell:Creating package script '/ros2_ws/src/install/gz_ros2_control/share/gz_ros2_control/package.bash'
[2.942s] INFO:colcon.colcon_core.shell:Creating package script '/ros2_ws/src/install/gz_ros2_control/share/gz_ros2_control/package.zsh'
[2.943s] Level 1:colcon.colcon_core.environment:create_file_with_runtime_dependencies(/ros2_ws/src/install/gz_ros2_control/share/colcon-core/packages/gz_ros2_control)
[2.943s] Level 1:colcon.colcon_core.environment:create_environment_scripts_only(gz_ros2_control)
[2.943s] Level 1:colcon.colcon_core.environment:checking '/ros2_ws/src/install/gz_ros2_control' for CMake module files
[2.944s] Level 1:colcon.colcon_core.environment:checking '/ros2_ws/src/install/gz_ros2_control' for CMake config files
[2.944s] Level 1:colcon.colcon_core.shell:create_environment_hook('gz_ros2_control', 'cmake_prefix_path')
[2.944s] INFO:colcon.colcon_core.shell:Creating environment hook '/ros2_ws/src/install/gz_ros2_control/share/gz_ros2_control/hook/cmake_prefix_path.ps1'
[2.945s] INFO:colcon.colcon_core.shell:Creating environment descriptor '/ros2_ws/src/install/gz_ros2_control/share/gz_ros2_control/hook/cmake_prefix_path.dsv'
[2.945s] INFO:colcon.colcon_core.shell:Creating environment hook '/ros2_ws/src/install/gz_ros2_control/share/gz_ros2_control/hook/cmake_prefix_path.sh'
[2.945s] Level 1:colcon.colcon_core.environment:checking '/ros2_ws/src/install/gz_ros2_control/lib'
[2.945s] Level 1:colcon.colcon_core.shell:create_environment_hook('gz_ros2_control', 'ld_library_path_lib')
[2.945s] INFO:colcon.colcon_core.shell:Creating environment hook '/ros2_ws/src/install/gz_ros2_control/share/gz_ros2_control/hook/ld_library_path_lib.ps1'
[2.946s] INFO:colcon.colcon_core.shell:Creating environment descriptor '/ros2_ws/src/install/gz_ros2_control/share/gz_ros2_control/hook/ld_library_path_lib.dsv'
[2.946s] INFO:colcon.colcon_core.shell:Creating environment hook '/ros2_ws/src/install/gz_ros2_control/share/gz_ros2_control/hook/ld_library_path_lib.sh'
[2.946s] Level 1:colcon.colcon_core.environment:checking '/ros2_ws/src/install/gz_ros2_control/bin'
[2.946s] Level 1:colcon.colcon_core.environment:checking '/ros2_ws/src/install/gz_ros2_control/lib/pkgconfig/gz_ros2_control.pc'
[2.946s] Level 1:colcon.colcon_core.environment:checking '/ros2_ws/src/install/gz_ros2_control/lib/python3.10/site-packages'
[2.947s] Level 1:colcon.colcon_core.environment:checking '/ros2_ws/src/install/gz_ros2_control/bin'
[2.947s] INFO:colcon.colcon_core.shell:Creating package script '/ros2_ws/src/install/gz_ros2_control/share/gz_ros2_control/package.ps1'
[2.947s] INFO:colcon.colcon_core.shell:Creating package descriptor '/ros2_ws/src/install/gz_ros2_control/share/gz_ros2_control/package.dsv'
[2.947s] INFO:colcon.colcon_core.shell:Creating package script '/ros2_ws/src/install/gz_ros2_control/share/gz_ros2_control/package.sh'
[2.948s] INFO:colcon.colcon_core.shell:Creating package script '/ros2_ws/src/install/gz_ros2_control/share/gz_ros2_control/package.bash'
[2.948s] INFO:colcon.colcon_core.shell:Creating package script '/ros2_ws/src/install/gz_ros2_control/share/gz_ros2_control/package.zsh'
[2.948s] Level 1:colcon.colcon_core.environment:create_file_with_runtime_dependencies(/ros2_ws/src/install/gz_ros2_control/share/colcon-core/packages/gz_ros2_control)
[2.949s] INFO:colcon.colcon_ros.task.ament_cmake.build:Building ROS package in '/ros2_ws/src/biped' with build type 'ament_cmake'
[2.949s] INFO:colcon.colcon_cmake.task.cmake.build:Building CMake package in '/ros2_ws/src/biped'
[2.949s] INFO:colcon.colcon_core.shell:Skip shell extension 'powershell' for command environment: Not usable outside of PowerShell
[2.949s] DEBUG:colcon.colcon_core.shell:Skip shell extension 'dsv' for command environment
[2.953s] INFO:colcon.colcon_ros.task.ament_cmake.build:Building ROS package in '/ros2_ws/src/gz_ros2_control/gz_ros2_control_demos' with build type 'ament_cmake'
[2.953s] INFO:colcon.colcon_cmake.task.cmake.build:Building CMake package in '/ros2_ws/src/gz_ros2_control/gz_ros2_control_demos'
[2.953s] INFO:colcon.colcon_core.shell:Skip shell extension 'powershell' for command environment: Not usable outside of PowerShell
[2.953s] DEBUG:colcon.colcon_core.shell:Skip shell extension 'dsv' for command environment
[2.957s] INFO:colcon.colcon_ros.task.ament_cmake.build:Building ROS package in '/ros2_ws/src/gz_ros2_control/gz_ros2_control_tests' with build type 'ament_cmake'
[2.957s] INFO:colcon.colcon_cmake.task.cmake.build:Building CMake package in '/ros2_ws/src/gz_ros2_control/gz_ros2_control_tests'
[2.957s] INFO:colcon.colcon_core.shell:Skip shell extension 'powershell' for command environment: Not usable outside of PowerShell
[2.957s] DEBUG:colcon.colcon_core.shell:Skip shell extension 'dsv' for command environment
[2.964s] DEBUG:colcon.colcon_core.event_handler.log_command:Invoking command in '/ros2_ws/src/build/biped': CMAKE_PREFIX_PATH=/ros2_ws/src/install/gz_ros2_control:/ros2_ws/src/install/gz_ros2_control_tests:/ros2_ws/src/install/gz_ros2_control_demos:/ros2_ws/src/install/biped:/opt/ros/humble /usr/bin/cmake /ros2_ws/src/biped -DAMENT_CMAKE_SYMLINK_INSTALL=1 -DCMAKE_INSTALL_PREFIX=/ros2_ws/src/install/biped
[2.967s] DEBUG:colcon.colcon_core.event_handler.log_command:Invoking command in '/ros2_ws/src/build/gz_ros2_control_demos': CMAKE_PREFIX_PATH=/ros2_ws/src/install/gz_ros2_control:/ros2_ws/src/install/gz_ros2_control_tests:/ros2_ws/src/install/gz_ros2_control_demos:/ros2_ws/src/install/biped:/opt/ros/humble /usr/bin/cmake /ros2_ws/src/gz_ros2_control/gz_ros2_control_demos -DAMENT_CMAKE_SYMLINK_INSTALL=1 -DCMAKE_INSTALL_PREFIX=/ros2_ws/src/install/gz_ros2_control_demos
[2.971s] DEBUG:colcon.colcon_core.event_handler.log_command:Invoking command in '/ros2_ws/src/build/gz_ros2_control_tests': CMAKE_PREFIX_PATH=/ros2_ws/src/install/gz_ros2_control:/ros2_ws/src/install/gz_ros2_control_tests:/ros2_ws/src/install/gz_ros2_control_demos:/ros2_ws/src/install/biped:/opt/ros/humble /usr/bin/cmake /ros2_ws/src/gz_ros2_control/gz_ros2_control_tests -DAMENT_CMAKE_SYMLINK_INSTALL=1 -DCMAKE_INSTALL_PREFIX=/ros2_ws/src/install/gz_ros2_control_tests
[3.423s] DEBUG:colcon.colcon_core.event_handler.log_command:Invoked command in '/ros2_ws/src/build/biped' returned '0': CMAKE_PREFIX_PATH=/ros2_ws/src/install/gz_ros2_control:/ros2_ws/src/install/gz_ros2_control_tests:/ros2_ws/src/install/gz_ros2_control_demos:/ros2_ws/src/install/biped:/opt/ros/humble /usr/bin/cmake /ros2_ws/src/biped -DAMENT_CMAKE_SYMLINK_INSTALL=1 -DCMAKE_INSTALL_PREFIX=/ros2_ws/src/install/biped
[3.424s] DEBUG:colcon.colcon_core.event_handler.log_command:Invoking command in '/ros2_ws/src/build/biped': CMAKE_PREFIX_PATH=/ros2_ws/src/install/gz_ros2_control:/ros2_ws/src/install/gz_ros2_control_tests:/ros2_ws/src/install/gz_ros2_control_demos:/ros2_ws/src/install/biped:/opt/ros/humble /usr/bin/cmake --build /ros2_ws/src/build/biped -- -j16 -l16
[3.464s] DEBUG:colcon.colcon_core.event_handler.log_command:Invoked command in '/ros2_ws/src/build/biped' returned '0': CMAKE_PREFIX_PATH=/ros2_ws/src/install/gz_ros2_control:/ros2_ws/src/install/gz_ros2_control_tests:/ros2_ws/src/install/gz_ros2_control_demos:/ros2_ws/src/install/biped:/opt/ros/humble /usr/bin/cmake --build /ros2_ws/src/build/biped -- -j16 -l16
[3.465s] DEBUG:colcon.colcon_core.event_handler.log_command:Invoking command in '/ros2_ws/src/build/biped': CMAKE_PREFIX_PATH=/ros2_ws/src/install/gz_ros2_control:/ros2_ws/src/install/gz_ros2_control_tests:/ros2_ws/src/install/gz_ros2_control_demos:/ros2_ws/src/install/biped:/opt/ros/humble /usr/bin/cmake --install /ros2_ws/src/build/biped
[3.526s] DEBUG:colcon.colcon_core.event_handler.log_command:Invoked command in '/ros2_ws/src/build/gz_ros2_control_tests' returned '0': CMAKE_PREFIX_PATH=/ros2_ws/src/install/gz_ros2_control:/ros2_ws/src/install/gz_ros2_control_tests:/ros2_ws/src/install/gz_ros2_control_demos:/ros2_ws/src/install/biped:/opt/ros/humble /usr/bin/cmake /ros2_ws/src/gz_ros2_control/gz_ros2_control_tests -DAMENT_CMAKE_SYMLINK_INSTALL=1 -DCMAKE_INSTALL_PREFIX=/ros2_ws/src/install/gz_ros2_control_tests
[3.526s] DEBUG:colcon.colcon_core.event_handler.log_command:Invoking command in '/ros2_ws/src/build/gz_ros2_control_tests': CMAKE_PREFIX_PATH=/ros2_ws/src/install/gz_ros2_control:/ros2_ws/src/install/gz_ros2_control_tests:/ros2_ws/src/install/gz_ros2_control_demos:/ros2_ws/src/install/biped:/opt/ros/humble /usr/bin/cmake --build /ros2_ws/src/build/gz_ros2_control_tests -- -j16 -l16
[3.543s] DEBUG:colcon.colcon_core.event_handler.log_command:Invoked command in '/ros2_ws/src/build/gz_ros2_control_demos' returned '0': CMAKE_PREFIX_PATH=/ros2_ws/src/install/gz_ros2_control:/ros2_ws/src/install/gz_ros2_control_tests:/ros2_ws/src/install/gz_ros2_control_demos:/ros2_ws/src/install/biped:/opt/ros/humble /usr/bin/cmake /ros2_ws/src/gz_ros2_control/gz_ros2_control_demos -DAMENT_CMAKE_SYMLINK_INSTALL=1 -DCMAKE_INSTALL_PREFIX=/ros2_ws/src/install/gz_ros2_control_demos
[3.546s] DEBUG:colcon.colcon_core.event_handler.log_command:Invoking command in '/ros2_ws/src/build/gz_ros2_control_demos': CMAKE_PREFIX_PATH=/ros2_ws/src/install/gz_ros2_control:/ros2_ws/src/install/gz_ros2_control_tests:/ros2_ws/src/install/gz_ros2_control_demos:/ros2_ws/src/install/biped:/opt/ros/humble /usr/bin/cmake --build /ros2_ws/src/build/gz_ros2_control_demos -- -j16 -l16
[3.913s] Level 1:colcon.colcon_core.environment:create_environment_scripts_only(biped)
[3.913s] Level 1:colcon.colcon_core.environment:checking '/ros2_ws/src/install/biped' for CMake module files
[3.914s] Level 1:colcon.colcon_core.environment:checking '/ros2_ws/src/install/biped' for CMake config files
[3.914s] Level 1:colcon.colcon_core.shell:create_environment_hook('biped', 'cmake_prefix_path')
[3.915s] INFO:colcon.colcon_core.shell:Creating environment hook '/ros2_ws/src/install/biped/share/biped/hook/cmake_prefix_path.ps1'
[3.924s] DEBUG:colcon.colcon_core.event_handler.log_command:Invoked command in '/ros2_ws/src/build/biped' returned '0': CMAKE_PREFIX_PATH=/ros2_ws/src/install/gz_ros2_control:/ros2_ws/src/install/gz_ros2_control_tests:/ros2_ws/src/install/gz_ros2_control_demos:/ros2_ws/src/install/biped:/opt/ros/humble /usr/bin/cmake --install /ros2_ws/src/build/biped
[3.924s] INFO:colcon.colcon_core.shell:Creating environment descriptor '/ros2_ws/src/install/biped/share/biped/hook/cmake_prefix_path.dsv'
[3.925s] INFO:colcon.colcon_core.shell:Creating environment hook '/ros2_ws/src/install/biped/share/biped/hook/cmake_prefix_path.sh'
[3.925s] Level 1:colcon.colcon_core.environment:checking '/ros2_ws/src/install/biped/bin'
[3.925s] Level 1:colcon.colcon_core.environment:checking '/ros2_ws/src/install/biped/lib/pkgconfig/biped.pc'
[3.926s] Level 1:colcon.colcon_core.environment:checking '/ros2_ws/src/install/biped/lib/python3.10/site-packages'
[3.926s] Level 1:colcon.colcon_core.environment:checking '/ros2_ws/src/install/biped/bin'
[3.926s] INFO:colcon.colcon_core.shell:Creating package script '/ros2_ws/src/install/biped/share/biped/package.ps1'
[3.927s] INFO:colcon.colcon_core.shell:Creating package descriptor '/ros2_ws/src/install/biped/share/biped/package.dsv'
[3.928s] INFO:colcon.colcon_core.shell:Creating package script '/ros2_ws/src/install/biped/share/biped/package.sh'
[3.930s] INFO:colcon.colcon_core.shell:Creating package script '/ros2_ws/src/install/biped/share/biped/package.bash'
[3.931s] INFO:colcon.colcon_core.shell:Creating package script '/ros2_ws/src/install/biped/share/biped/package.zsh'
[3.932s] Level 1:colcon.colcon_core.environment:create_file_with_runtime_dependencies(/ros2_ws/src/install/biped/share/colcon-core/packages/biped)
[3.934s] Level 1:colcon.colcon_core.environment:create_environment_scripts_only(biped)
[3.934s] Level 1:colcon.colcon_core.environment:checking '/ros2_ws/src/install/biped' for CMake module files
[3.935s] Level 1:colcon.colcon_core.environment:checking '/ros2_ws/src/install/biped' for CMake config files
[3.936s] Level 1:colcon.colcon_core.shell:create_environment_hook('biped', 'cmake_prefix_path')
[3.937s] INFO:colcon.colcon_core.shell:Creating environment hook '/ros2_ws/src/install/biped/share/biped/hook/cmake_prefix_path.ps1'
[3.938s] INFO:colcon.colcon_core.shell:Creating environment descriptor '/ros2_ws/src/install/biped/share/biped/hook/cmake_prefix_path.dsv'
[3.940s] INFO:colcon.colcon_core.shell:Creating environment hook '/ros2_ws/src/install/biped/share/biped/hook/cmake_prefix_path.sh'
[3.941s] Level 1:colcon.colcon_core.environment:checking '/ros2_ws/src/install/biped/bin'
[3.942s] Level 1:colcon.colcon_core.environment:checking '/ros2_ws/src/install/biped/lib/pkgconfig/biped.pc'
[3.942s] Level 1:colcon.colcon_core.environment:checking '/ros2_ws/src/install/biped/lib/python3.10/site-packages'
[3.943s] Level 1:colcon.colcon_core.environment:checking '/ros2_ws/src/install/biped/bin'
[3.943s] INFO:colcon.colcon_core.shell:Creating package script '/ros2_ws/src/install/biped/share/biped/package.ps1'
[3.945s] INFO:colcon.colcon_core.shell:Creating package descriptor '/ros2_ws/src/install/biped/share/biped/package.dsv'
[3.946s] INFO:colcon.colcon_core.shell:Creating package script '/ros2_ws/src/install/biped/share/biped/package.sh'
[3.947s] INFO:colcon.colcon_core.shell:Creating package script '/ros2_ws/src/install/biped/share/biped/package.bash'
[3.948s] INFO:colcon.colcon_core.shell:Creating package script '/ros2_ws/src/install/biped/share/biped/package.zsh'
[3.948s] Level 1:colcon.colcon_core.environment:create_file_with_runtime_dependencies(/ros2_ws/src/install/biped/share/colcon-core/packages/biped)
[4.035s] DEBUG:colcon.colcon_core.event_handler.log_command:Invoked command in '/ros2_ws/src/build/gz_ros2_control_tests' returned '0': CMAKE_PREFIX_PATH=/ros2_ws/src/install/gz_ros2_control:/ros2_ws/src/install/gz_ros2_control_tests:/ros2_ws/src/install/gz_ros2_control_demos:/ros2_ws/src/install/biped:/opt/ros/humble /usr/bin/cmake --build /ros2_ws/src/build/gz_ros2_control_tests -- -j16 -l16
[4.038s] DEBUG:colcon.colcon_core.event_handler.log_command:Invoking command in '/ros2_ws/src/build/gz_ros2_control_tests': CMAKE_PREFIX_PATH=/ros2_ws/src/install/gz_ros2_control:/ros2_ws/src/install/gz_ros2_control_tests:/ros2_ws/src/install/gz_ros2_control_demos:/ros2_ws/src/install/biped:/opt/ros/humble /usr/bin/cmake --install /ros2_ws/src/build/gz_ros2_control_tests
[4.103s] DEBUG:colcon.colcon_core.event_handler.log_command:Invoked command in '/ros2_ws/src/build/gz_ros2_control_demos' returned '0': CMAKE_PREFIX_PATH=/ros2_ws/src/install/gz_ros2_control:/ros2_ws/src/install/gz_ros2_control_tests:/ros2_ws/src/install/gz_ros2_control_demos:/ros2_ws/src/install/biped:/opt/ros/humble /usr/bin/cmake --build /ros2_ws/src/build/gz_ros2_control_demos -- -j16 -l16
[4.104s] DEBUG:colcon.colcon_core.event_handler.log_command:Invoking command in '/ros2_ws/src/build/gz_ros2_control_demos': CMAKE_PREFIX_PATH=/ros2_ws/src/install/gz_ros2_control:/ros2_ws/src/install/gz_ros2_control_tests:/ros2_ws/src/install/gz_ros2_control_demos:/ros2_ws/src/install/biped:/opt/ros/humble /usr/bin/cmake --install /ros2_ws/src/build/gz_ros2_control_demos
[4.229s] Level 1:colcon.colcon_core.environment:create_environment_scripts_only(gz_ros2_control_tests)
[4.230s] Level 1:colcon.colcon_core.environment:checking '/ros2_ws/src/install/gz_ros2_control_tests' for CMake module files
[4.230s] DEBUG:colcon.colcon_core.event_handler.log_command:Invoked command in '/ros2_ws/src/build/gz_ros2_control_tests' returned '0': CMAKE_PREFIX_PATH=/ros2_ws/src/install/gz_ros2_control:/ros2_ws/src/install/gz_ros2_control_tests:/ros2_ws/src/install/gz_ros2_control_demos:/ros2_ws/src/install/biped:/opt/ros/humble /usr/bin/cmake --install /ros2_ws/src/build/gz_ros2_control_tests
[4.230s] Level 1:colcon.colcon_core.environment:checking '/ros2_ws/src/install/gz_ros2_control_tests' for CMake config files
[4.231s] Level 1:colcon.colcon_core.shell:create_environment_hook('gz_ros2_control_tests', 'cmake_prefix_path')
[4.231s] INFO:colcon.colcon_core.shell:Creating environment hook '/ros2_ws/src/install/gz_ros2_control_tests/share/gz_ros2_control_tests/hook/cmake_prefix_path.ps1'
[4.231s] INFO:colcon.colcon_core.shell:Creating environment descriptor '/ros2_ws/src/install/gz_ros2_control_tests/share/gz_ros2_control_tests/hook/cmake_prefix_path.dsv'
[4.232s] INFO:colcon.colcon_core.shell:Creating environment hook '/ros2_ws/src/install/gz_ros2_control_tests/share/gz_ros2_control_tests/hook/cmake_prefix_path.sh'
[4.232s] Level 1:colcon.colcon_core.environment:checking '/ros2_ws/src/install/gz_ros2_control_tests/lib'
[4.232s] Level 1:colcon.colcon_core.environment:checking '/ros2_ws/src/install/gz_ros2_control_tests/bin'
[4.232s] Level 1:colcon.colcon_core.environment:checking '/ros2_ws/src/install/gz_ros2_control_tests/lib/pkgconfig/gz_ros2_control_tests.pc'
[4.232s] Level 1:colcon.colcon_core.environment:checking '/ros2_ws/src/install/gz_ros2_control_tests/lib/python3.10/site-packages'
[4.232s] Level 1:colcon.colcon_core.environment:checking '/ros2_ws/src/install/gz_ros2_control_tests/bin'
[4.233s] INFO:colcon.colcon_core.shell:Creating package script '/ros2_ws/src/install/gz_ros2_control_tests/share/gz_ros2_control_tests/package.ps1'
[4.233s] INFO:colcon.colcon_core.shell:Creating package descriptor '/ros2_ws/src/install/gz_ros2_control_tests/share/gz_ros2_control_tests/package.dsv'
[4.233s] INFO:colcon.colcon_core.shell:Creating package script '/ros2_ws/src/install/gz_ros2_control_tests/share/gz_ros2_control_tests/package.sh'
[4.234s] INFO:colcon.colcon_core.shell:Creating package script '/ros2_ws/src/install/gz_ros2_control_tests/share/gz_ros2_control_tests/package.bash'
[4.234s] INFO:colcon.colcon_core.shell:Creating package script '/ros2_ws/src/install/gz_ros2_control_tests/share/gz_ros2_control_tests/package.zsh'
[4.235s] Level 1:colcon.colcon_core.environment:create_file_with_runtime_dependencies(/ros2_ws/src/install/gz_ros2_control_tests/share/colcon-core/packages/gz_ros2_control_tests)
[4.235s] Level 1:colcon.colcon_core.environment:create_environment_scripts_only(gz_ros2_control_tests)
[4.235s] Level 1:colcon.colcon_core.environment:checking '/ros2_ws/src/install/gz_ros2_control_tests' for CMake module files
[4.236s] Level 1:colcon.colcon_core.environment:checking '/ros2_ws/src/install/gz_ros2_control_tests' for CMake config files
[4.236s] Level 1:colcon.colcon_core.shell:create_environment_hook('gz_ros2_control_tests', 'cmake_prefix_path')
[4.236s] INFO:colcon.colcon_core.shell:Creating environment hook '/ros2_ws/src/install/gz_ros2_control_tests/share/gz_ros2_control_tests/hook/cmake_prefix_path.ps1'
[4.237s] INFO:colcon.colcon_core.shell:Creating environment descriptor '/ros2_ws/src/install/gz_ros2_control_tests/share/gz_ros2_control_tests/hook/cmake_prefix_path.dsv'
[4.237s] INFO:colcon.colcon_core.shell:Creating environment hook '/ros2_ws/src/install/gz_ros2_control_tests/share/gz_ros2_control_tests/hook/cmake_prefix_path.sh'
[4.238s] Level 1:colcon.colcon_core.environment:checking '/ros2_ws/src/install/gz_ros2_control_tests/lib'
[4.238s] Level 1:colcon.colcon_core.environment:checking '/ros2_ws/src/install/gz_ros2_control_tests/bin'
[4.238s] Level 1:colcon.colcon_core.environment:checking '/ros2_ws/src/install/gz_ros2_control_tests/lib/pkgconfig/gz_ros2_control_tests.pc'
[4.238s] Level 1:colcon.colcon_core.environment:checking '/ros2_ws/src/install/gz_ros2_control_tests/lib/python3.10/site-packages'
[4.238s] Level 1:colcon.colcon_core.environment:checking '/ros2_ws/src/install/gz_ros2_control_tests/bin'
[4.239s] INFO:colcon.colcon_core.shell:Creating package script '/ros2_ws/src/install/gz_ros2_control_tests/share/gz_ros2_control_tests/package.ps1'
[4.239s] INFO:colcon.colcon_core.shell:Creating package descriptor '/ros2_ws/src/install/gz_ros2_control_tests/share/gz_ros2_control_tests/package.dsv'
[4.239s] INFO:colcon.colcon_core.shell:Creating package script '/ros2_ws/src/install/gz_ros2_control_tests/share/gz_ros2_control_tests/package.sh'
[4.240s] INFO:colcon.colcon_core.shell:Creating package script '/ros2_ws/src/install/gz_ros2_control_tests/share/gz_ros2_control_tests/package.bash'
[4.240s] INFO:colcon.colcon_core.shell:Creating package script '/ros2_ws/src/install/gz_ros2_control_tests/share/gz_ros2_control_tests/package.zsh'
[4.240s] Level 1:colcon.colcon_core.environment:create_file_with_runtime_dependencies(/ros2_ws/src/install/gz_ros2_control_tests/share/colcon-core/packages/gz_ros2_control_tests)
[4.571s] Level 1:colcon.colcon_core.environment:create_environment_scripts_only(gz_ros2_control_demos)
[4.571s] Level 1:colcon.colcon_core.environment:checking '/ros2_ws/src/install/gz_ros2_control_demos' for CMake module files
[4.572s] DEBUG:colcon.colcon_core.event_handler.log_command:Invoked command in '/ros2_ws/src/build/gz_ros2_control_demos' returned '0': CMAKE_PREFIX_PATH=/ros2_ws/src/install/gz_ros2_control:/ros2_ws/src/install/gz_ros2_control_tests:/ros2_ws/src/install/gz_ros2_control_demos:/ros2_ws/src/install/biped:/opt/ros/humble /usr/bin/cmake --install /ros2_ws/src/build/gz_ros2_control_demos
[4.572s] Level 1:colcon.colcon_core.environment:checking '/ros2_ws/src/install/gz_ros2_control_demos' for CMake config files
[4.572s] Level 1:colcon.colcon_core.shell:create_environment_hook('gz_ros2_control_demos', 'cmake_prefix_path')
[4.573s] INFO:colcon.colcon_core.shell:Creating environment hook '/ros2_ws/src/install/gz_ros2_control_demos/share/gz_ros2_control_demos/hook/cmake_prefix_path.ps1'
[4.573s] INFO:colcon.colcon_core.shell:Creating environment descriptor '/ros2_ws/src/install/gz_ros2_control_demos/share/gz_ros2_control_demos/hook/cmake_prefix_path.dsv'
[4.573s] INFO:colcon.colcon_core.shell:Creating environment hook '/ros2_ws/src/install/gz_ros2_control_demos/share/gz_ros2_control_demos/hook/cmake_prefix_path.sh'
[4.574s] Level 1:colcon.colcon_core.environment:checking '/ros2_ws/src/install/gz_ros2_control_demos/lib'
[4.574s] Level 1:colcon.colcon_core.environment:checking '/ros2_ws/src/install/gz_ros2_control_demos/bin'
[4.574s] Level 1:colcon.colcon_core.environment:checking '/ros2_ws/src/install/gz_ros2_control_demos/lib/pkgconfig/gz_ros2_control_demos.pc'
[4.574s] Level 1:colcon.colcon_core.environment:checking '/ros2_ws/src/install/gz_ros2_control_demos/lib/python3.10/site-packages'
[4.574s] Level 1:colcon.colcon_core.environment:checking '/ros2_ws/src/install/gz_ros2_control_demos/bin'
[4.574s] INFO:colcon.colcon_core.shell:Creating package script '/ros2_ws/src/install/gz_ros2_control_demos/share/gz_ros2_control_demos/package.ps1'
[4.575s] INFO:colcon.colcon_core.shell:Creating package descriptor '/ros2_ws/src/install/gz_ros2_control_demos/share/gz_ros2_control_demos/package.dsv'
[4.575s] INFO:colcon.colcon_core.shell:Creating package script '/ros2_ws/src/install/gz_ros2_control_demos/share/gz_ros2_control_demos/package.sh'
[4.575s] INFO:colcon.colcon_core.shell:Creating package script '/ros2_ws/src/install/gz_ros2_control_demos/share/gz_ros2_control_demos/package.bash'
[4.576s] INFO:colcon.colcon_core.shell:Creating package script '/ros2_ws/src/install/gz_ros2_control_demos/share/gz_ros2_control_demos/package.zsh'
[4.576s] Level 1:colcon.colcon_core.environment:create_file_with_runtime_dependencies(/ros2_ws/src/install/gz_ros2_control_demos/share/colcon-core/packages/gz_ros2_control_demos)
[4.576s] Level 1:colcon.colcon_core.environment:create_environment_scripts_only(gz_ros2_control_demos)
[4.576s] Level 1:colcon.colcon_core.environment:checking '/ros2_ws/src/install/gz_ros2_control_demos' for CMake module files
[4.577s] Level 1:colcon.colcon_core.environment:checking '/ros2_ws/src/install/gz_ros2_control_demos' for CMake config files
[4.577s] Level 1:colcon.colcon_core.shell:create_environment_hook('gz_ros2_control_demos', 'cmake_prefix_path')
[4.577s] INFO:colcon.colcon_core.shell:Creating environment hook '/ros2_ws/src/install/gz_ros2_control_demos/share/gz_ros2_control_demos/hook/cmake_prefix_path.ps1'
[4.585s] INFO:colcon.colcon_core.shell:Creating environment descriptor '/ros2_ws/src/install/gz_ros2_control_demos/share/gz_ros2_control_demos/hook/cmake_prefix_path.dsv'
[4.585s] INFO:colcon.colcon_core.shell:Creating environment hook '/ros2_ws/src/install/gz_ros2_control_demos/share/gz_ros2_control_demos/hook/cmake_prefix_path.sh'
[4.586s] Level 1:colcon.colcon_core.environment:checking '/ros2_ws/src/install/gz_ros2_control_demos/lib'
[4.586s] Level 1:colcon.colcon_core.environment:checking '/ros2_ws/src/install/gz_ros2_control_demos/bin'
[4.586s] Level 1:colcon.colcon_core.environment:checking '/ros2_ws/src/install/gz_ros2_control_demos/lib/pkgconfig/gz_ros2_control_demos.pc'
[4.586s] Level 1:colcon.colcon_core.environment:checking '/ros2_ws/src/install/gz_ros2_control_demos/lib/python3.10/site-packages'
[4.586s] Level 1:colcon.colcon_core.environment:checking '/ros2_ws/src/install/gz_ros2_control_demos/bin'
[4.586s] INFO:colcon.colcon_core.shell:Creating package script '/ros2_ws/src/install/gz_ros2_control_demos/share/gz_ros2_control_demos/package.ps1'
[4.586s] INFO:colcon.colcon_core.shell:Creating package descriptor '/ros2_ws/src/install/gz_ros2_control_demos/share/gz_ros2_control_demos/package.dsv'
[4.587s] INFO:colcon.colcon_core.shell:Creating package script '/ros2_ws/src/install/gz_ros2_control_demos/share/gz_ros2_control_demos/package.sh'
[4.587s] INFO:colcon.colcon_core.shell:Creating package script '/ros2_ws/src/install/gz_ros2_control_demos/share/gz_ros2_control_demos/package.bash'
[4.587s] INFO:colcon.colcon_core.shell:Creating package script '/ros2_ws/src/install/gz_ros2_control_demos/share/gz_ros2_control_demos/package.zsh'
[4.587s] Level 1:colcon.colcon_core.environment:create_file_with_runtime_dependencies(/ros2_ws/src/install/gz_ros2_control_demos/share/colcon-core/packages/gz_ros2_control_demos)
[4.588s] DEBUG:colcon.colcon_parallel_executor.executor.parallel:closing loop
[4.588s] DEBUG:colcon.colcon_parallel_executor.executor.parallel:loop closed
[4.588s] DEBUG:colcon.colcon_parallel_executor.executor.parallel:run_until_complete finished with '0'
[4.588s] DEBUG:colcon.colcon_core.event_reactor:joining thread
[4.596s] INFO:colcon.colcon_core.plugin_system:Skipping extension 'colcon_notification.desktop_notification.notify_send': Could not find 'notify-send'
[4.597s] INFO:colcon.colcon_core.plugin_system:Skipping extension 'colcon_notification.desktop_notification.terminal_notifier': Not used on non-Darwin systems
[4.597s] INFO:colcon.colcon_core.plugin_system:Skipping extension 'colcon_notification.desktop_notification.win32': Not used on non-Windows systems
[4.597s] INFO:colcon.colcon_notification.desktop_notification:Sending desktop notification using 'notify2'
[4.599s] DEBUG:colcon.colcon_notification.desktop_notification.notify2:Failed to initialize notify2: org.freedesktop.DBus.Error.Spawn.ExecFailed: /usr/bin/dbus-launch terminated abnormally without any error message
[4.600s] DEBUG:colcon.colcon_core.event_reactor:joined thread
[4.600s] INFO:colcon.colcon_core.shell:Creating prefix script '/ros2_ws/src/install/local_setup.ps1'
[4.601s] INFO:colcon.colcon_core.shell:Creating prefix util module '/ros2_ws/src/install/_local_setup_util_ps1.py'
[4.603s] INFO:colcon.colcon_core.shell:Creating prefix chain script '/ros2_ws/src/install/setup.ps1'
[4.605s] INFO:colcon.colcon_core.shell:Creating prefix script '/ros2_ws/src/install/local_setup.sh'
[4.606s] INFO:colcon.colcon_core.shell:Creating prefix util module '/ros2_ws/src/install/_local_setup_util_sh.py'
[4.606s] INFO:colcon.colcon_core.shell:Creating prefix chain script '/ros2_ws/src/install/setup.sh'
[4.607s] INFO:colcon.colcon_core.shell:Creating prefix script '/ros2_ws/src/install/local_setup.bash'
[4.608s] INFO:colcon.colcon_core.shell:Creating prefix chain script '/ros2_ws/src/install/setup.bash'
[4.609s] INFO:colcon.colcon_core.shell:Creating prefix script '/ros2_ws/src/install/local_setup.zsh'
[4.609s] INFO:colcon.colcon_core.shell:Creating prefix chain script '/ros2_ws/src/install/setup.zsh'
