[0.121s] DEBUG:colcon:Command line arguments: ['/usr/bin/colcon', 'build', '--symlink-install']
[0.121s] DEBUG:colcon:Parsed command line arguments: Namespace(log_base=None, log_level=None, verb_name='build', build_base='build', install_base='install', merge_install=False, symlink_install=True, test_result_base=None, continue_on_error=False, executor='parallel', parallel_workers=16, event_handlers=None, ignore_user_meta=False, metas=['./colcon.meta'], base_paths=['.'], packages_ignore=None, packages_ignore_regex=None, paths=None, packages_up_to=None, packages_up_to_regex=None, packages_above=None, packages_above_and_dependencies=None, packages_above_depth=None, packages_select_by_dep=None, packages_skip_by_dep=None, packages_skip_up_to=None, packages_select_build_failed=False, packages_skip_build_finished=False, packages_select_test_failures=False, packages_skip_test_passed=False, packages_select=None, packages_skip=None, packages_select_regex=None, packages_skip_regex=None, packages_start=None, packages_end=None, cmake_args=None, cmake_target=None, cmake_target_skip_unavailable=False, cmake_clean_cache=False, cmake_clean_first=False, cmake_force_configure=False, ament_cmake_args=None, catkin_cmake_args=None, catkin_skip_building_tests=False, mixin_files=None, mixin=None, verb_parser=<colcon_mixin.mixin.mixin_argument.MixinArgumentDecorator object at 0x77ed23594130>, verb_extension=<colcon_core.verb.build.BuildVerb object at 0x77ed23714730>, main=<bound method BuildVerb.main of <colcon_core.verb.build.BuildVerb object at 0x77ed23714730>>, mixin_verb=('build',))
[0.206s] Level 1:colcon.colcon_core.package_discovery:discover_packages(colcon_meta) check parameters
[0.206s] Level 1:colcon.colcon_core.package_discovery:discover_packages(recursive) check parameters
[0.206s] Level 1:colcon.colcon_core.package_discovery:discover_packages(ignore) check parameters
[0.206s] Level 1:colcon.colcon_core.package_discovery:discover_packages(path) check parameters
[0.206s] Level 1:colcon.colcon_core.package_discovery:discover_packages(colcon_meta) discover
[0.206s] Level 1:colcon.colcon_core.package_discovery:discover_packages(recursive) discover
[0.206s] INFO:colcon.colcon_core.package_discovery:Crawling recursively for packages in '/ros2_ws/src'
[0.206s] Level 1:colcon.colcon_core.package_identification:_identify(.) by extensions ['ignore', 'ignore_ament_install']
[0.206s] Level 1:colcon.colcon_core.package_identification:_identify(.) by extension 'ignore'
[0.206s] Level 1:colcon.colcon_core.package_identification:_identify(.) by extension 'ignore_ament_install'
[0.206s] Level 1:colcon.colcon_core.package_identification:_identify(.) by extensions ['colcon_pkg']
[0.206s] Level 1:colcon.colcon_core.package_identification:_identify(.) by extension 'colcon_pkg'
[0.206s] Level 1:colcon.colcon_core.package_identification:_identify(.) by extensions ['colcon_meta']
[0.206s] Level 1:colcon.colcon_core.package_identification:_identify(.) by extension 'colcon_meta'
[0.206s] Level 1:colcon.colcon_core.package_identification:_identify(.) by extensions ['ros']
[0.206s] Level 1:colcon.colcon_core.package_identification:_identify(.) by extension 'ros'
[0.216s] Level 1:colcon.colcon_core.package_identification:_identify(.) by extensions ['cmake', 'python']
[0.217s] Level 1:colcon.colcon_core.package_identification:_identify(.) by extension 'cmake'
[0.217s] Level 1:colcon.colcon_core.package_identification:_identify(.) by extension 'python'
[0.217s] Level 1:colcon.colcon_core.package_identification:_identify(.) by extensions ['python_setup_py']
[0.217s] Level 1:colcon.colcon_core.package_identification:_identify(.) by extension 'python_setup_py'
[0.217s] Level 1:colcon.colcon_core.package_identification:_identify(biped) by extensions ['ignore', 'ignore_ament_install']
[0.217s] Level 1:colcon.colcon_core.package_identification:_identify(biped) by extension 'ignore'
[0.217s] Level 1:colcon.colcon_core.package_identification:_identify(biped) by extension 'ignore_ament_install'
[0.217s] Level 1:colcon.colcon_core.package_identification:_identify(biped) by extensions ['colcon_pkg']
[0.217s] Level 1:colcon.colcon_core.package_identification:_identify(biped) by extension 'colcon_pkg'
[0.217s] Level 1:colcon.colcon_core.package_identification:_identify(biped) by extensions ['colcon_meta']
[0.217s] Level 1:colcon.colcon_core.package_identification:_identify(biped) by extension 'colcon_meta'
[0.217s] Level 1:colcon.colcon_core.package_identification:_identify(biped) by extensions ['ros']
[0.217s] Level 1:colcon.colcon_core.package_identification:_identify(biped) by extension 'ros'
[0.219s] DEBUG:colcon.colcon_core.package_identification:Package 'biped' with type 'ros.ament_cmake' and name 'biped'
[0.219s] Level 1:colcon.colcon_core.package_identification:_identify(build) by extensions ['ignore', 'ignore_ament_install']
[0.219s] Level 1:colcon.colcon_core.package_identification:_identify(build) by extension 'ignore'
[0.219s] Level 1:colcon.colcon_core.package_identification:_identify(build) ignored
[0.219s] Level 1:colcon.colcon_core.package_identification:_identify(gz_ros2_control) by extensions ['ignore', 'ignore_ament_install']
[0.219s] Level 1:colcon.colcon_core.package_identification:_identify(gz_ros2_control) by extension 'ignore'
[0.219s] Level 1:colcon.colcon_core.package_identification:_identify(gz_ros2_control) by extension 'ignore_ament_install'
[0.219s] Level 1:colcon.colcon_core.package_identification:_identify(gz_ros2_control) by extensions ['colcon_pkg']
[0.219s] Level 1:colcon.colcon_core.package_identification:_identify(gz_ros2_control) by extension 'colcon_pkg'
[0.219s] Level 1:colcon.colcon_core.package_identification:_identify(gz_ros2_control) by extensions ['colcon_meta']
[0.219s] Level 1:colcon.colcon_core.package_identification:_identify(gz_ros2_control) by extension 'colcon_meta'
[0.219s] Level 1:colcon.colcon_core.package_identification:_identify(gz_ros2_control) by extensions ['ros']
[0.219s] Level 1:colcon.colcon_core.package_identification:_identify(gz_ros2_control) by extension 'ros'
[0.219s] Level 1:colcon.colcon_core.package_identification:_identify(gz_ros2_control) by extensions ['cmake', 'python']
[0.219s] Level 1:colcon.colcon_core.package_identification:_identify(gz_ros2_control) by extension 'cmake'
[0.219s] Level 1:colcon.colcon_core.package_identification:_identify(gz_ros2_control) by extension 'python'
[0.219s] Level 1:colcon.colcon_core.package_identification:_identify(gz_ros2_control) by extensions ['python_setup_py']
[0.219s] Level 1:colcon.colcon_core.package_identification:_identify(gz_ros2_control) by extension 'python_setup_py'
[0.219s] Level 1:colcon.colcon_core.package_identification:_identify(gz_ros2_control/Dockerfile) by extensions ['ignore', 'ignore_ament_install']
[0.219s] Level 1:colcon.colcon_core.package_identification:_identify(gz_ros2_control/Dockerfile) by extension 'ignore'
[0.219s] Level 1:colcon.colcon_core.package_identification:_identify(gz_ros2_control/Dockerfile) by extension 'ignore_ament_install'
[0.219s] Level 1:colcon.colcon_core.package_identification:_identify(gz_ros2_control/Dockerfile) by extensions ['colcon_pkg']
[0.219s] Level 1:colcon.colcon_core.package_identification:_identify(gz_ros2_control/Dockerfile) by extension 'colcon_pkg'
[0.219s] Level 1:colcon.colcon_core.package_identification:_identify(gz_ros2_control/Dockerfile) by extensions ['colcon_meta']
[0.219s] Level 1:colcon.colcon_core.package_identification:_identify(gz_ros2_control/Dockerfile) by extension 'colcon_meta'
[0.219s] Level 1:colcon.colcon_core.package_identification:_identify(gz_ros2_control/Dockerfile) by extensions ['ros']
[0.219s] Level 1:colcon.colcon_core.package_identification:_identify(gz_ros2_control/Dockerfile) by extension 'ros'
[0.219s] Level 1:colcon.colcon_core.package_identification:_identify(gz_ros2_control/Dockerfile) by extensions ['cmake', 'python']
[0.219s] Level 1:colcon.colcon_core.package_identification:_identify(gz_ros2_control/Dockerfile) by extension 'cmake'
[0.219s] Level 1:colcon.colcon_core.package_identification:_identify(gz_ros2_control/Dockerfile) by extension 'python'
[0.219s] Level 1:colcon.colcon_core.package_identification:_identify(gz_ros2_control/Dockerfile) by extensions ['python_setup_py']
[0.219s] Level 1:colcon.colcon_core.package_identification:_identify(gz_ros2_control/Dockerfile) by extension 'python_setup_py'
[0.219s] Level 1:colcon.colcon_core.package_identification:_identify(gz_ros2_control/doc) by extensions ['ignore', 'ignore_ament_install']
[0.219s] Level 1:colcon.colcon_core.package_identification:_identify(gz_ros2_control/doc) by extension 'ignore'
[0.219s] Level 1:colcon.colcon_core.package_identification:_identify(gz_ros2_control/doc) by extension 'ignore_ament_install'
[0.219s] Level 1:colcon.colcon_core.package_identification:_identify(gz_ros2_control/doc) by extensions ['colcon_pkg']
[0.219s] Level 1:colcon.colcon_core.package_identification:_identify(gz_ros2_control/doc) by extension 'colcon_pkg'
[0.219s] Level 1:colcon.colcon_core.package_identification:_identify(gz_ros2_control/doc) by extensions ['colcon_meta']
[0.219s] Level 1:colcon.colcon_core.package_identification:_identify(gz_ros2_control/doc) by extension 'colcon_meta'
[0.219s] Level 1:colcon.colcon_core.package_identification:_identify(gz_ros2_control/doc) by extensions ['ros']
[0.219s] Level 1:colcon.colcon_core.package_identification:_identify(gz_ros2_control/doc) by extension 'ros'
[0.219s] Level 1:colcon.colcon_core.package_identification:_identify(gz_ros2_control/doc) by extensions ['cmake', 'python']
[0.219s] Level 1:colcon.colcon_core.package_identification:_identify(gz_ros2_control/doc) by extension 'cmake'
[0.219s] Level 1:colcon.colcon_core.package_identification:_identify(gz_ros2_control/doc) by extension 'python'
[0.219s] Level 1:colcon.colcon_core.package_identification:_identify(gz_ros2_control/doc) by extensions ['python_setup_py']
[0.220s] Level 1:colcon.colcon_core.package_identification:_identify(gz_ros2_control/doc) by extension 'python_setup_py'
[0.220s] Level 1:colcon.colcon_core.package_identification:_identify(gz_ros2_control/doc/img) by extensions ['ignore', 'ignore_ament_install']
[0.220s] Level 1:colcon.colcon_core.package_identification:_identify(gz_ros2_control/doc/img) by extension 'ignore'
[0.220s] Level 1:colcon.colcon_core.package_identification:_identify(gz_ros2_control/doc/img) by extension 'ignore_ament_install'
[0.220s] Level 1:colcon.colcon_core.package_identification:_identify(gz_ros2_control/doc/img) by extensions ['colcon_pkg']
[0.220s] Level 1:colcon.colcon_core.package_identification:_identify(gz_ros2_control/doc/img) by extension 'colcon_pkg'
[0.220s] Level 1:colcon.colcon_core.package_identification:_identify(gz_ros2_control/doc/img) by extensions ['colcon_meta']
[0.220s] Level 1:colcon.colcon_core.package_identification:_identify(gz_ros2_control/doc/img) by extension 'colcon_meta'
[0.220s] Level 1:colcon.colcon_core.package_identification:_identify(gz_ros2_control/doc/img) by extensions ['ros']
[0.220s] Level 1:colcon.colcon_core.package_identification:_identify(gz_ros2_control/doc/img) by extension 'ros'
[0.220s] Level 1:colcon.colcon_core.package_identification:_identify(gz_ros2_control/doc/img) by extensions ['cmake', 'python']
[0.220s] Level 1:colcon.colcon_core.package_identification:_identify(gz_ros2_control/doc/img) by extension 'cmake'
[0.220s] Level 1:colcon.colcon_core.package_identification:_identify(gz_ros2_control/doc/img) by extension 'python'
[0.220s] Level 1:colcon.colcon_core.package_identification:_identify(gz_ros2_control/doc/img) by extensions ['python_setup_py']
[0.220s] Level 1:colcon.colcon_core.package_identification:_identify(gz_ros2_control/doc/img) by extension 'python_setup_py'
[0.220s] Level 1:colcon.colcon_core.package_identification:_identify(gz_ros2_control/gz_ros2_control) by extensions ['ignore', 'ignore_ament_install']
[0.220s] Level 1:colcon.colcon_core.package_identification:_identify(gz_ros2_control/gz_ros2_control) by extension 'ignore'
[0.220s] Level 1:colcon.colcon_core.package_identification:_identify(gz_ros2_control/gz_ros2_control) by extension 'ignore_ament_install'
[0.220s] Level 1:colcon.colcon_core.package_identification:_identify(gz_ros2_control/gz_ros2_control) by extensions ['colcon_pkg']
[0.220s] Level 1:colcon.colcon_core.package_identification:_identify(gz_ros2_control/gz_ros2_control) by extension 'colcon_pkg'
[0.220s] Level 1:colcon.colcon_core.package_identification:_identify(gz_ros2_control/gz_ros2_control) by extensions ['colcon_meta']
[0.220s] Level 1:colcon.colcon_core.package_identification:_identify(gz_ros2_control/gz_ros2_control) by extension 'colcon_meta'
[0.220s] Level 1:colcon.colcon_core.package_identification:_identify(gz_ros2_control/gz_ros2_control) by extensions ['ros']
[0.220s] Level 1:colcon.colcon_core.package_identification:_identify(gz_ros2_control/gz_ros2_control) by extension 'ros'
[0.224s] DEBUG:colcon.colcon_core.package_identification:Package 'gz_ros2_control/gz_ros2_control' with type 'ros.ament_cmake' and name 'gz_ros2_control'
[0.224s] Level 1:colcon.colcon_core.package_identification:_identify(gz_ros2_control/gz_ros2_control_demos) by extensions ['ignore', 'ignore_ament_install']
[0.224s] Level 1:colcon.colcon_core.package_identification:_identify(gz_ros2_control/gz_ros2_control_demos) by extension 'ignore'
[0.224s] Level 1:colcon.colcon_core.package_identification:_identify(gz_ros2_control/gz_ros2_control_demos) by extension 'ignore_ament_install'
[0.224s] Level 1:colcon.colcon_core.package_identification:_identify(gz_ros2_control/gz_ros2_control_demos) by extensions ['colcon_pkg']
[0.224s] Level 1:colcon.colcon_core.package_identification:_identify(gz_ros2_control/gz_ros2_control_demos) by extension 'colcon_pkg'
[0.224s] Level 1:colcon.colcon_core.package_identification:_identify(gz_ros2_control/gz_ros2_control_demos) by extensions ['colcon_meta']
[0.224s] Level 1:colcon.colcon_core.package_identification:_identify(gz_ros2_control/gz_ros2_control_demos) by extension 'colcon_meta'
[0.224s] Level 1:colcon.colcon_core.package_identification:_identify(gz_ros2_control/gz_ros2_control_demos) by extensions ['ros']
[0.224s] Level 1:colcon.colcon_core.package_identification:_identify(gz_ros2_control/gz_ros2_control_demos) by extension 'ros'
[0.225s] DEBUG:colcon.colcon_core.package_identification:Package 'gz_ros2_control/gz_ros2_control_demos' with type 'ros.ament_cmake' and name 'gz_ros2_control_demos'
[0.225s] Level 1:colcon.colcon_core.package_identification:_identify(gz_ros2_control/gz_ros2_control_tests) by extensions ['ignore', 'ignore_ament_install']
[0.225s] Level 1:colcon.colcon_core.package_identification:_identify(gz_ros2_control/gz_ros2_control_tests) by extension 'ignore'
[0.225s] Level 1:colcon.colcon_core.package_identification:_identify(gz_ros2_control/gz_ros2_control_tests) by extension 'ignore_ament_install'
[0.225s] Level 1:colcon.colcon_core.package_identification:_identify(gz_ros2_control/gz_ros2_control_tests) by extensions ['colcon_pkg']
[0.225s] Level 1:colcon.colcon_core.package_identification:_identify(gz_ros2_control/gz_ros2_control_tests) by extension 'colcon_pkg'
[0.225s] Level 1:colcon.colcon_core.package_identification:_identify(gz_ros2_control/gz_ros2_control_tests) by extensions ['colcon_meta']
[0.225s] Level 1:colcon.colcon_core.package_identification:_identify(gz_ros2_control/gz_ros2_control_tests) by extension 'colcon_meta'
[0.225s] Level 1:colcon.colcon_core.package_identification:_identify(gz_ros2_control/gz_ros2_control_tests) by extensions ['ros']
[0.225s] Level 1:colcon.colcon_core.package_identification:_identify(gz_ros2_control/gz_ros2_control_tests) by extension 'ros'
[0.227s] DEBUG:colcon.colcon_core.package_identification:Package 'gz_ros2_control/gz_ros2_control_tests' with type 'ros.ament_cmake' and name 'gz_ros2_control_tests'
[0.227s] Level 1:colcon.colcon_core.package_identification:_identify(install) by extensions ['ignore', 'ignore_ament_install']
[0.227s] Level 1:colcon.colcon_core.package_identification:_identify(install) by extension 'ignore'
[0.227s] Level 1:colcon.colcon_core.package_identification:_identify(install) ignored
[0.227s] Level 1:colcon.colcon_core.package_identification:_identify(log) by extensions ['ignore', 'ignore_ament_install']
[0.227s] Level 1:colcon.colcon_core.package_identification:_identify(log) by extension 'ignore'
[0.227s] Level 1:colcon.colcon_core.package_identification:_identify(log) ignored
[0.227s] Level 1:colcon.colcon_core.package_discovery:discover_packages(recursive) using defaults
[0.227s] Level 1:colcon.colcon_core.package_discovery:discover_packages(ignore) discover
[0.227s] Level 1:colcon.colcon_core.package_discovery:discover_packages(ignore) using defaults
[0.227s] Level 1:colcon.colcon_core.package_discovery:discover_packages(path) discover
[0.227s] Level 1:colcon.colcon_core.package_discovery:discover_packages(path) using defaults
[0.253s] Level 5:colcon.colcon_core.verb:set package 'gz_ros2_control' build argument 'cmake_args' from command line to 'None'
[0.253s] Level 5:colcon.colcon_core.verb:set package 'gz_ros2_control' build argument 'cmake_target' from command line to 'None'
[0.253s] Level 5:colcon.colcon_core.verb:set package 'gz_ros2_control' build argument 'cmake_target_skip_unavailable' from command line to 'False'
[0.253s] Level 5:colcon.colcon_core.verb:set package 'gz_ros2_control' build argument 'cmake_clean_cache' from command line to 'False'
[0.254s] Level 5:colcon.colcon_core.verb:set package 'gz_ros2_control' build argument 'cmake_clean_first' from command line to 'False'
[0.254s] Level 5:colcon.colcon_core.verb:set package 'gz_ros2_control' build argument 'cmake_force_configure' from command line to 'False'
[0.254s] Level 5:colcon.colcon_core.verb:set package 'gz_ros2_control' build argument 'ament_cmake_args' from command line to 'None'
[0.254s] Level 5:colcon.colcon_core.verb:set package 'gz_ros2_control' build argument 'catkin_cmake_args' from command line to 'None'
[0.254s] Level 5:colcon.colcon_core.verb:set package 'gz_ros2_control' build argument 'catkin_skip_building_tests' from command line to 'False'
[0.254s] DEBUG:colcon.colcon_core.verb:Building package 'gz_ros2_control' with the following arguments: {'ament_cmake_args': None, 'build_base': '/ros2_ws/src/build/gz_ros2_control', 'catkin_cmake_args': None, 'catkin_skip_building_tests': False, 'cmake_args': None, 'cmake_clean_cache': False, 'cmake_clean_first': False, 'cmake_force_configure': False, 'cmake_target': None, 'cmake_target_skip_unavailable': False, 'install_base': '/ros2_ws/src/install/gz_ros2_control', 'merge_install': False, 'path': '/ros2_ws/src/gz_ros2_control/gz_ros2_control', 'symlink_install': True, 'test_result_base': None}
[0.254s] Level 5:colcon.colcon_core.verb:set package 'biped' build argument 'cmake_args' from command line to 'None'
[0.254s] Level 5:colcon.colcon_core.verb:set package 'biped' build argument 'cmake_target' from command line to 'None'
[0.254s] Level 5:colcon.colcon_core.verb:set package 'biped' build argument 'cmake_target_skip_unavailable' from command line to 'False'
[0.254s] Level 5:colcon.colcon_core.verb:set package 'biped' build argument 'cmake_clean_cache' from command line to 'False'
[0.254s] Level 5:colcon.colcon_core.verb:set package 'biped' build argument 'cmake_clean_first' from command line to 'False'
[0.254s] Level 5:colcon.colcon_core.verb:set package 'biped' build argument 'cmake_force_configure' from command line to 'False'
[0.254s] Level 5:colcon.colcon_core.verb:set package 'biped' build argument 'ament_cmake_args' from command line to 'None'
[0.254s] Level 5:colcon.colcon_core.verb:set package 'biped' build argument 'catkin_cmake_args' from command line to 'None'
[0.254s] Level 5:colcon.colcon_core.verb:set package 'biped' build argument 'catkin_skip_building_tests' from command line to 'False'
[0.254s] DEBUG:colcon.colcon_core.verb:Building package 'biped' with the following arguments: {'ament_cmake_args': None, 'build_base': '/ros2_ws/src/build/biped', 'catkin_cmake_args': None, 'catkin_skip_building_tests': False, 'cmake_args': None, 'cmake_clean_cache': False, 'cmake_clean_first': False, 'cmake_force_configure': False, 'cmake_target': None, 'cmake_target_skip_unavailable': False, 'install_base': '/ros2_ws/src/install/biped', 'merge_install': False, 'path': '/ros2_ws/src/biped', 'symlink_install': True, 'test_result_base': None}
[0.254s] Level 5:colcon.colcon_core.verb:set package 'gz_ros2_control_demos' build argument 'cmake_args' from command line to 'None'
[0.254s] Level 5:colcon.colcon_core.verb:set package 'gz_ros2_control_demos' build argument 'cmake_target' from command line to 'None'
[0.254s] Level 5:colcon.colcon_core.verb:set package 'gz_ros2_control_demos' build argument 'cmake_target_skip_unavailable' from command line to 'False'
[0.254s] Level 5:colcon.colcon_core.verb:set package 'gz_ros2_control_demos' build argument 'cmake_clean_cache' from command line to 'False'
[0.254s] Level 5:colcon.colcon_core.verb:set package 'gz_ros2_control_demos' build argument 'cmake_clean_first' from command line to 'False'
[0.254s] Level 5:colcon.colcon_core.verb:set package 'gz_ros2_control_demos' build argument 'cmake_force_configure' from command line to 'False'
[0.254s] Level 5:colcon.colcon_core.verb:set package 'gz_ros2_control_demos' build argument 'ament_cmake_args' from command line to 'None'
[0.254s] Level 5:colcon.colcon_core.verb:set package 'gz_ros2_control_demos' build argument 'catkin_cmake_args' from command line to 'None'
[0.254s] Level 5:colcon.colcon_core.verb:set package 'gz_ros2_control_demos' build argument 'catkin_skip_building_tests' from command line to 'False'
[0.254s] DEBUG:colcon.colcon_core.verb:Building package 'gz_ros2_control_demos' with the following arguments: {'ament_cmake_args': None, 'build_base': '/ros2_ws/src/build/gz_ros2_control_demos', 'catkin_cmake_args': None, 'catkin_skip_building_tests': False, 'cmake_args': None, 'cmake_clean_cache': False, 'cmake_clean_first': False, 'cmake_force_configure': False, 'cmake_target': None, 'cmake_target_skip_unavailable': False, 'install_base': '/ros2_ws/src/install/gz_ros2_control_demos', 'merge_install': False, 'path': '/ros2_ws/src/gz_ros2_control/gz_ros2_control_demos', 'symlink_install': True, 'test_result_base': None}
[0.254s] Level 5:colcon.colcon_core.verb:set package 'gz_ros2_control_tests' build argument 'cmake_args' from command line to 'None'
[0.254s] Level 5:colcon.colcon_core.verb:set package 'gz_ros2_control_tests' build argument 'cmake_target' from command line to 'None'
[0.254s] Level 5:colcon.colcon_core.verb:set package 'gz_ros2_control_tests' build argument 'cmake_target_skip_unavailable' from command line to 'False'
[0.254s] Level 5:colcon.colcon_core.verb:set package 'gz_ros2_control_tests' build argument 'cmake_clean_cache' from command line to 'False'
[0.254s] Level 5:colcon.colcon_core.verb:set package 'gz_ros2_control_tests' build argument 'cmake_clean_first' from command line to 'False'
[0.254s] Level 5:colcon.colcon_core.verb:set package 'gz_ros2_control_tests' build argument 'cmake_force_configure' from command line to 'False'
[0.254s] Level 5:colcon.colcon_core.verb:set package 'gz_ros2_control_tests' build argument 'ament_cmake_args' from command line to 'None'
[0.254s] Level 5:colcon.colcon_core.verb:set package 'gz_ros2_control_tests' build argument 'catkin_cmake_args' from command line to 'None'
[0.254s] Level 5:colcon.colcon_core.verb:set package 'gz_ros2_control_tests' build argument 'catkin_skip_building_tests' from command line to 'False'
[0.254s] DEBUG:colcon.colcon_core.verb:Building package 'gz_ros2_control_tests' with the following arguments: {'ament_cmake_args': None, 'build_base': '/ros2_ws/src/build/gz_ros2_control_tests', 'catkin_cmake_args': None, 'catkin_skip_building_tests': False, 'cmake_args': None, 'cmake_clean_cache': False, 'cmake_clean_first': False, 'cmake_force_configure': False, 'cmake_target': None, 'cmake_target_skip_unavailable': False, 'install_base': '/ros2_ws/src/install/gz_ros2_control_tests', 'merge_install': False, 'path': '/ros2_ws/src/gz_ros2_control/gz_ros2_control_tests', 'symlink_install': True, 'test_result_base': None}
[0.254s] INFO:colcon.colcon_core.executor:Executing jobs using 'parallel' executor
[0.255s] DEBUG:colcon.colcon_parallel_executor.executor.parallel:run_until_complete
[0.255s] INFO:colcon.colcon_ros.task.ament_cmake.build:Building ROS package in '/ros2_ws/src/gz_ros2_control/gz_ros2_control' with build type 'ament_cmake'
[0.255s] INFO:colcon.colcon_cmake.task.cmake.build:Building CMake package in '/ros2_ws/src/gz_ros2_control/gz_ros2_control'
[0.257s] INFO:colcon.colcon_core.plugin_system:Skipping extension 'colcon_core.shell.bat': Not used on non-Windows systems
[0.257s] INFO:colcon.colcon_core.shell:Skip shell extension 'powershell' for command environment: Not usable outside of PowerShell
[0.257s] DEBUG:colcon.colcon_core.shell:Skip shell extension 'dsv' for command environment
[0.266s] DEBUG:colcon.colcon_core.event_handler.log_command:Invoking command in '/ros2_ws/src/build/gz_ros2_control': CMAKE_PREFIX_PATH=${CMAKE_PREFIX_PATH}:/opt/ros/humble /usr/bin/cmake --build /ros2_ws/src/build/gz_ros2_control -- -j16 -l16
[0.340s] DEBUG:colcon.colcon_core.event_handler.log_command:Invoked command in '/ros2_ws/src/build/gz_ros2_control' returned '0': CMAKE_PREFIX_PATH=${CMAKE_PREFIX_PATH}:/opt/ros/humble /usr/bin/cmake --build /ros2_ws/src/build/gz_ros2_control -- -j16 -l16
[0.351s] DEBUG:colcon.colcon_core.event_handler.log_command:Invoking command in '/ros2_ws/src/build/gz_ros2_control': CMAKE_PREFIX_PATH=${CMAKE_PREFIX_PATH}:/opt/ros/humble /usr/bin/cmake --install /ros2_ws/src/build/gz_ros2_control
[0.374s] Level 1:colcon.colcon_core.environment:create_environment_scripts_only(gz_ros2_control)
[0.374s] DEBUG:colcon.colcon_core.event_handler.log_command:Invoked command in '/ros2_ws/src/build/gz_ros2_control' returned '0': CMAKE_PREFIX_PATH=${CMAKE_PREFIX_PATH}:/opt/ros/humble /usr/bin/cmake --install /ros2_ws/src/build/gz_ros2_control
[0.376s] Level 1:colcon.colcon_core.environment:checking '/ros2_ws/src/install/gz_ros2_control' for CMake module files
[0.377s] Level 1:colcon.colcon_core.environment:checking '/ros2_ws/src/install/gz_ros2_control' for CMake config files
[0.377s] Level 1:colcon.colcon_core.shell:create_environment_hook('gz_ros2_control', 'cmake_prefix_path')
[0.377s] INFO:colcon.colcon_core.shell:Creating environment hook '/ros2_ws/src/install/gz_ros2_control/share/gz_ros2_control/hook/cmake_prefix_path.ps1'
[0.378s] INFO:colcon.colcon_core.shell:Creating environment descriptor '/ros2_ws/src/install/gz_ros2_control/share/gz_ros2_control/hook/cmake_prefix_path.dsv'
[0.378s] INFO:colcon.colcon_core.shell:Creating environment hook '/ros2_ws/src/install/gz_ros2_control/share/gz_ros2_control/hook/cmake_prefix_path.sh'
[0.379s] Level 1:colcon.colcon_core.environment:checking '/ros2_ws/src/install/gz_ros2_control/lib'
[0.379s] Level 1:colcon.colcon_core.shell:create_environment_hook('gz_ros2_control', 'ld_library_path_lib')
[0.379s] INFO:colcon.colcon_core.shell:Creating environment hook '/ros2_ws/src/install/gz_ros2_control/share/gz_ros2_control/hook/ld_library_path_lib.ps1'
[0.379s] INFO:colcon.colcon_core.shell:Creating environment descriptor '/ros2_ws/src/install/gz_ros2_control/share/gz_ros2_control/hook/ld_library_path_lib.dsv'
[0.379s] INFO:colcon.colcon_core.shell:Creating environment hook '/ros2_ws/src/install/gz_ros2_control/share/gz_ros2_control/hook/ld_library_path_lib.sh'
[0.380s] Level 1:colcon.colcon_core.environment:checking '/ros2_ws/src/install/gz_ros2_control/bin'
[0.380s] Level 1:colcon.colcon_core.environment:checking '/ros2_ws/src/install/gz_ros2_control/lib/pkgconfig/gz_ros2_control.pc'
[0.381s] Level 1:colcon.colcon_core.environment:checking '/ros2_ws/src/install/gz_ros2_control/lib/python3.10/site-packages'
[0.381s] Level 1:colcon.colcon_core.environment:checking '/ros2_ws/src/install/gz_ros2_control/bin'
[0.382s] INFO:colcon.colcon_core.shell:Creating package script '/ros2_ws/src/install/gz_ros2_control/share/gz_ros2_control/package.ps1'
[0.382s] INFO:colcon.colcon_core.shell:Creating package descriptor '/ros2_ws/src/install/gz_ros2_control/share/gz_ros2_control/package.dsv'
[0.383s] INFO:colcon.colcon_core.shell:Creating package script '/ros2_ws/src/install/gz_ros2_control/share/gz_ros2_control/package.sh'
[0.383s] INFO:colcon.colcon_core.shell:Creating package script '/ros2_ws/src/install/gz_ros2_control/share/gz_ros2_control/package.bash'
[0.384s] INFO:colcon.colcon_core.shell:Creating package script '/ros2_ws/src/install/gz_ros2_control/share/gz_ros2_control/package.zsh'
[0.384s] Level 1:colcon.colcon_core.environment:create_file_with_runtime_dependencies(/ros2_ws/src/install/gz_ros2_control/share/colcon-core/packages/gz_ros2_control)
[0.385s] Level 1:colcon.colcon_core.environment:create_environment_scripts_only(gz_ros2_control)
[0.385s] Level 1:colcon.colcon_core.environment:checking '/ros2_ws/src/install/gz_ros2_control' for CMake module files
[0.385s] Level 1:colcon.colcon_core.environment:checking '/ros2_ws/src/install/gz_ros2_control' for CMake config files
[0.385s] Level 1:colcon.colcon_core.shell:create_environment_hook('gz_ros2_control', 'cmake_prefix_path')
[0.386s] INFO:colcon.colcon_core.shell:Creating environment hook '/ros2_ws/src/install/gz_ros2_control/share/gz_ros2_control/hook/cmake_prefix_path.ps1'
[0.387s] INFO:colcon.colcon_core.shell:Creating environment descriptor '/ros2_ws/src/install/gz_ros2_control/share/gz_ros2_control/hook/cmake_prefix_path.dsv'
[0.388s] INFO:colcon.colcon_core.shell:Creating environment hook '/ros2_ws/src/install/gz_ros2_control/share/gz_ros2_control/hook/cmake_prefix_path.sh'
[0.389s] Level 1:colcon.colcon_core.environment:checking '/ros2_ws/src/install/gz_ros2_control/lib'
[0.389s] Level 1:colcon.colcon_core.shell:create_environment_hook('gz_ros2_control', 'ld_library_path_lib')
[0.389s] INFO:colcon.colcon_core.shell:Creating environment hook '/ros2_ws/src/install/gz_ros2_control/share/gz_ros2_control/hook/ld_library_path_lib.ps1'
[0.389s] INFO:colcon.colcon_core.shell:Creating environment descriptor '/ros2_ws/src/install/gz_ros2_control/share/gz_ros2_control/hook/ld_library_path_lib.dsv'
[0.389s] INFO:colcon.colcon_core.shell:Creating environment hook '/ros2_ws/src/install/gz_ros2_control/share/gz_ros2_control/hook/ld_library_path_lib.sh'
[0.390s] Level 1:colcon.colcon_core.environment:checking '/ros2_ws/src/install/gz_ros2_control/bin'
[0.390s] Level 1:colcon.colcon_core.environment:checking '/ros2_ws/src/install/gz_ros2_control/lib/pkgconfig/gz_ros2_control.pc'
[0.390s] Level 1:colcon.colcon_core.environment:checking '/ros2_ws/src/install/gz_ros2_control/lib/python3.10/site-packages'
[0.390s] Level 1:colcon.colcon_core.environment:checking '/ros2_ws/src/install/gz_ros2_control/bin'
[0.390s] INFO:colcon.colcon_core.shell:Creating package script '/ros2_ws/src/install/gz_ros2_control/share/gz_ros2_control/package.ps1'
[0.391s] INFO:colcon.colcon_core.shell:Creating package descriptor '/ros2_ws/src/install/gz_ros2_control/share/gz_ros2_control/package.dsv'
[0.391s] INFO:colcon.colcon_core.shell:Creating package script '/ros2_ws/src/install/gz_ros2_control/share/gz_ros2_control/package.sh'
[0.391s] INFO:colcon.colcon_core.shell:Creating package script '/ros2_ws/src/install/gz_ros2_control/share/gz_ros2_control/package.bash'
[0.392s] INFO:colcon.colcon_core.shell:Creating package script '/ros2_ws/src/install/gz_ros2_control/share/gz_ros2_control/package.zsh'
[0.392s] Level 1:colcon.colcon_core.environment:create_file_with_runtime_dependencies(/ros2_ws/src/install/gz_ros2_control/share/colcon-core/packages/gz_ros2_control)
[0.392s] INFO:colcon.colcon_ros.task.ament_cmake.build:Building ROS package in '/ros2_ws/src/biped' with build type 'ament_cmake'
[0.392s] INFO:colcon.colcon_cmake.task.cmake.build:Building CMake package in '/ros2_ws/src/biped'
[0.392s] INFO:colcon.colcon_core.shell:Skip shell extension 'powershell' for command environment: Not usable outside of PowerShell
[0.393s] DEBUG:colcon.colcon_core.shell:Skip shell extension 'dsv' for command environment
[0.395s] INFO:colcon.colcon_ros.task.ament_cmake.build:Building ROS package in '/ros2_ws/src/gz_ros2_control/gz_ros2_control_demos' with build type 'ament_cmake'
[0.395s] INFO:colcon.colcon_cmake.task.cmake.build:Building CMake package in '/ros2_ws/src/gz_ros2_control/gz_ros2_control_demos'
[0.396s] INFO:colcon.colcon_core.shell:Skip shell extension 'powershell' for command environment: Not usable outside of PowerShell
[0.396s] DEBUG:colcon.colcon_core.shell:Skip shell extension 'dsv' for command environment
[0.399s] INFO:colcon.colcon_ros.task.ament_cmake.build:Building ROS package in '/ros2_ws/src/gz_ros2_control/gz_ros2_control_tests' with build type 'ament_cmake'
[0.399s] INFO:colcon.colcon_cmake.task.cmake.build:Building CMake package in '/ros2_ws/src/gz_ros2_control/gz_ros2_control_tests'
[0.399s] INFO:colcon.colcon_core.shell:Skip shell extension 'powershell' for command environment: Not usable outside of PowerShell
[0.399s] DEBUG:colcon.colcon_core.shell:Skip shell extension 'dsv' for command environment
[0.404s] DEBUG:colcon.colcon_core.event_handler.log_command:Invoking command in '/ros2_ws/src/build/biped': CMAKE_PREFIX_PATH=/ros2_ws/src/install/gz_ros2_control:/ros2_ws/src/install/gz_ros2_control_tests:/ros2_ws/src/install/gz_ros2_control_demos:/ros2_ws/src/install/biped:/opt/ros/humble /usr/bin/cmake --build /ros2_ws/src/build/biped -- -j16 -l16
[0.406s] DEBUG:colcon.colcon_core.event_handler.log_command:Invoking command in '/ros2_ws/src/build/gz_ros2_control_demos': CMAKE_PREFIX_PATH=/ros2_ws/src/install/gz_ros2_control:/ros2_ws/src/install/gz_ros2_control_tests:/ros2_ws/src/install/gz_ros2_control_demos:/ros2_ws/src/install/biped:/opt/ros/humble /usr/bin/cmake --build /ros2_ws/src/build/gz_ros2_control_demos -- -j16 -l16
[0.410s] DEBUG:colcon.colcon_core.event_handler.log_command:Invoking command in '/ros2_ws/src/build/gz_ros2_control_tests': CMAKE_PREFIX_PATH=/ros2_ws/src/install/gz_ros2_control:/ros2_ws/src/install/gz_ros2_control_tests:/ros2_ws/src/install/gz_ros2_control_demos:/ros2_ws/src/install/biped:/opt/ros/humble /usr/bin/cmake --build /ros2_ws/src/build/gz_ros2_control_tests -- -j16 -l16
[0.444s] DEBUG:colcon.colcon_core.event_handler.log_command:Invoked command in '/ros2_ws/src/build/biped' returned '0': CMAKE_PREFIX_PATH=/ros2_ws/src/install/gz_ros2_control:/ros2_ws/src/install/gz_ros2_control_tests:/ros2_ws/src/install/gz_ros2_control_demos:/ros2_ws/src/install/biped:/opt/ros/humble /usr/bin/cmake --build /ros2_ws/src/build/biped -- -j16 -l16
[0.446s] DEBUG:colcon.colcon_core.event_handler.log_command:Invoking command in '/ros2_ws/src/build/biped': CMAKE_PREFIX_PATH=/ros2_ws/src/install/gz_ros2_control:/ros2_ws/src/install/gz_ros2_control_tests:/ros2_ws/src/install/gz_ros2_control_demos:/ros2_ws/src/install/biped:/opt/ros/humble /usr/bin/cmake --install /ros2_ws/src/build/biped
[0.472s] Level 1:colcon.colcon_core.environment:create_environment_scripts_only(biped)
[0.472s] Level 1:colcon.colcon_core.environment:checking '/ros2_ws/src/install/biped' for CMake module files
[0.473s] Level 1:colcon.colcon_core.environment:checking '/ros2_ws/src/install/biped' for CMake config files
[0.473s] Level 1:colcon.colcon_core.shell:create_environment_hook('biped', 'cmake_prefix_path')
[0.473s] INFO:colcon.colcon_core.shell:Creating environment hook '/ros2_ws/src/install/biped/share/biped/hook/cmake_prefix_path.ps1'
[0.474s] DEBUG:colcon.colcon_core.event_handler.log_command:Invoked command in '/ros2_ws/src/build/biped' returned '0': CMAKE_PREFIX_PATH=/ros2_ws/src/install/gz_ros2_control:/ros2_ws/src/install/gz_ros2_control_tests:/ros2_ws/src/install/gz_ros2_control_demos:/ros2_ws/src/install/biped:/opt/ros/humble /usr/bin/cmake --install /ros2_ws/src/build/biped
[0.474s] INFO:colcon.colcon_core.shell:Creating environment descriptor '/ros2_ws/src/install/biped/share/biped/hook/cmake_prefix_path.dsv'
[0.474s] INFO:colcon.colcon_core.shell:Creating environment hook '/ros2_ws/src/install/biped/share/biped/hook/cmake_prefix_path.sh'
[0.474s] Level 1:colcon.colcon_core.environment:checking '/ros2_ws/src/install/biped/bin'
[0.474s] Level 1:colcon.colcon_core.environment:checking '/ros2_ws/src/install/biped/lib/pkgconfig/biped.pc'
[0.475s] Level 1:colcon.colcon_core.environment:checking '/ros2_ws/src/install/biped/lib/python3.10/site-packages'
[0.475s] Level 1:colcon.colcon_core.environment:checking '/ros2_ws/src/install/biped/bin'
[0.475s] INFO:colcon.colcon_core.shell:Creating package script '/ros2_ws/src/install/biped/share/biped/package.ps1'
[0.476s] INFO:colcon.colcon_core.shell:Creating package descriptor '/ros2_ws/src/install/biped/share/biped/package.dsv'
[0.476s] INFO:colcon.colcon_core.shell:Creating package script '/ros2_ws/src/install/biped/share/biped/package.sh'
[0.477s] INFO:colcon.colcon_core.shell:Creating package script '/ros2_ws/src/install/biped/share/biped/package.bash'
[0.477s] INFO:colcon.colcon_core.shell:Creating package script '/ros2_ws/src/install/biped/share/biped/package.zsh'
[0.477s] Level 1:colcon.colcon_core.environment:create_file_with_runtime_dependencies(/ros2_ws/src/install/biped/share/colcon-core/packages/biped)
[0.478s] Level 1:colcon.colcon_core.environment:create_environment_scripts_only(biped)
[0.478s] Level 1:colcon.colcon_core.environment:checking '/ros2_ws/src/install/biped' for CMake module files
[0.479s] Level 1:colcon.colcon_core.environment:checking '/ros2_ws/src/install/biped' for CMake config files
[0.479s] Level 1:colcon.colcon_core.shell:create_environment_hook('biped', 'cmake_prefix_path')
[0.479s] INFO:colcon.colcon_core.shell:Creating environment hook '/ros2_ws/src/install/biped/share/biped/hook/cmake_prefix_path.ps1'
[0.480s] INFO:colcon.colcon_core.shell:Creating environment descriptor '/ros2_ws/src/install/biped/share/biped/hook/cmake_prefix_path.dsv'
[0.480s] INFO:colcon.colcon_core.shell:Creating environment hook '/ros2_ws/src/install/biped/share/biped/hook/cmake_prefix_path.sh'
[0.480s] Level 1:colcon.colcon_core.environment:checking '/ros2_ws/src/install/biped/bin'
[0.480s] Level 1:colcon.colcon_core.environment:checking '/ros2_ws/src/install/biped/lib/pkgconfig/biped.pc'
[0.481s] Level 1:colcon.colcon_core.environment:checking '/ros2_ws/src/install/biped/lib/python3.10/site-packages'
[0.481s] Level 1:colcon.colcon_core.environment:checking '/ros2_ws/src/install/biped/bin'
[0.481s] INFO:colcon.colcon_core.shell:Creating package script '/ros2_ws/src/install/biped/share/biped/package.ps1'
[0.482s] INFO:colcon.colcon_core.shell:Creating package descriptor '/ros2_ws/src/install/biped/share/biped/package.dsv'
[0.483s] INFO:colcon.colcon_core.shell:Creating package script '/ros2_ws/src/install/biped/share/biped/package.sh'
[0.483s] INFO:colcon.colcon_core.shell:Creating package script '/ros2_ws/src/install/biped/share/biped/package.bash'
[0.484s] INFO:colcon.colcon_core.shell:Creating package script '/ros2_ws/src/install/biped/share/biped/package.zsh'
[0.484s] Level 1:colcon.colcon_core.environment:create_file_with_runtime_dependencies(/ros2_ws/src/install/biped/share/colcon-core/packages/biped)
[0.486s] DEBUG:colcon.colcon_core.event_handler.log_command:Invoked command in '/ros2_ws/src/build/gz_ros2_control_demos' returned '0': CMAKE_PREFIX_PATH=/ros2_ws/src/install/gz_ros2_control:/ros2_ws/src/install/gz_ros2_control_tests:/ros2_ws/src/install/gz_ros2_control_demos:/ros2_ws/src/install/biped:/opt/ros/humble /usr/bin/cmake --build /ros2_ws/src/build/gz_ros2_control_demos -- -j16 -l16
[0.487s] DEBUG:colcon.colcon_core.event_handler.log_command:Invoking command in '/ros2_ws/src/build/gz_ros2_control_demos': CMAKE_PREFIX_PATH=/ros2_ws/src/install/gz_ros2_control:/ros2_ws/src/install/gz_ros2_control_tests:/ros2_ws/src/install/gz_ros2_control_demos:/ros2_ws/src/install/biped:/opt/ros/humble /usr/bin/cmake --install /ros2_ws/src/build/gz_ros2_control_demos
[0.487s] DEBUG:colcon.colcon_core.event_handler.log_command:Invoked command in '/ros2_ws/src/build/gz_ros2_control_tests' returned '0': CMAKE_PREFIX_PATH=/ros2_ws/src/install/gz_ros2_control:/ros2_ws/src/install/gz_ros2_control_tests:/ros2_ws/src/install/gz_ros2_control_demos:/ros2_ws/src/install/biped:/opt/ros/humble /usr/bin/cmake --build /ros2_ws/src/build/gz_ros2_control_tests -- -j16 -l16
[0.489s] DEBUG:colcon.colcon_core.event_handler.log_command:Invoking command in '/ros2_ws/src/build/gz_ros2_control_tests': CMAKE_PREFIX_PATH=/ros2_ws/src/install/gz_ros2_control:/ros2_ws/src/install/gz_ros2_control_tests:/ros2_ws/src/install/gz_ros2_control_demos:/ros2_ws/src/install/biped:/opt/ros/humble /usr/bin/cmake --install /ros2_ws/src/build/gz_ros2_control_tests
[0.508s] Level 1:colcon.colcon_core.environment:create_environment_scripts_only(gz_ros2_control_tests)
[0.508s] DEBUG:colcon.colcon_core.event_handler.log_command:Invoked command in '/ros2_ws/src/build/gz_ros2_control_tests' returned '0': CMAKE_PREFIX_PATH=/ros2_ws/src/install/gz_ros2_control:/ros2_ws/src/install/gz_ros2_control_tests:/ros2_ws/src/install/gz_ros2_control_demos:/ros2_ws/src/install/biped:/opt/ros/humble /usr/bin/cmake --install /ros2_ws/src/build/gz_ros2_control_tests
[0.508s] Level 1:colcon.colcon_core.environment:checking '/ros2_ws/src/install/gz_ros2_control_tests' for CMake module files
[0.509s] Level 1:colcon.colcon_core.environment:checking '/ros2_ws/src/install/gz_ros2_control_tests' for CMake config files
[0.509s] Level 1:colcon.colcon_core.shell:create_environment_hook('gz_ros2_control_tests', 'cmake_prefix_path')
[0.509s] INFO:colcon.colcon_core.shell:Creating environment hook '/ros2_ws/src/install/gz_ros2_control_tests/share/gz_ros2_control_tests/hook/cmake_prefix_path.ps1'
[0.509s] INFO:colcon.colcon_core.shell:Creating environment descriptor '/ros2_ws/src/install/gz_ros2_control_tests/share/gz_ros2_control_tests/hook/cmake_prefix_path.dsv'
[0.510s] INFO:colcon.colcon_core.shell:Creating environment hook '/ros2_ws/src/install/gz_ros2_control_tests/share/gz_ros2_control_tests/hook/cmake_prefix_path.sh'
[0.510s] Level 1:colcon.colcon_core.environment:checking '/ros2_ws/src/install/gz_ros2_control_tests/lib'
[0.510s] Level 1:colcon.colcon_core.environment:checking '/ros2_ws/src/install/gz_ros2_control_tests/bin'
[0.510s] Level 1:colcon.colcon_core.environment:checking '/ros2_ws/src/install/gz_ros2_control_tests/lib/pkgconfig/gz_ros2_control_tests.pc'
[0.510s] Level 1:colcon.colcon_core.environment:checking '/ros2_ws/src/install/gz_ros2_control_tests/lib/python3.10/site-packages'
[0.510s] Level 1:colcon.colcon_core.environment:checking '/ros2_ws/src/install/gz_ros2_control_tests/bin'
[0.510s] INFO:colcon.colcon_core.shell:Creating package script '/ros2_ws/src/install/gz_ros2_control_tests/share/gz_ros2_control_tests/package.ps1'
[0.511s] INFO:colcon.colcon_core.shell:Creating package descriptor '/ros2_ws/src/install/gz_ros2_control_tests/share/gz_ros2_control_tests/package.dsv'
[0.511s] INFO:colcon.colcon_core.shell:Creating package script '/ros2_ws/src/install/gz_ros2_control_tests/share/gz_ros2_control_tests/package.sh'
[0.511s] INFO:colcon.colcon_core.shell:Creating package script '/ros2_ws/src/install/gz_ros2_control_tests/share/gz_ros2_control_tests/package.bash'
[0.511s] INFO:colcon.colcon_core.shell:Creating package script '/ros2_ws/src/install/gz_ros2_control_tests/share/gz_ros2_control_tests/package.zsh'
[0.512s] Level 1:colcon.colcon_core.environment:create_file_with_runtime_dependencies(/ros2_ws/src/install/gz_ros2_control_tests/share/colcon-core/packages/gz_ros2_control_tests)
[0.512s] Level 1:colcon.colcon_core.environment:create_environment_scripts_only(gz_ros2_control_tests)
[0.512s] Level 1:colcon.colcon_core.environment:checking '/ros2_ws/src/install/gz_ros2_control_tests' for CMake module files
[0.512s] Level 1:colcon.colcon_core.environment:checking '/ros2_ws/src/install/gz_ros2_control_tests' for CMake config files
[0.512s] Level 1:colcon.colcon_core.shell:create_environment_hook('gz_ros2_control_tests', 'cmake_prefix_path')
[0.513s] INFO:colcon.colcon_core.shell:Creating environment hook '/ros2_ws/src/install/gz_ros2_control_tests/share/gz_ros2_control_tests/hook/cmake_prefix_path.ps1'
[0.513s] INFO:colcon.colcon_core.shell:Creating environment descriptor '/ros2_ws/src/install/gz_ros2_control_tests/share/gz_ros2_control_tests/hook/cmake_prefix_path.dsv'
[0.513s] INFO:colcon.colcon_core.shell:Creating environment hook '/ros2_ws/src/install/gz_ros2_control_tests/share/gz_ros2_control_tests/hook/cmake_prefix_path.sh'
[0.513s] Level 1:colcon.colcon_core.environment:checking '/ros2_ws/src/install/gz_ros2_control_tests/lib'
[0.513s] Level 1:colcon.colcon_core.environment:checking '/ros2_ws/src/install/gz_ros2_control_tests/bin'
[0.513s] Level 1:colcon.colcon_core.environment:checking '/ros2_ws/src/install/gz_ros2_control_tests/lib/pkgconfig/gz_ros2_control_tests.pc'
[0.514s] Level 1:colcon.colcon_core.environment:checking '/ros2_ws/src/install/gz_ros2_control_tests/lib/python3.10/site-packages'
[0.514s] Level 1:colcon.colcon_core.environment:checking '/ros2_ws/src/install/gz_ros2_control_tests/bin'
[0.514s] INFO:colcon.colcon_core.shell:Creating package script '/ros2_ws/src/install/gz_ros2_control_tests/share/gz_ros2_control_tests/package.ps1'
[0.515s] INFO:colcon.colcon_core.shell:Creating package descriptor '/ros2_ws/src/install/gz_ros2_control_tests/share/gz_ros2_control_tests/package.dsv'
[0.515s] INFO:colcon.colcon_core.shell:Creating package script '/ros2_ws/src/install/gz_ros2_control_tests/share/gz_ros2_control_tests/package.sh'
[0.515s] INFO:colcon.colcon_core.shell:Creating package script '/ros2_ws/src/install/gz_ros2_control_tests/share/gz_ros2_control_tests/package.bash'
[0.515s] INFO:colcon.colcon_core.shell:Creating package script '/ros2_ws/src/install/gz_ros2_control_tests/share/gz_ros2_control_tests/package.zsh'
[0.516s] Level 1:colcon.colcon_core.environment:create_file_with_runtime_dependencies(/ros2_ws/src/install/gz_ros2_control_tests/share/colcon-core/packages/gz_ros2_control_tests)
[0.516s] Level 1:colcon.colcon_core.environment:create_environment_scripts_only(gz_ros2_control_demos)
[0.516s] Level 1:colcon.colcon_core.environment:checking '/ros2_ws/src/install/gz_ros2_control_demos' for CMake module files
[0.517s] Level 1:colcon.colcon_core.environment:checking '/ros2_ws/src/install/gz_ros2_control_demos' for CMake config files
[0.518s] DEBUG:colcon.colcon_core.event_handler.log_command:Invoked command in '/ros2_ws/src/build/gz_ros2_control_demos' returned '0': CMAKE_PREFIX_PATH=/ros2_ws/src/install/gz_ros2_control:/ros2_ws/src/install/gz_ros2_control_tests:/ros2_ws/src/install/gz_ros2_control_demos:/ros2_ws/src/install/biped:/opt/ros/humble /usr/bin/cmake --install /ros2_ws/src/build/gz_ros2_control_demos
[0.518s] Level 1:colcon.colcon_core.shell:create_environment_hook('gz_ros2_control_demos', 'cmake_prefix_path')
[0.518s] INFO:colcon.colcon_core.shell:Creating environment hook '/ros2_ws/src/install/gz_ros2_control_demos/share/gz_ros2_control_demos/hook/cmake_prefix_path.ps1'
[0.518s] INFO:colcon.colcon_core.shell:Creating environment descriptor '/ros2_ws/src/install/gz_ros2_control_demos/share/gz_ros2_control_demos/hook/cmake_prefix_path.dsv'
[0.519s] INFO:colcon.colcon_core.shell:Creating environment hook '/ros2_ws/src/install/gz_ros2_control_demos/share/gz_ros2_control_demos/hook/cmake_prefix_path.sh'
[0.519s] Level 1:colcon.colcon_core.environment:checking '/ros2_ws/src/install/gz_ros2_control_demos/lib'
[0.519s] Level 1:colcon.colcon_core.environment:checking '/ros2_ws/src/install/gz_ros2_control_demos/bin'
[0.519s] Level 1:colcon.colcon_core.environment:checking '/ros2_ws/src/install/gz_ros2_control_demos/lib/pkgconfig/gz_ros2_control_demos.pc'
[0.519s] Level 1:colcon.colcon_core.environment:checking '/ros2_ws/src/install/gz_ros2_control_demos/lib/python3.10/site-packages'
[0.519s] Level 1:colcon.colcon_core.environment:checking '/ros2_ws/src/install/gz_ros2_control_demos/bin'
[0.519s] INFO:colcon.colcon_core.shell:Creating package script '/ros2_ws/src/install/gz_ros2_control_demos/share/gz_ros2_control_demos/package.ps1'
[0.520s] INFO:colcon.colcon_core.shell:Creating package descriptor '/ros2_ws/src/install/gz_ros2_control_demos/share/gz_ros2_control_demos/package.dsv'
[0.520s] INFO:colcon.colcon_core.shell:Creating package script '/ros2_ws/src/install/gz_ros2_control_demos/share/gz_ros2_control_demos/package.sh'
[0.520s] INFO:colcon.colcon_core.shell:Creating package script '/ros2_ws/src/install/gz_ros2_control_demos/share/gz_ros2_control_demos/package.bash'
[0.520s] INFO:colcon.colcon_core.shell:Creating package script '/ros2_ws/src/install/gz_ros2_control_demos/share/gz_ros2_control_demos/package.zsh'
[0.521s] Level 1:colcon.colcon_core.environment:create_file_with_runtime_dependencies(/ros2_ws/src/install/gz_ros2_control_demos/share/colcon-core/packages/gz_ros2_control_demos)
[0.521s] Level 1:colcon.colcon_core.environment:create_environment_scripts_only(gz_ros2_control_demos)
[0.521s] Level 1:colcon.colcon_core.environment:checking '/ros2_ws/src/install/gz_ros2_control_demos' for CMake module files
[0.522s] Level 1:colcon.colcon_core.environment:checking '/ros2_ws/src/install/gz_ros2_control_demos' for CMake config files
[0.522s] Level 1:colcon.colcon_core.shell:create_environment_hook('gz_ros2_control_demos', 'cmake_prefix_path')
[0.522s] INFO:colcon.colcon_core.shell:Creating environment hook '/ros2_ws/src/install/gz_ros2_control_demos/share/gz_ros2_control_demos/hook/cmake_prefix_path.ps1'
[0.522s] INFO:colcon.colcon_core.shell:Creating environment descriptor '/ros2_ws/src/install/gz_ros2_control_demos/share/gz_ros2_control_demos/hook/cmake_prefix_path.dsv'
[0.523s] INFO:colcon.colcon_core.shell:Creating environment hook '/ros2_ws/src/install/gz_ros2_control_demos/share/gz_ros2_control_demos/hook/cmake_prefix_path.sh'
[0.523s] Level 1:colcon.colcon_core.environment:checking '/ros2_ws/src/install/gz_ros2_control_demos/lib'
[0.523s] Level 1:colcon.colcon_core.environment:checking '/ros2_ws/src/install/gz_ros2_control_demos/bin'
[0.523s] Level 1:colcon.colcon_core.environment:checking '/ros2_ws/src/install/gz_ros2_control_demos/lib/pkgconfig/gz_ros2_control_demos.pc'
[0.523s] Level 1:colcon.colcon_core.environment:checking '/ros2_ws/src/install/gz_ros2_control_demos/lib/python3.10/site-packages'
[0.523s] Level 1:colcon.colcon_core.environment:checking '/ros2_ws/src/install/gz_ros2_control_demos/bin'
[0.524s] INFO:colcon.colcon_core.shell:Creating package script '/ros2_ws/src/install/gz_ros2_control_demos/share/gz_ros2_control_demos/package.ps1'
[0.524s] INFO:colcon.colcon_core.shell:Creating package descriptor '/ros2_ws/src/install/gz_ros2_control_demos/share/gz_ros2_control_demos/package.dsv'
[0.524s] INFO:colcon.colcon_core.shell:Creating package script '/ros2_ws/src/install/gz_ros2_control_demos/share/gz_ros2_control_demos/package.sh'
[0.524s] INFO:colcon.colcon_core.shell:Creating package script '/ros2_ws/src/install/gz_ros2_control_demos/share/gz_ros2_control_demos/package.bash'
[0.525s] INFO:colcon.colcon_core.shell:Creating package script '/ros2_ws/src/install/gz_ros2_control_demos/share/gz_ros2_control_demos/package.zsh'
[0.525s] Level 1:colcon.colcon_core.environment:create_file_with_runtime_dependencies(/ros2_ws/src/install/gz_ros2_control_demos/share/colcon-core/packages/gz_ros2_control_demos)
[0.525s] DEBUG:colcon.colcon_parallel_executor.executor.parallel:closing loop
[0.525s] DEBUG:colcon.colcon_parallel_executor.executor.parallel:loop closed
[0.525s] DEBUG:colcon.colcon_parallel_executor.executor.parallel:run_until_complete finished with '0'
[0.525s] DEBUG:colcon.colcon_core.event_reactor:joining thread
[0.530s] INFO:colcon.colcon_core.plugin_system:Skipping extension 'colcon_notification.desktop_notification.notify_send': Could not find 'notify-send'
[0.530s] INFO:colcon.colcon_core.plugin_system:Skipping extension 'colcon_notification.desktop_notification.terminal_notifier': Not used on non-Darwin systems
[0.530s] INFO:colcon.colcon_core.plugin_system:Skipping extension 'colcon_notification.desktop_notification.win32': Not used on non-Windows systems
[0.530s] INFO:colcon.colcon_notification.desktop_notification:Sending desktop notification using 'notify2'
[0.533s] DEBUG:colcon.colcon_notification.desktop_notification.notify2:Failed to initialize notify2: org.freedesktop.DBus.Error.Spawn.ExecFailed: /usr/bin/dbus-launch terminated abnormally without any error message
[0.533s] DEBUG:colcon.colcon_core.event_reactor:joined thread
[0.533s] INFO:colcon.colcon_core.shell:Creating prefix script '/ros2_ws/src/install/local_setup.ps1'
[0.534s] INFO:colcon.colcon_core.shell:Creating prefix util module '/ros2_ws/src/install/_local_setup_util_ps1.py'
[0.535s] INFO:colcon.colcon_core.shell:Creating prefix chain script '/ros2_ws/src/install/setup.ps1'
[0.536s] INFO:colcon.colcon_core.shell:Creating prefix script '/ros2_ws/src/install/local_setup.sh'
[0.536s] INFO:colcon.colcon_core.shell:Creating prefix util module '/ros2_ws/src/install/_local_setup_util_sh.py'
[0.537s] INFO:colcon.colcon_core.shell:Creating prefix chain script '/ros2_ws/src/install/setup.sh'
[0.537s] INFO:colcon.colcon_core.shell:Creating prefix script '/ros2_ws/src/install/local_setup.bash'
[0.538s] INFO:colcon.colcon_core.shell:Creating prefix chain script '/ros2_ws/src/install/setup.bash'
[0.538s] INFO:colcon.colcon_core.shell:Creating prefix script '/ros2_ws/src/install/local_setup.zsh'
[0.539s] INFO:colcon.colcon_core.shell:Creating prefix chain script '/ros2_ws/src/install/setup.zsh'
