[0.012s] Invoking command in '/ros2_ws/src/build/gz_ros2_control': CMAKE_PREFIX_PATH=${CMAKE_PREFIX_PATH}:/opt/ros/humble /usr/bin/cmake --build /ros2_ws/src/build/gz_ros2_control -- -j16 -l16
[0.090s] [100%] Built target gz_hardware_plugins
[0.090s] [100%] Built target gz_ros2_control-system
[0.103s] Invoked command in '/ros2_ws/src/build/gz_ros2_control' returned '0': CMAKE_PREFIX_PATH=${CMAKE_PREFIX_PATH}:/opt/ros/humble /usr/bin/cmake --build /ros2_ws/src/build/gz_ros2_control -- -j16 -l16
[0.117s] Invoking command in '/ros2_ws/src/build/gz_ros2_control': CMAKE_PREFIX_PATH=${CMAKE_PREFIX_PATH}:/opt/ros/humble /usr/bin/cmake --install /ros2_ws/src/build/gz_ros2_control
[0.128s] -- Install configuration: ""
[0.128s] -- Execute custom install script
[0.128s] -- Up-to-date symlink: /ros2_ws/src/install/gz_ros2_control/lib/libgz_hardware_plugins.so
[0.129s] -- Up-to-date symlink: /ros2_ws/src/install/gz_ros2_control/include/include/gz_ros2_control/gz_ros2_control_plugin.hpp
[0.129s] -- Up-to-date symlink: /ros2_ws/src/install/gz_ros2_control/include/include/gz_ros2_control/gz_system.hpp
[0.129s] -- Up-to-date symlink: /ros2_ws/src/install/gz_ros2_control/include/include/gz_ros2_control/gz_system_interface.hpp
[0.129s] -- Up-to-date symlink: /ros2_ws/src/install/gz_ros2_control/share/gz_ros2_control/environment/library_path.sh
[0.129s] -- Up-to-date symlink: /ros2_ws/src/install/gz_ros2_control/share/gz_ros2_control/environment/library_path.dsv
[0.129s] -- Up-to-date symlink: /ros2_ws/src/install/gz_ros2_control/lib/libgz_ros2_control-system.so
[0.129s] -- Up-to-date symlink: /ros2_ws/src/install/gz_ros2_control/share/gz_ros2_control//gz_hardware_plugins.xml
[0.130s] -- Up-to-date symlink: /ros2_ws/src/install/gz_ros2_control/share/ament_index/resource_index/package_run_dependencies/gz_ros2_control
[0.130s] -- Up-to-date symlink: /ros2_ws/src/install/gz_ros2_control/share/ament_index/resource_index/parent_prefix_path/gz_ros2_control
[0.130s] -- Up-to-date symlink: /ros2_ws/src/install/gz_ros2_control/share/gz_ros2_control/environment/ament_prefix_path.sh
[0.130s] -- Up-to-date symlink: /ros2_ws/src/install/gz_ros2_control/share/gz_ros2_control/environment/ament_prefix_path.dsv
[0.130s] -- Up-to-date symlink: /ros2_ws/src/install/gz_ros2_control/share/gz_ros2_control/environment/path.sh
[0.130s] -- Up-to-date symlink: /ros2_ws/src/install/gz_ros2_control/share/gz_ros2_control/environment/path.dsv
[0.130s] -- Up-to-date symlink: /ros2_ws/src/install/gz_ros2_control/share/gz_ros2_control/local_setup.bash
[0.130s] -- Up-to-date symlink: /ros2_ws/src/install/gz_ros2_control/share/gz_ros2_control/local_setup.sh
[0.130s] -- Up-to-date symlink: /ros2_ws/src/install/gz_ros2_control/share/gz_ros2_control/local_setup.zsh
[0.130s] -- Up-to-date symlink: /ros2_ws/src/install/gz_ros2_control/share/gz_ros2_control/local_setup.dsv
[0.130s] -- Symlinking: /ros2_ws/src/install/gz_ros2_control/share/gz_ros2_control/package.dsv
[0.142s] -- Up-to-date symlink: /ros2_ws/src/install/gz_ros2_control/share/ament_index/resource_index/packages/gz_ros2_control
[0.142s] -- Up-to-date symlink: /ros2_ws/src/install/gz_ros2_control/share/ament_index/resource_index/gz_ros2_control__pluginlib__plugin/gz_ros2_control
[0.142s] -- Up-to-date symlink: /ros2_ws/src/install/gz_ros2_control/share/gz_ros2_control/cmake/ament_cmake_export_include_directories-extras.cmake
[0.142s] -- Up-to-date symlink: /ros2_ws/src/install/gz_ros2_control/share/gz_ros2_control/cmake/ament_cmake_export_libraries-extras.cmake
[0.142s] -- Up-to-date symlink: /ros2_ws/src/install/gz_ros2_control/share/gz_ros2_control/cmake/gz_ros2_controlConfig.cmake
[0.142s] -- Up-to-date symlink: /ros2_ws/src/install/gz_ros2_control/share/gz_ros2_control/cmake/gz_ros2_controlConfig-version.cmake
[0.142s] -- Up-to-date symlink: /ros2_ws/src/install/gz_ros2_control/share/gz_ros2_control/package.xml
[0.144s] Invoked command in '/ros2_ws/src/build/gz_ros2_control' returned '0': CMAKE_PREFIX_PATH=${CMAKE_PREFIX_PATH}:/opt/ros/humble /usr/bin/cmake --install /ros2_ws/src/build/gz_ros2_control
