[0.008s] Invoking command in '/ros2_ws/src/build/biped': AMENT_PREFIX_PATH=/ros2_ws/src/install/gz_ros2_control:${AMENT_PREFIX_PATH} CMAKE_PREFIX_PATH=/ros2_ws/src/install/gz_ros2_control:/opt/ros/humble LD_LIBRARY_PATH=/ros2_ws/src/install/gz_ros2_control/lib:${LD_LIBRARY_PATH} /usr/bin/cmake /ros2_ws/src/biped -DCMAKE_INSTALL_PREFIX=/ros2_ws/src/install/biped
[0.065s] -- The C compiler identification is GNU 11.4.0
[0.113s] -- The CXX compiler identification is GNU 11.4.0
[0.121s] -- Detecting C compiler ABI info
[0.191s] -- Detecting C compiler ABI info - done
[0.195s] -- Check for working C compiler: /usr/bin/cc - skipped
[0.195s] -- Detecting C compile features
[0.195s] -- Detecting C compile features - done
[0.198s] -- Detecting CXX compiler ABI info
[0.273s] -- Detecting CXX compiler ABI info - done
[0.278s] -- Check for working CXX compiler: /usr/bin/c++ - skipped
[0.278s] -- Detecting CXX compile features
[0.278s] -- Detecting CXX compile features - done
[0.281s] -- Found ament_cmake: 1.3.11 (/opt/ros/humble/share/ament_cmake/cmake)
[0.391s] -- Found Python3: /usr/bin/python3 (found version "3.10.12") found components: Interpreter 
[0.486s] -- Found rclcpp: 16.0.12 (/opt/ros/humble/share/rclcpp/cmake)
[0.526s] -- Found rosidl_generator_c: 3.1.6 (/opt/ros/humble/share/rosidl_generator_c/cmake)
[0.530s] -- Found rosidl_adapter: 3.1.6 (/opt/ros/humble/share/rosidl_adapter/cmake)
[0.539s] -- Found rosidl_generator_cpp: 3.1.6 (/opt/ros/humble/share/rosidl_generator_cpp/cmake)
[0.549s] -- Using all available rosidl_typesupport_c: rosidl_typesupport_fastrtps_c;rosidl_typesupport_introspection_c
[0.564s] -- Using all available rosidl_typesupport_cpp: rosidl_typesupport_fastrtps_cpp;rosidl_typesupport_introspection_cpp
[0.594s] -- Found rmw_implementation_cmake: 6.1.2 (/opt/ros/humble/share/rmw_implementation_cmake/cmake)
[0.597s] -- Found rmw_fastrtps_cpp: 6.2.7 (/opt/ros/humble/share/rmw_fastrtps_cpp/cmake)
[0.684s] -- Found OpenSSL: /usr/lib/x86_64-linux-gnu/libcrypto.so (found version "3.0.2")  
[0.711s] -- Found FastRTPS: /opt/ros/humble/include  
[0.754s] -- Using RMW implementation 'rmw_fastrtps_cpp' as default
[0.760s] -- Looking for pthread.h
[0.827s] -- Looking for pthread.h - found
[0.827s] -- Performing Test CMAKE_HAVE_LIBC_PTHREAD
[0.889s] -- Performing Test CMAKE_HAVE_LIBC_PTHREAD - Success
[0.889s] -- Found Threads: TRUE  
[0.939s] -- Found ros2_control: 2.49.0 (/opt/ros/humble/share/ros2_control/cmake)
[0.941s] -- Found ros2_controllers: 2.43.0 (/opt/ros/humble/share/ros2_controllers/cmake)
[0.941s] -- Found gz_ros2_control: 1.1.8 (/ros2_ws/src/install/gz_ros2_control/share/gz_ros2_control/cmake)
[1.004s] -- Configuring done
[1.013s] -- Generating done
[1.015s] -- Build files have been written to: /ros2_ws/src/build/biped
[1.024s] Invoked command in '/ros2_ws/src/build/biped' returned '0': AMENT_PREFIX_PATH=/ros2_ws/src/install/gz_ros2_control:${AMENT_PREFIX_PATH} CMAKE_PREFIX_PATH=/ros2_ws/src/install/gz_ros2_control:/opt/ros/humble LD_LIBRARY_PATH=/ros2_ws/src/install/gz_ros2_control/lib:${LD_LIBRARY_PATH} /usr/bin/cmake /ros2_ws/src/biped -DCMAKE_INSTALL_PREFIX=/ros2_ws/src/install/biped
[1.026s] Invoking command in '/ros2_ws/src/build/biped': AMENT_PREFIX_PATH=/ros2_ws/src/install/gz_ros2_control:${AMENT_PREFIX_PATH} CMAKE_PREFIX_PATH=/ros2_ws/src/install/gz_ros2_control:/opt/ros/humble LD_LIBRARY_PATH=/ros2_ws/src/install/gz_ros2_control/lib:${LD_LIBRARY_PATH} /usr/bin/cmake --build /ros2_ws/src/build/biped -- -j16 -l16
[1.073s] Invoked command in '/ros2_ws/src/build/biped' returned '0': AMENT_PREFIX_PATH=/ros2_ws/src/install/gz_ros2_control:${AMENT_PREFIX_PATH} CMAKE_PREFIX_PATH=/ros2_ws/src/install/gz_ros2_control:/opt/ros/humble LD_LIBRARY_PATH=/ros2_ws/src/install/gz_ros2_control/lib:${LD_LIBRARY_PATH} /usr/bin/cmake --build /ros2_ws/src/build/biped -- -j16 -l16
[1.074s] Invoking command in '/ros2_ws/src/build/biped': AMENT_PREFIX_PATH=/ros2_ws/src/install/gz_ros2_control:${AMENT_PREFIX_PATH} CMAKE_PREFIX_PATH=/ros2_ws/src/install/gz_ros2_control:/opt/ros/humble LD_LIBRARY_PATH=/ros2_ws/src/install/gz_ros2_control/lib:${LD_LIBRARY_PATH} /usr/bin/cmake --install /ros2_ws/src/build/biped
[1.084s] -- Install configuration: ""
[1.084s] -- Installing: /ros2_ws/src/install/biped/share/biped/launch
[1.084s] -- Installing: /ros2_ws/src/install/biped/share/biped/launch/launch.py
[1.084s] -- Installing: /ros2_ws/src/install/biped/share/biped/urdf
[1.084s] -- Installing: /ros2_ws/src/install/biped/share/biped/urdf/common.xacro
[1.084s] -- Installing: /ros2_ws/src/install/biped/share/biped/urdf/biped.urdf.xacro
[1.085s] -- Installing: /ros2_ws/src/install/biped/share/biped/urdf/biped.urdf
[1.085s] -- Installing: /ros2_ws/src/install/biped/share/biped/config
[1.085s] -- Installing: /ros2_ws/src/install/biped/share/biped/config/biped.yaml
[1.085s] -- Installing: /ros2_ws/src/install/biped/share/biped/config/biped_config.rviz
[1.085s] -- Installing: /ros2_ws/src/install/biped/share/biped/config/biped_controller.yaml
[1.086s] -- Installing: /ros2_ws/src/install/biped/share/biped/meshes
[1.086s] -- Installing: /ros2_ws/src/install/biped/share/biped/meshes/left_femur.stl
[1.086s] -- Installing: /ros2_ws/src/install/biped/share/biped/meshes/left_hip.stl
[1.087s] -- Installing: /ros2_ws/src/install/biped/share/biped/meshes/left_hip1.stl
[1.088s] -- Installing: /ros2_ws/src/install/biped/share/biped/meshes/right_hip1.stl
[1.089s] -- Installing: /ros2_ws/src/install/biped/share/biped/meshes/base_link.stl
[1.090s] -- Installing: /ros2_ws/src/install/biped/share/biped/meshes/right_femur.stl
[1.091s] -- Installing: /ros2_ws/src/install/biped/share/biped/meshes/right_hip.stl
[1.092s] -- Installing: /ros2_ws/src/install/biped/share/biped/meshes/left_tibia.stl
[1.092s] -- Installing: /ros2_ws/src/install/biped/share/biped/meshes/right_tibia.stl
[1.093s] -- Installing: /ros2_ws/src/install/biped/share/ament_index/resource_index/package_run_dependencies/biped
[1.093s] -- Installing: /ros2_ws/src/install/biped/share/ament_index/resource_index/parent_prefix_path/biped
[1.093s] -- Installing: /ros2_ws/src/install/biped/share/biped/environment/ament_prefix_path.sh
[1.093s] -- Installing: /ros2_ws/src/install/biped/share/biped/environment/ament_prefix_path.dsv
[1.093s] -- Installing: /ros2_ws/src/install/biped/share/biped/environment/path.sh
[1.094s] -- Installing: /ros2_ws/src/install/biped/share/biped/environment/path.dsv
[1.094s] -- Installing: /ros2_ws/src/install/biped/share/biped/local_setup.bash
[1.094s] -- Installing: /ros2_ws/src/install/biped/share/biped/local_setup.sh
[1.094s] -- Installing: /ros2_ws/src/install/biped/share/biped/local_setup.zsh
[1.094s] -- Installing: /ros2_ws/src/install/biped/share/biped/local_setup.dsv
[1.094s] -- Installing: /ros2_ws/src/install/biped/share/biped/package.dsv
[1.094s] -- Installing: /ros2_ws/src/install/biped/share/ament_index/resource_index/packages/biped
[1.095s] -- Installing: /ros2_ws/src/install/biped/share/biped/cmake/bipedConfig.cmake
[1.095s] -- Installing: /ros2_ws/src/install/biped/share/biped/cmake/bipedConfig-version.cmake
[1.095s] -- Installing: /ros2_ws/src/install/biped/share/biped/package.xml
[1.100s] Invoked command in '/ros2_ws/src/build/biped' returned '0': AMENT_PREFIX_PATH=/ros2_ws/src/install/gz_ros2_control:${AMENT_PREFIX_PATH} CMAKE_PREFIX_PATH=/ros2_ws/src/install/gz_ros2_control:/opt/ros/humble LD_LIBRARY_PATH=/ros2_ws/src/install/gz_ros2_control/lib:${LD_LIBRARY_PATH} /usr/bin/cmake --install /ros2_ws/src/build/biped
