[0.075s] DEBUG:colcon:Command line arguments: ['/usr/bin/colcon', 'build', '--packages-select', 'biped']
[0.075s] DEBUG:colcon:Parsed command line arguments: Namespace(log_base=None, log_level=None, verb_name='build', build_base='build', install_base='install', merge_install=False, symlink_install=False, test_result_base=None, continue_on_error=False, executor='parallel', parallel_workers=16, event_handlers=None, ignore_user_meta=False, metas=['./colcon.meta'], base_paths=['.'], packages_ignore=None, packages_ignore_regex=None, paths=None, packages_up_to=None, packages_up_to_regex=None, packages_above=None, packages_above_and_dependencies=None, packages_above_depth=None, packages_select_by_dep=None, packages_skip_by_dep=None, packages_skip_up_to=None, packages_select_build_failed=False, packages_skip_build_finished=False, packages_select_test_failures=False, packages_skip_test_passed=False, packages_select=['biped'], packages_skip=None, packages_select_regex=None, packages_skip_regex=None, packages_start=None, packages_end=None, cmake_args=None, cmake_target=None, cmake_target_skip_unavailable=False, cmake_clean_cache=False, cmake_clean_first=False, cmake_force_configure=False, ament_cmake_args=None, catkin_cmake_args=None, catkin_skip_building_tests=False, mixin_files=None, mixin=None, verb_parser=<colcon_mixin.mixin.mixin_argument.MixinArgumentDecorator object at 0x74efe8b6c160>, verb_extension=<colcon_core.verb.build.BuildVerb object at 0x74efe8cec760>, main=<bound method BuildVerb.main of <colcon_core.verb.build.BuildVerb object at 0x74efe8cec760>>, mixin_verb=('build',))
[0.155s] Level 1:colcon.colcon_core.package_discovery:discover_packages(colcon_meta) check parameters
[0.155s] Level 1:colcon.colcon_core.package_discovery:discover_packages(recursive) check parameters
[0.155s] Level 1:colcon.colcon_core.package_discovery:discover_packages(ignore) check parameters
[0.155s] Level 1:colcon.colcon_core.package_discovery:discover_packages(path) check parameters
[0.155s] Level 1:colcon.colcon_core.package_discovery:discover_packages(colcon_meta) discover
[0.156s] Level 1:colcon.colcon_core.package_discovery:discover_packages(recursive) discover
[0.156s] INFO:colcon.colcon_core.package_discovery:Crawling recursively for packages in '/ros2_ws/src'
[0.156s] Level 1:colcon.colcon_core.package_identification:_identify(.) by extensions ['ignore', 'ignore_ament_install']
[0.156s] Level 1:colcon.colcon_core.package_identification:_identify(.) by extension 'ignore'
[0.156s] Level 1:colcon.colcon_core.package_identification:_identify(.) by extension 'ignore_ament_install'
[0.156s] Level 1:colcon.colcon_core.package_identification:_identify(.) by extensions ['colcon_pkg']
[0.156s] Level 1:colcon.colcon_core.package_identification:_identify(.) by extension 'colcon_pkg'
[0.156s] Level 1:colcon.colcon_core.package_identification:_identify(.) by extensions ['colcon_meta']
[0.156s] Level 1:colcon.colcon_core.package_identification:_identify(.) by extension 'colcon_meta'
[0.156s] Level 1:colcon.colcon_core.package_identification:_identify(.) by extensions ['ros']
[0.156s] Level 1:colcon.colcon_core.package_identification:_identify(.) by extension 'ros'
[0.165s] Level 1:colcon.colcon_core.package_identification:_identify(.) by extensions ['cmake', 'python']
[0.165s] Level 1:colcon.colcon_core.package_identification:_identify(.) by extension 'cmake'
[0.165s] Level 1:colcon.colcon_core.package_identification:_identify(.) by extension 'python'
[0.165s] Level 1:colcon.colcon_core.package_identification:_identify(.) by extensions ['python_setup_py']
[0.165s] Level 1:colcon.colcon_core.package_identification:_identify(.) by extension 'python_setup_py'
[0.165s] Level 1:colcon.colcon_core.package_identification:_identify(biped) by extensions ['ignore', 'ignore_ament_install']
[0.165s] Level 1:colcon.colcon_core.package_identification:_identify(biped) by extension 'ignore'
[0.165s] Level 1:colcon.colcon_core.package_identification:_identify(biped) by extension 'ignore_ament_install'
[0.165s] Level 1:colcon.colcon_core.package_identification:_identify(biped) by extensions ['colcon_pkg']
[0.165s] Level 1:colcon.colcon_core.package_identification:_identify(biped) by extension 'colcon_pkg'
[0.165s] Level 1:colcon.colcon_core.package_identification:_identify(biped) by extensions ['colcon_meta']
[0.165s] Level 1:colcon.colcon_core.package_identification:_identify(biped) by extension 'colcon_meta'
[0.165s] Level 1:colcon.colcon_core.package_identification:_identify(biped) by extensions ['ros']
[0.165s] Level 1:colcon.colcon_core.package_identification:_identify(biped) by extension 'ros'
[0.167s] DEBUG:colcon.colcon_core.package_identification:Package 'biped' with type 'ros.ament_cmake' and name 'biped'
[0.167s] Level 1:colcon.colcon_core.package_identification:_identify(build) by extensions ['ignore', 'ignore_ament_install']
[0.167s] Level 1:colcon.colcon_core.package_identification:_identify(build) by extension 'ignore'
[0.167s] Level 1:colcon.colcon_core.package_identification:_identify(build) ignored
[0.167s] Level 1:colcon.colcon_core.package_identification:_identify(dep_repos) by extensions ['ignore', 'ignore_ament_install']
[0.167s] Level 1:colcon.colcon_core.package_identification:_identify(dep_repos) by extension 'ignore'
[0.167s] Level 1:colcon.colcon_core.package_identification:_identify(dep_repos) by extension 'ignore_ament_install'
[0.167s] Level 1:colcon.colcon_core.package_identification:_identify(dep_repos) by extensions ['colcon_pkg']
[0.167s] Level 1:colcon.colcon_core.package_identification:_identify(dep_repos) by extension 'colcon_pkg'
[0.167s] Level 1:colcon.colcon_core.package_identification:_identify(dep_repos) by extensions ['colcon_meta']
[0.167s] Level 1:colcon.colcon_core.package_identification:_identify(dep_repos) by extension 'colcon_meta'
[0.167s] Level 1:colcon.colcon_core.package_identification:_identify(dep_repos) by extensions ['ros']
[0.167s] Level 1:colcon.colcon_core.package_identification:_identify(dep_repos) by extension 'ros'
[0.167s] Level 1:colcon.colcon_core.package_identification:_identify(dep_repos) by extensions ['cmake', 'python']
[0.167s] Level 1:colcon.colcon_core.package_identification:_identify(dep_repos) by extension 'cmake'
[0.167s] Level 1:colcon.colcon_core.package_identification:_identify(dep_repos) by extension 'python'
[0.167s] Level 1:colcon.colcon_core.package_identification:_identify(dep_repos) by extensions ['python_setup_py']
[0.167s] Level 1:colcon.colcon_core.package_identification:_identify(dep_repos) by extension 'python_setup_py'
[0.168s] Level 1:colcon.colcon_core.package_identification:_identify(gz_ros2_control) by extensions ['ignore', 'ignore_ament_install']
[0.168s] Level 1:colcon.colcon_core.package_identification:_identify(gz_ros2_control) by extension 'ignore'
[0.168s] Level 1:colcon.colcon_core.package_identification:_identify(gz_ros2_control) by extension 'ignore_ament_install'
[0.168s] Level 1:colcon.colcon_core.package_identification:_identify(gz_ros2_control) by extensions ['colcon_pkg']
[0.168s] Level 1:colcon.colcon_core.package_identification:_identify(gz_ros2_control) by extension 'colcon_pkg'
[0.168s] Level 1:colcon.colcon_core.package_identification:_identify(gz_ros2_control) by extensions ['colcon_meta']
[0.168s] Level 1:colcon.colcon_core.package_identification:_identify(gz_ros2_control) by extension 'colcon_meta'
[0.168s] Level 1:colcon.colcon_core.package_identification:_identify(gz_ros2_control) by extensions ['ros']
[0.168s] Level 1:colcon.colcon_core.package_identification:_identify(gz_ros2_control) by extension 'ros'
[0.168s] Level 1:colcon.colcon_core.package_identification:_identify(gz_ros2_control) by extensions ['cmake', 'python']
[0.168s] Level 1:colcon.colcon_core.package_identification:_identify(gz_ros2_control) by extension 'cmake'
[0.168s] Level 1:colcon.colcon_core.package_identification:_identify(gz_ros2_control) by extension 'python'
[0.168s] Level 1:colcon.colcon_core.package_identification:_identify(gz_ros2_control) by extensions ['python_setup_py']
[0.168s] Level 1:colcon.colcon_core.package_identification:_identify(gz_ros2_control) by extension 'python_setup_py'
[0.168s] Level 1:colcon.colcon_core.package_identification:_identify(gz_ros2_control/Dockerfile) by extensions ['ignore', 'ignore_ament_install']
[0.168s] Level 1:colcon.colcon_core.package_identification:_identify(gz_ros2_control/Dockerfile) by extension 'ignore'
[0.168s] Level 1:colcon.colcon_core.package_identification:_identify(gz_ros2_control/Dockerfile) by extension 'ignore_ament_install'
[0.168s] Level 1:colcon.colcon_core.package_identification:_identify(gz_ros2_control/Dockerfile) by extensions ['colcon_pkg']
[0.168s] Level 1:colcon.colcon_core.package_identification:_identify(gz_ros2_control/Dockerfile) by extension 'colcon_pkg'
[0.168s] Level 1:colcon.colcon_core.package_identification:_identify(gz_ros2_control/Dockerfile) by extensions ['colcon_meta']
[0.168s] Level 1:colcon.colcon_core.package_identification:_identify(gz_ros2_control/Dockerfile) by extension 'colcon_meta'
[0.168s] Level 1:colcon.colcon_core.package_identification:_identify(gz_ros2_control/Dockerfile) by extensions ['ros']
[0.168s] Level 1:colcon.colcon_core.package_identification:_identify(gz_ros2_control/Dockerfile) by extension 'ros'
[0.168s] Level 1:colcon.colcon_core.package_identification:_identify(gz_ros2_control/Dockerfile) by extensions ['cmake', 'python']
[0.168s] Level 1:colcon.colcon_core.package_identification:_identify(gz_ros2_control/Dockerfile) by extension 'cmake'
[0.168s] Level 1:colcon.colcon_core.package_identification:_identify(gz_ros2_control/Dockerfile) by extension 'python'
[0.168s] Level 1:colcon.colcon_core.package_identification:_identify(gz_ros2_control/Dockerfile) by extensions ['python_setup_py']
[0.168s] Level 1:colcon.colcon_core.package_identification:_identify(gz_ros2_control/Dockerfile) by extension 'python_setup_py'
[0.168s] Level 1:colcon.colcon_core.package_identification:_identify(gz_ros2_control/doc) by extensions ['ignore', 'ignore_ament_install']
[0.168s] Level 1:colcon.colcon_core.package_identification:_identify(gz_ros2_control/doc) by extension 'ignore'
[0.168s] Level 1:colcon.colcon_core.package_identification:_identify(gz_ros2_control/doc) by extension 'ignore_ament_install'
[0.168s] Level 1:colcon.colcon_core.package_identification:_identify(gz_ros2_control/doc) by extensions ['colcon_pkg']
[0.168s] Level 1:colcon.colcon_core.package_identification:_identify(gz_ros2_control/doc) by extension 'colcon_pkg'
[0.168s] Level 1:colcon.colcon_core.package_identification:_identify(gz_ros2_control/doc) by extensions ['colcon_meta']
[0.168s] Level 1:colcon.colcon_core.package_identification:_identify(gz_ros2_control/doc) by extension 'colcon_meta'
[0.168s] Level 1:colcon.colcon_core.package_identification:_identify(gz_ros2_control/doc) by extensions ['ros']
[0.168s] Level 1:colcon.colcon_core.package_identification:_identify(gz_ros2_control/doc) by extension 'ros'
[0.169s] Level 1:colcon.colcon_core.package_identification:_identify(gz_ros2_control/doc) by extensions ['cmake', 'python']
[0.169s] Level 1:colcon.colcon_core.package_identification:_identify(gz_ros2_control/doc) by extension 'cmake'
[0.169s] Level 1:colcon.colcon_core.package_identification:_identify(gz_ros2_control/doc) by extension 'python'
[0.169s] Level 1:colcon.colcon_core.package_identification:_identify(gz_ros2_control/doc) by extensions ['python_setup_py']
[0.169s] Level 1:colcon.colcon_core.package_identification:_identify(gz_ros2_control/doc) by extension 'python_setup_py'
[0.169s] Level 1:colcon.colcon_core.package_identification:_identify(gz_ros2_control/doc/img) by extensions ['ignore', 'ignore_ament_install']
[0.169s] Level 1:colcon.colcon_core.package_identification:_identify(gz_ros2_control/doc/img) by extension 'ignore'
[0.169s] Level 1:colcon.colcon_core.package_identification:_identify(gz_ros2_control/doc/img) by extension 'ignore_ament_install'
[0.169s] Level 1:colcon.colcon_core.package_identification:_identify(gz_ros2_control/doc/img) by extensions ['colcon_pkg']
[0.169s] Level 1:colcon.colcon_core.package_identification:_identify(gz_ros2_control/doc/img) by extension 'colcon_pkg'
[0.169s] Level 1:colcon.colcon_core.package_identification:_identify(gz_ros2_control/doc/img) by extensions ['colcon_meta']
[0.169s] Level 1:colcon.colcon_core.package_identification:_identify(gz_ros2_control/doc/img) by extension 'colcon_meta'
[0.169s] Level 1:colcon.colcon_core.package_identification:_identify(gz_ros2_control/doc/img) by extensions ['ros']
[0.169s] Level 1:colcon.colcon_core.package_identification:_identify(gz_ros2_control/doc/img) by extension 'ros'
[0.169s] Level 1:colcon.colcon_core.package_identification:_identify(gz_ros2_control/doc/img) by extensions ['cmake', 'python']
[0.169s] Level 1:colcon.colcon_core.package_identification:_identify(gz_ros2_control/doc/img) by extension 'cmake'
[0.169s] Level 1:colcon.colcon_core.package_identification:_identify(gz_ros2_control/doc/img) by extension 'python'
[0.169s] Level 1:colcon.colcon_core.package_identification:_identify(gz_ros2_control/doc/img) by extensions ['python_setup_py']
[0.169s] Level 1:colcon.colcon_core.package_identification:_identify(gz_ros2_control/doc/img) by extension 'python_setup_py'
[0.169s] Level 1:colcon.colcon_core.package_identification:_identify(gz_ros2_control/gz_ros2_control) by extensions ['ignore', 'ignore_ament_install']
[0.169s] Level 1:colcon.colcon_core.package_identification:_identify(gz_ros2_control/gz_ros2_control) by extension 'ignore'
[0.169s] Level 1:colcon.colcon_core.package_identification:_identify(gz_ros2_control/gz_ros2_control) by extension 'ignore_ament_install'
[0.169s] Level 1:colcon.colcon_core.package_identification:_identify(gz_ros2_control/gz_ros2_control) by extensions ['colcon_pkg']
[0.169s] Level 1:colcon.colcon_core.package_identification:_identify(gz_ros2_control/gz_ros2_control) by extension 'colcon_pkg'
[0.169s] Level 1:colcon.colcon_core.package_identification:_identify(gz_ros2_control/gz_ros2_control) by extensions ['colcon_meta']
[0.169s] Level 1:colcon.colcon_core.package_identification:_identify(gz_ros2_control/gz_ros2_control) by extension 'colcon_meta'
[0.169s] Level 1:colcon.colcon_core.package_identification:_identify(gz_ros2_control/gz_ros2_control) by extensions ['ros']
[0.169s] Level 1:colcon.colcon_core.package_identification:_identify(gz_ros2_control/gz_ros2_control) by extension 'ros'
[0.173s] DEBUG:colcon.colcon_core.package_identification:Package 'gz_ros2_control/gz_ros2_control' with type 'ros.ament_cmake' and name 'gz_ros2_control'
[0.173s] Level 1:colcon.colcon_core.package_identification:_identify(gz_ros2_control/gz_ros2_control_demos) by extensions ['ignore', 'ignore_ament_install']
[0.173s] Level 1:colcon.colcon_core.package_identification:_identify(gz_ros2_control/gz_ros2_control_demos) by extension 'ignore'
[0.173s] Level 1:colcon.colcon_core.package_identification:_identify(gz_ros2_control/gz_ros2_control_demos) by extension 'ignore_ament_install'
[0.174s] Level 1:colcon.colcon_core.package_identification:_identify(gz_ros2_control/gz_ros2_control_demos) by extensions ['colcon_pkg']
[0.174s] Level 1:colcon.colcon_core.package_identification:_identify(gz_ros2_control/gz_ros2_control_demos) by extension 'colcon_pkg'
[0.174s] Level 1:colcon.colcon_core.package_identification:_identify(gz_ros2_control/gz_ros2_control_demos) by extensions ['colcon_meta']
[0.174s] Level 1:colcon.colcon_core.package_identification:_identify(gz_ros2_control/gz_ros2_control_demos) by extension 'colcon_meta'
[0.174s] Level 1:colcon.colcon_core.package_identification:_identify(gz_ros2_control/gz_ros2_control_demos) by extensions ['ros']
[0.174s] Level 1:colcon.colcon_core.package_identification:_identify(gz_ros2_control/gz_ros2_control_demos) by extension 'ros'
[0.175s] DEBUG:colcon.colcon_core.package_identification:Package 'gz_ros2_control/gz_ros2_control_demos' with type 'ros.ament_cmake' and name 'gz_ros2_control_demos'
[0.175s] Level 1:colcon.colcon_core.package_identification:_identify(gz_ros2_control/gz_ros2_control_tests) by extensions ['ignore', 'ignore_ament_install']
[0.175s] Level 1:colcon.colcon_core.package_identification:_identify(gz_ros2_control/gz_ros2_control_tests) by extension 'ignore'
[0.175s] Level 1:colcon.colcon_core.package_identification:_identify(gz_ros2_control/gz_ros2_control_tests) by extension 'ignore_ament_install'
[0.175s] Level 1:colcon.colcon_core.package_identification:_identify(gz_ros2_control/gz_ros2_control_tests) by extensions ['colcon_pkg']
[0.175s] Level 1:colcon.colcon_core.package_identification:_identify(gz_ros2_control/gz_ros2_control_tests) by extension 'colcon_pkg'
[0.175s] Level 1:colcon.colcon_core.package_identification:_identify(gz_ros2_control/gz_ros2_control_tests) by extensions ['colcon_meta']
[0.175s] Level 1:colcon.colcon_core.package_identification:_identify(gz_ros2_control/gz_ros2_control_tests) by extension 'colcon_meta'
[0.175s] Level 1:colcon.colcon_core.package_identification:_identify(gz_ros2_control/gz_ros2_control_tests) by extensions ['ros']
[0.175s] Level 1:colcon.colcon_core.package_identification:_identify(gz_ros2_control/gz_ros2_control_tests) by extension 'ros'
[0.176s] DEBUG:colcon.colcon_core.package_identification:Package 'gz_ros2_control/gz_ros2_control_tests' with type 'ros.ament_cmake' and name 'gz_ros2_control_tests'
[0.176s] Level 1:colcon.colcon_core.package_identification:_identify(install) by extensions ['ignore', 'ignore_ament_install']
[0.176s] Level 1:colcon.colcon_core.package_identification:_identify(install) by extension 'ignore'
[0.176s] Level 1:colcon.colcon_core.package_identification:_identify(install) ignored
[0.176s] Level 1:colcon.colcon_core.package_identification:_identify(log) by extensions ['ignore', 'ignore_ament_install']
[0.176s] Level 1:colcon.colcon_core.package_identification:_identify(log) by extension 'ignore'
[0.176s] Level 1:colcon.colcon_core.package_identification:_identify(log) ignored
[0.176s] Level 1:colcon.colcon_core.package_discovery:discover_packages(recursive) using defaults
[0.176s] Level 1:colcon.colcon_core.package_discovery:discover_packages(ignore) discover
[0.176s] Level 1:colcon.colcon_core.package_discovery:discover_packages(ignore) using defaults
[0.177s] Level 1:colcon.colcon_core.package_discovery:discover_packages(path) discover
[0.177s] Level 1:colcon.colcon_core.package_discovery:discover_packages(path) using defaults
[0.194s] INFO:colcon.colcon_core.package_selection:Skipping not selected package 'gz_ros2_control' in 'gz_ros2_control/gz_ros2_control'
[0.194s] INFO:colcon.colcon_core.package_selection:Skipping not selected package 'gz_ros2_control_demos' in 'gz_ros2_control/gz_ros2_control_demos'
[0.194s] INFO:colcon.colcon_core.package_selection:Skipping not selected package 'gz_ros2_control_tests' in 'gz_ros2_control/gz_ros2_control_tests'
[0.194s] Level 5:colcon.colcon_core.verb:set package 'biped' build argument 'cmake_args' from command line to 'None'
[0.194s] Level 5:colcon.colcon_core.verb:set package 'biped' build argument 'cmake_target' from command line to 'None'
[0.194s] Level 5:colcon.colcon_core.verb:set package 'biped' build argument 'cmake_target_skip_unavailable' from command line to 'False'
[0.194s] Level 5:colcon.colcon_core.verb:set package 'biped' build argument 'cmake_clean_cache' from command line to 'False'
[0.194s] Level 5:colcon.colcon_core.verb:set package 'biped' build argument 'cmake_clean_first' from command line to 'False'
[0.194s] Level 5:colcon.colcon_core.verb:set package 'biped' build argument 'cmake_force_configure' from command line to 'False'
[0.194s] Level 5:colcon.colcon_core.verb:set package 'biped' build argument 'ament_cmake_args' from command line to 'None'
[0.194s] Level 5:colcon.colcon_core.verb:set package 'biped' build argument 'catkin_cmake_args' from command line to 'None'
[0.194s] Level 5:colcon.colcon_core.verb:set package 'biped' build argument 'catkin_skip_building_tests' from command line to 'False'
[0.194s] DEBUG:colcon.colcon_core.verb:Building package 'biped' with the following arguments: {'ament_cmake_args': None, 'build_base': '/ros2_ws/src/build/biped', 'catkin_cmake_args': None, 'catkin_skip_building_tests': False, 'cmake_args': None, 'cmake_clean_cache': False, 'cmake_clean_first': False, 'cmake_force_configure': False, 'cmake_target': None, 'cmake_target_skip_unavailable': False, 'install_base': '/ros2_ws/src/install/biped', 'merge_install': False, 'path': '/ros2_ws/src/biped', 'symlink_install': False, 'test_result_base': None}
[0.194s] INFO:colcon.colcon_core.executor:Executing jobs using 'parallel' executor
[0.195s] DEBUG:colcon.colcon_parallel_executor.executor.parallel:run_until_complete
[0.195s] INFO:colcon.colcon_ros.task.ament_cmake.build:Building ROS package in '/ros2_ws/src/biped' with build type 'ament_cmake'
[0.195s] INFO:colcon.colcon_cmake.task.cmake.build:Building CMake package in '/ros2_ws/src/biped'
[0.197s] INFO:colcon.colcon_core.plugin_system:Skipping extension 'colcon_core.shell.bat': Not used on non-Windows systems
[0.197s] INFO:colcon.colcon_core.shell:Skip shell extension 'powershell' for command environment: Not usable outside of PowerShell
[0.197s] DEBUG:colcon.colcon_core.shell:Skip shell extension 'dsv' for command environment
[0.208s] DEBUG:colcon.colcon_core.event_handler.log_command:Invoking command in '/ros2_ws/src/build/biped': CMAKE_PREFIX_PATH=/ros2_ws/src/install/gz_ros2_control:/ros2_ws/src/install/gz_ros2_control_tests:/ros2_ws/src/install/gz_ros2_control_demos:/ros2_ws/src/install/biped:/opt/ros/humble /usr/bin/cmake /ros2_ws/src/biped -DCMAKE_INSTALL_PREFIX=/ros2_ws/src/install/biped
[0.561s] DEBUG:colcon.colcon_core.event_handler.log_command:Invoked command in '/ros2_ws/src/build/biped' returned '0': CMAKE_PREFIX_PATH=/ros2_ws/src/install/gz_ros2_control:/ros2_ws/src/install/gz_ros2_control_tests:/ros2_ws/src/install/gz_ros2_control_demos:/ros2_ws/src/install/biped:/opt/ros/humble /usr/bin/cmake /ros2_ws/src/biped -DCMAKE_INSTALL_PREFIX=/ros2_ws/src/install/biped
[0.562s] DEBUG:colcon.colcon_core.event_handler.log_command:Invoking command in '/ros2_ws/src/build/biped': CMAKE_PREFIX_PATH=/ros2_ws/src/install/gz_ros2_control:/ros2_ws/src/install/gz_ros2_control_tests:/ros2_ws/src/install/gz_ros2_control_demos:/ros2_ws/src/install/biped:/opt/ros/humble /usr/bin/cmake --build /ros2_ws/src/build/biped -- -j16 -l16
[0.596s] DEBUG:colcon.colcon_core.event_handler.log_command:Invoked command in '/ros2_ws/src/build/biped' returned '0': CMAKE_PREFIX_PATH=/ros2_ws/src/install/gz_ros2_control:/ros2_ws/src/install/gz_ros2_control_tests:/ros2_ws/src/install/gz_ros2_control_demos:/ros2_ws/src/install/biped:/opt/ros/humble /usr/bin/cmake --build /ros2_ws/src/build/biped -- -j16 -l16
[0.609s] DEBUG:colcon.colcon_core.event_handler.log_command:Invoking command in '/ros2_ws/src/build/biped': CMAKE_PREFIX_PATH=/ros2_ws/src/install/gz_ros2_control:/ros2_ws/src/install/gz_ros2_control_tests:/ros2_ws/src/install/gz_ros2_control_demos:/ros2_ws/src/install/biped:/opt/ros/humble /usr/bin/cmake --install /ros2_ws/src/build/biped
[0.627s] Level 1:colcon.colcon_core.environment:create_environment_scripts_only(biped)
[0.627s] DEBUG:colcon.colcon_core.event_handler.log_command:Invoked command in '/ros2_ws/src/build/biped' returned '0': CMAKE_PREFIX_PATH=/ros2_ws/src/install/gz_ros2_control:/ros2_ws/src/install/gz_ros2_control_tests:/ros2_ws/src/install/gz_ros2_control_demos:/ros2_ws/src/install/biped:/opt/ros/humble /usr/bin/cmake --install /ros2_ws/src/build/biped
[0.629s] Level 1:colcon.colcon_core.environment:checking '/ros2_ws/src/install/biped' for CMake module files
[0.629s] Level 1:colcon.colcon_core.environment:checking '/ros2_ws/src/install/biped' for CMake config files
[0.629s] Level 1:colcon.colcon_core.shell:create_environment_hook('biped', 'cmake_prefix_path')
[0.630s] INFO:colcon.colcon_core.shell:Creating environment hook '/ros2_ws/src/install/biped/share/biped/hook/cmake_prefix_path.ps1'
[0.630s] INFO:colcon.colcon_core.shell:Creating environment descriptor '/ros2_ws/src/install/biped/share/biped/hook/cmake_prefix_path.dsv'
[0.630s] INFO:colcon.colcon_core.shell:Creating environment hook '/ros2_ws/src/install/biped/share/biped/hook/cmake_prefix_path.sh'
[0.631s] Level 1:colcon.colcon_core.environment:checking '/ros2_ws/src/install/biped/bin'
[0.631s] Level 1:colcon.colcon_core.environment:checking '/ros2_ws/src/install/biped/lib/pkgconfig/biped.pc'
[0.632s] Level 1:colcon.colcon_core.environment:checking '/ros2_ws/src/install/biped/lib/python3.10/site-packages'
[0.632s] Level 1:colcon.colcon_core.environment:checking '/ros2_ws/src/install/biped/bin'
[0.633s] INFO:colcon.colcon_core.shell:Creating package script '/ros2_ws/src/install/biped/share/biped/package.ps1'
[0.633s] INFO:colcon.colcon_core.shell:Creating package descriptor '/ros2_ws/src/install/biped/share/biped/package.dsv'
[0.633s] INFO:colcon.colcon_core.shell:Creating package script '/ros2_ws/src/install/biped/share/biped/package.sh'
[0.634s] INFO:colcon.colcon_core.shell:Creating package script '/ros2_ws/src/install/biped/share/biped/package.bash'
[0.634s] INFO:colcon.colcon_core.shell:Creating package script '/ros2_ws/src/install/biped/share/biped/package.zsh'
[0.635s] Level 1:colcon.colcon_core.environment:create_file_with_runtime_dependencies(/ros2_ws/src/install/biped/share/colcon-core/packages/biped)
[0.635s] Level 1:colcon.colcon_core.environment:create_environment_scripts_only(biped)
[0.635s] Level 1:colcon.colcon_core.environment:checking '/ros2_ws/src/install/biped' for CMake module files
[0.636s] Level 1:colcon.colcon_core.environment:checking '/ros2_ws/src/install/biped' for CMake config files
[0.636s] Level 1:colcon.colcon_core.shell:create_environment_hook('biped', 'cmake_prefix_path')
[0.636s] INFO:colcon.colcon_core.shell:Creating environment hook '/ros2_ws/src/install/biped/share/biped/hook/cmake_prefix_path.ps1'
[0.636s] INFO:colcon.colcon_core.shell:Creating environment descriptor '/ros2_ws/src/install/biped/share/biped/hook/cmake_prefix_path.dsv'
[0.636s] INFO:colcon.colcon_core.shell:Creating environment hook '/ros2_ws/src/install/biped/share/biped/hook/cmake_prefix_path.sh'
[0.637s] Level 1:colcon.colcon_core.environment:checking '/ros2_ws/src/install/biped/bin'
[0.637s] Level 1:colcon.colcon_core.environment:checking '/ros2_ws/src/install/biped/lib/pkgconfig/biped.pc'
[0.637s] Level 1:colcon.colcon_core.environment:checking '/ros2_ws/src/install/biped/lib/python3.10/site-packages'
[0.637s] Level 1:colcon.colcon_core.environment:checking '/ros2_ws/src/install/biped/bin'
[0.637s] INFO:colcon.colcon_core.shell:Creating package script '/ros2_ws/src/install/biped/share/biped/package.ps1'
[0.637s] INFO:colcon.colcon_core.shell:Creating package descriptor '/ros2_ws/src/install/biped/share/biped/package.dsv'
[0.638s] INFO:colcon.colcon_core.shell:Creating package script '/ros2_ws/src/install/biped/share/biped/package.sh'
[0.638s] INFO:colcon.colcon_core.shell:Creating package script '/ros2_ws/src/install/biped/share/biped/package.bash'
[0.638s] INFO:colcon.colcon_core.shell:Creating package script '/ros2_ws/src/install/biped/share/biped/package.zsh'
[0.638s] Level 1:colcon.colcon_core.environment:create_file_with_runtime_dependencies(/ros2_ws/src/install/biped/share/colcon-core/packages/biped)
[0.638s] DEBUG:colcon.colcon_parallel_executor.executor.parallel:closing loop
[0.638s] DEBUG:colcon.colcon_parallel_executor.executor.parallel:loop closed
[0.639s] DEBUG:colcon.colcon_parallel_executor.executor.parallel:run_until_complete finished with '0'
[0.639s] DEBUG:colcon.colcon_core.event_reactor:joining thread
[0.647s] INFO:colcon.colcon_core.plugin_system:Skipping extension 'colcon_notification.desktop_notification.notify_send': Could not find 'notify-send'
[0.647s] INFO:colcon.colcon_core.plugin_system:Skipping extension 'colcon_notification.desktop_notification.terminal_notifier': Not used on non-Darwin systems
[0.648s] INFO:colcon.colcon_core.plugin_system:Skipping extension 'colcon_notification.desktop_notification.win32': Not used on non-Windows systems
[0.648s] INFO:colcon.colcon_notification.desktop_notification:Sending desktop notification using 'notify2'
[0.651s] DEBUG:colcon.colcon_notification.desktop_notification.notify2:Failed to initialize notify2: org.freedesktop.DBus.Error.Spawn.ExecFailed: /usr/bin/dbus-launch terminated abnormally without any error message
[0.651s] DEBUG:colcon.colcon_core.event_reactor:joined thread
[0.652s] INFO:colcon.colcon_core.shell:Creating prefix script '/ros2_ws/src/install/local_setup.ps1'
[0.653s] INFO:colcon.colcon_core.shell:Creating prefix util module '/ros2_ws/src/install/_local_setup_util_ps1.py'
[0.656s] INFO:colcon.colcon_core.shell:Creating prefix chain script '/ros2_ws/src/install/setup.ps1'
[0.657s] INFO:colcon.colcon_core.shell:Creating prefix script '/ros2_ws/src/install/local_setup.sh'
[0.657s] INFO:colcon.colcon_core.shell:Creating prefix util module '/ros2_ws/src/install/_local_setup_util_sh.py'
[0.657s] INFO:colcon.colcon_core.shell:Creating prefix chain script '/ros2_ws/src/install/setup.sh'
[0.658s] INFO:colcon.colcon_core.shell:Creating prefix script '/ros2_ws/src/install/local_setup.bash'
[0.658s] INFO:colcon.colcon_core.shell:Creating prefix chain script '/ros2_ws/src/install/setup.bash'
[0.659s] INFO:colcon.colcon_core.shell:Creating prefix script '/ros2_ws/src/install/local_setup.zsh'
[0.659s] INFO:colcon.colcon_core.shell:Creating prefix chain script '/ros2_ws/src/install/setup.zsh'
