-- Found ament_cmake: 1.3.11 (/opt/ros/humble/share/ament_cmake/cmake)
-- Override CMake install command with custom implementation using symlinks instead of copying resources
-- Found ament_index_cpp: 1.4.0 (/opt/ros/humble/share/ament_index_cpp/cmake)
-- Found controller_manager: 2.49.0 (/opt/ros/humble/share/controller_manager/cmake)
-- Found rosidl_generator_c: 3.1.6 (/opt/ros/humble/share/rosidl_generator_c/cmake)
-- Found rosidl_adapter: 3.1.6 (/opt/ros/humble/share/rosidl_adapter/cmake)
-- Found rosidl_generator_cpp: 3.1.6 (/opt/ros/humble/share/rosidl_generator_cpp/cmake)
-- Using all available rosidl_typesupport_c: rosidl_typesupport_fastrtps_c;rosidl_typesupport_introspection_c
-- Using all available rosidl_typesupport_cpp: rosidl_typesupport_fastrtps_cpp;rosidl_typesupport_introspection_cpp
-- Found rmw_implementation_cmake: 6.1.2 (/opt/ros/humble/share/rmw_implementation_cmake/cmake)
-- Found rmw_fastrtps_cpp: 6.2.7 (/opt/ros/humble/share/rmw_fastrtps_cpp/cmake)
-- Found TinyXML2 via Config file: TinyXML2_DIR-NOTFOUND
-- Found TinyXML2 via Config file: TinyXML2_DIR-NOTFOUND
-- Found TinyXML2 via Config file: TinyXML2_DIR-NOTFOUND
-- Found TinyXML2 via Config file: TinyXML2_DIR-NOTFOUND
-- Using RMW implementation 'rmw_fastrtps_cpp' as default
-- Found yaml_cpp_vendor: 8.0.2 (/opt/ros/humble/share/yaml_cpp_vendor/cmake)
-- Looking for gz-sim7 -- found version 7.9.0
-- Searching for dependencies of gz-sim7
-- Looking for sdformat13 -- found version 13.9.0
-- Searching for dependencies of sdformat13
-- Looking for gz-math7 -- found version 7.5.1
-- Searching for dependencies of gz-math7
-- Looking for gz-utils2 -- found version 2.2.1
-- Searching for dependencies of gz-utils2
-- Looking for gz-utils2 -- found version 2.2.1
-- Searching for dependencies of gz-utils2
-- Searching for <gz-utils2> component [cli]
-- Looking for gz-utils2-cli -- found version 2.2.1
-- Searching for dependencies of gz-utils2-cli
-- Looking for gz-plugin2 -- found version 2.0.4
-- Searching for dependencies of gz-plugin2
-- Looking for gz-utils2 -- found version 2.2.1
-- Searching for <gz-plugin2> component [loader]
-- Looking for gz-plugin2-loader -- found version 2.0.4
-- Searching for dependencies of gz-plugin2-loader
-- Searching for <gz-plugin2> component [register]
-- Looking for gz-plugin2-register -- found version 2.0.4
-- Searching for dependencies of gz-plugin2-register
-- Looking for gz-transport12 -- found version 12.2.2
-- Searching for dependencies of gz-transport12
-- Config-file not installed for ZeroMQ -- checking for pkg-config
-- Checking for module 'libzmq >= 4'
--   Found libzmq , version 4.3.4
-- Checking for module 'uuid'
--   Found uuid, version 2.37.2
-- Looking for gz-utils2 -- found version 2.2.1
-- Looking for gz-msgs9 -- found version 9.5.1
-- Searching for dependencies of gz-msgs9
-- Looking for gz-math7 -- found version 7.5.1
-- Searching for <gz-transport12> component [log]
-- Looking for gz-transport12-log -- found version 12.2.2
-- Searching for dependencies of gz-transport12-log
-- Searching for <gz-transport12> component [parameters]
-- Looking for gz-transport12-parameters -- found version 12.2.2
-- Searching for dependencies of gz-transport12-parameters
-- Looking for gz-msgs9 -- found version 9.5.1
-- Looking for gz-common5 -- found version 5.7.1
-- Searching for dependencies of gz-common5
-- Looking for gz-utils2 -- found version 2.2.1
-- Looking for dlfcn.h - found
-- Looking for libdl - found
-- Searching for <gz-common5> component [profiler]
-- Looking for gz-common5-profiler -- found version 5.7.1
-- Searching for dependencies of gz-common5-profiler
-- Searching for <gz-common5> component [events]
-- Looking for gz-common5-events -- found version 5.7.1
-- Searching for dependencies of gz-common5-events
-- Looking for gz-math7 -- found version 7.5.1
-- Searching for <gz-common5> component [av]
-- Looking for gz-common5-av -- found version 5.7.1
-- Searching for dependencies of gz-common5-av
-- Checking for module 'libswscale'
--   Found libswscale, version 5.9.100
-- Checking for module 'libavdevice >= 56.4.100'
--   Found libavdevice , version 58.13.100
-- Checking for module 'libavformat'
--   Found libavformat, version 58.76.100
-- Checking for module 'libavcodec'
--   Found libavcodec, version 58.134.100
-- Checking for module 'libavutil'
--   Found libavutil, version 56.70.100
-- Searching for <gz-common5> component [io]
-- Looking for gz-common5-io -- found version 5.7.1
-- Searching for dependencies of gz-common5-io
-- Looking for gz-fuel_tools8 -- found version 8.2.0
-- Searching for dependencies of gz-fuel_tools8
-- Checking for module 'jsoncpp'
--   Found jsoncpp, version 1.9.5
-- Checking for module 'libzip'
--   Found libzip, version 1.7.3
-- Looking for gz-utils2 -- found version 2.2.1
-- Looking for gz-common5 -- found version 5.7.1
-- Searching for dependencies of gz-common5
-- Looking for gz-utils2 -- found version 2.2.1
-- Looking for dlfcn.h - found
-- Looking for libdl - found
-- Searching for <gz-common5> component [testing]
-- Looking for gz-common5-testing -- found version 5.7.1
-- Searching for dependencies of gz-common5-testing
-- Looking for gz-math7 -- found version 7.5.1
-- Looking for gz-msgs9 -- found version 9.5.1
-- Looking for gz-gui7 -- found version 7.2.2
-- Searching for dependencies of gz-gui7
-- Looking for gz-utils2 -- found version 2.2.1
-- Looking for gz-math7 -- found version 7.5.1
-- Looking for gz-common5 -- found version 5.7.1
-- Looking for gz-plugin2 -- found version 2.0.4
-- Looking for gz-transport12 -- found version 12.2.2
-- Looking for gz-rendering7 -- found version 7.5.0
-- Searching for dependencies of gz-rendering7
-- Looking for gz-math7 -- found version 7.5.1
-- Searching for dependencies of gz-math7
-- Looking for gz-utils2 -- found version 2.2.1
-- Searching for <gz-math7> component [eigen3]
-- Looking for gz-math7-eigen3 -- found version 7.5.1
-- Searching for dependencies of gz-math7-eigen3
-- Looking for gz-common5 -- found version 5.7.1
-- Searching for dependencies of gz-common5
-- Looking for gz-utils2 -- found version 2.2.1
-- Looking for dlfcn.h - found
-- Looking for libdl - found
-- Searching for <gz-common5> component [graphics]
-- Looking for gz-common5-graphics -- found version 5.7.1
-- Searching for dependencies of gz-common5-graphics
-- Looking for gz-math7 -- found version 7.5.1
-- Searching for <gz-common5> component [events]
-- Searching for <gz-common5> component [geospatial]
-- Looking for gz-common5-geospatial -- found version 5.7.1
-- Searching for dependencies of gz-common5-geospatial
-- Looking for gz-math7 -- found version 7.5.1
-- Looking for gz-common5 -- found version 5.7.1
-- Looking for gz-plugin2 -- found version 2.0.4
-- Searching for dependencies of gz-plugin2
-- Looking for gz-utils2 -- found version 2.2.1
-- Searching for <gz-plugin2> component [all]
-- Looking for all libraries of gz-plugin2 -- found version 2.0.4
-- Looking for gz-plugin2 -- found version 2.0.4
-- Looking for gz-utils2 -- found version 2.2.1
-- Looking for gz-msgs9 -- found version 9.5.1
-- Looking for gz-physics6 -- found version 6.7.0
-- Searching for dependencies of gz-physics6
-- Looking for gz-common5 -- found version 5.7.1
-- Looking for gz-math7 -- found version 7.5.1
-- Looking for gz-plugin2 -- found version 2.0.4
-- Looking for gz-utils2 -- found version 2.2.1
-- Searching for <gz-physics6> component [heightmap]
-- Looking for gz-physics6-heightmap -- found version 6.7.0
-- Searching for dependencies of gz-physics6-heightmap
-- Looking for gz-common5 -- found version 5.7.1
-- Searching for <gz-physics6> component [mesh]
-- Looking for gz-physics6-mesh -- found version 6.7.0
-- Searching for dependencies of gz-physics6-mesh
-- Looking for gz-common5 -- found version 5.7.1
-- Searching for <gz-physics6> component [sdf]
-- Looking for gz-physics6-sdf -- found version 6.7.0
-- Searching for dependencies of gz-physics6-sdf
-- Looking for sdformat13 -- found version 13.9.0
-- Looking for gz-sensors7 -- found version 7.3.1
-- Searching for dependencies of gz-sensors7
-- Looking for gz-math7 -- found version 7.5.1
-- Looking for gz-common5 -- found version 5.7.1
-- Looking for gz-transport12 -- found version 12.2.2
-- Looking for gz-rendering7 -- found version 7.5.0
-- Looking for gz-msgs9 -- found version 9.5.1
-- Looking for sdformat13 -- found version 13.9.0
-- Searching for <gz-sensors7> component [air_pressure]
-- Looking for gz-sensors7-air_pressure -- found version 7.3.1
-- Searching for dependencies of gz-sensors7-air_pressure
-- Searching for <gz-sensors7> component [air_speed]
-- Looking for gz-sensors7-air_speed -- found version 7.3.1
-- Searching for dependencies of gz-sensors7-air_speed
-- Searching for <gz-sensors7> component [altimeter]
-- Looking for gz-sensors7-altimeter -- found version 7.3.1
-- Searching for dependencies of gz-sensors7-altimeter
-- Searching for <gz-sensors7> component [imu]
-- Looking for gz-sensors7-imu -- found version 7.3.1
-- Searching for dependencies of gz-sensors7-imu
-- Searching for <gz-sensors7> component [force_torque]
-- Looking for gz-sensors7-force_torque -- found version 7.3.1
-- Searching for dependencies of gz-sensors7-force_torque
-- Searching for <gz-sensors7> component [logical_camera]
-- Looking for gz-sensors7-logical_camera -- found version 7.3.1
-- Searching for dependencies of gz-sensors7-logical_camera
-- Searching for <gz-sensors7> component [magnetometer]
-- Looking for gz-sensors7-magnetometer -- found version 7.3.1
-- Searching for dependencies of gz-sensors7-magnetometer
-- Searching for <gz-sensors7> component [navsat]
-- Looking for gz-sensors7-navsat -- found version 7.3.1
-- Searching for dependencies of gz-sensors7-navsat
-- Searching for <gz-sensors7> component [rendering]
-- Looking for gz-sensors7-rendering -- found version 7.3.1
-- Searching for dependencies of gz-sensors7-rendering
-- Searching for <gz-sensors7> component [lidar]
-- Looking for gz-sensors7-lidar -- found version 7.3.1
-- Searching for dependencies of gz-sensors7-lidar
-- Looking for gz-sensors7 -- found version 7.3.1
-- Searching for <gz-sensors7> component [gpu_lidar]
-- Looking for gz-sensors7-gpu_lidar -- found version 7.3.1
-- Searching for dependencies of gz-sensors7-gpu_lidar
-- Looking for gz-sensors7 -- found version 7.3.1
-- Searching for <gz-sensors7> component [camera]
-- Looking for gz-sensors7-camera -- found version 7.3.1
-- Searching for dependencies of gz-sensors7-camera
-- Looking for gz-sensors7 -- found version 7.3.1
-- Searching for <gz-sensors7> component [boundingbox_camera]
-- Looking for gz-sensors7-boundingbox_camera -- found version 7.3.1
-- Searching for dependencies of gz-sensors7-boundingbox_camera
-- Searching for <gz-sensors7> component [segmentation_camera]
-- Looking for gz-sensors7-segmentation_camera -- found version 7.3.1
-- Searching for dependencies of gz-sensors7-segmentation_camera
-- Searching for <gz-sensors7> component [depth_camera]
-- Looking for gz-sensors7-depth_camera -- found version 7.3.1
-- Searching for dependencies of gz-sensors7-depth_camera
-- Looking for gz-sensors7 -- found version 7.3.1
-- Searching for <gz-sensors7> component [rgbd_camera]
-- Looking for gz-sensors7-rgbd_camera -- found version 7.3.1
-- Searching for dependencies of gz-sensors7-rgbd_camera
-- Looking for gz-sensors7 -- found version 7.3.1
-- Searching for <gz-sensors7> component [thermal_camera]
-- Looking for gz-sensors7-thermal_camera -- found version 7.3.1
-- Searching for dependencies of gz-sensors7-thermal_camera
-- Looking for gz-sensors7 -- found version 7.3.1
-- Searching for <gz-sensors7> component [wide_angle_camera]
-- Looking for gz-sensors7-wide_angle_camera -- found version 7.3.1
-- Searching for dependencies of gz-sensors7-wide_angle_camera
-- Looking for gz-rendering7 -- found version 7.5.0
-- Looking for gz-math7 -- found version 7.5.1
-- Looking for gz-utils2 -- found version 2.2.1
-- Compiling against Gazebo Garden
-- Looking for gz-plugin2 -- found version 2.0.4
-- Found ament_lint_auto: 0.12.12 (/opt/ros/humble/share/ament_lint_auto/cmake)
-- Added test 'copyright' to check source files copyright and LICENSE
-- Added test 'cppcheck' to perform static code analysis on C / C++ code
-- Configured cppcheck include dirs: /ros2_ws/src/gz_ros2_control/gz_ros2_control/include
-- Configured cppcheck exclude dirs and/or files: 
-- Added test 'cpplint' to check C / C++ code against the Google style
-- Configured cpplint exclude dirs and/or files: 
-- Added test 'lint_cmake' to check CMake code style
-- Added test 'uncrustify' to check C / C++ code style
-- Configured uncrustify additional arguments: 
-- Added test 'xmllint' to check XML markup files
-- Configuring done
-- Generating done
-- Build files have been written to: /ros2_ws/src/build/gz_ros2_control
[35m[1mConsolidate compiler generated dependencies of target gz_hardware_plugins[0m
[35m[1mConsolidate compiler generated dependencies of target gz_ros2_control-system[0m
[ 50%] [32m[1mLinking CXX shared library libgz_ros2_control-system.so[0m
[ 50%] [32m[1mLinking CXX shared library libgz_hardware_plugins.so[0m
[ 75%] Built target gz_hardware_plugins
[100%] Built target gz_ros2_control-system
-- Install configuration: ""
-- Execute custom install script
-- Symlinking: /ros2_ws/src/install/gz_ros2_control/lib/libgz_hardware_plugins.so
-- Symlinking: /ros2_ws/src/install/gz_ros2_control/include/include/gz_ros2_control/gz_ros2_control_plugin.hpp
-- Symlinking: /ros2_ws/src/install/gz_ros2_control/include/include/gz_ros2_control/gz_system.hpp
-- Symlinking: /ros2_ws/src/install/gz_ros2_control/include/include/gz_ros2_control/gz_system_interface.hpp
-- Symlinking: /ros2_ws/src/install/gz_ros2_control/share/gz_ros2_control/environment/library_path.sh
-- Symlinking: /ros2_ws/src/install/gz_ros2_control/share/gz_ros2_control/environment/library_path.dsv
-- Symlinking: /ros2_ws/src/install/gz_ros2_control/lib/libgz_ros2_control-system.so
-- Symlinking: /ros2_ws/src/install/gz_ros2_control/share/gz_ros2_control//gz_hardware_plugins.xml
-- Symlinking: /ros2_ws/src/install/gz_ros2_control/share/ament_index/resource_index/package_run_dependencies/gz_ros2_control
-- Symlinking: /ros2_ws/src/install/gz_ros2_control/share/ament_index/resource_index/parent_prefix_path/gz_ros2_control
-- Symlinking: /ros2_ws/src/install/gz_ros2_control/share/gz_ros2_control/environment/ament_prefix_path.sh
-- Symlinking: /ros2_ws/src/install/gz_ros2_control/share/gz_ros2_control/environment/ament_prefix_path.dsv
-- Symlinking: /ros2_ws/src/install/gz_ros2_control/share/gz_ros2_control/environment/path.sh
-- Symlinking: /ros2_ws/src/install/gz_ros2_control/share/gz_ros2_control/environment/path.dsv
-- Symlinking: /ros2_ws/src/install/gz_ros2_control/share/gz_ros2_control/local_setup.bash
-- Symlinking: /ros2_ws/src/install/gz_ros2_control/share/gz_ros2_control/local_setup.sh
-- Symlinking: /ros2_ws/src/install/gz_ros2_control/share/gz_ros2_control/local_setup.zsh
-- Symlinking: /ros2_ws/src/install/gz_ros2_control/share/gz_ros2_control/local_setup.dsv
-- Symlinking: /ros2_ws/src/install/gz_ros2_control/share/gz_ros2_control/package.dsv
-- Symlinking: /ros2_ws/src/install/gz_ros2_control/share/ament_index/resource_index/packages/gz_ros2_control
-- Symlinking: /ros2_ws/src/install/gz_ros2_control/share/ament_index/resource_index/gz_ros2_control__pluginlib__plugin/gz_ros2_control
-- Symlinking: /ros2_ws/src/install/gz_ros2_control/share/gz_ros2_control/cmake/ament_cmake_export_include_directories-extras.cmake
-- Symlinking: /ros2_ws/src/install/gz_ros2_control/share/gz_ros2_control/cmake/ament_cmake_export_libraries-extras.cmake
-- Symlinking: /ros2_ws/src/install/gz_ros2_control/share/gz_ros2_control/cmake/gz_ros2_controlConfig.cmake
-- Symlinking: /ros2_ws/src/install/gz_ros2_control/share/gz_ros2_control/cmake/gz_ros2_controlConfig-version.cmake
-- Symlinking: /ros2_ws/src/install/gz_ros2_control/share/gz_ros2_control/package.xml
