[0.025s] Invoking command in '/ros2_ws/src/build/gz_ros2_control': CMAKE_PREFIX_PATH=${CMAKE_PREFIX_PATH}:/opt/ros/humble /usr/bin/cmake /ros2_ws/src/gz_ros2_control/gz_ros2_control -DAMENT_CMAKE_SYMLINK_INSTALL=1 -DCMAKE_INSTALL_PREFIX=/ros2_ws/src/install/gz_ros2_control
[0.078s] -- Found ament_cmake: 1.3.11 (/opt/ros/humble/share/ament_cmake/cmake)
[0.184s] -- Override CMake install command with custom implementation using symlinks instead of copying resources
[0.197s] -- Found ament_index_cpp: 1.4.0 (/opt/ros/humble/share/ament_index_cpp/cmake)
[0.198s] -- Found controller_manager: 2.49.0 (/opt/ros/humble/share/controller_manager/cmake)
[0.231s] -- Found rosidl_generator_c: 3.1.6 (/opt/ros/humble/share/rosidl_generator_c/cmake)
[0.235s] -- Found rosidl_adapter: 3.1.6 (/opt/ros/humble/share/rosidl_adapter/cmake)
[0.242s] -- Found rosidl_generator_cpp: 3.1.6 (/opt/ros/humble/share/rosidl_generator_cpp/cmake)
[0.254s] -- Using all available rosidl_typesupport_c: rosidl_typesupport_fastrtps_c;rosidl_typesupport_introspection_c
[0.266s] -- Using all available rosidl_typesupport_cpp: rosidl_typesupport_fastrtps_cpp;rosidl_typesupport_introspection_cpp
[0.441s] -- Found rmw_implementation_cmake: 6.1.2 (/opt/ros/humble/share/rmw_implementation_cmake/cmake)
[0.443s] -- Found rmw_fastrtps_cpp: 6.2.7 (/opt/ros/humble/share/rmw_fastrtps_cpp/cmake)
[0.465s] -- Found TinyXML2 via Config file: TinyXML2_DIR-NOTFOUND
[0.475s] -- Found TinyXML2 via Config file: TinyXML2_DIR-NOTFOUND
[0.494s] -- Found TinyXML2 via Config file: TinyXML2_DIR-NOTFOUND
[0.501s] -- Found TinyXML2 via Config file: TinyXML2_DIR-NOTFOUND
[0.508s] -- Using RMW implementation 'rmw_fastrtps_cpp' as default
[0.592s] -- Found yaml_cpp_vendor: 8.0.2 (/opt/ros/humble/share/yaml_cpp_vendor/cmake)
[0.594s] -- Looking for gz-sim7 -- found version 7.9.0
[0.602s] -- Searching for dependencies of gz-sim7
[0.602s] -- Looking for sdformat13 -- found version 13.9.0
[0.602s] -- Searching for dependencies of sdformat13
[0.609s] -- Looking for gz-math7 -- found version 7.5.1
[0.610s] -- Searching for dependencies of gz-math7
[0.611s] -- Looking for gz-utils2 -- found version 2.2.1
[0.611s] -- Searching for dependencies of gz-utils2
[0.613s] -- Looking for gz-utils2 -- found version 2.2.1
[0.613s] -- Searching for dependencies of gz-utils2
[0.613s] -- Searching for <gz-utils2> component [cli]
[0.614s] -- Looking for gz-utils2-cli -- found version 2.2.1
[0.615s] -- Searching for dependencies of gz-utils2-cli
[0.616s] -- Looking for gz-plugin2 -- found version 2.0.4
[0.616s] -- Searching for dependencies of gz-plugin2
[0.617s] -- Looking for gz-utils2 -- found version 2.2.1
[0.617s] -- Searching for <gz-plugin2> component [loader]
[0.618s] -- Looking for gz-plugin2-loader -- found version 2.0.4
[0.618s] -- Searching for dependencies of gz-plugin2-loader
[0.619s] -- Searching for <gz-plugin2> component [register]
[0.619s] -- Looking for gz-plugin2-register -- found version 2.0.4
[0.620s] -- Searching for dependencies of gz-plugin2-register
[0.621s] -- Looking for gz-transport12 -- found version 12.2.2
[0.621s] -- Searching for dependencies of gz-transport12
[0.668s] -- Config-file not installed for ZeroMQ -- checking for pkg-config
[0.673s] -- Checking for module 'libzmq >= 4'
[0.695s] --   Found libzmq , version 4.3.4
[0.737s] -- Checking for module 'uuid'
[0.752s] --   Found uuid, version 2.37.2
[0.793s] -- Looking for gz-utils2 -- found version 2.2.1
[0.793s] -- Looking for gz-msgs9 -- found version 9.5.1
[0.794s] -- Searching for dependencies of gz-msgs9
[0.815s] -- Looking for gz-math7 -- found version 7.5.1
[0.819s] -- Searching for <gz-transport12> component [log]
[0.820s] -- Looking for gz-transport12-log -- found version 12.2.2
[0.821s] -- Searching for dependencies of gz-transport12-log
[0.821s] -- Searching for <gz-transport12> component [parameters]
[0.822s] -- Looking for gz-transport12-parameters -- found version 12.2.2
[0.822s] -- Searching for dependencies of gz-transport12-parameters
[0.823s] -- Looking for gz-msgs9 -- found version 9.5.1
[0.824s] -- Looking for gz-common5 -- found version 5.7.1
[0.824s] -- Searching for dependencies of gz-common5
[0.824s] -- Looking for gz-utils2 -- found version 2.2.1
[0.825s] -- Looking for dlfcn.h - found
[0.825s] -- Looking for libdl - found
[0.832s] -- Searching for <gz-common5> component [profiler]
[0.833s] -- Looking for gz-common5-profiler -- found version 5.7.1
[0.833s] -- Searching for dependencies of gz-common5-profiler
[0.834s] -- Searching for <gz-common5> component [events]
[0.835s] -- Looking for gz-common5-events -- found version 5.7.1
[0.835s] -- Searching for dependencies of gz-common5-events
[0.835s] -- Looking for gz-math7 -- found version 7.5.1
[0.836s] -- Searching for <gz-common5> component [av]
[0.836s] -- Looking for gz-common5-av -- found version 5.7.1
[0.837s] -- Searching for dependencies of gz-common5-av
[0.842s] -- Checking for module 'libswscale'
[0.859s] --   Found libswscale, version 5.9.100
[0.901s] -- Checking for module 'libavdevice >= 56.4.100'
[0.918s] --   Found libavdevice , version 58.13.100
[0.961s] -- Checking for module 'libavformat'
[0.977s] --   Found libavformat, version 58.76.100
[1.022s] -- Checking for module 'libavcodec'
[1.033s] --   Found libavcodec, version 58.134.100
[1.081s] -- Checking for module 'libavutil'
[1.093s] --   Found libavutil, version 56.70.100
[1.126s] -- Searching for <gz-common5> component [io]
[1.126s] -- Looking for gz-common5-io -- found version 5.7.1
[1.127s] -- Searching for dependencies of gz-common5-io
[1.128s] -- Looking for gz-fuel_tools8 -- found version 8.2.0
[1.128s] -- Searching for dependencies of gz-fuel_tools8
[1.172s] -- Checking for module 'jsoncpp'
[1.189s] --   Found jsoncpp, version 1.9.5
[1.229s] -- Checking for module 'libzip'
[1.242s] --   Found libzip, version 1.7.3
[1.285s] -- Looking for gz-utils2 -- found version 2.2.1
[1.285s] -- Looking for gz-common5 -- found version 5.7.1
[1.285s] -- Searching for dependencies of gz-common5
[1.285s] -- Looking for gz-utils2 -- found version 2.2.1
[1.285s] -- Looking for dlfcn.h - found
[1.285s] -- Looking for libdl - found
[1.292s] -- Searching for <gz-common5> component [testing]
[1.293s] -- Looking for gz-common5-testing -- found version 5.7.1
[1.294s] -- Searching for dependencies of gz-common5-testing
[1.294s] -- Looking for gz-math7 -- found version 7.5.1
[1.294s] -- Looking for gz-msgs9 -- found version 9.5.1
[1.295s] -- Looking for gz-gui7 -- found version 7.2.2
[1.296s] -- Searching for dependencies of gz-gui7
[1.320s] -- Looking for gz-utils2 -- found version 2.2.1
[1.320s] -- Looking for gz-math7 -- found version 7.5.1
[1.321s] -- Looking for gz-common5 -- found version 5.7.1
[1.321s] -- Looking for gz-plugin2 -- found version 2.0.4
[1.321s] -- Looking for gz-transport12 -- found version 12.2.2
[1.323s] -- Looking for gz-rendering7 -- found version 7.5.0
[1.323s] -- Searching for dependencies of gz-rendering7
[1.323s] -- Looking for gz-math7 -- found version 7.5.1
[1.324s] -- Searching for dependencies of gz-math7
[1.324s] -- Looking for gz-utils2 -- found version 2.2.1
[1.324s] -- Searching for <gz-math7> component [eigen3]
[1.325s] -- Looking for gz-math7-eigen3 -- found version 7.5.1
[1.325s] -- Searching for dependencies of gz-math7-eigen3
[1.327s] -- Looking for gz-common5 -- found version 5.7.1
[1.327s] -- Searching for dependencies of gz-common5
[1.328s] -- Looking for gz-utils2 -- found version 2.2.1
[1.328s] -- Looking for dlfcn.h - found
[1.328s] -- Looking for libdl - found
[1.335s] -- Searching for <gz-common5> component [graphics]
[1.337s] -- Looking for gz-common5-graphics -- found version 5.7.1
[1.337s] -- Searching for dependencies of gz-common5-graphics
[1.337s] -- Looking for gz-math7 -- found version 7.5.1
[1.341s] -- Searching for <gz-common5> component [events]
[1.341s] -- Searching for <gz-common5> component [geospatial]
[1.342s] -- Looking for gz-common5-geospatial -- found version 5.7.1
[1.342s] -- Searching for dependencies of gz-common5-geospatial
[1.343s] -- Looking for gz-math7 -- found version 7.5.1
[1.343s] -- Looking for gz-common5 -- found version 5.7.1
[1.344s] -- Looking for gz-plugin2 -- found version 2.0.4
[1.344s] -- Searching for dependencies of gz-plugin2
[1.344s] -- Looking for gz-utils2 -- found version 2.2.1
[1.344s] -- Searching for <gz-plugin2> component [all]
[1.345s] -- Looking for all libraries of gz-plugin2 -- found version 2.0.4
[1.346s] -- Looking for gz-plugin2 -- found version 2.0.4
[1.348s] -- Looking for gz-utils2 -- found version 2.2.1
[1.353s] -- Looking for gz-msgs9 -- found version 9.5.1
[1.377s] -- Looking for gz-physics6 -- found version 6.7.0
[1.377s] -- Searching for dependencies of gz-physics6
[1.378s] -- Looking for gz-common5 -- found version 5.7.1
[1.378s] -- Looking for gz-math7 -- found version 7.5.1
[1.378s] -- Looking for gz-plugin2 -- found version 2.0.4
[1.379s] -- Looking for gz-utils2 -- found version 2.2.1
[1.380s] -- Searching for <gz-physics6> component [heightmap]
[1.382s] -- Looking for gz-physics6-heightmap -- found version 6.7.0
[1.383s] -- Searching for dependencies of gz-physics6-heightmap
[1.384s] -- Looking for gz-common5 -- found version 5.7.1
[1.385s] -- Searching for <gz-physics6> component [mesh]
[1.386s] -- Looking for gz-physics6-mesh -- found version 6.7.0
[1.386s] -- Searching for dependencies of gz-physics6-mesh
[1.387s] -- Looking for gz-common5 -- found version 5.7.1
[1.387s] -- Searching for <gz-physics6> component [sdf]
[1.388s] -- Looking for gz-physics6-sdf -- found version 6.7.0
[1.388s] -- Searching for dependencies of gz-physics6-sdf
[1.388s] -- Looking for sdformat13 -- found version 13.9.0
[1.390s] -- Looking for gz-sensors7 -- found version 7.3.1
[1.390s] -- Searching for dependencies of gz-sensors7
[1.411s] -- Looking for gz-math7 -- found version 7.5.1
[1.411s] -- Looking for gz-common5 -- found version 5.7.1
[1.412s] -- Looking for gz-transport12 -- found version 12.2.2
[1.412s] -- Looking for gz-rendering7 -- found version 7.5.0
[1.413s] -- Looking for gz-msgs9 -- found version 9.5.1
[1.413s] -- Looking for sdformat13 -- found version 13.9.0
[1.418s] -- Searching for <gz-sensors7> component [air_pressure]
[1.418s] -- Looking for gz-sensors7-air_pressure -- found version 7.3.1
[1.419s] -- Searching for dependencies of gz-sensors7-air_pressure
[1.419s] -- Searching for <gz-sensors7> component [air_speed]
[1.420s] -- Looking for gz-sensors7-air_speed -- found version 7.3.1
[1.421s] -- Searching for dependencies of gz-sensors7-air_speed
[1.421s] -- Searching for <gz-sensors7> component [altimeter]
[1.422s] -- Looking for gz-sensors7-altimeter -- found version 7.3.1
[1.422s] -- Searching for dependencies of gz-sensors7-altimeter
[1.423s] -- Searching for <gz-sensors7> component [imu]
[1.423s] -- Looking for gz-sensors7-imu -- found version 7.3.1
[1.424s] -- Searching for dependencies of gz-sensors7-imu
[1.424s] -- Searching for <gz-sensors7> component [force_torque]
[1.425s] -- Looking for gz-sensors7-force_torque -- found version 7.3.1
[1.425s] -- Searching for dependencies of gz-sensors7-force_torque
[1.426s] -- Searching for <gz-sensors7> component [logical_camera]
[1.426s] -- Looking for gz-sensors7-logical_camera -- found version 7.3.1
[1.427s] -- Searching for dependencies of gz-sensors7-logical_camera
[1.427s] -- Searching for <gz-sensors7> component [magnetometer]
[1.428s] -- Looking for gz-sensors7-magnetometer -- found version 7.3.1
[1.429s] -- Searching for dependencies of gz-sensors7-magnetometer
[1.429s] -- Searching for <gz-sensors7> component [navsat]
[1.430s] -- Looking for gz-sensors7-navsat -- found version 7.3.1
[1.430s] -- Searching for dependencies of gz-sensors7-navsat
[1.431s] -- Searching for <gz-sensors7> component [rendering]
[1.431s] -- Looking for gz-sensors7-rendering -- found version 7.3.1
[1.432s] -- Searching for dependencies of gz-sensors7-rendering
[1.432s] -- Searching for <gz-sensors7> component [lidar]
[1.433s] -- Looking for gz-sensors7-lidar -- found version 7.3.1
[1.433s] -- Searching for dependencies of gz-sensors7-lidar
[1.434s] -- Looking for gz-sensors7 -- found version 7.3.1
[1.434s] -- Searching for <gz-sensors7> component [gpu_lidar]
[1.435s] -- Looking for gz-sensors7-gpu_lidar -- found version 7.3.1
[1.435s] -- Searching for dependencies of gz-sensors7-gpu_lidar
[1.436s] -- Looking for gz-sensors7 -- found version 7.3.1
[1.436s] -- Searching for <gz-sensors7> component [camera]
[1.437s] -- Looking for gz-sensors7-camera -- found version 7.3.1
[1.438s] -- Searching for dependencies of gz-sensors7-camera
[1.438s] -- Looking for gz-sensors7 -- found version 7.3.1
[1.439s] -- Searching for <gz-sensors7> component [boundingbox_camera]
[1.439s] -- Looking for gz-sensors7-boundingbox_camera -- found version 7.3.1
[1.440s] -- Searching for dependencies of gz-sensors7-boundingbox_camera
[1.440s] -- Searching for <gz-sensors7> component [segmentation_camera]
[1.441s] -- Looking for gz-sensors7-segmentation_camera -- found version 7.3.1
[1.441s] -- Searching for dependencies of gz-sensors7-segmentation_camera
[1.442s] -- Searching for <gz-sensors7> component [depth_camera]
[1.442s] -- Looking for gz-sensors7-depth_camera -- found version 7.3.1
[1.443s] -- Searching for dependencies of gz-sensors7-depth_camera
[1.443s] -- Looking for gz-sensors7 -- found version 7.3.1
[1.444s] -- Searching for <gz-sensors7> component [rgbd_camera]
[1.444s] -- Looking for gz-sensors7-rgbd_camera -- found version 7.3.1
[1.445s] -- Searching for dependencies of gz-sensors7-rgbd_camera
[1.445s] -- Looking for gz-sensors7 -- found version 7.3.1
[1.445s] -- Searching for <gz-sensors7> component [thermal_camera]
[1.446s] -- Looking for gz-sensors7-thermal_camera -- found version 7.3.1
[1.447s] -- Searching for dependencies of gz-sensors7-thermal_camera
[1.447s] -- Looking for gz-sensors7 -- found version 7.3.1
[1.449s] -- Searching for <gz-sensors7> component [wide_angle_camera]
[1.449s] -- Looking for gz-sensors7-wide_angle_camera -- found version 7.3.1
[1.449s] -- Searching for dependencies of gz-sensors7-wide_angle_camera
[1.450s] -- Looking for gz-rendering7 -- found version 7.5.0
[1.451s] -- Looking for gz-math7 -- found version 7.5.1
[1.451s] -- Looking for gz-utils2 -- found version 2.2.1
[1.473s] -- Compiling against Gazebo Garden
[1.474s] -- Looking for gz-plugin2 -- found version 2.0.4
[1.493s] -- Found ament_lint_auto: 0.12.12 (/opt/ros/humble/share/ament_lint_auto/cmake)
[1.568s] -- Added test 'copyright' to check source files copyright and LICENSE
[1.569s] -- Added test 'cppcheck' to perform static code analysis on C / C++ code
[1.569s] -- Configured cppcheck include dirs: /ros2_ws/src/gz_ros2_control/gz_ros2_control/include
[1.569s] -- Configured cppcheck exclude dirs and/or files: 
[1.570s] -- Added test 'cpplint' to check C / C++ code against the Google style
[1.570s] -- Configured cpplint exclude dirs and/or files: 
[1.571s] -- Added test 'lint_cmake' to check CMake code style
[1.572s] -- Added test 'uncrustify' to check C / C++ code style
[1.572s] -- Configured uncrustify additional arguments: 
[1.572s] -- Added test 'xmllint' to check XML markup files
[1.576s] -- Configuring done
[1.658s] -- Generating done
[1.665s] -- Build files have been written to: /ros2_ws/src/build/gz_ros2_control
[1.693s] Invoked command in '/ros2_ws/src/build/gz_ros2_control' returned '0': CMAKE_PREFIX_PATH=${CMAKE_PREFIX_PATH}:/opt/ros/humble /usr/bin/cmake /ros2_ws/src/gz_ros2_control/gz_ros2_control -DAMENT_CMAKE_SYMLINK_INSTALL=1 -DCMAKE_INSTALL_PREFIX=/ros2_ws/src/install/gz_ros2_control
[1.695s] Invoking command in '/ros2_ws/src/build/gz_ros2_control': CMAKE_PREFIX_PATH=${CMAKE_PREFIX_PATH}:/opt/ros/humble /usr/bin/cmake --build /ros2_ws/src/build/gz_ros2_control -- -j16 -l16
[1.741s] [35m[1mConsolidate compiler generated dependencies of target gz_hardware_plugins[0m
[1.741s] [35m[1mConsolidate compiler generated dependencies of target gz_ros2_control-system[0m
[1.765s] [ 50%] [32m[1mLinking CXX shared library libgz_ros2_control-system.so[0m
[1.765s] [ 50%] [32m[1mLinking CXX shared library libgz_hardware_plugins.so[0m
[2.327s] [ 75%] Built target gz_hardware_plugins
[2.445s] [100%] Built target gz_ros2_control-system
[2.459s] Invoked command in '/ros2_ws/src/build/gz_ros2_control' returned '0': CMAKE_PREFIX_PATH=${CMAKE_PREFIX_PATH}:/opt/ros/humble /usr/bin/cmake --build /ros2_ws/src/build/gz_ros2_control -- -j16 -l16
[2.468s] Invoking command in '/ros2_ws/src/build/gz_ros2_control': CMAKE_PREFIX_PATH=${CMAKE_PREFIX_PATH}:/opt/ros/humble /usr/bin/cmake --install /ros2_ws/src/build/gz_ros2_control
[2.474s] -- Install configuration: ""
[2.475s] -- Execute custom install script
[2.475s] -- Symlinking: /ros2_ws/src/install/gz_ros2_control/lib/libgz_hardware_plugins.so
[2.490s] -- Symlinking: /ros2_ws/src/install/gz_ros2_control/include/include/gz_ros2_control/gz_ros2_control_plugin.hpp
[2.497s] -- Symlinking: /ros2_ws/src/install/gz_ros2_control/include/include/gz_ros2_control/gz_system.hpp
[2.502s] -- Symlinking: /ros2_ws/src/install/gz_ros2_control/include/include/gz_ros2_control/gz_system_interface.hpp
[2.508s] -- Symlinking: /ros2_ws/src/install/gz_ros2_control/share/gz_ros2_control/environment/library_path.sh
[2.518s] -- Symlinking: /ros2_ws/src/install/gz_ros2_control/share/gz_ros2_control/environment/library_path.dsv
[2.527s] -- Symlinking: /ros2_ws/src/install/gz_ros2_control/lib/libgz_ros2_control-system.so
[2.535s] -- Symlinking: /ros2_ws/src/install/gz_ros2_control/share/gz_ros2_control//gz_hardware_plugins.xml
[2.544s] -- Symlinking: /ros2_ws/src/install/gz_ros2_control/share/ament_index/resource_index/package_run_dependencies/gz_ros2_control
[2.554s] -- Symlinking: /ros2_ws/src/install/gz_ros2_control/share/ament_index/resource_index/parent_prefix_path/gz_ros2_control
[2.562s] -- Symlinking: /ros2_ws/src/install/gz_ros2_control/share/gz_ros2_control/environment/ament_prefix_path.sh
[2.570s] -- Symlinking: /ros2_ws/src/install/gz_ros2_control/share/gz_ros2_control/environment/ament_prefix_path.dsv
[2.582s] -- Symlinking: /ros2_ws/src/install/gz_ros2_control/share/gz_ros2_control/environment/path.sh
[2.592s] -- Symlinking: /ros2_ws/src/install/gz_ros2_control/share/gz_ros2_control/environment/path.dsv
[2.599s] -- Symlinking: /ros2_ws/src/install/gz_ros2_control/share/gz_ros2_control/local_setup.bash
[2.606s] -- Symlinking: /ros2_ws/src/install/gz_ros2_control/share/gz_ros2_control/local_setup.sh
[2.617s] -- Symlinking: /ros2_ws/src/install/gz_ros2_control/share/gz_ros2_control/local_setup.zsh
[2.625s] -- Symlinking: /ros2_ws/src/install/gz_ros2_control/share/gz_ros2_control/local_setup.dsv
[2.634s] -- Symlinking: /ros2_ws/src/install/gz_ros2_control/share/gz_ros2_control/package.dsv
[2.643s] -- Symlinking: /ros2_ws/src/install/gz_ros2_control/share/ament_index/resource_index/packages/gz_ros2_control
[2.652s] -- Symlinking: /ros2_ws/src/install/gz_ros2_control/share/ament_index/resource_index/gz_ros2_control__pluginlib__plugin/gz_ros2_control
[2.661s] -- Symlinking: /ros2_ws/src/install/gz_ros2_control/share/gz_ros2_control/cmake/ament_cmake_export_include_directories-extras.cmake
[2.668s] -- Symlinking: /ros2_ws/src/install/gz_ros2_control/share/gz_ros2_control/cmake/ament_cmake_export_libraries-extras.cmake
[2.677s] -- Symlinking: /ros2_ws/src/install/gz_ros2_control/share/gz_ros2_control/cmake/gz_ros2_controlConfig.cmake
[2.689s] -- Symlinking: /ros2_ws/src/install/gz_ros2_control/share/gz_ros2_control/cmake/gz_ros2_controlConfig-version.cmake
[2.696s] -- Symlinking: /ros2_ws/src/install/gz_ros2_control/share/gz_ros2_control/package.xml
[2.704s] Invoked command in '/ros2_ws/src/build/gz_ros2_control' returned '0': CMAKE_PREFIX_PATH=${CMAKE_PREFIX_PATH}:/opt/ros/humble /usr/bin/cmake --install /ros2_ws/src/build/gz_ros2_control
